ARM GAS  C:\Users\perhi\AppData\Local\Temp\ccspstNu.s 			page 1


   1              		.syntax unified
   2              		.cpu cortex-m3
   3              		.fpu softvfp
   4              		.eabi_attribute 20, 1
   5              		.eabi_attribute 21, 1
   6              		.eabi_attribute 23, 3
   7              		.eabi_attribute 24, 1
   8              		.eabi_attribute 25, 1
   9              		.eabi_attribute 26, 1
  10              		.eabi_attribute 30, 1
  11              		.eabi_attribute 34, 1
  12              		.eabi_attribute 18, 4
  13              		.thumb
  14              		.syntax unified
  15              		.file	"cymetadata.c"
  16              		.text
  17              	.Ltext0:
  18              		.cfi_sections	.debug_frame
  19              		.global	cy_metadata
  20              		.global	cy_meta_flashprotect
  21              		.global	cy_meta_wonvl
  22              		.global	cy_meta_custnvl
  23              		.global	cy_meta_configecc
  24              		.section	.cyconfigecc,"a",%progbits
  25              		.align	2
  26              		.type	cy_meta_configecc, %object
  27              		.size	cy_meta_configecc, 1536
  28              	cy_meta_configecc:
  29 0000 01       		.byte	1
  30 0001 5B       		.byte	91
  31 0002 00       		.byte	0
  32 0003 40       		.byte	64
  33 0004 02       		.byte	2
  34 0005 64       		.byte	100
  35 0006 00       		.byte	0
  36 0007 40       		.byte	64
  37 0008 04       		.byte	4
  38 0009 65       		.byte	101
  39 000a 00       		.byte	0
  40 000b 40       		.byte	64
  41 000c 4D       		.byte	77
  42 000d 04       		.byte	4
  43 000e 01       		.byte	1
  44 000f 40       		.byte	64
  45 0010 37       		.byte	55
  46 0011 05       		.byte	5
  47 0012 01       		.byte	1
  48 0013 40       		.byte	64
  49 0014 50       		.byte	80
  50 0015 06       		.byte	6
  51 0016 01       		.byte	1
  52 0017 40       		.byte	64
  53 0018 4D       		.byte	77
  54 0019 07       		.byte	7
  55 001a 01       		.byte	1
  56 001b 40       		.byte	64
  57 001c 02       		.byte	2
ARM GAS  C:\Users\perhi\AppData\Local\Temp\ccspstNu.s 			page 2


  58 001d 09       		.byte	9
  59 001e 01       		.byte	1
  60 001f 40       		.byte	64
  61 0020 02       		.byte	2
  62 0021 0B       		.byte	11
  63 0022 01       		.byte	1
  64 0023 40       		.byte	64
  65 0024 47       		.byte	71
  66 0025 14       		.byte	20
  67 0026 01       		.byte	1
  68 0027 40       		.byte	64
  69 0028 4C       		.byte	76
  70 0029 15       		.byte	21
  71 002a 01       		.byte	1
  72 002b 40       		.byte	64
  73 002c 51       		.byte	81
  74 002d 16       		.byte	22
  75 002e 01       		.byte	1
  76 002f 40       		.byte	64
  77 0030 4F       		.byte	79
  78 0031 17       		.byte	23
  79 0032 01       		.byte	1
  80 0033 40       		.byte	64
  81 0034 03       		.byte	3
  82 0035 1B       		.byte	27
  83 0036 01       		.byte	1
  84 0037 40       		.byte	64
  85 0038 07       		.byte	7
  86 0039 40       		.byte	64
  87 003a 01       		.byte	1
  88 003b 40       		.byte	64
  89 003c 05       		.byte	5
  90 003d 41       		.byte	65
  91 003e 01       		.byte	1
  92 003f 40       		.byte	64
  93 0040 05       		.byte	5
  94 0041 42       		.byte	66
  95 0042 01       		.byte	1
  96 0043 40       		.byte	64
  97 0044 06       		.byte	6
  98 0045 43       		.byte	67
  99 0046 01       		.byte	1
 100 0047 40       		.byte	64
 101 0048 05       		.byte	5
 102 0049 45       		.byte	69
 103 004a 01       		.byte	1
 104 004b 40       		.byte	64
 105 004c 08       		.byte	8
 106 004d 46       		.byte	70
 107 004e 01       		.byte	1
 108 004f 40       		.byte	64
 109 0050 03       		.byte	3
 110 0051 47       		.byte	71
 111 0052 01       		.byte	1
 112 0053 40       		.byte	64
 113 0054 08       		.byte	8
 114 0055 48       		.byte	72
ARM GAS  C:\Users\perhi\AppData\Local\Temp\ccspstNu.s 			page 3


 115 0056 01       		.byte	1
 116 0057 40       		.byte	64
 117 0058 05       		.byte	5
 118 0059 49       		.byte	73
 119 005a 01       		.byte	1
 120 005b 40       		.byte	64
 121 005c 02       		.byte	2
 122 005d 4C       		.byte	76
 123 005e 01       		.byte	1
 124 005f 40       		.byte	64
 125 0060 09       		.byte	9
 126 0061 4D       		.byte	77
 127 0062 01       		.byte	1
 128 0063 40       		.byte	64
 129 0064 04       		.byte	4
 130 0065 50       		.byte	80
 131 0066 01       		.byte	1
 132 0067 40       		.byte	64
 133 0068 02       		.byte	2
 134 0069 51       		.byte	81
 135 006a 01       		.byte	1
 136 006b 40       		.byte	64
 137 006c 27       		.byte	39
 138 006d 21       		.byte	33
 139 006e 84       		.byte	-124
 140 006f 47       		.byte	71
 141 0070 85       		.byte	-123
 142 0071 07       		.byte	7
 143 0072 84       		.byte	-124
 144 0073 78       		.byte	120
 145 0074 85       		.byte	-123
 146 0075 0F       		.byte	15
 147 0076 86       		.byte	-122
 148 0077 72       		.byte	114
 149 0078 87       		.byte	-121
 150 0079 38       		.byte	56
 151 007a 00       		.byte	0
 152 007b 10       		.byte	16
 153 007c 01       		.byte	1
 154 007d 10       		.byte	16
 155 007e 04       		.byte	4
 156 007f 04       		.byte	4
 157 0080 05       		.byte	5
 158 0081 09       		.byte	9
 159 0082 06       		.byte	6
 160 0083 08       		.byte	8
 161 0084 07       		.byte	7
 162 0085 10       		.byte	16
 163 0086 08       		.byte	8
 164 0087 0C       		.byte	12
 165 0088 09       		.byte	9
 166 0089 0C       		.byte	12
 167 008a 0B       		.byte	11
 168 008b 11       		.byte	17
 169 008c 0E       		.byte	14
 170 008d 10       		.byte	16
 171 008e 12       		.byte	18
ARM GAS  C:\Users\perhi\AppData\Local\Temp\ccspstNu.s 			page 4


 172 008f 01       		.byte	1
 173 0090 14       		.byte	20
 174 0091 08       		.byte	8
 175 0092 15       		.byte	21
 176 0093 1C       		.byte	28
 177 0094 16       		.byte	22
 178 0095 04       		.byte	4
 179 0096 17       		.byte	23
 180 0097 02       		.byte	2
 181 0098 19       		.byte	25
 182 0099 14       		.byte	20
 183 009a 1A       		.byte	26
 184 009b 10       		.byte	16
 185 009c 1E       		.byte	30
 186 009d 03       		.byte	3
 187 009e 1F       		.byte	31
 188 009f 03       		.byte	3
 189 00a0 20       		.byte	32
 190 00a1 03       		.byte	3
 191 00a2 21       		.byte	33
 192 00a3 20       		.byte	32
 193 00a4 24       		.byte	36
 194 00a5 03       		.byte	3
 195 00a6 27       		.byte	39
 196 00a7 20       		.byte	32
 197 00a8 28       		.byte	40
 198 00a9 03       		.byte	3
 199 00aa 29       		.byte	41
 200 00ab 10       		.byte	16
 201 00ac 2B       		.byte	43
 202 00ad 0C       		.byte	12
 203 00ae 2C       		.byte	44
 204 00af 0C       		.byte	12
 205 00b0 30       		.byte	48
 206 00b1 10       		.byte	16
 207 00b2 32       		.byte	50
 208 00b3 0C       		.byte	12
 209 00b4 33       		.byte	51
 210 00b5 20       		.byte	32
 211 00b6 34       		.byte	52
 212 00b7 01       		.byte	1
 213 00b8 36       		.byte	54
 214 00b9 02       		.byte	2
 215 00ba 37       		.byte	55
 216 00bb 1F       		.byte	31
 217 00bc 3E       		.byte	62
 218 00bd 51       		.byte	81
 219 00be 3F       		.byte	63
 220 00bf 04       		.byte	4
 221 00c0 40       		.byte	64
 222 00c1 01       		.byte	1
 223 00c2 41       		.byte	65
 224 00c3 05       		.byte	5
 225 00c4 42       		.byte	66
 226 00c5 10       		.byte	16
 227 00c6 44       		.byte	68
 228 00c7 04       		.byte	4
ARM GAS  C:\Users\perhi\AppData\Local\Temp\ccspstNu.s 			page 5


 229 00c8 45       		.byte	69
 230 00c9 CB       		.byte	-53
 231 00ca 46       		.byte	70
 232 00cb ED       		.byte	-19
 233 00cc 47       		.byte	71
 234 00cd 0F       		.byte	15
 235 00ce 48       		.byte	72
 236 00cf 1F       		.byte	31
 237 00d0 49       		.byte	73
 238 00d1 FF       		.byte	-1
 239 00d2 4A       		.byte	74
 240 00d3 FF       		.byte	-1
 241 00d4 4B       		.byte	75
 242 00d5 FF       		.byte	-1
 243 00d6 4C       		.byte	76
 244 00d7 22       		.byte	34
 245 00d8 4E       		.byte	78
 246 00d9 F0       		.byte	-16
 247 00da 4F       		.byte	79
 248 00db 0C       		.byte	12
 249 00dc 50       		.byte	80
 250 00dd 8C       		.byte	-116
 251 00de 51       		.byte	81
 252 00df 10       		.byte	16
 253 00e0 54       		.byte	84
 254 00e1 41       		.byte	65
 255 00e2 58       		.byte	88
 256 00e3 04       		.byte	4
 257 00e4 59       		.byte	89
 258 00e5 04       		.byte	4
 259 00e6 5A       		.byte	90
 260 00e7 24       		.byte	36
 261 00e8 5B       		.byte	91
 262 00e9 04       		.byte	4
 263 00ea 5C       		.byte	92
 264 00eb 11       		.byte	17
 265 00ec 5D       		.byte	93
 266 00ed 08       		.byte	8
 267 00ee 5F       		.byte	95
 268 00ef 21       		.byte	33
 269 00f0 68       		.byte	104
 270 00f1 40       		.byte	64
 271 00f2 69       		.byte	105
 272 00f3 01       		.byte	1
 273 00f4 6A       		.byte	106
 274 00f5 C0       		.byte	-64
 275 00f6 6B       		.byte	107
 276 00f7 01       		.byte	1
 277 00f8 8A       		.byte	-118
 278 00f9 01       		.byte	1
 279 00fa 9F       		.byte	-97
 280 00fb 01       		.byte	1
 281 00fc A7       		.byte	-89
 282 00fd 01       		.byte	1
 283 00fe B2       		.byte	-78
 284 00ff 01       		.byte	1
 285 0100 B7       		.byte	-73
ARM GAS  C:\Users\perhi\AppData\Local\Temp\ccspstNu.s 			page 6


 286 0101 01       		.byte	1
 287 0102 B9       		.byte	-71
 288 0103 02       		.byte	2
 289 0104 BF       		.byte	-65
 290 0105 41       		.byte	65
 291 0106 D6       		.byte	-42
 292 0107 02       		.byte	2
 293 0108 D8       		.byte	-40
 294 0109 04       		.byte	4
 295 010a D9       		.byte	-39
 296 010b 04       		.byte	4
 297 010c DB       		.byte	-37
 298 010d 24       		.byte	36
 299 010e DC       		.byte	-36
 300 010f 08       		.byte	8
 301 0110 DD       		.byte	-35
 302 0111 80       		.byte	-128
 303 0112 DF       		.byte	-33
 304 0113 31       		.byte	49
 305 0114 00       		.byte	0
 306 0115 20       		.byte	32
 307 0116 02       		.byte	2
 308 0117 01       		.byte	1
 309 0118 03       		.byte	3
 310 0119 90       		.byte	-112
 311 011a 06       		.byte	6
 312 011b 08       		.byte	8
 313 011c 08       		.byte	8
 314 011d 20       		.byte	32
 315 011e 09       		.byte	9
 316 011f 40       		.byte	64
 317 0120 0A       		.byte	10
 318 0121 90       		.byte	-112
 319 0122 0B       		.byte	11
 320 0123 80       		.byte	-128
 321 0124 10       		.byte	16
 322 0125 A8       		.byte	-88
 323 0126 13       		.byte	19
 324 0127 40       		.byte	64
 325 0128 19       		.byte	25
 326 0129 20       		.byte	32
 327 012a 1A       		.byte	26
 328 012b 51       		.byte	81
 329 012c 1E       		.byte	30
 330 012d 20       		.byte	32
 331 012e 21       		.byte	33
 332 012f 88       		.byte	-120
 333 0130 26       		.byte	38
 334 0131 81       		.byte	-127
 335 0132 28       		.byte	40
 336 0133 20       		.byte	32
 337 0134 2A       		.byte	42
 338 0135 10       		.byte	16
 339 0136 2B       		.byte	43
 340 0137 80       		.byte	-128
 341 0138 2F       		.byte	47
 342 0139 20       		.byte	32
ARM GAS  C:\Users\perhi\AppData\Local\Temp\ccspstNu.s 			page 7


 343 013a 31       		.byte	49
 344 013b 80       		.byte	-128
 345 013c 32       		.byte	50
 346 013d 10       		.byte	16
 347 013e 33       		.byte	51
 348 013f 08       		.byte	8
 349 0140 36       		.byte	54
 350 0141 20       		.byte	32
 351 0142 37       		.byte	55
 352 0143 60       		.byte	96
 353 0144 3B       		.byte	59
 354 0145 26       		.byte	38
 355 0146 40       		.byte	64
 356 0147 40       		.byte	64
 357 0148 42       		.byte	66
 358 0149 01       		.byte	1
 359 014a 49       		.byte	73
 360 014b 06       		.byte	6
 361 014c 4A       		.byte	74
 362 014d 01       		.byte	1
 363 014e 52       		.byte	82
 364 014f 20       		.byte	32
 365 0150 53       		.byte	83
 366 0151 44       		.byte	68
 367 0152 5A       		.byte	90
 368 0153 40       		.byte	64
 369 0154 5B       		.byte	91
 370 0155 28       		.byte	40
 371 0156 61       		.byte	97
 372 0157 08       		.byte	8
 373 0158 6C       		.byte	108
 374 0159 A8       		.byte	-88
 375 015a 6D       		.byte	109
 376 015b 80       		.byte	-128
 377 015c 6E       		.byte	110
 378 015d 04       		.byte	4
 379 015e 6F       		.byte	111
 380 015f 01       		.byte	1
 381 0160 7B       		.byte	123
 382 0161 10       		.byte	16
 383 0162 7D       		.byte	125
 384 0163 02       		.byte	2
 385 0164 81       		.byte	-127
 386 0165 04       		.byte	4
 387 0166 8D       		.byte	-115
 388 0167 01       		.byte	1
 389 0168 8F       		.byte	-113
 390 0169 10       		.byte	16
 391 016a C0       		.byte	-64
 392 016b 4F       		.byte	79
 393 016c C2       		.byte	-62
 394 016d 0F       		.byte	15
 395 016e C4       		.byte	-60
 396 016f 0F       		.byte	15
 397 0170 CA       		.byte	-54
 398 0171 47       		.byte	71
 399 0172 CC       		.byte	-52
ARM GAS  C:\Users\perhi\AppData\Local\Temp\ccspstNu.s 			page 8


 400 0173 1E       		.byte	30
 401 0174 CE       		.byte	-50
 402 0175 07       		.byte	7
 403 0176 D0       		.byte	-48
 404 0177 09       		.byte	9
 405 0178 D2       		.byte	-46
 406 0179 08       		.byte	8
 407 017a D6       		.byte	-42
 408 017b 0E       		.byte	14
 409 017c D8       		.byte	-40
 410 017d 02       		.byte	2
 411 017e DE       		.byte	-34
 412 017f 82       		.byte	-126
 413 0180 E4       		.byte	-28
 414 0181 01       		.byte	1
 415 0182 05       		.byte	5
 416 0183 01       		.byte	1
 417 0184 06       		.byte	6
 418 0185 08       		.byte	8
 419 0186 07       		.byte	7
 420 0187 04       		.byte	4
 421 0188 0A       		.byte	10
 422 0189 05       		.byte	5
 423 018a 0E       		.byte	14
 424 018b 10       		.byte	16
 425 018c 0F       		.byte	15
 426 018d 20       		.byte	32
 427 018e 11       		.byte	17
 428 018f 10       		.byte	16
 429 0190 13       		.byte	19
 430 0191 01       		.byte	1
 431 0192 16       		.byte	22
 432 0193 08       		.byte	8
 433 0194 1A       		.byte	26
 434 0195 06       		.byte	6
 435 0196 1B       		.byte	27
 436 0197 1E       		.byte	30
 437 0198 1F       		.byte	31
 438 0199 20       		.byte	32
 439 019a 21       		.byte	33
 440 019b 01       		.byte	1
 441 019c 22       		.byte	34
 442 019d 02       		.byte	2
 443 019e 23       		.byte	35
 444 019f 02       		.byte	2
 445 01a0 26       		.byte	38
 446 01a1 03       		.byte	3
 447 01a2 27       		.byte	39
 448 01a3 01       		.byte	1
 449 01a4 28       		.byte	40
 450 01a5 06       		.byte	6
 451 01a6 29       		.byte	41
 452 01a7 01       		.byte	1
 453 01a8 2A       		.byte	42
 454 01a9 01       		.byte	1
 455 01aa 2B       		.byte	43
 456 01ab 08       		.byte	8
ARM GAS  C:\Users\perhi\AppData\Local\Temp\ccspstNu.s 			page 9


 457 01ac 2E       		.byte	46
 458 01ad 01       		.byte	1
 459 01ae 30       		.byte	48
 460 01af 18       		.byte	24
 461 01b0 31       		.byte	49
 462 01b1 1F       		.byte	31
 463 01b2 34       		.byte	52
 464 01b3 07       		.byte	7
 465 01b4 35       		.byte	53
 466 01b5 20       		.byte	32
 467 01b6 3A       		.byte	58
 468 01b7 20       		.byte	32
 469 01b8 3E       		.byte	62
 470 01b9 01       		.byte	1
 471 01ba 3F       		.byte	63
 472 01bb 11       		.byte	17
 473 01bc 40       		.byte	64
 474 01bd 23       		.byte	35
 475 01be 41       		.byte	65
 476 01bf 06       		.byte	6
 477 01c0 42       		.byte	66
 478 01c1 01       		.byte	1
 479 01c2 44       		.byte	68
 480 01c3 05       		.byte	5
 481 01c4 46       		.byte	70
 482 01c5 CE       		.byte	-50
 483 01c6 48       		.byte	72
 484 01c7 0C       		.byte	12
 485 01c8 49       		.byte	73
 486 01c9 FF       		.byte	-1
 487 01ca 4A       		.byte	74
 488 01cb FF       		.byte	-1
 489 01cc 4B       		.byte	75
 490 01cd FF       		.byte	-1
 491 01ce 4C       		.byte	76
 492 01cf 62       		.byte	98
 493 01d0 4D       		.byte	77
 494 01d1 A0       		.byte	-96
 495 01d2 4E       		.byte	78
 496 01d3 F0       		.byte	-16
 497 01d4 4F       		.byte	79
 498 01d5 41       		.byte	65
 499 01d6 50       		.byte	80
 500 01d7 0C       		.byte	12
 501 01d8 58       		.byte	88
 502 01d9 04       		.byte	4
 503 01da 59       		.byte	89
 504 01db 04       		.byte	4
 505 01dc 5A       		.byte	90
 506 01dd 04       		.byte	4
 507 01de 5C       		.byte	92
 508 01df 01       		.byte	1
 509 01e0 5D       		.byte	93
 510 01e1 01       		.byte	1
 511 01e2 5F       		.byte	95
 512 01e3 01       		.byte	1
 513 01e4 66       		.byte	102
ARM GAS  C:\Users\perhi\AppData\Local\Temp\ccspstNu.s 			page 10


 514 01e5 40       		.byte	64
 515 01e6 67       		.byte	103
 516 01e7 02       		.byte	2
 517 01e8 69       		.byte	105
 518 01e9 10       		.byte	16
 519 01ea 6A       		.byte	106
 520 01eb 30       		.byte	48
 521 01ec 6B       		.byte	107
 522 01ed 10       		.byte	16
 523 01ee 6D       		.byte	109
 524 01ef 10       		.byte	16
 525 01f0 6E       		.byte	110
 526 01f1 10       		.byte	16
 527 01f2 6F       		.byte	111
 528 01f3 12       		.byte	18
 529 01f4 89       		.byte	-119
 530 01f5 07       		.byte	7
 531 01f6 90       		.byte	-112
 532 01f7 02       		.byte	2
 533 01f8 96       		.byte	-106
 534 01f9 06       		.byte	6
 535 01fa 99       		.byte	-103
 536 01fb 08       		.byte	8
 537 01fc 9A       		.byte	-102
 538 01fd 01       		.byte	1
 539 01fe 9B       		.byte	-101
 540 01ff 01       		.byte	1
 541 0200 A5       		.byte	-91
 542 0201 07       		.byte	7
 543 0202 A9       		.byte	-87
 544 0203 02       		.byte	2
 545 0204 AB       		.byte	-85
 546 0205 04       		.byte	4
 547 0206 B0       		.byte	-80
 548 0207 04       		.byte	4
 549 0208 B3       		.byte	-77
 550 0209 03       		.byte	3
 551 020a B4       		.byte	-76
 552 020b 02       		.byte	2
 553 020c B5       		.byte	-75
 554 020d 0C       		.byte	12
 555 020e B6       		.byte	-74
 556 020f 01       		.byte	1
 557 0210 B9       		.byte	-71
 558 0211 28       		.byte	40
 559 0212 BE       		.byte	-66
 560 0213 10       		.byte	16
 561 0214 BF       		.byte	-65
 562 0215 04       		.byte	4
 563 0216 D6       		.byte	-42
 564 0217 08       		.byte	8
 565 0218 D8       		.byte	-40
 566 0219 04       		.byte	4
 567 021a D9       		.byte	-39
 568 021b 04       		.byte	4
 569 021c DB       		.byte	-37
 570 021d 04       		.byte	4
ARM GAS  C:\Users\perhi\AppData\Local\Temp\ccspstNu.s 			page 11


 571 021e DC       		.byte	-36
 572 021f 10       		.byte	16
 573 0220 DF       		.byte	-33
 574 0221 01       		.byte	1
 575 0222 01       		.byte	1
 576 0223 08       		.byte	8
 577 0224 02       		.byte	2
 578 0225 10       		.byte	16
 579 0226 05       		.byte	5
 580 0227 84       		.byte	-124
 581 0228 06       		.byte	6
 582 0229 04       		.byte	4
 583 022a 07       		.byte	7
 584 022b 10       		.byte	16
 585 022c 08       		.byte	8
 586 022d 28       		.byte	40
 587 022e 0A       		.byte	10
 588 022f 40       		.byte	64
 589 0230 0E       		.byte	14
 590 0231 10       		.byte	16
 591 0232 0F       		.byte	15
 592 0233 04       		.byte	4
 593 0234 14       		.byte	20
 594 0235 05       		.byte	5
 595 0236 16       		.byte	22
 596 0237 A0       		.byte	-96
 597 0238 19       		.byte	25
 598 0239 10       		.byte	16
 599 023a 1A       		.byte	26
 600 023b 40       		.byte	64
 601 023c 1B       		.byte	27
 602 023d 80       		.byte	-128
 603 023e 1D       		.byte	29
 604 023f 02       		.byte	2
 605 0240 1F       		.byte	31
 606 0241 10       		.byte	16
 607 0242 21       		.byte	33
 608 0243 24       		.byte	36
 609 0244 23       		.byte	35
 610 0245 04       		.byte	4
 611 0246 24       		.byte	36
 612 0247 40       		.byte	64
 613 0248 26       		.byte	38
 614 0249 20       		.byte	32
 615 024a 28       		.byte	40
 616 024b 04       		.byte	4
 617 024c 29       		.byte	41
 618 024d 08       		.byte	8
 619 024e 2A       		.byte	42
 620 024f 04       		.byte	4
 621 0250 2B       		.byte	43
 622 0251 08       		.byte	8
 623 0252 2C       		.byte	44
 624 0253 88       		.byte	-120
 625 0254 2E       		.byte	46
 626 0255 88       		.byte	-120
 627 0256 2F       		.byte	47
ARM GAS  C:\Users\perhi\AppData\Local\Temp\ccspstNu.s 			page 12


 628 0257 01       		.byte	1
 629 0258 30       		.byte	48
 630 0259 20       		.byte	32
 631 025a 31       		.byte	49
 632 025b 02       		.byte	2
 633 025c 32       		.byte	50
 634 025d 02       		.byte	2
 635 025e 36       		.byte	54
 636 025f 50       		.byte	80
 637 0260 37       		.byte	55
 638 0261 01       		.byte	1
 639 0262 39       		.byte	57
 640 0263 10       		.byte	16
 641 0264 3A       		.byte	58
 642 0265 20       		.byte	32
 643 0266 3B       		.byte	59
 644 0267 20       		.byte	32
 645 0268 3C       		.byte	60
 646 0269 80       		.byte	-128
 647 026a 3E       		.byte	62
 648 026b 04       		.byte	4
 649 026c 45       		.byte	69
 650 026d 14       		.byte	20
 651 026e 47       		.byte	71
 652 026f 40       		.byte	64
 653 0270 4E       		.byte	78
 654 0271 0A       		.byte	10
 655 0272 54       		.byte	84
 656 0273 40       		.byte	64
 657 0274 57       		.byte	87
 658 0275 20       		.byte	32
 659 0276 59       		.byte	89
 660 0277 22       		.byte	34
 661 0278 5A       		.byte	90
 662 0279 80       		.byte	-128
 663 027a 5B       		.byte	91
 664 027b 08       		.byte	8
 665 027c 60       		.byte	96
 666 027d 28       		.byte	40
 667 027e 62       		.byte	98
 668 027f 41       		.byte	65
 669 0280 82       		.byte	-126
 670 0281 08       		.byte	8
 671 0282 92       		.byte	-110
 672 0283 95       		.byte	-107
 673 0284 93       		.byte	-109
 674 0285 08       		.byte	8
 675 0286 94       		.byte	-108
 676 0287 40       		.byte	64
 677 0288 96       		.byte	-106
 678 0289 20       		.byte	32
 679 028a 97       		.byte	-105
 680 028b 66       		.byte	102
 681 028c 99       		.byte	-103
 682 028d 22       		.byte	34
 683 028e 9B       		.byte	-101
 684 028f 01       		.byte	1
ARM GAS  C:\Users\perhi\AppData\Local\Temp\ccspstNu.s 			page 13


 685 0290 9C       		.byte	-100
 686 0291 20       		.byte	32
 687 0292 9E       		.byte	-98
 688 0293 19       		.byte	25
 689 0294 9F       		.byte	-97
 690 0295 50       		.byte	80
 691 0296 A0       		.byte	-96
 692 0297 88       		.byte	-120
 693 0298 A1       		.byte	-95
 694 0299 80       		.byte	-128
 695 029a A2       		.byte	-94
 696 029b 90       		.byte	-112
 697 029c A4       		.byte	-92
 698 029d 10       		.byte	16
 699 029e A7       		.byte	-89
 700 029f A8       		.byte	-88
 701 02a0 AA       		.byte	-86
 702 02a1 01       		.byte	1
 703 02a2 AB       		.byte	-85
 704 02a3 08       		.byte	8
 705 02a4 C0       		.byte	-64
 706 02a5 E0       		.byte	-32
 707 02a6 C2       		.byte	-62
 708 02a7 6E       		.byte	110
 709 02a8 C4       		.byte	-60
 710 02a9 F0       		.byte	-16
 711 02aa CA       		.byte	-54
 712 02ab E6       		.byte	-26
 713 02ac CC       		.byte	-52
 714 02ad B4       		.byte	-76
 715 02ae CE       		.byte	-50
 716 02af 54       		.byte	84
 717 02b0 D0       		.byte	-48
 718 02b1 70       		.byte	112
 719 02b2 D2       		.byte	-46
 720 02b3 30       		.byte	48
 721 02b4 D6       		.byte	-42
 722 02b5 0F       		.byte	15
 723 02b6 D8       		.byte	-40
 724 02b7 0F       		.byte	15
 725 02b8 E6       		.byte	-26
 726 02b9 01       		.byte	1
 727 02ba EE       		.byte	-18
 728 02bb 01       		.byte	1
 729 02bc E6       		.byte	-26
 730 02bd 01       		.byte	1
 731 02be EE       		.byte	-18
 732 02bf 01       		.byte	1
 733 02c0 E2       		.byte	-30
 734 02c1 10       		.byte	16
 735 02c2 E4       		.byte	-28
 736 02c3 01       		.byte	1
 737 02c4 00       		.byte	0
 738 02c5 04       		.byte	4
 739 02c6 02       		.byte	2
 740 02c7 02       		.byte	2
 741 02c8 04       		.byte	4
ARM GAS  C:\Users\perhi\AppData\Local\Temp\ccspstNu.s 			page 14


 742 02c9 18       		.byte	24
 743 02ca 05       		.byte	5
 744 02cb 01       		.byte	1
 745 02cc 06       		.byte	6
 746 02cd 60       		.byte	96
 747 02ce 08       		.byte	8
 748 02cf 07       		.byte	7
 749 02d0 0C       		.byte	12
 750 02d1 02       		.byte	2
 751 02d2 0E       		.byte	14
 752 02d3 05       		.byte	5
 753 02d4 10       		.byte	16
 754 02d5 01       		.byte	1
 755 02d6 12       		.byte	18
 756 02d7 02       		.byte	2
 757 02d8 14       		.byte	20
 758 02d9 18       		.byte	24
 759 02da 16       		.byte	22
 760 02db 20       		.byte	32
 761 02dc 1A       		.byte	26
 762 02dd 40       		.byte	64
 763 02de 1D       		.byte	29
 764 02df 02       		.byte	2
 765 02e0 1E       		.byte	30
 766 02e1 28       		.byte	40
 767 02e2 24       		.byte	36
 768 02e3 07       		.byte	7
 769 02e4 28       		.byte	40
 770 02e5 50       		.byte	80
 771 02e6 2A       		.byte	42
 772 02e7 20       		.byte	32
 773 02e8 2C       		.byte	44
 774 02e9 18       		.byte	24
 775 02ea 2E       		.byte	46
 776 02eb 20       		.byte	32
 777 02ec 31       		.byte	49
 778 02ed 02       		.byte	2
 779 02ee 32       		.byte	50
 780 02ef 78       		.byte	120
 781 02f0 36       		.byte	54
 782 02f1 07       		.byte	7
 783 02f2 37       		.byte	55
 784 02f3 01       		.byte	1
 785 02f4 3A       		.byte	58
 786 02f5 08       		.byte	8
 787 02f6 3F       		.byte	63
 788 02f7 41       		.byte	65
 789 02f8 54       		.byte	84
 790 02f9 20       		.byte	32
 791 02fa 56       		.byte	86
 792 02fb 04       		.byte	4
 793 02fc 58       		.byte	88
 794 02fd 04       		.byte	4
 795 02fe 59       		.byte	89
 796 02ff 04       		.byte	4
 797 0300 5B       		.byte	91
 798 0301 04       		.byte	4
ARM GAS  C:\Users\perhi\AppData\Local\Temp\ccspstNu.s 			page 15


 799 0302 5C       		.byte	92
 800 0303 01       		.byte	1
 801 0304 5F       		.byte	95
 802 0305 01       		.byte	1
 803 0306 80       		.byte	-128
 804 0307 01       		.byte	1
 805 0308 82       		.byte	-126
 806 0309 40       		.byte	64
 807 030a 83       		.byte	-125
 808 030b 02       		.byte	2
 809 030c 85       		.byte	-123
 810 030d 01       		.byte	1
 811 030e 86       		.byte	-122
 812 030f 26       		.byte	38
 813 0310 88       		.byte	-120
 814 0311 3F       		.byte	63
 815 0312 89       		.byte	-119
 816 0313 04       		.byte	4
 817 0314 8C       		.byte	-116
 818 0315 10       		.byte	16
 819 0316 8F       		.byte	-113
 820 0317 02       		.byte	2
 821 0318 90       		.byte	-112
 822 0319 19       		.byte	25
 823 031a 92       		.byte	-110
 824 031b 24       		.byte	36
 825 031c 95       		.byte	-107
 826 031d 02       		.byte	2
 827 031e 96       		.byte	-106
 828 031f 01       		.byte	1
 829 0320 98       		.byte	-104
 830 0321 27       		.byte	39
 831 0322 9A       		.byte	-102
 832 0323 18       		.byte	24
 833 0324 9C       		.byte	-100
 834 0325 19       		.byte	25
 835 0326 9E       		.byte	-98
 836 0327 22       		.byte	34
 837 0328 A4       		.byte	-92
 838 0329 18       		.byte	24
 839 032a A5       		.byte	-91
 840 032b 02       		.byte	2
 841 032c A8       		.byte	-88
 842 032d 08       		.byte	8
 843 032e A9       		.byte	-87
 844 032f 01       		.byte	1
 845 0330 AD       		.byte	-83
 846 0331 01       		.byte	1
 847 0332 B0       		.byte	-80
 848 0333 1F       		.byte	31
 849 0334 B2       		.byte	-78
 850 0335 40       		.byte	64
 851 0336 B3       		.byte	-77
 852 0337 01       		.byte	1
 853 0338 B5       		.byte	-75
 854 0339 04       		.byte	4
 855 033a B6       		.byte	-74
ARM GAS  C:\Users\perhi\AppData\Local\Temp\ccspstNu.s 			page 16


 856 033b 38       		.byte	56
 857 033c B7       		.byte	-73
 858 033d 02       		.byte	2
 859 033e B9       		.byte	-71
 860 033f 80       		.byte	-128
 861 0340 BA       		.byte	-70
 862 0341 82       		.byte	-126
 863 0342 BF       		.byte	-65
 864 0343 10       		.byte	16
 865 0344 D4       		.byte	-44
 866 0345 01       		.byte	1
 867 0346 D8       		.byte	-40
 868 0347 04       		.byte	4
 869 0348 D9       		.byte	-39
 870 0349 04       		.byte	4
 871 034a DB       		.byte	-37
 872 034b 04       		.byte	4
 873 034c DC       		.byte	-36
 874 034d 11       		.byte	17
 875 034e DD       		.byte	-35
 876 034f 10       		.byte	16
 877 0350 DF       		.byte	-33
 878 0351 01       		.byte	1
 879 0352 00       		.byte	0
 880 0353 21       		.byte	33
 881 0354 01       		.byte	1
 882 0355 89       		.byte	-119
 883 0356 03       		.byte	3
 884 0357 08       		.byte	8
 885 0358 04       		.byte	4
 886 0359 10       		.byte	16
 887 035a 06       		.byte	6
 888 035b 02       		.byte	2
 889 035c 07       		.byte	7
 890 035d 50       		.byte	80
 891 035e 08       		.byte	8
 892 035f 02       		.byte	2
 893 0360 09       		.byte	9
 894 0361 60       		.byte	96
 895 0362 0B       		.byte	11
 896 0363 20       		.byte	32
 897 0364 0C       		.byte	12
 898 0365 10       		.byte	16
 899 0366 0D       		.byte	13
 900 0367 0A       		.byte	10
 901 0368 0E       		.byte	14
 902 0369 01       		.byte	1
 903 036a 10       		.byte	16
 904 036b 04       		.byte	4
 905 036c 11       		.byte	17
 906 036d 44       		.byte	68
 907 036e 12       		.byte	18
 908 036f 01       		.byte	1
 909 0370 16       		.byte	22
 910 0371 18       		.byte	24
 911 0372 19       		.byte	25
 912 0373 88       		.byte	-120
ARM GAS  C:\Users\perhi\AppData\Local\Temp\ccspstNu.s 			page 17


 913 0374 1C       		.byte	28
 914 0375 80       		.byte	-128
 915 0376 1D       		.byte	29
 916 0377 0A       		.byte	10
 917 0378 1E       		.byte	30
 918 0379 03       		.byte	3
 919 037a 20       		.byte	32
 920 037b 40       		.byte	64
 921 037c 23       		.byte	35
 922 037d 01       		.byte	1
 923 037e 25       		.byte	37
 924 037f 04       		.byte	4
 925 0380 26       		.byte	38
 926 0381 40       		.byte	64
 927 0382 27       		.byte	39
 928 0383 18       		.byte	24
 929 0384 2C       		.byte	44
 930 0385 18       		.byte	24
 931 0386 2F       		.byte	47
 932 0387 0A       		.byte	10
 933 0388 31       		.byte	49
 934 0389 80       		.byte	-128
 935 038a 36       		.byte	54
 936 038b 08       		.byte	8
 937 038c 3B       		.byte	59
 938 038d 0C       		.byte	12
 939 038e 3C       		.byte	60
 940 038f 80       		.byte	-128
 941 0390 3D       		.byte	61
 942 0391 04       		.byte	4
 943 0392 3E       		.byte	62
 944 0393 01       		.byte	1
 945 0394 3F       		.byte	63
 946 0395 20       		.byte	32
 947 0396 58       		.byte	88
 948 0397 01       		.byte	1
 949 0398 5C       		.byte	92
 950 0399 20       		.byte	32
 951 039a 5E       		.byte	94
 952 039b 40       		.byte	64
 953 039c 5F       		.byte	95
 954 039d 0A       		.byte	10
 955 039e 60       		.byte	96
 956 039f 80       		.byte	-128
 957 03a0 61       		.byte	97
 958 03a1 10       		.byte	16
 959 03a2 63       		.byte	99
 960 03a3 11       		.byte	17
 961 03a4 80       		.byte	-128
 962 03a5 20       		.byte	32
 963 03a6 81       		.byte	-127
 964 03a7 40       		.byte	64
 965 03a8 83       		.byte	-125
 966 03a9 12       		.byte	18
 967 03aa 84       		.byte	-124
 968 03ab 80       		.byte	-128
 969 03ac 88       		.byte	-120
ARM GAS  C:\Users\perhi\AppData\Local\Temp\ccspstNu.s 			page 18


 970 03ad 01       		.byte	1
 971 03ae 8B       		.byte	-117
 972 03af 04       		.byte	4
 973 03b0 8C       		.byte	-116
 974 03b1 43       		.byte	67
 975 03b2 8D       		.byte	-115
 976 03b3 04       		.byte	4
 977 03b4 8E       		.byte	-114
 978 03b5 10       		.byte	16
 979 03b6 8F       		.byte	-113
 980 03b7 40       		.byte	64
 981 03b8 90       		.byte	-112
 982 03b9 10       		.byte	16
 983 03ba 91       		.byte	-111
 984 03bb 04       		.byte	4
 985 03bc 92       		.byte	-110
 986 03bd 50       		.byte	80
 987 03be 93       		.byte	-109
 988 03bf 38       		.byte	56
 989 03c0 95       		.byte	-107
 990 03c1 01       		.byte	1
 991 03c2 98       		.byte	-104
 992 03c3 14       		.byte	20
 993 03c4 99       		.byte	-103
 994 03c5 10       		.byte	16
 995 03c6 9A       		.byte	-102
 996 03c7 1B       		.byte	27
 997 03c8 9D       		.byte	-99
 998 03c9 8C       		.byte	-116
 999 03ca A0       		.byte	-96
 1000 03cb 08       		.byte	8
 1001 03cc A1       		.byte	-95
 1002 03cd E0       		.byte	-32
 1003 03ce A2       		.byte	-94
 1004 03cf 08       		.byte	8
 1005 03d0 A3       		.byte	-93
 1006 03d1 12       		.byte	18
 1007 03d2 A4       		.byte	-92
 1008 03d3 10       		.byte	16
 1009 03d4 A5       		.byte	-91
 1010 03d5 06       		.byte	6
 1011 03d6 A6       		.byte	-90
 1012 03d7 41       		.byte	65
 1013 03d8 C0       		.byte	-64
 1014 03d9 FF       		.byte	-1
 1015 03da C2       		.byte	-62
 1016 03db FF       		.byte	-1
 1017 03dc C4       		.byte	-60
 1018 03dd 67       		.byte	103
 1019 03de CA       		.byte	-54
 1020 03df 70       		.byte	112
 1021 03e0 CC       		.byte	-52
 1022 03e1 48       		.byte	72
 1023 03e2 CE       		.byte	-50
 1024 03e3 F2       		.byte	-14
 1025 03e4 D6       		.byte	-42
 1026 03e5 F1       		.byte	-15
ARM GAS  C:\Users\perhi\AppData\Local\Temp\ccspstNu.s 			page 19


 1027 03e6 D8       		.byte	-40
 1028 03e7 0F       		.byte	15
 1029 03e8 EE       		.byte	-18
 1030 03e9 08       		.byte	8
 1031 03ea 01       		.byte	1
 1032 03eb 08       		.byte	8
 1033 03ec 02       		.byte	2
 1034 03ed 08       		.byte	8
 1035 03ee 04       		.byte	4
 1036 03ef 21       		.byte	33
 1037 03f0 06       		.byte	6
 1038 03f1 06       		.byte	6
 1039 03f2 07       		.byte	7
 1040 03f3 73       		.byte	115
 1041 03f4 08       		.byte	8
 1042 03f5 10       		.byte	16
 1043 03f6 09       		.byte	9
 1044 03f7 0C       		.byte	12
 1045 03f8 0D       		.byte	13
 1046 03f9 1C       		.byte	28
 1047 03fa 0E       		.byte	14
 1048 03fb 20       		.byte	32
 1049 03fc 0F       		.byte	15
 1050 03fd 63       		.byte	99
 1051 03fe 10       		.byte	16
 1052 03ff 10       		.byte	16
 1053 0400 11       		.byte	17
 1054 0401 0F       		.byte	15
 1055 0402 13       		.byte	19
 1056 0403 70       		.byte	112
 1057 0404 14       		.byte	20
 1058 0405 0C       		.byte	12
 1059 0406 15       		.byte	21
 1060 0407 21       		.byte	33
 1061 0408 16       		.byte	22
 1062 0409 23       		.byte	35
 1063 040a 19       		.byte	25
 1064 040b 7F       		.byte	127
 1065 040c 1A       		.byte	26
 1066 040d 0C       		.byte	12
 1067 040e 1C       		.byte	28
 1068 040f 10       		.byte	16
 1069 0410 21       		.byte	33
 1070 0411 42       		.byte	66
 1071 0412 24       		.byte	36
 1072 0413 10       		.byte	16
 1073 0414 25       		.byte	37
 1074 0415 73       		.byte	115
 1075 0416 27       		.byte	39
 1076 0417 0C       		.byte	12
 1077 0418 28       		.byte	40
 1078 0419 21       		.byte	33
 1079 041a 29       		.byte	41
 1080 041b 04       		.byte	4
 1081 041c 2A       		.byte	42
 1082 041d 0E       		.byte	14
 1083 041e 2D       		.byte	45
ARM GAS  C:\Users\perhi\AppData\Local\Temp\ccspstNu.s 			page 20


 1084 041f 63       		.byte	99
 1085 0420 2E       		.byte	46
 1086 0421 23       		.byte	35
 1087 0422 30       		.byte	48
 1088 0423 20       		.byte	32
 1089 0424 31       		.byte	49
 1090 0425 1C       		.byte	28
 1091 0426 32       		.byte	50
 1092 0427 0F       		.byte	15
 1093 0428 35       		.byte	53
 1094 0429 0F       		.byte	15
 1095 042a 36       		.byte	54
 1096 042b 10       		.byte	16
 1097 042c 37       		.byte	55
 1098 042d 60       		.byte	96
 1099 042e 3A       		.byte	58
 1100 042f 08       		.byte	8
 1101 0430 3B       		.byte	59
 1102 0431 28       		.byte	40
 1103 0432 3E       		.byte	62
 1104 0433 41       		.byte	65
 1105 0434 40       		.byte	64
 1106 0435 61       		.byte	97
 1107 0436 41       		.byte	65
 1108 0437 02       		.byte	2
 1109 0438 45       		.byte	69
 1110 0439 0B       		.byte	11
 1111 043a 46       		.byte	70
 1112 043b E0       		.byte	-32
 1113 043c 47       		.byte	71
 1114 043d C0       		.byte	-64
 1115 043e 48       		.byte	72
 1116 043f 29       		.byte	41
 1117 0440 49       		.byte	73
 1118 0441 FF       		.byte	-1
 1119 0442 4A       		.byte	74
 1120 0443 FF       		.byte	-1
 1121 0444 4B       		.byte	75
 1122 0445 FF       		.byte	-1
 1123 0446 4E       		.byte	78
 1124 0447 F0       		.byte	-16
 1125 0448 4F       		.byte	79
 1126 0449 44       		.byte	68
 1127 044a 50       		.byte	80
 1128 044b 0C       		.byte	12
 1129 044c 56       		.byte	86
 1130 044d 02       		.byte	2
 1131 044e 57       		.byte	87
 1132 044f 13       		.byte	19
 1133 0450 58       		.byte	88
 1134 0451 04       		.byte	4
 1135 0452 59       		.byte	89
 1136 0453 04       		.byte	4
 1137 0454 5A       		.byte	90
 1138 0455 04       		.byte	4
 1139 0456 5B       		.byte	91
 1140 0457 04       		.byte	4
ARM GAS  C:\Users\perhi\AppData\Local\Temp\ccspstNu.s 			page 21


 1141 0458 5C       		.byte	92
 1142 0459 11       		.byte	17
 1143 045a 5D       		.byte	93
 1144 045b 11       		.byte	17
 1145 045c 5F       		.byte	95
 1146 045d 01       		.byte	1
 1147 045e 66       		.byte	102
 1148 045f C0       		.byte	-64
 1149 0460 6A       		.byte	106
 1150 0461 40       		.byte	64
 1151 0462 6B       		.byte	107
 1152 0463 02       		.byte	2
 1153 0464 C0       		.byte	-64
 1154 0465 03       		.byte	3
 1155 0466 C5       		.byte	-59
 1156 0467 40       		.byte	64
 1157 0468 C9       		.byte	-55
 1158 0469 FF       		.byte	-1
 1159 046a CA       		.byte	-54
 1160 046b 07       		.byte	7
 1161 046c CB       		.byte	-53
 1162 046d FF       		.byte	-1
 1163 046e CC       		.byte	-52
 1164 046f 40       		.byte	64
 1165 0470 CD       		.byte	-51
 1166 0471 20       		.byte	32
 1167 0472 CE       		.byte	-50
 1168 0473 F0       		.byte	-16
 1169 0474 CF       		.byte	-49
 1170 0475 05       		.byte	5
 1171 0476 D0       		.byte	-48
 1172 0477 08       		.byte	8
 1173 0478 D4       		.byte	-44
 1174 0479 18       		.byte	24
 1175 047a D6       		.byte	-42
 1176 047b 04       		.byte	4
 1177 047c DA       		.byte	-38
 1178 047d 04       		.byte	4
 1179 047e DB       		.byte	-37
 1180 047f 04       		.byte	4
 1181 0480 DD       		.byte	-35
 1182 0481 11       		.byte	17
 1183 0482 DF       		.byte	-33
 1184 0483 01       		.byte	1
 1185 0484 E0       		.byte	-32
 1186 0485 40       		.byte	64
 1187 0486 E1       		.byte	-31
 1188 0487 A8       		.byte	-88
 1189 0488 E2       		.byte	-30
 1190 0489 40       		.byte	64
 1191 048a E3       		.byte	-29
 1192 048b 20       		.byte	32
 1193 048c 04       		.byte	4
 1194 048d 18       		.byte	24
 1195 048e 05       		.byte	5
 1196 048f 08       		.byte	8
 1197 0490 06       		.byte	6
ARM GAS  C:\Users\perhi\AppData\Local\Temp\ccspstNu.s 			page 22


 1198 0491 81       		.byte	-127
 1199 0492 0C       		.byte	12
 1200 0493 04       		.byte	4
 1201 0494 0D       		.byte	13
 1202 0495 2A       		.byte	42
 1203 0496 0E       		.byte	14
 1204 0497 02       		.byte	2
 1205 0498 0F       		.byte	15
 1206 0499 80       		.byte	-128
 1207 049a 14       		.byte	20
 1208 049b 11       		.byte	17
 1209 049c 15       		.byte	21
 1210 049d 10       		.byte	16
 1211 049e 16       		.byte	22
 1212 049f 04       		.byte	4
 1213 04a0 17       		.byte	23
 1214 04a1 08       		.byte	8
 1215 04a2 1D       		.byte	29
 1216 04a3 08       		.byte	8
 1217 04a4 1E       		.byte	30
 1218 04a5 41       		.byte	65
 1219 04a6 1F       		.byte	31
 1220 04a7 08       		.byte	8
 1221 04a8 24       		.byte	36
 1222 04a9 10       		.byte	16
 1223 04aa 25       		.byte	37
 1224 04ab 10       		.byte	16
 1225 04ac 26       		.byte	38
 1226 04ad 08       		.byte	8
 1227 04ae 27       		.byte	39
 1228 04af 6A       		.byte	106
 1229 04b0 2C       		.byte	44
 1230 04b1 10       		.byte	16
 1231 04b2 2D       		.byte	45
 1232 04b3 A1       		.byte	-95
 1233 04b4 35       		.byte	53
 1234 04b5 04       		.byte	4
 1235 04b6 36       		.byte	54
 1236 04b7 01       		.byte	1
 1237 04b8 37       		.byte	55
 1238 04b9 20       		.byte	32
 1239 04ba 3D       		.byte	61
 1240 04bb 08       		.byte	8
 1241 04bc 3E       		.byte	62
 1242 04bd 22       		.byte	34
 1243 04be 3F       		.byte	63
 1244 04bf 80       		.byte	-128
 1245 04c0 41       		.byte	65
 1246 04c1 04       		.byte	4
 1247 04c2 44       		.byte	68
 1248 04c3 01       		.byte	1
 1249 04c4 45       		.byte	69
 1250 04c5 40       		.byte	64
 1251 04c6 46       		.byte	70
 1252 04c7 04       		.byte	4
 1253 04c8 48       		.byte	72
 1254 04c9 20       		.byte	32
ARM GAS  C:\Users\perhi\AppData\Local\Temp\ccspstNu.s 			page 23


 1255 04ca 4B       		.byte	75
 1256 04cb 02       		.byte	2
 1257 04cc 4C       		.byte	76
 1258 04cd 04       		.byte	4
 1259 04ce 4E       		.byte	78
 1260 04cf 10       		.byte	16
 1261 04d0 56       		.byte	86
 1262 04d1 01       		.byte	1
 1263 04d2 57       		.byte	87
 1264 04d3 10       		.byte	16
 1265 04d4 5B       		.byte	91
 1266 04d5 02       		.byte	2
 1267 04d6 5E       		.byte	94
 1268 04d7 01       		.byte	1
 1269 04d8 62       		.byte	98
 1270 04d9 A0       		.byte	-96
 1271 04da 63       		.byte	99
 1272 04db 40       		.byte	64
 1273 04dc 6C       		.byte	108
 1274 04dd 08       		.byte	8
 1275 04de 6D       		.byte	109
 1276 04df 04       		.byte	4
 1277 04e0 6F       		.byte	111
 1278 04e1 02       		.byte	2
 1279 04e2 75       		.byte	117
 1280 04e3 20       		.byte	32
 1281 04e4 76       		.byte	118
 1282 04e5 3A       		.byte	58
 1283 04e6 87       		.byte	-121
 1284 04e7 40       		.byte	64
 1285 04e8 91       		.byte	-111
 1286 04e9 18       		.byte	24
 1287 04ea 92       		.byte	-110
 1288 04eb 10       		.byte	16
 1289 04ec 93       		.byte	-109
 1290 04ed 38       		.byte	56
 1291 04ee 95       		.byte	-107
 1292 04ef 04       		.byte	4
 1293 04f0 96       		.byte	-106
 1294 04f1 20       		.byte	32
 1295 04f2 97       		.byte	-105
 1296 04f3 02       		.byte	2
 1297 04f4 98       		.byte	-104
 1298 04f5 01       		.byte	1
 1299 04f6 99       		.byte	-103
 1300 04f7 10       		.byte	16
 1301 04f8 9A       		.byte	-102
 1302 04f9 80       		.byte	-128
 1303 04fa 9D       		.byte	-99
 1304 04fb 8C       		.byte	-116
 1305 04fc 9F       		.byte	-97
 1306 04fd 40       		.byte	64
 1307 04fe A1       		.byte	-95
 1308 04ff A0       		.byte	-96
 1309 0500 A2       		.byte	-94
 1310 0501 A0       		.byte	-96
 1311 0502 A4       		.byte	-92
ARM GAS  C:\Users\perhi\AppData\Local\Temp\ccspstNu.s 			page 24


 1312 0503 30       		.byte	48
 1313 0504 A5       		.byte	-91
 1314 0505 14       		.byte	20
 1315 0506 A6       		.byte	-90
 1316 0507 48       		.byte	72
 1317 0508 A7       		.byte	-89
 1318 0509 08       		.byte	8
 1319 050a AC       		.byte	-84
 1320 050b 21       		.byte	33
 1321 050c AD       		.byte	-83
 1322 050d 04       		.byte	4
 1323 050e AE       		.byte	-82
 1324 050f 40       		.byte	64
 1325 0510 AF       		.byte	-81
 1326 0511 50       		.byte	80
 1327 0512 B2       		.byte	-78
 1328 0513 01       		.byte	1
 1329 0514 B3       		.byte	-77
 1330 0515 08       		.byte	8
 1331 0516 C0       		.byte	-64
 1332 0517 F0       		.byte	-16
 1333 0518 C2       		.byte	-62
 1334 0519 F0       		.byte	-16
 1335 051a C4       		.byte	-60
 1336 051b E0       		.byte	-32
 1337 051c CA       		.byte	-54
 1338 051d F0       		.byte	-16
 1339 051e CC       		.byte	-52
 1340 051f E0       		.byte	-32
 1341 0520 CE       		.byte	-50
 1342 0521 F0       		.byte	-16
 1343 0522 D0       		.byte	-48
 1344 0523 32       		.byte	50
 1345 0524 D2       		.byte	-46
 1346 0525 20       		.byte	32
 1347 0526 D6       		.byte	-42
 1348 0527 81       		.byte	-127
 1349 0528 D8       		.byte	-40
 1350 0529 0D       		.byte	13
 1351 052a E0       		.byte	-32
 1352 052b 40       		.byte	64
 1353 052c E2       		.byte	-30
 1354 052d 10       		.byte	16
 1355 052e EE       		.byte	-18
 1356 052f 08       		.byte	8
 1357 0530 31       		.byte	49
 1358 0531 08       		.byte	8
 1359 0532 33       		.byte	51
 1360 0533 20       		.byte	32
 1361 0534 34       		.byte	52
 1362 0535 02       		.byte	2
 1363 0536 37       		.byte	55
 1364 0537 40       		.byte	64
 1365 0538 3B       		.byte	59
 1366 0539 20       		.byte	32
 1367 053a CC       		.byte	-52
 1368 053b F0       		.byte	-16
ARM GAS  C:\Users\perhi\AppData\Local\Temp\ccspstNu.s 			page 25


 1369 053c CE       		.byte	-50
 1370 053d 10       		.byte	16
 1371 053e 97       		.byte	-105
 1372 053f 20       		.byte	32
 1373 0540 9C       		.byte	-100
 1374 0541 02       		.byte	2
 1375 0542 9F       		.byte	-97
 1376 0543 40       		.byte	64
 1377 0544 A5       		.byte	-91
 1378 0545 08       		.byte	8
 1379 0546 A7       		.byte	-89
 1380 0547 20       		.byte	32
 1381 0548 97       		.byte	-105
 1382 0549 20       		.byte	32
 1383 054a 9C       		.byte	-100
 1384 054b 02       		.byte	2
 1385 054c 9F       		.byte	-97
 1386 054d 40       		.byte	64
 1387 054e A5       		.byte	-91
 1388 054f 08       		.byte	8
 1389 0550 A7       		.byte	-89
 1390 0551 20       		.byte	32
 1391 0552 97       		.byte	-105
 1392 0553 20       		.byte	32
 1393 0554 9C       		.byte	-100
 1394 0555 02       		.byte	2
 1395 0556 A5       		.byte	-91
 1396 0557 08       		.byte	8
 1397 0558 A7       		.byte	-89
 1398 0559 20       		.byte	32
 1399 055a AB       		.byte	-85
 1400 055b 40       		.byte	64
 1401 055c EE       		.byte	-18
 1402 055d 80       		.byte	-128
 1403 055e 01       		.byte	1
 1404 055f 20       		.byte	32
 1405 0560 04       		.byte	4
 1406 0561 08       		.byte	8
 1407 0562 52       		.byte	82
 1408 0563 20       		.byte	32
 1409 0564 C0       		.byte	-64
 1410 0565 06       		.byte	6
 1411 0566 D4       		.byte	-44
 1412 0567 04       		.byte	4
 1413 0568 1A       		.byte	26
 1414 0569 80       		.byte	-128
 1415 056a 82       		.byte	-126
 1416 056b 20       		.byte	32
 1417 056c 8D       		.byte	-115
 1418 056d 20       		.byte	32
 1419 056e 90       		.byte	-112
 1420 056f 08       		.byte	8
 1421 0570 99       		.byte	-103
 1422 0571 20       		.byte	32
 1423 0572 A6       		.byte	-90
 1424 0573 20       		.byte	32
 1425 0574 C6       		.byte	-58
ARM GAS  C:\Users\perhi\AppData\Local\Temp\ccspstNu.s 			page 26


 1426 0575 08       		.byte	8
 1427 0576 E2       		.byte	-30
 1428 0577 08       		.byte	8
 1429 0578 80       		.byte	-128
 1430 0579 04       		.byte	4
 1431 057a 90       		.byte	-112
 1432 057b 08       		.byte	8
 1433 057c AA       		.byte	-86
 1434 057d 40       		.byte	64
 1435 057e 25       		.byte	37
 1436 057f 08       		.byte	8
 1437 0580 87       		.byte	-121
 1438 0581 10       		.byte	16
 1439 0582 97       		.byte	-105
 1440 0583 20       		.byte	32
 1441 0584 9C       		.byte	-100
 1442 0585 02       		.byte	2
 1443 0586 A5       		.byte	-91
 1444 0587 08       		.byte	8
 1445 0588 A7       		.byte	-89
 1446 0589 20       		.byte	32
 1447 058a C8       		.byte	-56
 1448 058b 80       		.byte	-128
 1449 058c E6       		.byte	-26
 1450 058d 40       		.byte	64
 1451 058e 84       		.byte	-124
 1452 058f 02       		.byte	2
 1453 0590 9C       		.byte	-100
 1454 0591 02       		.byte	2
 1455 0592 AF       		.byte	-81
 1456 0593 20       		.byte	32
 1457 0594 E6       		.byte	-26
 1458 0595 40       		.byte	64
 1459 0596 EE       		.byte	-18
 1460 0597 10       		.byte	16
 1461 0598 1F       		.byte	31
 1462 0599 80       		.byte	-128
 1463 059a C6       		.byte	-58
 1464 059b 01       		.byte	1
 1465 059c 12       		.byte	18
 1466 059d 20       		.byte	32
 1467 059e 7C       		.byte	124
 1468 059f 40       		.byte	64
 1469 05a0 8C       		.byte	-116
 1470 05a1 40       		.byte	64
 1471 05a2 8E       		.byte	-114
 1472 05a3 20       		.byte	32
 1473 05a4 AF       		.byte	-81
 1474 05a5 80       		.byte	-128
 1475 05a6 C4       		.byte	-60
 1476 05a7 08       		.byte	8
 1477 05a8 DE       		.byte	-34
 1478 05a9 04       		.byte	4
 1479 05aa E0       		.byte	-32
 1480 05ab 02       		.byte	2
 1481 05ac E2       		.byte	-30
 1482 05ad 08       		.byte	8
ARM GAS  C:\Users\perhi\AppData\Local\Temp\ccspstNu.s 			page 27


 1483 05ae 00       		.byte	0
 1484 05af 03       		.byte	3
 1485 05b0 0A       		.byte	10
 1486 05b1 03       		.byte	3
 1487 05b2 10       		.byte	16
 1488 05b3 03       		.byte	3
 1489 05b4 1A       		.byte	26
 1490 05b5 03       		.byte	3
 1491 05b6 00       		.byte	0
 1492 05b7 BF       		.byte	-65
 1493 05b8 01       		.byte	1
 1494 05b9 03       		.byte	3
 1495 05ba 00       		.byte	0
 1496 05bb 00       		.byte	0
 1497 05bc 80       		.byte	-128
 1498 05bd 80       		.byte	-128
 1499 05be 00       		.byte	0
 1500 05bf 00       		.byte	0
 1501 05c0 40       		.byte	64
 1502 05c1 00       		.byte	0
 1503 05c2 00       		.byte	0
 1504 05c3 00       		.byte	0
 1505 05c4 00       		.byte	0
 1506 05c5 00       		.byte	0
 1507 05c6 00       		.byte	0
 1508 05c7 00       		.byte	0
 1509 05c8 00       		.byte	0
 1510 05c9 00       		.byte	0
 1511 05ca 14       		.byte	20
 1512 05cb 00       		.byte	0
 1513 05cc 80       		.byte	-128
 1514 05cd 00       		.byte	0
 1515 05ce 40       		.byte	64
 1516 05cf 80       		.byte	-128
 1517 05d0 80       		.byte	-128
 1518 05d1 00       		.byte	0
 1519 05d2 80       		.byte	-128
 1520 05d3 00       		.byte	0
 1521 05d4 00       		.byte	0
 1522 05d5 00       		.byte	0
 1523 05d6 00       		.byte	0
 1524 05d7 00       		.byte	0
 1525 05d8 00       		.byte	0
 1526 05d9 00       		.byte	0
 1527 05da 00       		.byte	0
 1528 05db 00       		.byte	0
 1529 05dc 00       		.byte	0
 1530 05dd 00       		.byte	0
 1531 05de 30       		.byte	48
 1532 05df 00       		.byte	0
 1533 05e0 F0       		.byte	-16
 1534 05e1 0B       		.byte	11
 1535 05e2 0B       		.byte	11
 1536 05e3 00       		.byte	0
 1537 05e4 00       		.byte	0
 1538 05e5 00       		.byte	0
 1539 05e6 00       		.byte	0
ARM GAS  C:\Users\perhi\AppData\Local\Temp\ccspstNu.s 			page 28


 1540 05e7 00       		.byte	0
 1541 05e8 7E       		.byte	126
 1542 05e9 79       		.byte	121
 1543 05ea 01       		.byte	1
 1544 05eb 00       		.byte	0
 1545 05ec 01       		.byte	1
 1546 05ed 00       		.byte	0
 1547 05ee 00       		.byte	0
 1548 05ef 00       		.byte	0
 1549 05f0 00       		.byte	0
 1550 05f1 FF       		.byte	-1
 1551 05f2 FF       		.byte	-1
 1552 05f3 00       		.byte	0
 1553 05f4 00       		.byte	0
 1554 05f5 00       		.byte	0
 1555 05f6 00       		.byte	0
 1556 05f7 00       		.byte	0
 1557 05f8 0C       		.byte	12
 1558 05f9 00       		.byte	0
 1559 05fa 18       		.byte	24
 1560 05fb 01       		.byte	1
 1561 05fc 0C       		.byte	12
 1562 05fd 00       		.byte	0
 1563 05fe 18       		.byte	24
 1564 05ff 01       		.byte	1
 1565              		.section	.cywolatch,"a",%progbits
 1566              		.align	2
 1567              		.type	cy_meta_wonvl, %object
 1568              		.size	cy_meta_wonvl, 4
 1569              	cy_meta_wonvl:
 1570 0000 BC       		.byte	-68
 1571 0001 90       		.byte	-112
 1572 0002 AC       		.byte	-84
 1573 0003 AF       		.byte	-81
 1574              		.section	.cycustnvl,"a",%progbits
 1575              		.align	2
 1576              		.type	cy_meta_custnvl, %object
 1577              		.size	cy_meta_custnvl, 4
 1578              	cy_meta_custnvl:
 1579 0000 00       		.byte	0
 1580 0001 00       		.byte	0
 1581 0002 40       		.byte	64
 1582 0003 05       		.byte	5
 1583              		.section	.cymeta,"a",%progbits
 1584              		.align	2
 1585              		.type	cy_metadata, %object
 1586              		.size	cy_metadata, 12
 1587              	cy_metadata:
 1588 0000 00       		.byte	0
 1589 0001 01       		.byte	1
 1590 0002 2E       		.byte	46
 1591 0003 16       		.byte	22
 1592 0004 10       		.byte	16
 1593 0005 69       		.byte	105
 1594 0006 00       		.byte	0
 1595 0007 01       		.byte	1
 1596 0008 00       		.byte	0
ARM GAS  C:\Users\perhi\AppData\Local\Temp\ccspstNu.s 			page 29


 1597 0009 00       		.byte	0
 1598 000a 00       		.byte	0
 1599 000b 00       		.byte	0
 1600              		.section	.cyflashprotect,"a",%progbits
 1601              		.align	2
 1602              		.type	cy_meta_flashprotect, %object
 1603              		.size	cy_meta_flashprotect, 256
 1604              	cy_meta_flashprotect:
 1605 0000 00000000 		.space	256
 1605      00000000 
 1605      00000000 
 1605      00000000 
 1605      00000000 
 1606              		.text
 1607              	.Letext0:
 1608              		.file 1 "d:\\psoc creator\\4.4\\psoc creator\\import\\gnu\\arm\\5.4.1\\arm-none-eabi\\include\\mac
 1609              		.file 2 "d:\\psoc creator\\4.4\\psoc creator\\import\\gnu\\arm\\5.4.1\\arm-none-eabi\\include\\sys
 1610              		.file 3 "Generated_Source\\PSoC5\\cymetadata.c"
 1611              		.section	.debug_info,"",%progbits
 1612              	.Ldebug_info0:
 1613 0000 33010000 		.4byte	0x133
 1614 0004 0400     		.2byte	0x4
 1615 0006 00000000 		.4byte	.Ldebug_abbrev0
 1616 000a 04       		.byte	0x4
 1617 000b 01       		.uleb128 0x1
 1618 000c 24000000 		.4byte	.LASF17
 1619 0010 0C       		.byte	0xc
 1620 0011 99010000 		.4byte	.LASF18
 1621 0015 B2000000 		.4byte	.LASF19
 1622 0019 00000000 		.4byte	.Ldebug_line0
 1623 001d 02       		.uleb128 0x2
 1624 001e 01       		.byte	0x1
 1625 001f 06       		.byte	0x6
 1626 0020 8D010000 		.4byte	.LASF0
 1627 0024 03       		.uleb128 0x3
 1628 0025 00000000 		.4byte	.LASF9
 1629 0029 01       		.byte	0x1
 1630 002a 1D       		.byte	0x1d
 1631 002b 2F000000 		.4byte	0x2f
 1632 002f 02       		.uleb128 0x2
 1633 0030 01       		.byte	0x1
 1634 0031 08       		.byte	0x8
 1635 0032 16000000 		.4byte	.LASF1
 1636 0036 02       		.uleb128 0x2
 1637 0037 02       		.byte	0x2
 1638 0038 05       		.byte	0x5
 1639 0039 7A010000 		.4byte	.LASF2
 1640 003d 02       		.uleb128 0x2
 1641 003e 02       		.byte	0x2
 1642 003f 07       		.byte	0x7
 1643 0040 DF000000 		.4byte	.LASF3
 1644 0044 02       		.uleb128 0x2
 1645 0045 04       		.byte	0x4
 1646 0046 05       		.byte	0x5
 1647 0047 84010000 		.4byte	.LASF4
 1648 004b 02       		.uleb128 0x2
 1649 004c 04       		.byte	0x4
ARM GAS  C:\Users\perhi\AppData\Local\Temp\ccspstNu.s 			page 30


 1650 004d 07       		.byte	0x7
 1651 004e CD000000 		.4byte	.LASF5
 1652 0052 02       		.uleb128 0x2
 1653 0053 08       		.byte	0x8
 1654 0054 05       		.byte	0x5
 1655 0055 6C010000 		.4byte	.LASF6
 1656 0059 02       		.uleb128 0x2
 1657 005a 08       		.byte	0x8
 1658 005b 07       		.byte	0x7
 1659 005c 21010000 		.4byte	.LASF7
 1660 0060 04       		.uleb128 0x4
 1661 0061 04       		.byte	0x4
 1662 0062 05       		.byte	0x5
 1663 0063 696E7400 		.ascii	"int\000"
 1664 0067 02       		.uleb128 0x2
 1665 0068 04       		.byte	0x4
 1666 0069 07       		.byte	0x7
 1667 006a 14010000 		.4byte	.LASF8
 1668 006e 03       		.uleb128 0x3
 1669 006f 38010000 		.4byte	.LASF10
 1670 0073 02       		.byte	0x2
 1671 0074 18       		.byte	0x18
 1672 0075 24000000 		.4byte	0x24
 1673 0079 05       		.uleb128 0x5
 1674 007a 91000000 		.4byte	0x91
 1675 007e 8A000000 		.4byte	0x8a
 1676 0082 06       		.uleb128 0x6
 1677 0083 8A000000 		.4byte	0x8a
 1678 0087 FF05     		.2byte	0x5ff
 1679 0089 00       		.byte	0
 1680 008a 02       		.uleb128 0x2
 1681 008b 04       		.byte	0x4
 1682 008c 07       		.byte	0x7
 1683 008d 63010000 		.4byte	.LASF11
 1684 0091 07       		.uleb128 0x7
 1685 0092 6E000000 		.4byte	0x6e
 1686 0096 08       		.uleb128 0x8
 1687 0097 02010000 		.4byte	.LASF12
 1688 009b 03       		.byte	0x3
 1689 009c 1F       		.byte	0x1f
 1690 009d A7000000 		.4byte	0xa7
 1691 00a1 05       		.uleb128 0x5
 1692 00a2 03       		.byte	0x3
 1693 00a3 00000000 		.4byte	cy_meta_configecc
 1694 00a7 07       		.uleb128 0x7
 1695 00a8 79000000 		.4byte	0x79
 1696 00ac 05       		.uleb128 0x5
 1697 00ad 91000000 		.4byte	0x91
 1698 00b1 BC000000 		.4byte	0xbc
 1699 00b5 09       		.uleb128 0x9
 1700 00b6 8A000000 		.4byte	0x8a
 1701 00ba 03       		.byte	0x3
 1702 00bb 00       		.byte	0
 1703 00bc 08       		.uleb128 0x8
 1704 00bd F2000000 		.4byte	.LASF13
 1705 00c1 03       		.byte	0x3
 1706 00c2 EC       		.byte	0xec
ARM GAS  C:\Users\perhi\AppData\Local\Temp\ccspstNu.s 			page 31


 1707 00c3 CD000000 		.4byte	0xcd
 1708 00c7 05       		.uleb128 0x5
 1709 00c8 03       		.byte	0x3
 1710 00c9 00000000 		.4byte	cy_meta_custnvl
 1711 00cd 07       		.uleb128 0x7
 1712 00ce AC000000 		.4byte	0xac
 1713 00d2 08       		.uleb128 0x8
 1714 00d3 55010000 		.4byte	.LASF14
 1715 00d7 03       		.byte	0x3
 1716 00d8 FA       		.byte	0xfa
 1717 00d9 E3000000 		.4byte	0xe3
 1718 00dd 05       		.uleb128 0x5
 1719 00de 03       		.byte	0x3
 1720 00df 00000000 		.4byte	cy_meta_wonvl
 1721 00e3 07       		.uleb128 0x7
 1722 00e4 AC000000 		.4byte	0xac
 1723 00e8 05       		.uleb128 0x5
 1724 00e9 91000000 		.4byte	0x91
 1725 00ed F8000000 		.4byte	0xf8
 1726 00f1 09       		.uleb128 0x9
 1727 00f2 8A000000 		.4byte	0x8a
 1728 00f6 FF       		.byte	0xff
 1729 00f7 00       		.byte	0
 1730 00f8 0A       		.uleb128 0xa
 1731 00f9 40010000 		.4byte	.LASF15
 1732 00fd 03       		.byte	0x3
 1733 00fe 0801     		.2byte	0x108
 1734 0100 0A010000 		.4byte	0x10a
 1735 0104 05       		.uleb128 0x5
 1736 0105 03       		.byte	0x3
 1737 0106 00000000 		.4byte	cy_meta_flashprotect
 1738 010a 07       		.uleb128 0x7
 1739 010b E8000000 		.4byte	0xe8
 1740 010f 05       		.uleb128 0x5
 1741 0110 91000000 		.4byte	0x91
 1742 0114 1F010000 		.4byte	0x11f
 1743 0118 09       		.uleb128 0x9
 1744 0119 8A000000 		.4byte	0x8a
 1745 011d 0B       		.byte	0xb
 1746 011e 00       		.byte	0
 1747 011f 0A       		.uleb128 0xa
 1748 0120 0A000000 		.4byte	.LASF16
 1749 0124 03       		.byte	0x3
 1750 0125 3501     		.2byte	0x135
 1751 0127 31010000 		.4byte	0x131
 1752 012b 05       		.uleb128 0x5
 1753 012c 03       		.byte	0x3
 1754 012d 00000000 		.4byte	cy_metadata
 1755 0131 07       		.uleb128 0x7
 1756 0132 0F010000 		.4byte	0x10f
 1757 0136 00       		.byte	0
 1758              		.section	.debug_abbrev,"",%progbits
 1759              	.Ldebug_abbrev0:
 1760 0000 01       		.uleb128 0x1
 1761 0001 11       		.uleb128 0x11
 1762 0002 01       		.byte	0x1
 1763 0003 25       		.uleb128 0x25
ARM GAS  C:\Users\perhi\AppData\Local\Temp\ccspstNu.s 			page 32


 1764 0004 0E       		.uleb128 0xe
 1765 0005 13       		.uleb128 0x13
 1766 0006 0B       		.uleb128 0xb
 1767 0007 03       		.uleb128 0x3
 1768 0008 0E       		.uleb128 0xe
 1769 0009 1B       		.uleb128 0x1b
 1770 000a 0E       		.uleb128 0xe
 1771 000b 10       		.uleb128 0x10
 1772 000c 17       		.uleb128 0x17
 1773 000d 00       		.byte	0
 1774 000e 00       		.byte	0
 1775 000f 02       		.uleb128 0x2
 1776 0010 24       		.uleb128 0x24
 1777 0011 00       		.byte	0
 1778 0012 0B       		.uleb128 0xb
 1779 0013 0B       		.uleb128 0xb
 1780 0014 3E       		.uleb128 0x3e
 1781 0015 0B       		.uleb128 0xb
 1782 0016 03       		.uleb128 0x3
 1783 0017 0E       		.uleb128 0xe
 1784 0018 00       		.byte	0
 1785 0019 00       		.byte	0
 1786 001a 03       		.uleb128 0x3
 1787 001b 16       		.uleb128 0x16
 1788 001c 00       		.byte	0
 1789 001d 03       		.uleb128 0x3
 1790 001e 0E       		.uleb128 0xe
 1791 001f 3A       		.uleb128 0x3a
 1792 0020 0B       		.uleb128 0xb
 1793 0021 3B       		.uleb128 0x3b
 1794 0022 0B       		.uleb128 0xb
 1795 0023 49       		.uleb128 0x49
 1796 0024 13       		.uleb128 0x13
 1797 0025 00       		.byte	0
 1798 0026 00       		.byte	0
 1799 0027 04       		.uleb128 0x4
 1800 0028 24       		.uleb128 0x24
 1801 0029 00       		.byte	0
 1802 002a 0B       		.uleb128 0xb
 1803 002b 0B       		.uleb128 0xb
 1804 002c 3E       		.uleb128 0x3e
 1805 002d 0B       		.uleb128 0xb
 1806 002e 03       		.uleb128 0x3
 1807 002f 08       		.uleb128 0x8
 1808 0030 00       		.byte	0
 1809 0031 00       		.byte	0
 1810 0032 05       		.uleb128 0x5
 1811 0033 01       		.uleb128 0x1
 1812 0034 01       		.byte	0x1
 1813 0035 49       		.uleb128 0x49
 1814 0036 13       		.uleb128 0x13
 1815 0037 01       		.uleb128 0x1
 1816 0038 13       		.uleb128 0x13
 1817 0039 00       		.byte	0
 1818 003a 00       		.byte	0
 1819 003b 06       		.uleb128 0x6
 1820 003c 21       		.uleb128 0x21
ARM GAS  C:\Users\perhi\AppData\Local\Temp\ccspstNu.s 			page 33


 1821 003d 00       		.byte	0
 1822 003e 49       		.uleb128 0x49
 1823 003f 13       		.uleb128 0x13
 1824 0040 2F       		.uleb128 0x2f
 1825 0041 05       		.uleb128 0x5
 1826 0042 00       		.byte	0
 1827 0043 00       		.byte	0
 1828 0044 07       		.uleb128 0x7
 1829 0045 26       		.uleb128 0x26
 1830 0046 00       		.byte	0
 1831 0047 49       		.uleb128 0x49
 1832 0048 13       		.uleb128 0x13
 1833 0049 00       		.byte	0
 1834 004a 00       		.byte	0
 1835 004b 08       		.uleb128 0x8
 1836 004c 34       		.uleb128 0x34
 1837 004d 00       		.byte	0
 1838 004e 03       		.uleb128 0x3
 1839 004f 0E       		.uleb128 0xe
 1840 0050 3A       		.uleb128 0x3a
 1841 0051 0B       		.uleb128 0xb
 1842 0052 3B       		.uleb128 0x3b
 1843 0053 0B       		.uleb128 0xb
 1844 0054 49       		.uleb128 0x49
 1845 0055 13       		.uleb128 0x13
 1846 0056 3F       		.uleb128 0x3f
 1847 0057 19       		.uleb128 0x19
 1848 0058 02       		.uleb128 0x2
 1849 0059 18       		.uleb128 0x18
 1850 005a 00       		.byte	0
 1851 005b 00       		.byte	0
 1852 005c 09       		.uleb128 0x9
 1853 005d 21       		.uleb128 0x21
 1854 005e 00       		.byte	0
 1855 005f 49       		.uleb128 0x49
 1856 0060 13       		.uleb128 0x13
 1857 0061 2F       		.uleb128 0x2f
 1858 0062 0B       		.uleb128 0xb
 1859 0063 00       		.byte	0
 1860 0064 00       		.byte	0
 1861 0065 0A       		.uleb128 0xa
 1862 0066 34       		.uleb128 0x34
 1863 0067 00       		.byte	0
 1864 0068 03       		.uleb128 0x3
 1865 0069 0E       		.uleb128 0xe
 1866 006a 3A       		.uleb128 0x3a
 1867 006b 0B       		.uleb128 0xb
 1868 006c 3B       		.uleb128 0x3b
 1869 006d 05       		.uleb128 0x5
 1870 006e 49       		.uleb128 0x49
 1871 006f 13       		.uleb128 0x13
 1872 0070 3F       		.uleb128 0x3f
 1873 0071 19       		.uleb128 0x19
 1874 0072 02       		.uleb128 0x2
 1875 0073 18       		.uleb128 0x18
 1876 0074 00       		.byte	0
 1877 0075 00       		.byte	0
ARM GAS  C:\Users\perhi\AppData\Local\Temp\ccspstNu.s 			page 34


 1878 0076 00       		.byte	0
 1879              		.section	.debug_aranges,"",%progbits
 1880 0000 14000000 		.4byte	0x14
 1881 0004 0200     		.2byte	0x2
 1882 0006 00000000 		.4byte	.Ldebug_info0
 1883 000a 04       		.byte	0x4
 1884 000b 00       		.byte	0
 1885 000c 0000     		.2byte	0
 1886 000e 0000     		.2byte	0
 1887 0010 00000000 		.4byte	0
 1888 0014 00000000 		.4byte	0
 1889              		.section	.debug_line,"",%progbits
 1890              	.Ldebug_line0:
 1891 0000 05010000 		.section	.debug_str,"MS",%progbits,1
 1891      0200FF00 
 1891      00000201 
 1891      FB0E0D00 
 1891      01010101 
 1892              	.LASF9:
 1893 0000 5F5F7569 		.ascii	"__uint8_t\000"
 1893      6E74385F 
 1893      7400
 1894              	.LASF16:
 1895 000a 63795F6D 		.ascii	"cy_metadata\000"
 1895      65746164 
 1895      61746100 
 1896              	.LASF1:
 1897 0016 756E7369 		.ascii	"unsigned char\000"
 1897      676E6564 
 1897      20636861 
 1897      7200
 1898              	.LASF17:
 1899 0024 474E5520 		.ascii	"GNU C11 5.4.1 20160609 (release) [ARM/embedded-5-br"
 1899      43313120 
 1899      352E342E 
 1899      31203230 
 1899      31363036 
 1900 0057 616E6368 		.ascii	"anch revision 237715] -mcpu=cortex-m3 -mthumb -g -O"
 1900      20726576 
 1900      6973696F 
 1900      6E203233 
 1900      37373135 
 1901 008a 67202D66 		.ascii	"g -ffunction-sections -ffat-lto-objects\000"
 1901      66756E63 
 1901      74696F6E 
 1901      2D736563 
 1901      74696F6E 
 1902              	.LASF19:
 1903 00b2 453A5C57 		.ascii	"E:\\WAM_PSoC\\Wam_PSoC.cydsn\000"
 1903      414D5F50 
 1903      536F435C 
 1903      57616D5F 
 1903      50536F43 
 1904              	.LASF5:
 1905 00cd 6C6F6E67 		.ascii	"long unsigned int\000"
 1905      20756E73 
 1905      69676E65 
ARM GAS  C:\Users\perhi\AppData\Local\Temp\ccspstNu.s 			page 35


 1905      6420696E 
 1905      7400
 1906              	.LASF3:
 1907 00df 73686F72 		.ascii	"short unsigned int\000"
 1907      7420756E 
 1907      7369676E 
 1907      65642069 
 1907      6E7400
 1908              	.LASF13:
 1909 00f2 63795F6D 		.ascii	"cy_meta_custnvl\000"
 1909      6574615F 
 1909      63757374 
 1909      6E766C00 
 1910              	.LASF12:
 1911 0102 63795F6D 		.ascii	"cy_meta_configecc\000"
 1911      6574615F 
 1911      636F6E66 
 1911      69676563 
 1911      6300
 1912              	.LASF8:
 1913 0114 756E7369 		.ascii	"unsigned int\000"
 1913      676E6564 
 1913      20696E74 
 1913      00
 1914              	.LASF7:
 1915 0121 6C6F6E67 		.ascii	"long long unsigned int\000"
 1915      206C6F6E 
 1915      6720756E 
 1915      7369676E 
 1915      65642069 
 1916              	.LASF10:
 1917 0138 75696E74 		.ascii	"uint8_t\000"
 1917      385F7400 
 1918              	.LASF15:
 1919 0140 63795F6D 		.ascii	"cy_meta_flashprotect\000"
 1919      6574615F 
 1919      666C6173 
 1919      6870726F 
 1919      74656374 
 1920              	.LASF14:
 1921 0155 63795F6D 		.ascii	"cy_meta_wonvl\000"
 1921      6574615F 
 1921      776F6E76 
 1921      6C00
 1922              	.LASF11:
 1923 0163 73697A65 		.ascii	"sizetype\000"
 1923      74797065 
 1923      00
 1924              	.LASF6:
 1925 016c 6C6F6E67 		.ascii	"long long int\000"
 1925      206C6F6E 
 1925      6720696E 
 1925      7400
 1926              	.LASF2:
 1927 017a 73686F72 		.ascii	"short int\000"
 1927      7420696E 
 1927      7400
ARM GAS  C:\Users\perhi\AppData\Local\Temp\ccspstNu.s 			page 36


 1928              	.LASF4:
 1929 0184 6C6F6E67 		.ascii	"long int\000"
 1929      20696E74 
 1929      00
 1930              	.LASF0:
 1931 018d 7369676E 		.ascii	"signed char\000"
 1931      65642063 
 1931      68617200 
 1932              	.LASF18:
 1933 0199 47656E65 		.ascii	"Generated_Source\\PSoC5\\cymetadata.c\000"
 1933      72617465 
 1933      645F536F 
 1933      75726365 
 1933      5C50536F 
 1934              		.ident	"GCC: (GNU Tools for ARM Embedded Processors) 5.4.1 20160609 (release) [ARM/embedded-5-bran
