ARM GAS  C:\Users\perhi\AppData\Local\Temp\cckg6DhL.s 			page 1


   1              		.syntax unified
   2              		.cpu cortex-m3
   3              		.fpu softvfp
   4              		.eabi_attribute 20, 1
   5              		.eabi_attribute 21, 1
   6              		.eabi_attribute 23, 3
   7              		.eabi_attribute 24, 1
   8              		.eabi_attribute 25, 1
   9              		.eabi_attribute 26, 1
  10              		.eabi_attribute 30, 1
  11              		.eabi_attribute 34, 1
  12              		.eabi_attribute 18, 4
  13              		.thumb
  14              		.syntax unified
  15              		.file	"SPI.c"
  16              		.text
  17              	.Ltext0:
  18              		.cfi_sections	.debug_frame
  19              		.section	.text.SPI_Init,"ax",%progbits
  20              		.align	2
  21              		.global	SPI_Init
  22              		.thumb
  23              		.thumb_func
  24              		.type	SPI_Init, %function
  25              	SPI_Init:
  26              	.LFB63:
  27              		.file 1 "SPI.c"
   1:SPI.c         **** #include "SPI.h"
   2:SPI.c         **** 
   3:SPI.c         **** // Initialize the SPI component
   4:SPI.c         **** void SPI_Init(void) {
  28              		.loc 1 4 0
  29              		.cfi_startproc
  30              		@ args = 0, pretend = 0, frame = 0
  31              		@ frame_needed = 0, uses_anonymous_args = 0
  32 0000 08B5     		push	{r3, lr}
  33              		.cfi_def_cfa_offset 8
  34              		.cfi_offset 3, -8
  35              		.cfi_offset 14, -4
   5:SPI.c         ****     SPIS_1_Start(); // Assuming SPIS_1 is configured as the SPI slave
  36              		.loc 1 5 0
  37 0002 FFF7FEFF 		bl	SPIS_1_Start
  38              	.LVL0:
   6:SPI.c         ****     CyGlobalIntEnable; // Enable global interrupts
  39              		.loc 1 6 0
  40              		.syntax unified
  41              	@ 6 "SPI.c" 1
  42 0006 62B6     		CPSIE   i
  43              	@ 0 "" 2
  44              		.thumb
  45              		.syntax unified
  46 0008 08BD     		pop	{r3, pc}
  47              		.cfi_endproc
  48              	.LFE63:
  49              		.size	SPI_Init, .-SPI_Init
  50 000a 00BF     		.section	.text.SPI_SendData,"ax",%progbits
  51              		.align	2
ARM GAS  C:\Users\perhi\AppData\Local\Temp\cckg6DhL.s 			page 2


  52              		.global	SPI_SendData
  53              		.thumb
  54              		.thumb_func
  55              		.type	SPI_SendData, %function
  56              	SPI_SendData:
  57              	.LFB64:
   7:SPI.c         **** }
   8:SPI.c         **** 
   9:SPI.c         **** // Send data over SPI
  10:SPI.c         **** void SPI_SendData(uint8_t data) {
  58              		.loc 1 10 0
  59              		.cfi_startproc
  60              		@ args = 0, pretend = 0, frame = 0
  61              		@ frame_needed = 0, uses_anonymous_args = 0
  62              	.LVL1:
  63 0000 10B5     		push	{r4, lr}
  64              		.cfi_def_cfa_offset 8
  65              		.cfi_offset 4, -8
  66              		.cfi_offset 14, -4
  67 0002 0446     		mov	r4, r0
  68              	.LVL2:
  69              	.L4:
  11:SPI.c         ****     while (!(SPIS_1_ReadTxStatus() & SPIS_1_STS_TX_FIFO_EMPTY)) {
  70              		.loc 1 11 0 discriminator 1
  71 0004 FFF7FEFF 		bl	SPIS_1_ReadTxStatus
  72              	.LVL3:
  73 0008 10F0040F 		tst	r0, #4
  74 000c FAD0     		beq	.L4
  12:SPI.c         ****         // Wait for TX buffer to be empty
  13:SPI.c         ****     }
  14:SPI.c         ****     SPIS_1_WriteTxData(data); // Write data to SPI
  75              		.loc 1 14 0
  76 000e 2046     		mov	r0, r4
  77 0010 FFF7FEFF 		bl	SPIS_1_WriteTxData
  78              	.LVL4:
  79 0014 10BD     		pop	{r4, pc}
  80              		.cfi_endproc
  81              	.LFE64:
  82              		.size	SPI_SendData, .-SPI_SendData
  83 0016 00BF     		.section	.text.SPI_ReceiveData,"ax",%progbits
  84              		.align	2
  85              		.global	SPI_ReceiveData
  86              		.thumb
  87              		.thumb_func
  88              		.type	SPI_ReceiveData, %function
  89              	SPI_ReceiveData:
  90              	.LFB65:
  15:SPI.c         **** }
  16:SPI.c         **** 
  17:SPI.c         **** // Receive data from SPI
  18:SPI.c         **** uint8_t SPI_ReceiveData(void) {
  91              		.loc 1 18 0
  92              		.cfi_startproc
  93              		@ args = 0, pretend = 0, frame = 0
  94              		@ frame_needed = 0, uses_anonymous_args = 0
  95 0000 08B5     		push	{r3, lr}
  96              		.cfi_def_cfa_offset 8
ARM GAS  C:\Users\perhi\AppData\Local\Temp\cckg6DhL.s 			page 3


  97              		.cfi_offset 3, -8
  98              		.cfi_offset 14, -4
  99              	.L7:
  19:SPI.c         ****     while (!(SPIS_1_ReadRxStatus() & SPIS_1_STS_RX_FIFO_NOT_EMPTY)) {
 100              		.loc 1 19 0 discriminator 1
 101 0002 FFF7FEFF 		bl	SPIS_1_ReadRxStatus
 102              	.LVL5:
 103 0006 10F0080F 		tst	r0, #8
 104 000a FAD0     		beq	.L7
  20:SPI.c         ****         // Wait for data to be received
  21:SPI.c         ****     }
  22:SPI.c         ****     return SPIS_1_ReadRxData(); // Read received data from SPI
 105              		.loc 1 22 0
 106 000c FFF7FEFF 		bl	SPIS_1_ReadRxData
 107              	.LVL6:
  23:SPI.c         **** }
 108              		.loc 1 23 0
 109 0010 08BD     		pop	{r3, pc}
 110              		.cfi_endproc
 111              	.LFE65:
 112              		.size	SPI_ReceiveData, .-SPI_ReceiveData
 113 0012 00BF     		.text
 114              	.Letext0:
 115              		.file 2 "c:\\program files (x86)\\cypress\\psoc creator\\4.4\\psoc creator\\import\\gnu\\arm\\5.4.
 116              		.file 3 "c:\\program files (x86)\\cypress\\psoc creator\\4.4\\psoc creator\\import\\gnu\\arm\\5.4.
 117              		.file 4 "Generated_Source\\PSoC5/cytypes.h"
 118              		.file 5 "Generated_Source\\PSoC5/SPIS_1.h"
 119              		.file 6 "Generated_Source\\PSoC5/core_cm3.h"
 120              		.section	.debug_info,"",%progbits
 121              	.Ldebug_info0:
 122 0000 94010000 		.4byte	0x194
 123 0004 0400     		.2byte	0x4
 124 0006 00000000 		.4byte	.Ldebug_abbrev0
 125 000a 04       		.byte	0x4
 126 000b 01       		.uleb128 0x1
 127 000c 76000000 		.4byte	.LASF26
 128 0010 0C       		.byte	0xc
 129 0011 5A010000 		.4byte	.LASF27
 130 0015 1D000000 		.4byte	.LASF28
 131 0019 00000000 		.4byte	.Ldebug_ranges0+0
 132 001d 00000000 		.4byte	0
 133 0021 00000000 		.4byte	.Ldebug_line0
 134 0025 02       		.uleb128 0x2
 135 0026 01       		.byte	0x1
 136 0027 06       		.byte	0x6
 137 0028 F6010000 		.4byte	.LASF0
 138 002c 03       		.uleb128 0x3
 139 002d 00000000 		.4byte	.LASF4
 140 0031 02       		.byte	0x2
 141 0032 1D       		.byte	0x1d
 142 0033 37000000 		.4byte	0x37
 143 0037 02       		.uleb128 0x2
 144 0038 01       		.byte	0x1
 145 0039 08       		.byte	0x8
 146 003a 68000000 		.4byte	.LASF1
 147 003e 02       		.uleb128 0x2
 148 003f 02       		.byte	0x2
ARM GAS  C:\Users\perhi\AppData\Local\Temp\cckg6DhL.s 			page 4


 149 0040 05       		.byte	0x5
 150 0041 D1010000 		.4byte	.LASF2
 151 0045 02       		.uleb128 0x2
 152 0046 02       		.byte	0x2
 153 0047 07       		.byte	0x7
 154 0048 16010000 		.4byte	.LASF3
 155 004c 03       		.uleb128 0x3
 156 004d 0A000000 		.4byte	.LASF5
 157 0051 02       		.byte	0x2
 158 0052 3F       		.byte	0x3f
 159 0053 57000000 		.4byte	0x57
 160 0057 02       		.uleb128 0x2
 161 0058 04       		.byte	0x4
 162 0059 05       		.byte	0x5
 163 005a E1010000 		.4byte	.LASF6
 164 005e 02       		.uleb128 0x2
 165 005f 04       		.byte	0x4
 166 0060 07       		.byte	0x7
 167 0061 04010000 		.4byte	.LASF7
 168 0065 02       		.uleb128 0x2
 169 0066 08       		.byte	0x8
 170 0067 05       		.byte	0x5
 171 0068 BE010000 		.4byte	.LASF8
 172 006c 02       		.uleb128 0x2
 173 006d 08       		.byte	0x8
 174 006e 07       		.byte	0x7
 175 006f 7A010000 		.4byte	.LASF9
 176 0073 04       		.uleb128 0x4
 177 0074 04       		.byte	0x4
 178 0075 05       		.byte	0x5
 179 0076 696E7400 		.ascii	"int\000"
 180 007a 02       		.uleb128 0x2
 181 007b 04       		.byte	0x4
 182 007c 07       		.byte	0x7
 183 007d 60010000 		.4byte	.LASF10
 184 0081 03       		.uleb128 0x3
 185 0082 91010000 		.4byte	.LASF11
 186 0086 03       		.byte	0x3
 187 0087 18       		.byte	0x18
 188 0088 2C000000 		.4byte	0x2c
 189 008c 03       		.uleb128 0x3
 190 008d AD010000 		.4byte	.LASF12
 191 0091 03       		.byte	0x3
 192 0092 2C       		.byte	0x2c
 193 0093 4C000000 		.4byte	0x4c
 194 0097 05       		.uleb128 0x5
 195 0098 DB010000 		.4byte	.LASF13
 196 009c 04       		.byte	0x4
 197 009d E901     		.2byte	0x1e9
 198 009f 37000000 		.4byte	0x37
 199 00a3 02       		.uleb128 0x2
 200 00a4 04       		.byte	0x4
 201 00a5 04       		.byte	0x4
 202 00a6 5D000000 		.4byte	.LASF14
 203 00aa 02       		.uleb128 0x2
 204 00ab 08       		.byte	0x8
 205 00ac 04       		.byte	0x4
ARM GAS  C:\Users\perhi\AppData\Local\Temp\cckg6DhL.s 			page 5


 206 00ad 53010000 		.4byte	.LASF15
 207 00b1 02       		.uleb128 0x2
 208 00b2 01       		.byte	0x1
 209 00b3 08       		.byte	0x8
 210 00b4 CC010000 		.4byte	.LASF16
 211 00b8 02       		.uleb128 0x2
 212 00b9 08       		.byte	0x8
 213 00ba 04       		.byte	0x4
 214 00bb EA010000 		.4byte	.LASF17
 215 00bf 02       		.uleb128 0x2
 216 00c0 04       		.byte	0x4
 217 00c1 07       		.byte	0x7
 218 00c2 B5010000 		.4byte	.LASF18
 219 00c6 06       		.uleb128 0x6
 220 00c7 14000000 		.4byte	.LASF19
 221 00cb 01       		.byte	0x1
 222 00cc 04       		.byte	0x4
 223 00cd 00000000 		.4byte	.LFB63
 224 00d1 0A000000 		.4byte	.LFE63-.LFB63
 225 00d5 01       		.uleb128 0x1
 226 00d6 9C       		.byte	0x9c
 227 00d7 E5000000 		.4byte	0xe5
 228 00db 07       		.uleb128 0x7
 229 00dc 06000000 		.4byte	.LVL0
 230 00e0 60010000 		.4byte	0x160
 231 00e4 00       		.byte	0
 232 00e5 06       		.uleb128 0x6
 233 00e6 6D010000 		.4byte	.LASF20
 234 00ea 01       		.byte	0x1
 235 00eb 0A       		.byte	0xa
 236 00ec 00000000 		.4byte	.LFB64
 237 00f0 16000000 		.4byte	.LFE64-.LFB64
 238 00f4 01       		.uleb128 0x1
 239 00f5 9C       		.byte	0x9c
 240 00f6 23010000 		.4byte	0x123
 241 00fa 08       		.uleb128 0x8
 242 00fb 63000000 		.4byte	.LASF29
 243 00ff 01       		.byte	0x1
 244 0100 0A       		.byte	0xa
 245 0101 81000000 		.4byte	0x81
 246 0105 00000000 		.4byte	.LLST0
 247 0109 07       		.uleb128 0x7
 248 010a 08000000 		.4byte	.LVL3
 249 010e 6B010000 		.4byte	0x16b
 250 0112 09       		.uleb128 0x9
 251 0113 14000000 		.4byte	.LVL4
 252 0117 76010000 		.4byte	0x176
 253 011b 0A       		.uleb128 0xa
 254 011c 01       		.uleb128 0x1
 255 011d 50       		.byte	0x50
 256 011e 02       		.uleb128 0x2
 257 011f 74       		.byte	0x74
 258 0120 00       		.sleb128 0
 259 0121 00       		.byte	0
 260 0122 00       		.byte	0
 261 0123 0B       		.uleb128 0xb
 262 0124 43010000 		.4byte	.LASF30
ARM GAS  C:\Users\perhi\AppData\Local\Temp\cckg6DhL.s 			page 6


 263 0128 01       		.byte	0x1
 264 0129 12       		.byte	0x12
 265 012a 81000000 		.4byte	0x81
 266 012e 00000000 		.4byte	.LFB65
 267 0132 12000000 		.4byte	.LFE65-.LFB65
 268 0136 01       		.uleb128 0x1
 269 0137 9C       		.byte	0x9c
 270 0138 4F010000 		.4byte	0x14f
 271 013c 07       		.uleb128 0x7
 272 013d 06000000 		.4byte	.LVL5
 273 0141 81010000 		.4byte	0x181
 274 0145 07       		.uleb128 0x7
 275 0146 10000000 		.4byte	.LVL6
 276 014a 8C010000 		.4byte	0x18c
 277 014e 00       		.byte	0
 278 014f 0C       		.uleb128 0xc
 279 0150 36010000 		.4byte	.LASF31
 280 0154 06       		.byte	0x6
 281 0155 1207     		.2byte	0x712
 282 0157 5B010000 		.4byte	0x15b
 283 015b 0D       		.uleb128 0xd
 284 015c 8C000000 		.4byte	0x8c
 285 0160 0E       		.uleb128 0xe
 286 0161 29010000 		.4byte	.LASF21
 287 0165 29010000 		.4byte	.LASF21
 288 0169 05       		.byte	0x5
 289 016a 46       		.byte	0x46
 290 016b 0E       		.uleb128 0xe
 291 016c 99010000 		.4byte	.LASF22
 292 0170 99010000 		.4byte	.LASF22
 293 0174 05       		.byte	0x5
 294 0175 4E       		.byte	0x4e
 295 0176 0E       		.uleb128 0xe
 296 0177 02020000 		.4byte	.LASF23
 297 017b 02020000 		.4byte	.LASF23
 298 017f 05       		.byte	0x5
 299 0180 50       		.byte	0x50
 300 0181 0E       		.uleb128 0xe
 301 0182 15020000 		.4byte	.LASF24
 302 0186 15020000 		.4byte	.LASF24
 303 018a 05       		.byte	0x5
 304 018b 4F       		.byte	0x4f
 305 018c 0E       		.uleb128 0xe
 306 018d 29020000 		.4byte	.LASF25
 307 0191 29020000 		.4byte	.LASF25
 308 0195 05       		.byte	0x5
 309 0196 57       		.byte	0x57
 310 0197 00       		.byte	0
 311              		.section	.debug_abbrev,"",%progbits
 312              	.Ldebug_abbrev0:
 313 0000 01       		.uleb128 0x1
 314 0001 11       		.uleb128 0x11
 315 0002 01       		.byte	0x1
 316 0003 25       		.uleb128 0x25
 317 0004 0E       		.uleb128 0xe
 318 0005 13       		.uleb128 0x13
 319 0006 0B       		.uleb128 0xb
ARM GAS  C:\Users\perhi\AppData\Local\Temp\cckg6DhL.s 			page 7


 320 0007 03       		.uleb128 0x3
 321 0008 0E       		.uleb128 0xe
 322 0009 1B       		.uleb128 0x1b
 323 000a 0E       		.uleb128 0xe
 324 000b 55       		.uleb128 0x55
 325 000c 17       		.uleb128 0x17
 326 000d 11       		.uleb128 0x11
 327 000e 01       		.uleb128 0x1
 328 000f 10       		.uleb128 0x10
 329 0010 17       		.uleb128 0x17
 330 0011 00       		.byte	0
 331 0012 00       		.byte	0
 332 0013 02       		.uleb128 0x2
 333 0014 24       		.uleb128 0x24
 334 0015 00       		.byte	0
 335 0016 0B       		.uleb128 0xb
 336 0017 0B       		.uleb128 0xb
 337 0018 3E       		.uleb128 0x3e
 338 0019 0B       		.uleb128 0xb
 339 001a 03       		.uleb128 0x3
 340 001b 0E       		.uleb128 0xe
 341 001c 00       		.byte	0
 342 001d 00       		.byte	0
 343 001e 03       		.uleb128 0x3
 344 001f 16       		.uleb128 0x16
 345 0020 00       		.byte	0
 346 0021 03       		.uleb128 0x3
 347 0022 0E       		.uleb128 0xe
 348 0023 3A       		.uleb128 0x3a
 349 0024 0B       		.uleb128 0xb
 350 0025 3B       		.uleb128 0x3b
 351 0026 0B       		.uleb128 0xb
 352 0027 49       		.uleb128 0x49
 353 0028 13       		.uleb128 0x13
 354 0029 00       		.byte	0
 355 002a 00       		.byte	0
 356 002b 04       		.uleb128 0x4
 357 002c 24       		.uleb128 0x24
 358 002d 00       		.byte	0
 359 002e 0B       		.uleb128 0xb
 360 002f 0B       		.uleb128 0xb
 361 0030 3E       		.uleb128 0x3e
 362 0031 0B       		.uleb128 0xb
 363 0032 03       		.uleb128 0x3
 364 0033 08       		.uleb128 0x8
 365 0034 00       		.byte	0
 366 0035 00       		.byte	0
 367 0036 05       		.uleb128 0x5
 368 0037 16       		.uleb128 0x16
 369 0038 00       		.byte	0
 370 0039 03       		.uleb128 0x3
 371 003a 0E       		.uleb128 0xe
 372 003b 3A       		.uleb128 0x3a
 373 003c 0B       		.uleb128 0xb
 374 003d 3B       		.uleb128 0x3b
 375 003e 05       		.uleb128 0x5
 376 003f 49       		.uleb128 0x49
ARM GAS  C:\Users\perhi\AppData\Local\Temp\cckg6DhL.s 			page 8


 377 0040 13       		.uleb128 0x13
 378 0041 00       		.byte	0
 379 0042 00       		.byte	0
 380 0043 06       		.uleb128 0x6
 381 0044 2E       		.uleb128 0x2e
 382 0045 01       		.byte	0x1
 383 0046 3F       		.uleb128 0x3f
 384 0047 19       		.uleb128 0x19
 385 0048 03       		.uleb128 0x3
 386 0049 0E       		.uleb128 0xe
 387 004a 3A       		.uleb128 0x3a
 388 004b 0B       		.uleb128 0xb
 389 004c 3B       		.uleb128 0x3b
 390 004d 0B       		.uleb128 0xb
 391 004e 27       		.uleb128 0x27
 392 004f 19       		.uleb128 0x19
 393 0050 11       		.uleb128 0x11
 394 0051 01       		.uleb128 0x1
 395 0052 12       		.uleb128 0x12
 396 0053 06       		.uleb128 0x6
 397 0054 40       		.uleb128 0x40
 398 0055 18       		.uleb128 0x18
 399 0056 9742     		.uleb128 0x2117
 400 0058 19       		.uleb128 0x19
 401 0059 01       		.uleb128 0x1
 402 005a 13       		.uleb128 0x13
 403 005b 00       		.byte	0
 404 005c 00       		.byte	0
 405 005d 07       		.uleb128 0x7
 406 005e 898201   		.uleb128 0x4109
 407 0061 00       		.byte	0
 408 0062 11       		.uleb128 0x11
 409 0063 01       		.uleb128 0x1
 410 0064 31       		.uleb128 0x31
 411 0065 13       		.uleb128 0x13
 412 0066 00       		.byte	0
 413 0067 00       		.byte	0
 414 0068 08       		.uleb128 0x8
 415 0069 05       		.uleb128 0x5
 416 006a 00       		.byte	0
 417 006b 03       		.uleb128 0x3
 418 006c 0E       		.uleb128 0xe
 419 006d 3A       		.uleb128 0x3a
 420 006e 0B       		.uleb128 0xb
 421 006f 3B       		.uleb128 0x3b
 422 0070 0B       		.uleb128 0xb
 423 0071 49       		.uleb128 0x49
 424 0072 13       		.uleb128 0x13
 425 0073 02       		.uleb128 0x2
 426 0074 17       		.uleb128 0x17
 427 0075 00       		.byte	0
 428 0076 00       		.byte	0
 429 0077 09       		.uleb128 0x9
 430 0078 898201   		.uleb128 0x4109
 431 007b 01       		.byte	0x1
 432 007c 11       		.uleb128 0x11
 433 007d 01       		.uleb128 0x1
ARM GAS  C:\Users\perhi\AppData\Local\Temp\cckg6DhL.s 			page 9


 434 007e 31       		.uleb128 0x31
 435 007f 13       		.uleb128 0x13
 436 0080 00       		.byte	0
 437 0081 00       		.byte	0
 438 0082 0A       		.uleb128 0xa
 439 0083 8A8201   		.uleb128 0x410a
 440 0086 00       		.byte	0
 441 0087 02       		.uleb128 0x2
 442 0088 18       		.uleb128 0x18
 443 0089 9142     		.uleb128 0x2111
 444 008b 18       		.uleb128 0x18
 445 008c 00       		.byte	0
 446 008d 00       		.byte	0
 447 008e 0B       		.uleb128 0xb
 448 008f 2E       		.uleb128 0x2e
 449 0090 01       		.byte	0x1
 450 0091 3F       		.uleb128 0x3f
 451 0092 19       		.uleb128 0x19
 452 0093 03       		.uleb128 0x3
 453 0094 0E       		.uleb128 0xe
 454 0095 3A       		.uleb128 0x3a
 455 0096 0B       		.uleb128 0xb
 456 0097 3B       		.uleb128 0x3b
 457 0098 0B       		.uleb128 0xb
 458 0099 27       		.uleb128 0x27
 459 009a 19       		.uleb128 0x19
 460 009b 49       		.uleb128 0x49
 461 009c 13       		.uleb128 0x13
 462 009d 11       		.uleb128 0x11
 463 009e 01       		.uleb128 0x1
 464 009f 12       		.uleb128 0x12
 465 00a0 06       		.uleb128 0x6
 466 00a1 40       		.uleb128 0x40
 467 00a2 18       		.uleb128 0x18
 468 00a3 9742     		.uleb128 0x2117
 469 00a5 19       		.uleb128 0x19
 470 00a6 01       		.uleb128 0x1
 471 00a7 13       		.uleb128 0x13
 472 00a8 00       		.byte	0
 473 00a9 00       		.byte	0
 474 00aa 0C       		.uleb128 0xc
 475 00ab 34       		.uleb128 0x34
 476 00ac 00       		.byte	0
 477 00ad 03       		.uleb128 0x3
 478 00ae 0E       		.uleb128 0xe
 479 00af 3A       		.uleb128 0x3a
 480 00b0 0B       		.uleb128 0xb
 481 00b1 3B       		.uleb128 0x3b
 482 00b2 05       		.uleb128 0x5
 483 00b3 49       		.uleb128 0x49
 484 00b4 13       		.uleb128 0x13
 485 00b5 3F       		.uleb128 0x3f
 486 00b6 19       		.uleb128 0x19
 487 00b7 3C       		.uleb128 0x3c
 488 00b8 19       		.uleb128 0x19
 489 00b9 00       		.byte	0
 490 00ba 00       		.byte	0
ARM GAS  C:\Users\perhi\AppData\Local\Temp\cckg6DhL.s 			page 10


 491 00bb 0D       		.uleb128 0xd
 492 00bc 35       		.uleb128 0x35
 493 00bd 00       		.byte	0
 494 00be 49       		.uleb128 0x49
 495 00bf 13       		.uleb128 0x13
 496 00c0 00       		.byte	0
 497 00c1 00       		.byte	0
 498 00c2 0E       		.uleb128 0xe
 499 00c3 2E       		.uleb128 0x2e
 500 00c4 00       		.byte	0
 501 00c5 3F       		.uleb128 0x3f
 502 00c6 19       		.uleb128 0x19
 503 00c7 3C       		.uleb128 0x3c
 504 00c8 19       		.uleb128 0x19
 505 00c9 6E       		.uleb128 0x6e
 506 00ca 0E       		.uleb128 0xe
 507 00cb 03       		.uleb128 0x3
 508 00cc 0E       		.uleb128 0xe
 509 00cd 3A       		.uleb128 0x3a
 510 00ce 0B       		.uleb128 0xb
 511 00cf 3B       		.uleb128 0x3b
 512 00d0 0B       		.uleb128 0xb
 513 00d1 00       		.byte	0
 514 00d2 00       		.byte	0
 515 00d3 00       		.byte	0
 516              		.section	.debug_loc,"",%progbits
 517              	.Ldebug_loc0:
 518              	.LLST0:
 519 0000 00000000 		.4byte	.LVL1
 520 0004 04000000 		.4byte	.LVL2
 521 0008 0100     		.2byte	0x1
 522 000a 50       		.byte	0x50
 523 000b 04000000 		.4byte	.LVL2
 524 000f 16000000 		.4byte	.LFE64
 525 0013 0400     		.2byte	0x4
 526 0015 F3       		.byte	0xf3
 527 0016 01       		.uleb128 0x1
 528 0017 50       		.byte	0x50
 529 0018 9F       		.byte	0x9f
 530 0019 00000000 		.4byte	0
 531 001d 00000000 		.4byte	0
 532              		.section	.debug_aranges,"",%progbits
 533 0000 2C000000 		.4byte	0x2c
 534 0004 0200     		.2byte	0x2
 535 0006 00000000 		.4byte	.Ldebug_info0
 536 000a 04       		.byte	0x4
 537 000b 00       		.byte	0
 538 000c 0000     		.2byte	0
 539 000e 0000     		.2byte	0
 540 0010 00000000 		.4byte	.LFB63
 541 0014 0A000000 		.4byte	.LFE63-.LFB63
 542 0018 00000000 		.4byte	.LFB64
 543 001c 16000000 		.4byte	.LFE64-.LFB64
 544 0020 00000000 		.4byte	.LFB65
 545 0024 12000000 		.4byte	.LFE65-.LFB65
 546 0028 00000000 		.4byte	0
 547 002c 00000000 		.4byte	0
ARM GAS  C:\Users\perhi\AppData\Local\Temp\cckg6DhL.s 			page 11


 548              		.section	.debug_ranges,"",%progbits
 549              	.Ldebug_ranges0:
 550 0000 00000000 		.4byte	.LFB63
 551 0004 0A000000 		.4byte	.LFE63
 552 0008 00000000 		.4byte	.LFB64
 553 000c 16000000 		.4byte	.LFE64
 554 0010 00000000 		.4byte	.LFB65
 555 0014 12000000 		.4byte	.LFE65
 556 0018 00000000 		.4byte	0
 557 001c 00000000 		.4byte	0
 558              		.section	.debug_line,"",%progbits
 559              	.Ldebug_line0:
 560 0000 97010000 		.section	.debug_str,"MS",%progbits,1
 560      02005701 
 560      00000201 
 560      FB0E0D00 
 560      01010101 
 561              	.LASF4:
 562 0000 5F5F7569 		.ascii	"__uint8_t\000"
 562      6E74385F 
 562      7400
 563              	.LASF5:
 564 000a 5F5F696E 		.ascii	"__int32_t\000"
 564      7433325F 
 564      7400
 565              	.LASF19:
 566 0014 5350495F 		.ascii	"SPI_Init\000"
 566      496E6974 
 566      00
 567              	.LASF28:
 568 001d 433A5C55 		.ascii	"C:\\Users\\perhi\\PRJ3-main\\PRJ3-main\\PSoC\\WAM_P"
 568      73657273 
 568      5C706572 
 568      68695C50 
 568      524A332D 
 569 004a 536F435C 		.ascii	"SoC\\Wam_PSoC.cydsn\000"
 569      57616D5F 
 569      50536F43 
 569      2E637964 
 569      736E00
 570              	.LASF14:
 571 005d 666C6F61 		.ascii	"float\000"
 571      7400
 572              	.LASF29:
 573 0063 64617461 		.ascii	"data\000"
 573      00
 574              	.LASF1:
 575 0068 756E7369 		.ascii	"unsigned char\000"
 575      676E6564 
 575      20636861 
 575      7200
 576              	.LASF26:
 577 0076 474E5520 		.ascii	"GNU C11 5.4.1 20160609 (release) [ARM/embedded-5-br"
 577      43313120 
 577      352E342E 
 577      31203230 
 577      31363036 
ARM GAS  C:\Users\perhi\AppData\Local\Temp\cckg6DhL.s 			page 12


 578 00a9 616E6368 		.ascii	"anch revision 237715] -mcpu=cortex-m3 -mthumb -g -O"
 578      20726576 
 578      6973696F 
 578      6E203233 
 578      37373135 
 579 00dc 67202D66 		.ascii	"g -ffunction-sections -ffat-lto-objects\000"
 579      66756E63 
 579      74696F6E 
 579      2D736563 
 579      74696F6E 
 580              	.LASF7:
 581 0104 6C6F6E67 		.ascii	"long unsigned int\000"
 581      20756E73 
 581      69676E65 
 581      6420696E 
 581      7400
 582              	.LASF3:
 583 0116 73686F72 		.ascii	"short unsigned int\000"
 583      7420756E 
 583      7369676E 
 583      65642069 
 583      6E7400
 584              	.LASF21:
 585 0129 53504953 		.ascii	"SPIS_1_Start\000"
 585      5F315F53 
 585      74617274 
 585      00
 586              	.LASF31:
 587 0136 49544D5F 		.ascii	"ITM_RxBuffer\000"
 587      52784275 
 587      66666572 
 587      00
 588              	.LASF30:
 589 0143 5350495F 		.ascii	"SPI_ReceiveData\000"
 589      52656365 
 589      69766544 
 589      61746100 
 590              	.LASF15:
 591 0153 646F7562 		.ascii	"double\000"
 591      6C6500
 592              	.LASF27:
 593 015a 5350492E 		.ascii	"SPI.c\000"
 593      6300
 594              	.LASF10:
 595 0160 756E7369 		.ascii	"unsigned int\000"
 595      676E6564 
 595      20696E74 
 595      00
 596              	.LASF20:
 597 016d 5350495F 		.ascii	"SPI_SendData\000"
 597      53656E64 
 597      44617461 
 597      00
 598              	.LASF9:
 599 017a 6C6F6E67 		.ascii	"long long unsigned int\000"
 599      206C6F6E 
 599      6720756E 
ARM GAS  C:\Users\perhi\AppData\Local\Temp\cckg6DhL.s 			page 13


 599      7369676E 
 599      65642069 
 600              	.LASF11:
 601 0191 75696E74 		.ascii	"uint8_t\000"
 601      385F7400 
 602              	.LASF22:
 603 0199 53504953 		.ascii	"SPIS_1_ReadTxStatus\000"
 603      5F315F52 
 603      65616454 
 603      78537461 
 603      74757300 
 604              	.LASF12:
 605 01ad 696E7433 		.ascii	"int32_t\000"
 605      325F7400 
 606              	.LASF18:
 607 01b5 73697A65 		.ascii	"sizetype\000"
 607      74797065 
 607      00
 608              	.LASF8:
 609 01be 6C6F6E67 		.ascii	"long long int\000"
 609      206C6F6E 
 609      6720696E 
 609      7400
 610              	.LASF16:
 611 01cc 63686172 		.ascii	"char\000"
 611      00
 612              	.LASF2:
 613 01d1 73686F72 		.ascii	"short int\000"
 613      7420696E 
 613      7400
 614              	.LASF13:
 615 01db 75696E74 		.ascii	"uint8\000"
 615      3800
 616              	.LASF6:
 617 01e1 6C6F6E67 		.ascii	"long int\000"
 617      20696E74 
 617      00
 618              	.LASF17:
 619 01ea 6C6F6E67 		.ascii	"long double\000"
 619      20646F75 
 619      626C6500 
 620              	.LASF0:
 621 01f6 7369676E 		.ascii	"signed char\000"
 621      65642063 
 621      68617200 
 622              	.LASF23:
 623 0202 53504953 		.ascii	"SPIS_1_WriteTxData\000"
 623      5F315F57 
 623      72697465 
 623      54784461 
 623      746100
 624              	.LASF24:
 625 0215 53504953 		.ascii	"SPIS_1_ReadRxStatus\000"
 625      5F315F52 
 625      65616452 
 625      78537461 
 625      74757300 
ARM GAS  C:\Users\perhi\AppData\Local\Temp\cckg6DhL.s 			page 14


 626              	.LASF25:
 627 0229 53504953 		.ascii	"SPIS_1_ReadRxData\000"
 627      5F315F52 
 627      65616452 
 627      78446174 
 627      6100
 628              		.ident	"GCC: (GNU Tools for ARM Embedded Processors) 5.4.1 20160609 (release) [ARM/embedded-5-bran
