ARM GAS  C:\Users\perhi\AppData\Local\Temp\ccVcYRm2.s 			page 1


   1              		.syntax unified
   2              		.cpu cortex-m3
   3              		.fpu softvfp
   4              		.eabi_attribute 20, 1
   5              		.eabi_attribute 21, 1
   6              		.eabi_attribute 23, 3
   7              		.eabi_attribute 24, 1
   8              		.eabi_attribute 25, 1
   9              		.eabi_attribute 26, 1
  10              		.eabi_attribute 30, 1
  11              		.eabi_attribute 34, 1
  12              		.eabi_attribute 18, 4
  13              		.thumb
  14              		.syntax unified
  15              		.file	"SunTracker.c"
  16              		.text
  17              	.Ltext0:
  18              		.cfi_sections	.debug_frame
  19              		.section	.text.setMode,"ax",%progbits
  20              		.align	2
  21              		.global	setMode
  22              		.thumb
  23              		.thumb_func
  24              		.type	setMode, %function
  25              	setMode:
  26              	.LFB64:
  27              		.file 1 "SunTracker.c"
   1:SunTracker.c  **** #include "SunTracker.h"
   2:SunTracker.c  **** #include "SensorDriver.h"
   3:SunTracker.c  **** #include "StepperMotorDriver.h"
   4:SunTracker.c  **** #include "BatteryDriver.h"
   5:SunTracker.c  **** 
   6:SunTracker.c  **** static int currentMode = MODE_MANUAL; // Default is manual mode
   7:SunTracker.c  **** 
   8:SunTracker.c  **** void setMode(uint8_t command) {
  28              		.loc 1 8 0
  29              		.cfi_startproc
  30              		@ args = 0, pretend = 0, frame = 0
  31              		@ frame_needed = 0, uses_anonymous_args = 0
  32              		@ link register save eliminated.
  33              	.LVL0:
   9:SunTracker.c  ****     if (command == 16) {
  34              		.loc 1 9 0
  35 0000 1028     		cmp	r0, #16
  36 0002 06D1     		bne	.L1
  10:SunTracker.c  ****         // Toggle mode between manual and automatic
  11:SunTracker.c  ****         currentMode = (currentMode == MODE_AUTO) ? MODE_MANUAL : MODE_AUTO;
  37              		.loc 1 11 0
  38 0004 034A     		ldr	r2, .L3
  39 0006 1368     		ldr	r3, [r2]
  40 0008 13F1FF33 		adds	r3, r3, #-1
  41 000c 18BF     		it	ne
  42 000e 0123     		movne	r3, #1
  43 0010 1360     		str	r3, [r2]
  44              	.L1:
  45 0012 7047     		bx	lr
  46              	.L4:
ARM GAS  C:\Users\perhi\AppData\Local\Temp\ccVcYRm2.s 			page 2


  47              		.align	2
  48              	.L3:
  49 0014 00000000 		.word	.LANCHOR0
  50              		.cfi_endproc
  51              	.LFE64:
  52              		.size	setMode, .-setMode
  53              		.section	.text.manualControl,"ax",%progbits
  54              		.align	2
  55              		.global	manualControl
  56              		.thumb
  57              		.thumb_func
  58              		.type	manualControl, %function
  59              	manualControl:
  60              	.LFB65:
  12:SunTracker.c  ****     }
  13:SunTracker.c  **** }
  14:SunTracker.c  **** 
  15:SunTracker.c  **** void manualControl(uint8_t command) {
  61              		.loc 1 15 0
  62              		.cfi_startproc
  63              		@ args = 0, pretend = 0, frame = 0
  64              		@ frame_needed = 0, uses_anonymous_args = 0
  65              	.LVL1:
  66 0000 08B5     		push	{r3, lr}
  67              		.cfi_def_cfa_offset 8
  68              		.cfi_offset 3, -8
  69              		.cfi_offset 14, -4
  16:SunTracker.c  ****     if (currentMode == MODE_MANUAL) {
  70              		.loc 1 16 0
  71 0002 0E4B     		ldr	r3, .L13
  72 0004 1B68     		ldr	r3, [r3]
  73 0006 BBB9     		cbnz	r3, .L5
  17:SunTracker.c  ****         // Switch-case to move motors
  18:SunTracker.c  ****         switch(command) {
  74              		.loc 1 18 0
  75 0008 0138     		subs	r0, r0, #1
  76              	.LVL2:
  77 000a 0328     		cmp	r0, #3
  78 000c 14D8     		bhi	.L5
  79 000e DFE800F0 		tbb	[pc, r0]
  80              	.L8:
  81 0012 02       		.byte	(.L7-.L8)/2
  82 0013 07       		.byte	(.L9-.L8)/2
  83 0014 0B       		.byte	(.L10-.L8)/2
  84 0015 0F       		.byte	(.L11-.L8)/2
  85              		.p2align 1
  86              	.L7:
  19:SunTracker.c  ****             case 1: // Command for moving left
  20:SunTracker.c  ****                 moveAzimuth(-250); // Move left by 250 steps
  87              		.loc 1 20 0
  88 0016 6FF0F900 		mvn	r0, #249
  89 001a FFF7FEFF 		bl	moveAzimuth
  90              	.LVL3:
  21:SunTracker.c  ****                 break;
  91              		.loc 1 21 0
  92 001e 08BD     		pop	{r3, pc}
  93              	.L9:
ARM GAS  C:\Users\perhi\AppData\Local\Temp\ccVcYRm2.s 			page 3


  22:SunTracker.c  ****             case 2: // Command for moving right
  23:SunTracker.c  ****                 moveAzimuth(250); // Move right by 250 steps
  94              		.loc 1 23 0
  95 0020 FA20     		movs	r0, #250
  96 0022 FFF7FEFF 		bl	moveAzimuth
  97              	.LVL4:
  24:SunTracker.c  ****                 break;
  98              		.loc 1 24 0
  99 0026 08BD     		pop	{r3, pc}
 100              	.L10:
  25:SunTracker.c  ****             case 3: // Command for moving up
  26:SunTracker.c  ****                 moveElevation(250); // Move up by 250 steps
 101              		.loc 1 26 0
 102 0028 FA20     		movs	r0, #250
 103 002a FFF7FEFF 		bl	moveElevation
 104              	.LVL5:
  27:SunTracker.c  ****                 break;
 105              		.loc 1 27 0
 106 002e 08BD     		pop	{r3, pc}
 107              	.L11:
  28:SunTracker.c  ****             case 4: // Command for moving down
  29:SunTracker.c  ****                 moveElevation(-250); // Move down by 250 steps
 108              		.loc 1 29 0
 109 0030 6FF0F900 		mvn	r0, #249
 110 0034 FFF7FEFF 		bl	moveElevation
 111              	.LVL6:
 112              	.L5:
 113 0038 08BD     		pop	{r3, pc}
 114              	.L14:
 115 003a 00BF     		.align	2
 116              	.L13:
 117 003c 00000000 		.word	.LANCHOR0
 118              		.cfi_endproc
 119              	.LFE65:
 120              		.size	manualControl, .-manualControl
 121              		.section	.text.getCurrentMode,"ax",%progbits
 122              		.align	2
 123              		.global	getCurrentMode
 124              		.thumb
 125              		.thumb_func
 126              		.type	getCurrentMode, %function
 127              	getCurrentMode:
 128              	.LFB66:
  30:SunTracker.c  ****                 break;
  31:SunTracker.c  ****             default:
  32:SunTracker.c  ****                 // Error Handling?
  33:SunTracker.c  ****                 break;
  34:SunTracker.c  ****         }
  35:SunTracker.c  ****     }
  36:SunTracker.c  **** }
  37:SunTracker.c  **** 
  38:SunTracker.c  **** int getCurrentMode(void) {
 129              		.loc 1 38 0
 130              		.cfi_startproc
 131              		@ args = 0, pretend = 0, frame = 0
 132              		@ frame_needed = 0, uses_anonymous_args = 0
 133              		@ link register save eliminated.
ARM GAS  C:\Users\perhi\AppData\Local\Temp\ccVcYRm2.s 			page 4


  39:SunTracker.c  ****     return currentMode;
  40:SunTracker.c  **** }
 134              		.loc 1 40 0
 135 0000 014B     		ldr	r3, .L16
 136 0002 1868     		ldr	r0, [r3]
 137 0004 7047     		bx	lr
 138              	.L17:
 139 0006 00BF     		.align	2
 140              	.L16:
 141 0008 00000000 		.word	.LANCHOR0
 142              		.cfi_endproc
 143              	.LFE66:
 144              		.size	getCurrentMode, .-getCurrentMode
 145              		.section	.text.countSensorsDetectingSun,"ax",%progbits
 146              		.align	2
 147              		.global	countSensorsDetectingSun
 148              		.thumb
 149              		.thumb_func
 150              		.type	countSensorsDetectingSun, %function
 151              	countSensorsDetectingSun:
 152              	.LFB67:
  41:SunTracker.c  **** 
  42:SunTracker.c  **** int countSensorsDetectingSun() {
 153              		.loc 1 42 0
 154              		.cfi_startproc
 155              		@ args = 0, pretend = 0, frame = 0
 156              		@ frame_needed = 0, uses_anonymous_args = 0
 157 0000 10B5     		push	{r4, lr}
 158              		.cfi_def_cfa_offset 8
 159              		.cfi_offset 4, -8
 160              		.cfi_offset 14, -4
 161              	.LVL7:
  43:SunTracker.c  ****     int count = 0;
  44:SunTracker.c  ****     if (sunLeft()) count++;
 162              		.loc 1 44 0
 163 0002 FFF7FEFF 		bl	sunLeft
 164              	.LVL8:
 165 0006 08B9     		cbnz	r0, .L23
  43:SunTracker.c  ****     int count = 0;
 166              		.loc 1 43 0
 167 0008 0024     		movs	r4, #0
 168 000a 00E0     		b	.L19
 169              	.L23:
 170              		.loc 1 44 0
 171 000c 0124     		movs	r4, #1
 172              	.L19:
 173              	.LVL9:
  45:SunTracker.c  ****     if (sunRight()) count++;
 174              		.loc 1 45 0
 175 000e FFF7FEFF 		bl	sunRight
 176              	.LVL10:
 177 0012 00B1     		cbz	r0, .L20
 178              		.loc 1 45 0 is_stmt 0 discriminator 1
 179 0014 0134     		adds	r4, r4, #1
 180              	.LVL11:
 181              	.L20:
  46:SunTracker.c  ****     if (sunUp()) count++;
ARM GAS  C:\Users\perhi\AppData\Local\Temp\ccVcYRm2.s 			page 5


 182              		.loc 1 46 0 is_stmt 1
 183 0016 FFF7FEFF 		bl	sunUp
 184              	.LVL12:
 185 001a 00B1     		cbz	r0, .L21
 186              		.loc 1 46 0 is_stmt 0 discriminator 1
 187 001c 0134     		adds	r4, r4, #1
 188              	.LVL13:
 189              	.L21:
  47:SunTracker.c  ****     if (sunDown()) count++;
 190              		.loc 1 47 0 is_stmt 1
 191 001e FFF7FEFF 		bl	sunDown
 192              	.LVL14:
 193 0022 00B1     		cbz	r0, .L22
 194              		.loc 1 47 0 is_stmt 0 discriminator 1
 195 0024 0134     		adds	r4, r4, #1
 196              	.LVL15:
 197              	.L22:
  48:SunTracker.c  ****     return count;
  49:SunTracker.c  **** }
 198              		.loc 1 49 0 is_stmt 1
 199 0026 2046     		mov	r0, r4
 200 0028 10BD     		pop	{r4, pc}
 201              		.cfi_endproc
 202              	.LFE67:
 203              		.size	countSensorsDetectingSun, .-countSensorsDetectingSun
 204 002a 00BF     		.section	.text.trackSun,"ax",%progbits
 205              		.align	2
 206              		.global	trackSun
 207              		.thumb
 208              		.thumb_func
 209              		.type	trackSun, %function
 210              	trackSun:
 211              	.LFB68:
  50:SunTracker.c  **** 
  51:SunTracker.c  **** void trackSun(void) {
 212              		.loc 1 51 0
 213              		.cfi_startproc
 214              		@ args = 0, pretend = 0, frame = 0
 215              		@ frame_needed = 0, uses_anonymous_args = 0
 216 0000 F8B5     		push	{r3, r4, r5, r6, r7, lr}
 217              		.cfi_def_cfa_offset 24
 218              		.cfi_offset 3, -24
 219              		.cfi_offset 4, -20
 220              		.cfi_offset 5, -16
 221              		.cfi_offset 6, -12
 222              		.cfi_offset 7, -8
 223              		.cfi_offset 14, -4
  52:SunTracker.c  ****     // Function to track the sun automatically
  53:SunTracker.c  **** 
  54:SunTracker.c  ****     while (countSensorsDetectingSun() < 3) {
 224              		.loc 1 54 0
 225 0002 26E0     		b	.L26
 226              	.L31:
 227              	.LBB2:
  55:SunTracker.c  ****         // Read sensor statuses
  56:SunTracker.c  ****         bool left = sunLeft();
 228              		.loc 1 56 0
ARM GAS  C:\Users\perhi\AppData\Local\Temp\ccVcYRm2.s 			page 6


 229 0004 FFF7FEFF 		bl	sunLeft
 230              	.LVL16:
 231 0008 0546     		mov	r5, r0
 232              	.LVL17:
  57:SunTracker.c  ****         bool right = sunRight();
 233              		.loc 1 57 0
 234 000a FFF7FEFF 		bl	sunRight
 235              	.LVL18:
 236 000e 0746     		mov	r7, r0
 237              	.LVL19:
  58:SunTracker.c  ****         bool up = sunUp();
 238              		.loc 1 58 0
 239 0010 FFF7FEFF 		bl	sunUp
 240              	.LVL20:
 241 0014 0446     		mov	r4, r0
 242              	.LVL21:
  59:SunTracker.c  ****         bool down = sunDown();
 243              		.loc 1 59 0
 244 0016 FFF7FEFF 		bl	sunDown
 245              	.LVL22:
 246 001a 0646     		mov	r6, r0
 247              	.LVL23:
  60:SunTracker.c  **** 
  61:SunTracker.c  ****         // Determine horizontal movement
  62:SunTracker.c  ****         if (left && !right) {
 248              		.loc 1 62 0
 249 001c 2DB1     		cbz	r5, .L27
 250              		.loc 1 62 0 is_stmt 0 discriminator 1
 251 001e 27B9     		cbnz	r7, .L27
  63:SunTracker.c  ****             moveAzimuth(-50); // Move left
 252              		.loc 1 63 0 is_stmt 1
 253 0020 6FF03100 		mvn	r0, #49
 254 0024 FFF7FEFF 		bl	moveAzimuth
 255              	.LVL24:
 256 0028 04E0     		b	.L28
 257              	.L27:
  64:SunTracker.c  ****         } else if (right && !left) {
 258              		.loc 1 64 0
 259 002a 1FB1     		cbz	r7, .L28
 260              		.loc 1 64 0 is_stmt 0 discriminator 1
 261 002c 15B9     		cbnz	r5, .L28
  65:SunTracker.c  ****             moveAzimuth(50); // Move right
 262              		.loc 1 65 0 is_stmt 1
 263 002e 3220     		movs	r0, #50
 264 0030 FFF7FEFF 		bl	moveAzimuth
 265              	.LVL25:
 266              	.L28:
  66:SunTracker.c  ****         }
  67:SunTracker.c  **** 
  68:SunTracker.c  ****         // Determine vertical movement
  69:SunTracker.c  ****         if (up && !down) {
 267              		.loc 1 69 0
 268 0034 24B1     		cbz	r4, .L29
 269              		.loc 1 69 0 is_stmt 0 discriminator 1
 270 0036 1EB9     		cbnz	r6, .L29
  70:SunTracker.c  ****             moveElevation(50); // Move up
 271              		.loc 1 70 0 is_stmt 1
ARM GAS  C:\Users\perhi\AppData\Local\Temp\ccVcYRm2.s 			page 7


 272 0038 3220     		movs	r0, #50
 273 003a FFF7FEFF 		bl	moveElevation
 274              	.LVL26:
 275 003e 05E0     		b	.L30
 276              	.L29:
  71:SunTracker.c  ****         } else if (down && !up) {
 277              		.loc 1 71 0
 278 0040 26B1     		cbz	r6, .L30
 279              		.loc 1 71 0 is_stmt 0 discriminator 1
 280 0042 1CB9     		cbnz	r4, .L30
  72:SunTracker.c  ****             moveElevation(-50); // Move down
 281              		.loc 1 72 0 is_stmt 1
 282 0044 6FF03100 		mvn	r0, #49
 283 0048 FFF7FEFF 		bl	moveElevation
 284              	.LVL27:
 285              	.L30:
  73:SunTracker.c  ****         }
  74:SunTracker.c  **** 
  75:SunTracker.c  ****         CyDelay(100); // Small delay to allow motors to move
 286              		.loc 1 75 0
 287 004c 6420     		movs	r0, #100
 288 004e FFF7FEFF 		bl	CyDelay
 289              	.LVL28:
 290              	.L26:
 291              	.LBE2:
  54:SunTracker.c  ****         // Read sensor statuses
 292              		.loc 1 54 0
 293 0052 FFF7FEFF 		bl	countSensorsDetectingSun
 294              	.LVL29:
 295 0056 0228     		cmp	r0, #2
 296 0058 D4DD     		ble	.L31
  76:SunTracker.c  ****     }
  77:SunTracker.c  **** }
 297              		.loc 1 77 0
 298 005a F8BD     		pop	{r3, r4, r5, r6, r7, pc}
 299              		.cfi_endproc
 300              	.LFE68:
 301              		.size	trackSun, .-trackSun
 302              		.section	.text.sendData,"ax",%progbits
 303              		.align	2
 304              		.global	sendData
 305              		.thumb
 306              		.thumb_func
 307              		.type	sendData, %function
 308              	sendData:
 309              	.LFB69:
  78:SunTracker.c  **** 
  79:SunTracker.c  **** void sendData(void) {
 310              		.loc 1 79 0
 311              		.cfi_startproc
 312              		@ args = 0, pretend = 0, frame = 24
 313              		@ frame_needed = 0, uses_anonymous_args = 0
 314 0000 2DE9F04F 		push	{r4, r5, r6, r7, r8, r9, r10, fp, lr}
 315              		.cfi_def_cfa_offset 36
 316              		.cfi_offset 4, -36
 317              		.cfi_offset 5, -32
 318              		.cfi_offset 6, -28
ARM GAS  C:\Users\perhi\AppData\Local\Temp\ccVcYRm2.s 			page 8


 319              		.cfi_offset 7, -24
 320              		.cfi_offset 8, -20
 321              		.cfi_offset 9, -16
 322              		.cfi_offset 10, -12
 323              		.cfi_offset 11, -8
 324              		.cfi_offset 14, -4
 325 0004 87B0     		sub	sp, sp, #28
 326              		.cfi_def_cfa_offset 64
 327              	.LVL30:
  80:SunTracker.c  ****     uint8_t start = 0xAA;                // Start
  81:SunTracker.c  ****     uint16_t azimuth = (uint16_t)getAzimuthPosition();  // Actual azimuth position, full range
 328              		.loc 1 81 0
 329 0006 FFF7FEFF 		bl	getAzimuthPosition
 330              	.LVL31:
 331 000a 8046     		mov	r8, r0
 332 000c 85B2     		uxth	r5, r0
 333              	.LVL32:
  82:SunTracker.c  ****     uint16_t elevation = (uint16_t)getElevationPosition(); // Actual elevation position, full range
 334              		.loc 1 82 0
 335 000e FFF7FEFF 		bl	getElevationPosition
 336              	.LVL33:
 337 0012 0746     		mov	r7, r0
 338 0014 84B2     		uxth	r4, r0
 339              	.LVL34:
  83:SunTracker.c  ****     uint16_t batteryAmp = scaledCurrentHall();  // Scaled battery current
 340              		.loc 1 83 0
 341 0016 FFF7FEFF 		bl	scaledCurrentHall
 342              	.LVL35:
 343 001a 0646     		mov	r6, r0
 344              	.LVL36:
  84:SunTracker.c  ****     uint8_t batteryStatus = (uint8_t)voltageDividerToPercent();  // Define battery status, in perce
 345              		.loc 1 84 0
 346 001c FFF7FEFF 		bl	voltageDividerToPercent
 347              	.LVL37:
 348 0020 5FFA80FB 		uxtb	fp, r0
 349              	.LVL38:
  85:SunTracker.c  ****     uint8_t sun_left = sunLeft();        // Define sun sensor on the left
 350              		.loc 1 85 0
 351 0024 FFF7FEFF 		bl	sunLeft
 352              	.LVL39:
 353 0028 8246     		mov	r10, r0
 354              	.LVL40:
  86:SunTracker.c  ****     uint8_t sun_right = sunRight();      // Define sun sensor on the right
 355              		.loc 1 86 0
 356 002a FFF7FEFF 		bl	sunRight
 357              	.LVL41:
 358 002e 8146     		mov	r9, r0
 359              	.LVL42:
  87:SunTracker.c  ****     uint8_t sun_up = sunUp();            // Define sun sensor up
 360              		.loc 1 87 0
 361 0030 FFF7FEFF 		bl	sunUp
 362              	.LVL43:
 363 0034 0190     		str	r0, [sp, #4]
 364              	.LVL44:
  88:SunTracker.c  ****     uint8_t sun_down = sunDown();        // Define sun sensor down
 365              		.loc 1 88 0
 366 0036 FFF7FEFF 		bl	sunDown
ARM GAS  C:\Users\perhi\AppData\Local\Temp\ccVcYRm2.s 			page 9


 367              	.LVL45:
  89:SunTracker.c  ****     uint8_t stop = 0xBB;                 // Stop
  90:SunTracker.c  ****     
  91:SunTracker.c  ****     // Data to send (note the 16-bit positions and current are split into two bytes)
  92:SunTracker.c  ****     uint8_t dataSequence[] = {
 368              		.loc 1 92 0
 369 003a AA23     		movs	r3, #170
 370 003c 8DF80830 		strb	r3, [sp, #8]
  93:SunTracker.c  ****         start,
  94:SunTracker.c  ****         (uint8_t)(azimuth >> 8), // High byte of azimuth
 371              		.loc 1 94 0
 372 0040 2D0A     		lsrs	r5, r5, #8
 373              	.LVL46:
  92:SunTracker.c  ****         start,
 374              		.loc 1 92 0
 375 0042 8DF80950 		strb	r5, [sp, #9]
 376 0046 8DF80A80 		strb	r8, [sp, #10]
  95:SunTracker.c  ****         (uint8_t)(azimuth & 0xFF), // Low byte of azimuth
  96:SunTracker.c  ****         (uint8_t)(elevation >> 8), // High byte of elevation
 377              		.loc 1 96 0
 378 004a 240A     		lsrs	r4, r4, #8
 379              	.LVL47:
  92:SunTracker.c  ****         start,
 380              		.loc 1 92 0
 381 004c 8DF80B40 		strb	r4, [sp, #11]
 382 0050 8DF80C70 		strb	r7, [sp, #12]
  97:SunTracker.c  ****         (uint8_t)(elevation & 0xFF), // Low byte of elevation
  98:SunTracker.c  ****         (uint8_t)(batteryAmp >> 8), // High byte of battery current
 383              		.loc 1 98 0
 384 0054 C6F30723 		ubfx	r3, r6, #8, #8
  92:SunTracker.c  ****         start,
 385              		.loc 1 92 0
 386 0058 8DF80D30 		strb	r3, [sp, #13]
 387 005c 8DF80E60 		strb	r6, [sp, #14]
 388 0060 8DF80FB0 		strb	fp, [sp, #15]
 389 0064 8DF810A0 		strb	r10, [sp, #16]
 390 0068 8DF81190 		strb	r9, [sp, #17]
 391 006c 9DF80430 		ldrb	r3, [sp, #4]	@ zero_extendqisi2
 392 0070 8DF81230 		strb	r3, [sp, #18]
 393 0074 8DF81300 		strb	r0, [sp, #19]
 394 0078 BB23     		movs	r3, #187
 395 007a 8DF81430 		strb	r3, [sp, #20]
 396              	.LVL48:
 397              	.LBB3:
  99:SunTracker.c  ****         (uint8_t)(batteryAmp & 0xFF), // Low byte of battery current
 100:SunTracker.c  ****         batteryStatus,
 101:SunTracker.c  ****         sun_left,
 102:SunTracker.c  ****         sun_right,
 103:SunTracker.c  ****         sun_up,
 104:SunTracker.c  ****         sun_down,
 105:SunTracker.c  ****         stop
 106:SunTracker.c  ****     };
 107:SunTracker.c  ****     
 108:SunTracker.c  ****     // Transmit data over SPI (assuming SPIS_1 is the SPI component used)
 109:SunTracker.c  ****     for (size_t i = 0; i < sizeof(dataSequence); i++) {
 398              		.loc 1 109 0
 399 007e 0024     		movs	r4, #0
ARM GAS  C:\Users\perhi\AppData\Local\Temp\ccVcYRm2.s 			page 10


 400 0080 06E0     		b	.L34
 401              	.LVL49:
 402              	.L35:
 110:SunTracker.c  ****         SPIS_1_WriteTxData(dataSequence[i]);
 403              		.loc 1 110 0 discriminator 3
 404 0082 06AB     		add	r3, sp, #24
 405 0084 2344     		add	r3, r3, r4
 406 0086 13F8100C 		ldrb	r0, [r3, #-16]	@ zero_extendqisi2
 407 008a FFF7FEFF 		bl	SPIS_1_WriteTxData
 408              	.LVL50:
 109:SunTracker.c  ****         SPIS_1_WriteTxData(dataSequence[i]);
 409              		.loc 1 109 0 discriminator 3
 410 008e 0134     		adds	r4, r4, #1
 411              	.LVL51:
 412              	.L34:
 109:SunTracker.c  ****         SPIS_1_WriteTxData(dataSequence[i]);
 413              		.loc 1 109 0 is_stmt 0 discriminator 1
 414 0090 0C2C     		cmp	r4, #12
 415 0092 F6D9     		bls	.L35
 416              	.LBE3:
 111:SunTracker.c  ****     }
 112:SunTracker.c  **** }
 417              		.loc 1 112 0 is_stmt 1
 418 0094 07B0     		add	sp, sp, #28
 419              		.cfi_def_cfa_offset 36
 420              		@ sp needed
 421 0096 BDE8F08F 		pop	{r4, r5, r6, r7, r8, r9, r10, fp, pc}
 422              		.cfi_endproc
 423              	.LFE69:
 424              		.size	sendData, .-sendData
 425 009a 00BF     		.bss
 426              		.align	2
 427              		.set	.LANCHOR0,. + 0
 428              		.type	currentMode, %object
 429              		.size	currentMode, 4
 430              	currentMode:
 431 0000 00000000 		.space	4
 432              		.text
 433              	.Letext0:
 434              		.file 2 "d:\\psoc creator\\4.4\\psoc creator\\import\\gnu\\arm\\5.4.1\\arm-none-eabi\\include\\mac
 435              		.file 3 "d:\\psoc creator\\4.4\\psoc creator\\import\\gnu\\arm\\5.4.1\\arm-none-eabi\\include\\sys
 436              		.file 4 "d:\\psoc creator\\4.4\\psoc creator\\import\\gnu\\arm\\5.4.1\\lib\\gcc\\arm-none-eabi\\5.
 437              		.file 5 "StepperMotorDriver.h"
 438              		.file 6 "SensorDriver.h"
 439              		.file 7 "Generated_Source\\PSoC5/CyLib.h"
 440              		.file 8 "Generated_Source\\PSoC5/SPIS_1.h"
 441              		.file 9 "BatteryDriver.h"
 442              		.file 10 "Generated_Source\\PSoC5/core_cm3.h"
 443              		.section	.debug_info,"",%progbits
 444              	.Ldebug_info0:
 445 0000 A1040000 		.4byte	0x4a1
 446 0004 0400     		.2byte	0x4
 447 0006 00000000 		.4byte	.Ldebug_abbrev0
 448 000a 04       		.byte	0x4
 449 000b 01       		.uleb128 0x1
 450 000c 59020000 		.4byte	.LASF56
 451 0010 0C       		.byte	0xc
ARM GAS  C:\Users\perhi\AppData\Local\Temp\ccVcYRm2.s 			page 11


 452 0011 39020000 		.4byte	.LASF57
 453 0015 74010000 		.4byte	.LASF58
 454 0019 00000000 		.4byte	.Ldebug_ranges0+0
 455 001d 00000000 		.4byte	0
 456 0021 00000000 		.4byte	.Ldebug_line0
 457 0025 02       		.uleb128 0x2
 458 0026 01       		.byte	0x1
 459 0027 06       		.byte	0x6
 460 0028 49010000 		.4byte	.LASF0
 461 002c 03       		.uleb128 0x3
 462 002d F4000000 		.4byte	.LASF3
 463 0031 02       		.byte	0x2
 464 0032 1D       		.byte	0x1d
 465 0033 37000000 		.4byte	0x37
 466 0037 02       		.uleb128 0x2
 467 0038 01       		.byte	0x1
 468 0039 08       		.byte	0x8
 469 003a FE000000 		.4byte	.LASF1
 470 003e 02       		.uleb128 0x2
 471 003f 02       		.byte	0x2
 472 0040 05       		.byte	0x5
 473 0041 23000000 		.4byte	.LASF2
 474 0045 03       		.uleb128 0x3
 475 0046 4B000000 		.4byte	.LASF4
 476 004a 02       		.byte	0x2
 477 004b 2B       		.byte	0x2b
 478 004c 50000000 		.4byte	0x50
 479 0050 02       		.uleb128 0x2
 480 0051 02       		.byte	0x2
 481 0052 07       		.byte	0x7
 482 0053 AD010000 		.4byte	.LASF5
 483 0057 03       		.uleb128 0x3
 484 0058 2F020000 		.4byte	.LASF6
 485 005c 02       		.byte	0x2
 486 005d 3F       		.byte	0x3f
 487 005e 62000000 		.4byte	0x62
 488 0062 02       		.uleb128 0x2
 489 0063 04       		.byte	0x4
 490 0064 05       		.byte	0x5
 491 0065 E3000000 		.4byte	.LASF7
 492 0069 02       		.uleb128 0x2
 493 006a 04       		.byte	0x4
 494 006b 07       		.byte	0x7
 495 006c 10020000 		.4byte	.LASF8
 496 0070 02       		.uleb128 0x2
 497 0071 08       		.byte	0x8
 498 0072 05       		.byte	0x5
 499 0073 CB000000 		.4byte	.LASF9
 500 0077 02       		.uleb128 0x2
 501 0078 08       		.byte	0x8
 502 0079 07       		.byte	0x7
 503 007a 5D010000 		.4byte	.LASF10
 504 007e 04       		.uleb128 0x4
 505 007f 04       		.byte	0x4
 506 0080 05       		.byte	0x5
 507 0081 696E7400 		.ascii	"int\000"
 508 0085 02       		.uleb128 0x2
ARM GAS  C:\Users\perhi\AppData\Local\Temp\ccVcYRm2.s 			page 12


 509 0086 04       		.byte	0x4
 510 0087 07       		.byte	0x7
 511 0088 8F010000 		.4byte	.LASF11
 512 008c 03       		.uleb128 0x3
 513 008d 7A000000 		.4byte	.LASF12
 514 0091 03       		.byte	0x3
 515 0092 18       		.byte	0x18
 516 0093 2C000000 		.4byte	0x2c
 517 0097 03       		.uleb128 0x3
 518 0098 9C010000 		.4byte	.LASF13
 519 009c 03       		.byte	0x3
 520 009d 24       		.byte	0x24
 521 009e 45000000 		.4byte	0x45
 522 00a2 03       		.uleb128 0x3
 523 00a3 55010000 		.4byte	.LASF14
 524 00a7 03       		.byte	0x3
 525 00a8 2C       		.byte	0x2c
 526 00a9 57000000 		.4byte	0x57
 527 00ad 02       		.uleb128 0x2
 528 00ae 04       		.byte	0x4
 529 00af 04       		.byte	0x4
 530 00b0 B2000000 		.4byte	.LASF15
 531 00b4 02       		.uleb128 0x2
 532 00b5 08       		.byte	0x8
 533 00b6 04       		.byte	0x4
 534 00b7 22020000 		.4byte	.LASF16
 535 00bb 02       		.uleb128 0x2
 536 00bc 01       		.byte	0x1
 537 00bd 08       		.byte	0x8
 538 00be C5010000 		.4byte	.LASF17
 539 00c2 03       		.uleb128 0x3
 540 00c3 2D000000 		.4byte	.LASF18
 541 00c7 04       		.byte	0x4
 542 00c8 D8       		.byte	0xd8
 543 00c9 85000000 		.4byte	0x85
 544 00cd 02       		.uleb128 0x2
 545 00ce 08       		.byte	0x8
 546 00cf 04       		.byte	0x4
 547 00d0 24010000 		.4byte	.LASF19
 548 00d4 02       		.uleb128 0x2
 549 00d5 04       		.byte	0x4
 550 00d6 07       		.byte	0x7
 551 00d7 42000000 		.4byte	.LASF20
 552 00db 05       		.uleb128 0x5
 553 00dc A5010000 		.4byte	.LASF21
 554 00e0 01       		.byte	0x1
 555 00e1 08       		.byte	0x8
 556 00e2 00000000 		.4byte	.LFB64
 557 00e6 18000000 		.4byte	.LFE64-.LFB64
 558 00ea 01       		.uleb128 0x1
 559 00eb 9C       		.byte	0x9c
 560 00ec FE000000 		.4byte	0xfe
 561 00f0 06       		.uleb128 0x6
 562 00f1 02030000 		.4byte	.LASF23
 563 00f5 01       		.byte	0x1
 564 00f6 08       		.byte	0x8
 565 00f7 8C000000 		.4byte	0x8c
ARM GAS  C:\Users\perhi\AppData\Local\Temp\ccVcYRm2.s 			page 13


 566 00fb 01       		.uleb128 0x1
 567 00fc 50       		.byte	0x50
 568 00fd 00       		.byte	0
 569 00fe 05       		.uleb128 0x5
 570 00ff 34000000 		.4byte	.LASF22
 571 0103 01       		.byte	0x1
 572 0104 0F       		.byte	0xf
 573 0105 00000000 		.4byte	.LFB65
 574 0109 40000000 		.4byte	.LFE65-.LFB65
 575 010d 01       		.uleb128 0x1
 576 010e 9C       		.byte	0x9c
 577 010f 71010000 		.4byte	0x171
 578 0113 07       		.uleb128 0x7
 579 0114 02030000 		.4byte	.LASF23
 580 0118 01       		.byte	0x1
 581 0119 0F       		.byte	0xf
 582 011a 8C000000 		.4byte	0x8c
 583 011e 00000000 		.4byte	.LLST0
 584 0122 08       		.uleb128 0x8
 585 0123 1E000000 		.4byte	.LVL3
 586 0127 20040000 		.4byte	0x420
 587 012b 37010000 		.4byte	0x137
 588 012f 09       		.uleb128 0x9
 589 0130 01       		.uleb128 0x1
 590 0131 50       		.byte	0x50
 591 0132 03       		.uleb128 0x3
 592 0133 0B       		.byte	0xb
 593 0134 06FF     		.2byte	0xff06
 594 0136 00       		.byte	0
 595 0137 08       		.uleb128 0x8
 596 0138 26000000 		.4byte	.LVL4
 597 013c 20040000 		.4byte	0x420
 598 0140 4B010000 		.4byte	0x14b
 599 0144 09       		.uleb128 0x9
 600 0145 01       		.uleb128 0x1
 601 0146 50       		.byte	0x50
 602 0147 02       		.uleb128 0x2
 603 0148 08       		.byte	0x8
 604 0149 FA       		.byte	0xfa
 605 014a 00       		.byte	0
 606 014b 08       		.uleb128 0x8
 607 014c 2E000000 		.4byte	.LVL5
 608 0150 2B040000 		.4byte	0x42b
 609 0154 5F010000 		.4byte	0x15f
 610 0158 09       		.uleb128 0x9
 611 0159 01       		.uleb128 0x1
 612 015a 50       		.byte	0x50
 613 015b 02       		.uleb128 0x2
 614 015c 08       		.byte	0x8
 615 015d FA       		.byte	0xfa
 616 015e 00       		.byte	0
 617 015f 0A       		.uleb128 0xa
 618 0160 38000000 		.4byte	.LVL6
 619 0164 2B040000 		.4byte	0x42b
 620 0168 09       		.uleb128 0x9
 621 0169 01       		.uleb128 0x1
 622 016a 50       		.byte	0x50
ARM GAS  C:\Users\perhi\AppData\Local\Temp\ccVcYRm2.s 			page 14


 623 016b 03       		.uleb128 0x3
 624 016c 0B       		.byte	0xb
 625 016d 06FF     		.2byte	0xff06
 626 016f 00       		.byte	0
 627 0170 00       		.byte	0
 628 0171 0B       		.uleb128 0xb
 629 0172 6B000000 		.4byte	.LASF59
 630 0176 01       		.byte	0x1
 631 0177 26       		.byte	0x26
 632 0178 7E000000 		.4byte	0x7e
 633 017c 00000000 		.4byte	.LFB66
 634 0180 0C000000 		.4byte	.LFE66-.LFB66
 635 0184 01       		.uleb128 0x1
 636 0185 9C       		.byte	0x9c
 637 0186 0C       		.uleb128 0xc
 638 0187 14030000 		.4byte	.LASF24
 639 018b 01       		.byte	0x1
 640 018c 2A       		.byte	0x2a
 641 018d 7E000000 		.4byte	0x7e
 642 0191 00000000 		.4byte	.LFB67
 643 0195 2A000000 		.4byte	.LFE67-.LFB67
 644 0199 01       		.uleb128 0x1
 645 019a 9C       		.byte	0x9c
 646 019b D3010000 		.4byte	0x1d3
 647 019f 0D       		.uleb128 0xd
 648 01a0 29020000 		.4byte	.LASF26
 649 01a4 01       		.byte	0x1
 650 01a5 2B       		.byte	0x2b
 651 01a6 7E000000 		.4byte	0x7e
 652 01aa 21000000 		.4byte	.LLST1
 653 01ae 0E       		.uleb128 0xe
 654 01af 06000000 		.4byte	.LVL8
 655 01b3 36040000 		.4byte	0x436
 656 01b7 0E       		.uleb128 0xe
 657 01b8 12000000 		.4byte	.LVL10
 658 01bc 41040000 		.4byte	0x441
 659 01c0 0E       		.uleb128 0xe
 660 01c1 1A000000 		.4byte	.LVL12
 661 01c5 4C040000 		.4byte	0x44c
 662 01c9 0E       		.uleb128 0xe
 663 01ca 22000000 		.4byte	.LVL14
 664 01ce 57040000 		.4byte	0x457
 665 01d2 00       		.byte	0
 666 01d3 05       		.uleb128 0x5
 667 01d4 82000000 		.4byte	.LASF25
 668 01d8 01       		.byte	0x1
 669 01d9 33       		.byte	0x33
 670 01da 00000000 		.4byte	.LFB68
 671 01de 5C000000 		.4byte	.LFE68-.LFB68
 672 01e2 01       		.uleb128 0x1
 673 01e3 9C       		.byte	0x9c
 674 01e4 BF020000 		.4byte	0x2bf
 675 01e8 0F       		.uleb128 0xf
 676 01e9 04000000 		.4byte	.LBB2
 677 01ed 4E000000 		.4byte	.LBE2-.LBB2
 678 01f1 B5020000 		.4byte	0x2b5
 679 01f5 0D       		.uleb128 0xd
ARM GAS  C:\Users\perhi\AppData\Local\Temp\ccVcYRm2.s 			page 15


 680 01f6 CA010000 		.4byte	.LASF27
 681 01fa 01       		.byte	0x1
 682 01fb 38       		.byte	0x38
 683 01fc BF020000 		.4byte	0x2bf
 684 0200 40000000 		.4byte	.LLST2
 685 0204 0D       		.uleb128 0xd
 686 0205 14000000 		.4byte	.LASF28
 687 0209 01       		.byte	0x1
 688 020a 39       		.byte	0x39
 689 020b BF020000 		.4byte	0x2bf
 690 020f 53000000 		.4byte	.LLST3
 691 0213 10       		.uleb128 0x10
 692 0214 757000   		.ascii	"up\000"
 693 0217 01       		.byte	0x1
 694 0218 3A       		.byte	0x3a
 695 0219 BF020000 		.4byte	0x2bf
 696 021d 66000000 		.4byte	.LLST4
 697 0221 0D       		.uleb128 0xd
 698 0222 EF020000 		.4byte	.LASF29
 699 0226 01       		.byte	0x1
 700 0227 3B       		.byte	0x3b
 701 0228 BF020000 		.4byte	0x2bf
 702 022c 79000000 		.4byte	.LLST5
 703 0230 0E       		.uleb128 0xe
 704 0231 08000000 		.4byte	.LVL16
 705 0235 36040000 		.4byte	0x436
 706 0239 0E       		.uleb128 0xe
 707 023a 0E000000 		.4byte	.LVL18
 708 023e 41040000 		.4byte	0x441
 709 0242 0E       		.uleb128 0xe
 710 0243 14000000 		.4byte	.LVL20
 711 0247 4C040000 		.4byte	0x44c
 712 024b 0E       		.uleb128 0xe
 713 024c 1A000000 		.4byte	.LVL22
 714 0250 57040000 		.4byte	0x457
 715 0254 08       		.uleb128 0x8
 716 0255 28000000 		.4byte	.LVL24
 717 0259 20040000 		.4byte	0x420
 718 025d 68020000 		.4byte	0x268
 719 0261 09       		.uleb128 0x9
 720 0262 01       		.uleb128 0x1
 721 0263 50       		.byte	0x50
 722 0264 02       		.uleb128 0x2
 723 0265 09       		.byte	0x9
 724 0266 CE       		.byte	0xce
 725 0267 00       		.byte	0
 726 0268 08       		.uleb128 0x8
 727 0269 34000000 		.4byte	.LVL25
 728 026d 20040000 		.4byte	0x420
 729 0271 7C020000 		.4byte	0x27c
 730 0275 09       		.uleb128 0x9
 731 0276 01       		.uleb128 0x1
 732 0277 50       		.byte	0x50
 733 0278 02       		.uleb128 0x2
 734 0279 08       		.byte	0x8
 735 027a 32       		.byte	0x32
 736 027b 00       		.byte	0
ARM GAS  C:\Users\perhi\AppData\Local\Temp\ccVcYRm2.s 			page 16


 737 027c 08       		.uleb128 0x8
 738 027d 3E000000 		.4byte	.LVL26
 739 0281 2B040000 		.4byte	0x42b
 740 0285 90020000 		.4byte	0x290
 741 0289 09       		.uleb128 0x9
 742 028a 01       		.uleb128 0x1
 743 028b 50       		.byte	0x50
 744 028c 02       		.uleb128 0x2
 745 028d 08       		.byte	0x8
 746 028e 32       		.byte	0x32
 747 028f 00       		.byte	0
 748 0290 08       		.uleb128 0x8
 749 0291 4C000000 		.4byte	.LVL27
 750 0295 2B040000 		.4byte	0x42b
 751 0299 A4020000 		.4byte	0x2a4
 752 029d 09       		.uleb128 0x9
 753 029e 01       		.uleb128 0x1
 754 029f 50       		.byte	0x50
 755 02a0 02       		.uleb128 0x2
 756 02a1 09       		.byte	0x9
 757 02a2 CE       		.byte	0xce
 758 02a3 00       		.byte	0
 759 02a4 0A       		.uleb128 0xa
 760 02a5 52000000 		.4byte	.LVL28
 761 02a9 62040000 		.4byte	0x462
 762 02ad 09       		.uleb128 0x9
 763 02ae 01       		.uleb128 0x1
 764 02af 50       		.byte	0x50
 765 02b0 02       		.uleb128 0x2
 766 02b1 08       		.byte	0x8
 767 02b2 64       		.byte	0x64
 768 02b3 00       		.byte	0
 769 02b4 00       		.byte	0
 770 02b5 0E       		.uleb128 0xe
 771 02b6 56000000 		.4byte	.LVL29
 772 02ba 86010000 		.4byte	0x186
 773 02be 00       		.byte	0
 774 02bf 02       		.uleb128 0x2
 775 02c0 01       		.byte	0x1
 776 02c1 02       		.byte	0x2
 777 02c2 D7010000 		.4byte	.LASF30
 778 02c6 05       		.uleb128 0x5
 779 02c7 1A000000 		.4byte	.LASF31
 780 02cb 01       		.byte	0x1
 781 02cc 4F       		.byte	0x4f
 782 02cd 00000000 		.4byte	.LFB69
 783 02d1 9A000000 		.4byte	.LFE69-.LFB69
 784 02d5 01       		.uleb128 0x1
 785 02d6 9C       		.byte	0x9c
 786 02d7 EE030000 		.4byte	0x3ee
 787 02db 11       		.uleb128 0x11
 788 02dc 30010000 		.4byte	.LASF32
 789 02e0 01       		.byte	0x1
 790 02e1 50       		.byte	0x50
 791 02e2 8C000000 		.4byte	0x8c
 792 02e6 AA7F     		.sleb128 -86
 793 02e8 0D       		.uleb128 0xd
ARM GAS  C:\Users\perhi\AppData\Local\Temp\ccVcYRm2.s 			page 17


 794 02e9 F8010000 		.4byte	.LASF33
 795 02ed 01       		.byte	0x1
 796 02ee 51       		.byte	0x51
 797 02ef 97000000 		.4byte	0x97
 798 02f3 8C000000 		.4byte	.LLST6
 799 02f7 0D       		.uleb128 0xd
 800 02f8 D9000000 		.4byte	.LASF34
 801 02fc 01       		.byte	0x1
 802 02fd 52       		.byte	0x52
 803 02fe 97000000 		.4byte	0x97
 804 0302 9F000000 		.4byte	.LLST7
 805 0306 12       		.uleb128 0x12
 806 0307 09000000 		.4byte	.LASF35
 807 030b 01       		.byte	0x1
 808 030c 53       		.byte	0x53
 809 030d 97000000 		.4byte	0x97
 810 0311 01       		.uleb128 0x1
 811 0312 56       		.byte	0x56
 812 0313 12       		.uleb128 0x12
 813 0314 F4020000 		.4byte	.LASF36
 814 0318 01       		.byte	0x1
 815 0319 54       		.byte	0x54
 816 031a 8C000000 		.4byte	0x8c
 817 031e 01       		.uleb128 0x1
 818 031f 5B       		.byte	0x5b
 819 0320 12       		.uleb128 0x12
 820 0321 00020000 		.4byte	.LASF37
 821 0325 01       		.byte	0x1
 822 0326 55       		.byte	0x55
 823 0327 8C000000 		.4byte	0x8c
 824 032b 01       		.uleb128 0x1
 825 032c 5A       		.byte	0x5a
 826 032d 12       		.uleb128 0x12
 827 032e 0A030000 		.4byte	.LASF38
 828 0332 01       		.byte	0x1
 829 0333 56       		.byte	0x56
 830 0334 8C000000 		.4byte	0x8c
 831 0338 01       		.uleb128 0x1
 832 0339 59       		.byte	0x59
 833 033a 12       		.uleb128 0x12
 834 033b 09020000 		.4byte	.LASF39
 835 033f 01       		.byte	0x1
 836 0340 57       		.byte	0x57
 837 0341 8C000000 		.4byte	0x8c
 838 0345 02       		.uleb128 0x2
 839 0346 91       		.byte	0x91
 840 0347 44       		.sleb128 -60
 841 0348 0D       		.uleb128 0xd
 842 0349 00000000 		.4byte	.LASF40
 843 034d 01       		.byte	0x1
 844 034e 58       		.byte	0x58
 845 034f 8C000000 		.4byte	0x8c
 846 0353 B2000000 		.4byte	.LLST8
 847 0357 11       		.uleb128 0x11
 848 0358 C0010000 		.4byte	.LASF41
 849 035c 01       		.byte	0x1
 850 035d 59       		.byte	0x59
ARM GAS  C:\Users\perhi\AppData\Local\Temp\ccVcYRm2.s 			page 18


 851 035e 8C000000 		.4byte	0x8c
 852 0362 BB7F     		.sleb128 -69
 853 0364 12       		.uleb128 0x12
 854 0365 99000000 		.4byte	.LASF42
 855 0369 01       		.byte	0x1
 856 036a 5C       		.byte	0x5c
 857 036b EE030000 		.4byte	0x3ee
 858 036f 02       		.uleb128 0x2
 859 0370 91       		.byte	0x91
 860 0371 48       		.sleb128 -56
 861 0372 0F       		.uleb128 0xf
 862 0373 7E000000 		.4byte	.LBB3
 863 0377 16000000 		.4byte	.LBE3-.LBB3
 864 037b A5030000 		.4byte	0x3a5
 865 037f 10       		.uleb128 0x10
 866 0380 6900     		.ascii	"i\000"
 867 0382 01       		.byte	0x1
 868 0383 6D       		.byte	0x6d
 869 0384 C2000000 		.4byte	0xc2
 870 0388 D1000000 		.4byte	.LLST9
 871 038c 0A       		.uleb128 0xa
 872 038d 8E000000 		.4byte	.LVL50
 873 0391 6D040000 		.4byte	0x46d
 874 0395 09       		.uleb128 0x9
 875 0396 01       		.uleb128 0x1
 876 0397 50       		.byte	0x50
 877 0398 0A       		.uleb128 0xa
 878 0399 91       		.byte	0x91
 879 039a 00       		.sleb128 0
 880 039b 74       		.byte	0x74
 881 039c 00       		.sleb128 0
 882 039d 22       		.byte	0x22
 883 039e 08       		.byte	0x8
 884 039f 38       		.byte	0x38
 885 03a0 1C       		.byte	0x1c
 886 03a1 94       		.byte	0x94
 887 03a2 01       		.byte	0x1
 888 03a3 00       		.byte	0
 889 03a4 00       		.byte	0
 890 03a5 0E       		.uleb128 0xe
 891 03a6 0A000000 		.4byte	.LVL31
 892 03aa 78040000 		.4byte	0x478
 893 03ae 0E       		.uleb128 0xe
 894 03af 12000000 		.4byte	.LVL33
 895 03b3 83040000 		.4byte	0x483
 896 03b7 0E       		.uleb128 0xe
 897 03b8 1A000000 		.4byte	.LVL35
 898 03bc 8E040000 		.4byte	0x48e
 899 03c0 0E       		.uleb128 0xe
 900 03c1 20000000 		.4byte	.LVL37
 901 03c5 99040000 		.4byte	0x499
 902 03c9 0E       		.uleb128 0xe
 903 03ca 28000000 		.4byte	.LVL39
 904 03ce 36040000 		.4byte	0x436
 905 03d2 0E       		.uleb128 0xe
 906 03d3 2E000000 		.4byte	.LVL41
 907 03d7 41040000 		.4byte	0x441
ARM GAS  C:\Users\perhi\AppData\Local\Temp\ccVcYRm2.s 			page 19


 908 03db 0E       		.uleb128 0xe
 909 03dc 34000000 		.4byte	.LVL43
 910 03e0 4C040000 		.4byte	0x44c
 911 03e4 0E       		.uleb128 0xe
 912 03e5 3A000000 		.4byte	.LVL45
 913 03e9 57040000 		.4byte	0x457
 914 03ed 00       		.byte	0
 915 03ee 13       		.uleb128 0x13
 916 03ef 8C000000 		.4byte	0x8c
 917 03f3 FE030000 		.4byte	0x3fe
 918 03f7 14       		.uleb128 0x14
 919 03f8 D4000000 		.4byte	0xd4
 920 03fc 0C       		.byte	0xc
 921 03fd 00       		.byte	0
 922 03fe 12       		.uleb128 0x12
 923 03ff A6000000 		.4byte	.LASF43
 924 0403 01       		.byte	0x1
 925 0404 06       		.byte	0x6
 926 0405 7E000000 		.4byte	0x7e
 927 0409 05       		.uleb128 0x5
 928 040a 03       		.byte	0x3
 929 040b 00000000 		.4byte	currentMode
 930 040f 15       		.uleb128 0x15
 931 0410 4C020000 		.4byte	.LASF60
 932 0414 0A       		.byte	0xa
 933 0415 1207     		.2byte	0x712
 934 0417 1B040000 		.4byte	0x41b
 935 041b 16       		.uleb128 0x16
 936 041c A2000000 		.4byte	0xa2
 937 0420 17       		.uleb128 0x17
 938 0421 2D030000 		.4byte	.LASF44
 939 0425 2D030000 		.4byte	.LASF44
 940 0429 05       		.byte	0x5
 941 042a 10       		.byte	0x10
 942 042b 17       		.uleb128 0x17
 943 042c 8B000000 		.4byte	.LASF45
 944 0430 8B000000 		.4byte	.LASF45
 945 0434 05       		.byte	0x5
 946 0435 15       		.byte	0x15
 947 0436 17       		.uleb128 0x17
 948 0437 EC000000 		.4byte	.LASF46
 949 043b EC000000 		.4byte	.LASF46
 950 043f 06       		.byte	0x6
 951 0440 03       		.byte	0x3
 952 0441 17       		.uleb128 0x17
 953 0442 EF010000 		.4byte	.LASF47
 954 0446 EF010000 		.4byte	.LASF47
 955 044a 06       		.byte	0x6
 956 044b 04       		.byte	0x4
 957 044c 17       		.uleb128 0x17
 958 044d 46020000 		.4byte	.LASF48
 959 0451 46020000 		.4byte	.LASF48
 960 0455 06       		.byte	0x6
 961 0456 05       		.byte	0x5
 962 0457 17       		.uleb128 0x17
 963 0458 CF010000 		.4byte	.LASF49
 964 045c CF010000 		.4byte	.LASF49
ARM GAS  C:\Users\perhi\AppData\Local\Temp\ccVcYRm2.s 			page 20


 965 0460 06       		.byte	0x6
 966 0461 06       		.byte	0x6
 967 0462 17       		.uleb128 0x17
 968 0463 E7020000 		.4byte	.LASF50
 969 0467 E7020000 		.4byte	.LASF50
 970 046b 07       		.byte	0x7
 971 046c 76       		.byte	0x76
 972 046d 17       		.uleb128 0x17
 973 046e 36010000 		.4byte	.LASF51
 974 0472 36010000 		.4byte	.LASF51
 975 0476 08       		.byte	0x8
 976 0477 50       		.byte	0x50
 977 0478 17       		.uleb128 0x17
 978 0479 B8000000 		.4byte	.LASF52
 979 047d B8000000 		.4byte	.LASF52
 980 0481 05       		.byte	0x5
 981 0482 21       		.byte	0x21
 982 0483 17       		.uleb128 0x17
 983 0484 56000000 		.4byte	.LASF53
 984 0488 56000000 		.4byte	.LASF53
 985 048c 05       		.byte	0x5
 986 048d 22       		.byte	0x22
 987 048e 17       		.uleb128 0x17
 988 048f DD010000 		.4byte	.LASF54
 989 0493 DD010000 		.4byte	.LASF54
 990 0497 09       		.byte	0x9
 991 0498 15       		.byte	0x15
 992 0499 17       		.uleb128 0x17
 993 049a 0C010000 		.4byte	.LASF55
 994 049e 0C010000 		.4byte	.LASF55
 995 04a2 09       		.byte	0x9
 996 04a3 18       		.byte	0x18
 997 04a4 00       		.byte	0
 998              		.section	.debug_abbrev,"",%progbits
 999              	.Ldebug_abbrev0:
 1000 0000 01       		.uleb128 0x1
 1001 0001 11       		.uleb128 0x11
 1002 0002 01       		.byte	0x1
 1003 0003 25       		.uleb128 0x25
 1004 0004 0E       		.uleb128 0xe
 1005 0005 13       		.uleb128 0x13
 1006 0006 0B       		.uleb128 0xb
 1007 0007 03       		.uleb128 0x3
 1008 0008 0E       		.uleb128 0xe
 1009 0009 1B       		.uleb128 0x1b
 1010 000a 0E       		.uleb128 0xe
 1011 000b 55       		.uleb128 0x55
 1012 000c 17       		.uleb128 0x17
 1013 000d 11       		.uleb128 0x11
 1014 000e 01       		.uleb128 0x1
 1015 000f 10       		.uleb128 0x10
 1016 0010 17       		.uleb128 0x17
 1017 0011 00       		.byte	0
 1018 0012 00       		.byte	0
 1019 0013 02       		.uleb128 0x2
 1020 0014 24       		.uleb128 0x24
 1021 0015 00       		.byte	0
ARM GAS  C:\Users\perhi\AppData\Local\Temp\ccVcYRm2.s 			page 21


 1022 0016 0B       		.uleb128 0xb
 1023 0017 0B       		.uleb128 0xb
 1024 0018 3E       		.uleb128 0x3e
 1025 0019 0B       		.uleb128 0xb
 1026 001a 03       		.uleb128 0x3
 1027 001b 0E       		.uleb128 0xe
 1028 001c 00       		.byte	0
 1029 001d 00       		.byte	0
 1030 001e 03       		.uleb128 0x3
 1031 001f 16       		.uleb128 0x16
 1032 0020 00       		.byte	0
 1033 0021 03       		.uleb128 0x3
 1034 0022 0E       		.uleb128 0xe
 1035 0023 3A       		.uleb128 0x3a
 1036 0024 0B       		.uleb128 0xb
 1037 0025 3B       		.uleb128 0x3b
 1038 0026 0B       		.uleb128 0xb
 1039 0027 49       		.uleb128 0x49
 1040 0028 13       		.uleb128 0x13
 1041 0029 00       		.byte	0
 1042 002a 00       		.byte	0
 1043 002b 04       		.uleb128 0x4
 1044 002c 24       		.uleb128 0x24
 1045 002d 00       		.byte	0
 1046 002e 0B       		.uleb128 0xb
 1047 002f 0B       		.uleb128 0xb
 1048 0030 3E       		.uleb128 0x3e
 1049 0031 0B       		.uleb128 0xb
 1050 0032 03       		.uleb128 0x3
 1051 0033 08       		.uleb128 0x8
 1052 0034 00       		.byte	0
 1053 0035 00       		.byte	0
 1054 0036 05       		.uleb128 0x5
 1055 0037 2E       		.uleb128 0x2e
 1056 0038 01       		.byte	0x1
 1057 0039 3F       		.uleb128 0x3f
 1058 003a 19       		.uleb128 0x19
 1059 003b 03       		.uleb128 0x3
 1060 003c 0E       		.uleb128 0xe
 1061 003d 3A       		.uleb128 0x3a
 1062 003e 0B       		.uleb128 0xb
 1063 003f 3B       		.uleb128 0x3b
 1064 0040 0B       		.uleb128 0xb
 1065 0041 27       		.uleb128 0x27
 1066 0042 19       		.uleb128 0x19
 1067 0043 11       		.uleb128 0x11
 1068 0044 01       		.uleb128 0x1
 1069 0045 12       		.uleb128 0x12
 1070 0046 06       		.uleb128 0x6
 1071 0047 40       		.uleb128 0x40
 1072 0048 18       		.uleb128 0x18
 1073 0049 9742     		.uleb128 0x2117
 1074 004b 19       		.uleb128 0x19
 1075 004c 01       		.uleb128 0x1
 1076 004d 13       		.uleb128 0x13
 1077 004e 00       		.byte	0
 1078 004f 00       		.byte	0
ARM GAS  C:\Users\perhi\AppData\Local\Temp\ccVcYRm2.s 			page 22


 1079 0050 06       		.uleb128 0x6
 1080 0051 05       		.uleb128 0x5
 1081 0052 00       		.byte	0
 1082 0053 03       		.uleb128 0x3
 1083 0054 0E       		.uleb128 0xe
 1084 0055 3A       		.uleb128 0x3a
 1085 0056 0B       		.uleb128 0xb
 1086 0057 3B       		.uleb128 0x3b
 1087 0058 0B       		.uleb128 0xb
 1088 0059 49       		.uleb128 0x49
 1089 005a 13       		.uleb128 0x13
 1090 005b 02       		.uleb128 0x2
 1091 005c 18       		.uleb128 0x18
 1092 005d 00       		.byte	0
 1093 005e 00       		.byte	0
 1094 005f 07       		.uleb128 0x7
 1095 0060 05       		.uleb128 0x5
 1096 0061 00       		.byte	0
 1097 0062 03       		.uleb128 0x3
 1098 0063 0E       		.uleb128 0xe
 1099 0064 3A       		.uleb128 0x3a
 1100 0065 0B       		.uleb128 0xb
 1101 0066 3B       		.uleb128 0x3b
 1102 0067 0B       		.uleb128 0xb
 1103 0068 49       		.uleb128 0x49
 1104 0069 13       		.uleb128 0x13
 1105 006a 02       		.uleb128 0x2
 1106 006b 17       		.uleb128 0x17
 1107 006c 00       		.byte	0
 1108 006d 00       		.byte	0
 1109 006e 08       		.uleb128 0x8
 1110 006f 898201   		.uleb128 0x4109
 1111 0072 01       		.byte	0x1
 1112 0073 11       		.uleb128 0x11
 1113 0074 01       		.uleb128 0x1
 1114 0075 31       		.uleb128 0x31
 1115 0076 13       		.uleb128 0x13
 1116 0077 01       		.uleb128 0x1
 1117 0078 13       		.uleb128 0x13
 1118 0079 00       		.byte	0
 1119 007a 00       		.byte	0
 1120 007b 09       		.uleb128 0x9
 1121 007c 8A8201   		.uleb128 0x410a
 1122 007f 00       		.byte	0
 1123 0080 02       		.uleb128 0x2
 1124 0081 18       		.uleb128 0x18
 1125 0082 9142     		.uleb128 0x2111
 1126 0084 18       		.uleb128 0x18
 1127 0085 00       		.byte	0
 1128 0086 00       		.byte	0
 1129 0087 0A       		.uleb128 0xa
 1130 0088 898201   		.uleb128 0x4109
 1131 008b 01       		.byte	0x1
 1132 008c 11       		.uleb128 0x11
 1133 008d 01       		.uleb128 0x1
 1134 008e 31       		.uleb128 0x31
 1135 008f 13       		.uleb128 0x13
ARM GAS  C:\Users\perhi\AppData\Local\Temp\ccVcYRm2.s 			page 23


 1136 0090 00       		.byte	0
 1137 0091 00       		.byte	0
 1138 0092 0B       		.uleb128 0xb
 1139 0093 2E       		.uleb128 0x2e
 1140 0094 00       		.byte	0
 1141 0095 3F       		.uleb128 0x3f
 1142 0096 19       		.uleb128 0x19
 1143 0097 03       		.uleb128 0x3
 1144 0098 0E       		.uleb128 0xe
 1145 0099 3A       		.uleb128 0x3a
 1146 009a 0B       		.uleb128 0xb
 1147 009b 3B       		.uleb128 0x3b
 1148 009c 0B       		.uleb128 0xb
 1149 009d 27       		.uleb128 0x27
 1150 009e 19       		.uleb128 0x19
 1151 009f 49       		.uleb128 0x49
 1152 00a0 13       		.uleb128 0x13
 1153 00a1 11       		.uleb128 0x11
 1154 00a2 01       		.uleb128 0x1
 1155 00a3 12       		.uleb128 0x12
 1156 00a4 06       		.uleb128 0x6
 1157 00a5 40       		.uleb128 0x40
 1158 00a6 18       		.uleb128 0x18
 1159 00a7 9742     		.uleb128 0x2117
 1160 00a9 19       		.uleb128 0x19
 1161 00aa 00       		.byte	0
 1162 00ab 00       		.byte	0
 1163 00ac 0C       		.uleb128 0xc
 1164 00ad 2E       		.uleb128 0x2e
 1165 00ae 01       		.byte	0x1
 1166 00af 3F       		.uleb128 0x3f
 1167 00b0 19       		.uleb128 0x19
 1168 00b1 03       		.uleb128 0x3
 1169 00b2 0E       		.uleb128 0xe
 1170 00b3 3A       		.uleb128 0x3a
 1171 00b4 0B       		.uleb128 0xb
 1172 00b5 3B       		.uleb128 0x3b
 1173 00b6 0B       		.uleb128 0xb
 1174 00b7 49       		.uleb128 0x49
 1175 00b8 13       		.uleb128 0x13
 1176 00b9 11       		.uleb128 0x11
 1177 00ba 01       		.uleb128 0x1
 1178 00bb 12       		.uleb128 0x12
 1179 00bc 06       		.uleb128 0x6
 1180 00bd 40       		.uleb128 0x40
 1181 00be 18       		.uleb128 0x18
 1182 00bf 9742     		.uleb128 0x2117
 1183 00c1 19       		.uleb128 0x19
 1184 00c2 01       		.uleb128 0x1
 1185 00c3 13       		.uleb128 0x13
 1186 00c4 00       		.byte	0
 1187 00c5 00       		.byte	0
 1188 00c6 0D       		.uleb128 0xd
 1189 00c7 34       		.uleb128 0x34
 1190 00c8 00       		.byte	0
 1191 00c9 03       		.uleb128 0x3
 1192 00ca 0E       		.uleb128 0xe
ARM GAS  C:\Users\perhi\AppData\Local\Temp\ccVcYRm2.s 			page 24


 1193 00cb 3A       		.uleb128 0x3a
 1194 00cc 0B       		.uleb128 0xb
 1195 00cd 3B       		.uleb128 0x3b
 1196 00ce 0B       		.uleb128 0xb
 1197 00cf 49       		.uleb128 0x49
 1198 00d0 13       		.uleb128 0x13
 1199 00d1 02       		.uleb128 0x2
 1200 00d2 17       		.uleb128 0x17
 1201 00d3 00       		.byte	0
 1202 00d4 00       		.byte	0
 1203 00d5 0E       		.uleb128 0xe
 1204 00d6 898201   		.uleb128 0x4109
 1205 00d9 00       		.byte	0
 1206 00da 11       		.uleb128 0x11
 1207 00db 01       		.uleb128 0x1
 1208 00dc 31       		.uleb128 0x31
 1209 00dd 13       		.uleb128 0x13
 1210 00de 00       		.byte	0
 1211 00df 00       		.byte	0
 1212 00e0 0F       		.uleb128 0xf
 1213 00e1 0B       		.uleb128 0xb
 1214 00e2 01       		.byte	0x1
 1215 00e3 11       		.uleb128 0x11
 1216 00e4 01       		.uleb128 0x1
 1217 00e5 12       		.uleb128 0x12
 1218 00e6 06       		.uleb128 0x6
 1219 00e7 01       		.uleb128 0x1
 1220 00e8 13       		.uleb128 0x13
 1221 00e9 00       		.byte	0
 1222 00ea 00       		.byte	0
 1223 00eb 10       		.uleb128 0x10
 1224 00ec 34       		.uleb128 0x34
 1225 00ed 00       		.byte	0
 1226 00ee 03       		.uleb128 0x3
 1227 00ef 08       		.uleb128 0x8
 1228 00f0 3A       		.uleb128 0x3a
 1229 00f1 0B       		.uleb128 0xb
 1230 00f2 3B       		.uleb128 0x3b
 1231 00f3 0B       		.uleb128 0xb
 1232 00f4 49       		.uleb128 0x49
 1233 00f5 13       		.uleb128 0x13
 1234 00f6 02       		.uleb128 0x2
 1235 00f7 17       		.uleb128 0x17
 1236 00f8 00       		.byte	0
 1237 00f9 00       		.byte	0
 1238 00fa 11       		.uleb128 0x11
 1239 00fb 34       		.uleb128 0x34
 1240 00fc 00       		.byte	0
 1241 00fd 03       		.uleb128 0x3
 1242 00fe 0E       		.uleb128 0xe
 1243 00ff 3A       		.uleb128 0x3a
 1244 0100 0B       		.uleb128 0xb
 1245 0101 3B       		.uleb128 0x3b
 1246 0102 0B       		.uleb128 0xb
 1247 0103 49       		.uleb128 0x49
 1248 0104 13       		.uleb128 0x13
 1249 0105 1C       		.uleb128 0x1c
ARM GAS  C:\Users\perhi\AppData\Local\Temp\ccVcYRm2.s 			page 25


 1250 0106 0D       		.uleb128 0xd
 1251 0107 00       		.byte	0
 1252 0108 00       		.byte	0
 1253 0109 12       		.uleb128 0x12
 1254 010a 34       		.uleb128 0x34
 1255 010b 00       		.byte	0
 1256 010c 03       		.uleb128 0x3
 1257 010d 0E       		.uleb128 0xe
 1258 010e 3A       		.uleb128 0x3a
 1259 010f 0B       		.uleb128 0xb
 1260 0110 3B       		.uleb128 0x3b
 1261 0111 0B       		.uleb128 0xb
 1262 0112 49       		.uleb128 0x49
 1263 0113 13       		.uleb128 0x13
 1264 0114 02       		.uleb128 0x2
 1265 0115 18       		.uleb128 0x18
 1266 0116 00       		.byte	0
 1267 0117 00       		.byte	0
 1268 0118 13       		.uleb128 0x13
 1269 0119 01       		.uleb128 0x1
 1270 011a 01       		.byte	0x1
 1271 011b 49       		.uleb128 0x49
 1272 011c 13       		.uleb128 0x13
 1273 011d 01       		.uleb128 0x1
 1274 011e 13       		.uleb128 0x13
 1275 011f 00       		.byte	0
 1276 0120 00       		.byte	0
 1277 0121 14       		.uleb128 0x14
 1278 0122 21       		.uleb128 0x21
 1279 0123 00       		.byte	0
 1280 0124 49       		.uleb128 0x49
 1281 0125 13       		.uleb128 0x13
 1282 0126 2F       		.uleb128 0x2f
 1283 0127 0B       		.uleb128 0xb
 1284 0128 00       		.byte	0
 1285 0129 00       		.byte	0
 1286 012a 15       		.uleb128 0x15
 1287 012b 34       		.uleb128 0x34
 1288 012c 00       		.byte	0
 1289 012d 03       		.uleb128 0x3
 1290 012e 0E       		.uleb128 0xe
 1291 012f 3A       		.uleb128 0x3a
 1292 0130 0B       		.uleb128 0xb
 1293 0131 3B       		.uleb128 0x3b
 1294 0132 05       		.uleb128 0x5
 1295 0133 49       		.uleb128 0x49
 1296 0134 13       		.uleb128 0x13
 1297 0135 3F       		.uleb128 0x3f
 1298 0136 19       		.uleb128 0x19
 1299 0137 3C       		.uleb128 0x3c
 1300 0138 19       		.uleb128 0x19
 1301 0139 00       		.byte	0
 1302 013a 00       		.byte	0
 1303 013b 16       		.uleb128 0x16
 1304 013c 35       		.uleb128 0x35
 1305 013d 00       		.byte	0
 1306 013e 49       		.uleb128 0x49
ARM GAS  C:\Users\perhi\AppData\Local\Temp\ccVcYRm2.s 			page 26


 1307 013f 13       		.uleb128 0x13
 1308 0140 00       		.byte	0
 1309 0141 00       		.byte	0
 1310 0142 17       		.uleb128 0x17
 1311 0143 2E       		.uleb128 0x2e
 1312 0144 00       		.byte	0
 1313 0145 3F       		.uleb128 0x3f
 1314 0146 19       		.uleb128 0x19
 1315 0147 3C       		.uleb128 0x3c
 1316 0148 19       		.uleb128 0x19
 1317 0149 6E       		.uleb128 0x6e
 1318 014a 0E       		.uleb128 0xe
 1319 014b 03       		.uleb128 0x3
 1320 014c 0E       		.uleb128 0xe
 1321 014d 3A       		.uleb128 0x3a
 1322 014e 0B       		.uleb128 0xb
 1323 014f 3B       		.uleb128 0x3b
 1324 0150 0B       		.uleb128 0xb
 1325 0151 00       		.byte	0
 1326 0152 00       		.byte	0
 1327 0153 00       		.byte	0
 1328              		.section	.debug_loc,"",%progbits
 1329              	.Ldebug_loc0:
 1330              	.LLST0:
 1331 0000 00000000 		.4byte	.LVL1
 1332 0004 0A000000 		.4byte	.LVL2
 1333 0008 0100     		.2byte	0x1
 1334 000a 50       		.byte	0x50
 1335 000b 0A000000 		.4byte	.LVL2
 1336 000f 40000000 		.4byte	.LFE65
 1337 0013 0400     		.2byte	0x4
 1338 0015 F3       		.byte	0xf3
 1339 0016 01       		.uleb128 0x1
 1340 0017 50       		.byte	0x50
 1341 0018 9F       		.byte	0x9f
 1342 0019 00000000 		.4byte	0
 1343 001d 00000000 		.4byte	0
 1344              	.LLST1:
 1345 0021 02000000 		.4byte	.LVL7
 1346 0025 0E000000 		.4byte	.LVL9
 1347 0029 0200     		.2byte	0x2
 1348 002b 30       		.byte	0x30
 1349 002c 9F       		.byte	0x9f
 1350 002d 0E000000 		.4byte	.LVL9
 1351 0031 2A000000 		.4byte	.LFE67
 1352 0035 0100     		.2byte	0x1
 1353 0037 54       		.byte	0x54
 1354 0038 00000000 		.4byte	0
 1355 003c 00000000 		.4byte	0
 1356              	.LLST2:
 1357 0040 0A000000 		.4byte	.LVL17
 1358 0044 52000000 		.4byte	.LVL28
 1359 0048 0100     		.2byte	0x1
 1360 004a 55       		.byte	0x55
 1361 004b 00000000 		.4byte	0
 1362 004f 00000000 		.4byte	0
 1363              	.LLST3:
ARM GAS  C:\Users\perhi\AppData\Local\Temp\ccVcYRm2.s 			page 27


 1364 0053 10000000 		.4byte	.LVL19
 1365 0057 52000000 		.4byte	.LVL28
 1366 005b 0100     		.2byte	0x1
 1367 005d 57       		.byte	0x57
 1368 005e 00000000 		.4byte	0
 1369 0062 00000000 		.4byte	0
 1370              	.LLST4:
 1371 0066 16000000 		.4byte	.LVL21
 1372 006a 52000000 		.4byte	.LVL28
 1373 006e 0100     		.2byte	0x1
 1374 0070 54       		.byte	0x54
 1375 0071 00000000 		.4byte	0
 1376 0075 00000000 		.4byte	0
 1377              	.LLST5:
 1378 0079 1C000000 		.4byte	.LVL23
 1379 007d 52000000 		.4byte	.LVL28
 1380 0081 0100     		.2byte	0x1
 1381 0083 56       		.byte	0x56
 1382 0084 00000000 		.4byte	0
 1383 0088 00000000 		.4byte	0
 1384              	.LLST6:
 1385 008c 0E000000 		.4byte	.LVL32
 1386 0090 42000000 		.4byte	.LVL46
 1387 0094 0100     		.2byte	0x1
 1388 0096 55       		.byte	0x55
 1389 0097 00000000 		.4byte	0
 1390 009b 00000000 		.4byte	0
 1391              	.LLST7:
 1392 009f 16000000 		.4byte	.LVL34
 1393 00a3 4C000000 		.4byte	.LVL47
 1394 00a7 0100     		.2byte	0x1
 1395 00a9 54       		.byte	0x54
 1396 00aa 00000000 		.4byte	0
 1397 00ae 00000000 		.4byte	0
 1398              	.LLST8:
 1399 00b2 3A000000 		.4byte	.LVL45
 1400 00b6 82000000 		.4byte	.LVL49
 1401 00ba 0100     		.2byte	0x1
 1402 00bc 50       		.byte	0x50
 1403 00bd 82000000 		.4byte	.LVL49
 1404 00c1 9A000000 		.4byte	.LFE69
 1405 00c5 0200     		.2byte	0x2
 1406 00c7 91       		.byte	0x91
 1407 00c8 53       		.sleb128 -45
 1408 00c9 00000000 		.4byte	0
 1409 00cd 00000000 		.4byte	0
 1410              	.LLST9:
 1411 00d1 7E000000 		.4byte	.LVL48
 1412 00d5 82000000 		.4byte	.LVL49
 1413 00d9 0200     		.2byte	0x2
 1414 00db 30       		.byte	0x30
 1415 00dc 9F       		.byte	0x9f
 1416 00dd 82000000 		.4byte	.LVL49
 1417 00e1 9A000000 		.4byte	.LFE69
 1418 00e5 0100     		.2byte	0x1
 1419 00e7 54       		.byte	0x54
 1420 00e8 00000000 		.4byte	0
ARM GAS  C:\Users\perhi\AppData\Local\Temp\ccVcYRm2.s 			page 28


 1421 00ec 00000000 		.4byte	0
 1422              		.section	.debug_aranges,"",%progbits
 1423 0000 44000000 		.4byte	0x44
 1424 0004 0200     		.2byte	0x2
 1425 0006 00000000 		.4byte	.Ldebug_info0
 1426 000a 04       		.byte	0x4
 1427 000b 00       		.byte	0
 1428 000c 0000     		.2byte	0
 1429 000e 0000     		.2byte	0
 1430 0010 00000000 		.4byte	.LFB64
 1431 0014 18000000 		.4byte	.LFE64-.LFB64
 1432 0018 00000000 		.4byte	.LFB65
 1433 001c 40000000 		.4byte	.LFE65-.LFB65
 1434 0020 00000000 		.4byte	.LFB66
 1435 0024 0C000000 		.4byte	.LFE66-.LFB66
 1436 0028 00000000 		.4byte	.LFB67
 1437 002c 2A000000 		.4byte	.LFE67-.LFB67
 1438 0030 00000000 		.4byte	.LFB68
 1439 0034 5C000000 		.4byte	.LFE68-.LFB68
 1440 0038 00000000 		.4byte	.LFB69
 1441 003c 9A000000 		.4byte	.LFE69-.LFB69
 1442 0040 00000000 		.4byte	0
 1443 0044 00000000 		.4byte	0
 1444              		.section	.debug_ranges,"",%progbits
 1445              	.Ldebug_ranges0:
 1446 0000 00000000 		.4byte	.LFB64
 1447 0004 18000000 		.4byte	.LFE64
 1448 0008 00000000 		.4byte	.LFB65
 1449 000c 40000000 		.4byte	.LFE65
 1450 0010 00000000 		.4byte	.LFB66
 1451 0014 0C000000 		.4byte	.LFE66
 1452 0018 00000000 		.4byte	.LFB67
 1453 001c 2A000000 		.4byte	.LFE67
 1454 0020 00000000 		.4byte	.LFB68
 1455 0024 5C000000 		.4byte	.LFE68
 1456 0028 00000000 		.4byte	.LFB69
 1457 002c 9A000000 		.4byte	.LFE69
 1458 0030 00000000 		.4byte	0
 1459 0034 00000000 		.4byte	0
 1460              		.section	.debug_line,"",%progbits
 1461              	.Ldebug_line0:
 1462 0000 A5020000 		.section	.debug_str,"MS",%progbits,1
 1462      0200C701 
 1462      00000201 
 1462      FB0E0D00 
 1462      01010101 
 1463              	.LASF40:
 1464 0000 73756E5F 		.ascii	"sun_down\000"
 1464      646F776E 
 1464      00
 1465              	.LASF35:
 1466 0009 62617474 		.ascii	"batteryAmp\000"
 1466      65727941 
 1466      6D7000
 1467              	.LASF28:
 1468 0014 72696768 		.ascii	"right\000"
 1468      7400
ARM GAS  C:\Users\perhi\AppData\Local\Temp\ccVcYRm2.s 			page 29


 1469              	.LASF31:
 1470 001a 73656E64 		.ascii	"sendData\000"
 1470      44617461 
 1470      00
 1471              	.LASF2:
 1472 0023 73686F72 		.ascii	"short int\000"
 1472      7420696E 
 1472      7400
 1473              	.LASF18:
 1474 002d 73697A65 		.ascii	"size_t\000"
 1474      5F7400
 1475              	.LASF22:
 1476 0034 6D616E75 		.ascii	"manualControl\000"
 1476      616C436F 
 1476      6E74726F 
 1476      6C00
 1477              	.LASF20:
 1478 0042 73697A65 		.ascii	"sizetype\000"
 1478      74797065 
 1478      00
 1479              	.LASF4:
 1480 004b 5F5F7569 		.ascii	"__uint16_t\000"
 1480      6E743136 
 1480      5F7400
 1481              	.LASF53:
 1482 0056 67657445 		.ascii	"getElevationPosition\000"
 1482      6C657661 
 1482      74696F6E 
 1482      506F7369 
 1482      74696F6E 
 1483              	.LASF59:
 1484 006b 67657443 		.ascii	"getCurrentMode\000"
 1484      75727265 
 1484      6E744D6F 
 1484      646500
 1485              	.LASF12:
 1486 007a 75696E74 		.ascii	"uint8_t\000"
 1486      385F7400 
 1487              	.LASF25:
 1488 0082 74726163 		.ascii	"trackSun\000"
 1488      6B53756E 
 1488      00
 1489              	.LASF45:
 1490 008b 6D6F7665 		.ascii	"moveElevation\000"
 1490      456C6576 
 1490      6174696F 
 1490      6E00
 1491              	.LASF42:
 1492 0099 64617461 		.ascii	"dataSequence\000"
 1492      53657175 
 1492      656E6365 
 1492      00
 1493              	.LASF43:
 1494 00a6 63757272 		.ascii	"currentMode\000"
 1494      656E744D 
 1494      6F646500 
 1495              	.LASF15:
ARM GAS  C:\Users\perhi\AppData\Local\Temp\ccVcYRm2.s 			page 30


 1496 00b2 666C6F61 		.ascii	"float\000"
 1496      7400
 1497              	.LASF52:
 1498 00b8 67657441 		.ascii	"getAzimuthPosition\000"
 1498      7A696D75 
 1498      7468506F 
 1498      73697469 
 1498      6F6E00
 1499              	.LASF9:
 1500 00cb 6C6F6E67 		.ascii	"long long int\000"
 1500      206C6F6E 
 1500      6720696E 
 1500      7400
 1501              	.LASF34:
 1502 00d9 656C6576 		.ascii	"elevation\000"
 1502      6174696F 
 1502      6E00
 1503              	.LASF7:
 1504 00e3 6C6F6E67 		.ascii	"long int\000"
 1504      20696E74 
 1504      00
 1505              	.LASF46:
 1506 00ec 73756E4C 		.ascii	"sunLeft\000"
 1506      65667400 
 1507              	.LASF3:
 1508 00f4 5F5F7569 		.ascii	"__uint8_t\000"
 1508      6E74385F 
 1508      7400
 1509              	.LASF1:
 1510 00fe 756E7369 		.ascii	"unsigned char\000"
 1510      676E6564 
 1510      20636861 
 1510      7200
 1511              	.LASF55:
 1512 010c 766F6C74 		.ascii	"voltageDividerToPercent\000"
 1512      61676544 
 1512      69766964 
 1512      6572546F 
 1512      50657263 
 1513              	.LASF19:
 1514 0124 6C6F6E67 		.ascii	"long double\000"
 1514      20646F75 
 1514      626C6500 
 1515              	.LASF32:
 1516 0130 73746172 		.ascii	"start\000"
 1516      7400
 1517              	.LASF51:
 1518 0136 53504953 		.ascii	"SPIS_1_WriteTxData\000"
 1518      5F315F57 
 1518      72697465 
 1518      54784461 
 1518      746100
 1519              	.LASF0:
 1520 0149 7369676E 		.ascii	"signed char\000"
 1520      65642063 
 1520      68617200 
 1521              	.LASF14:
ARM GAS  C:\Users\perhi\AppData\Local\Temp\ccVcYRm2.s 			page 31


 1522 0155 696E7433 		.ascii	"int32_t\000"
 1522      325F7400 
 1523              	.LASF10:
 1524 015d 6C6F6E67 		.ascii	"long long unsigned int\000"
 1524      206C6F6E 
 1524      6720756E 
 1524      7369676E 
 1524      65642069 
 1525              	.LASF58:
 1526 0174 453A5C57 		.ascii	"E:\\WAM_PSoC\\Wam_PSoC.cydsn\000"
 1526      414D5F50 
 1526      536F435C 
 1526      57616D5F 
 1526      50536F43 
 1527              	.LASF11:
 1528 018f 756E7369 		.ascii	"unsigned int\000"
 1528      676E6564 
 1528      20696E74 
 1528      00
 1529              	.LASF13:
 1530 019c 75696E74 		.ascii	"uint16_t\000"
 1530      31365F74 
 1530      00
 1531              	.LASF21:
 1532 01a5 7365744D 		.ascii	"setMode\000"
 1532      6F646500 
 1533              	.LASF5:
 1534 01ad 73686F72 		.ascii	"short unsigned int\000"
 1534      7420756E 
 1534      7369676E 
 1534      65642069 
 1534      6E7400
 1535              	.LASF41:
 1536 01c0 73746F70 		.ascii	"stop\000"
 1536      00
 1537              	.LASF17:
 1538 01c5 63686172 		.ascii	"char\000"
 1538      00
 1539              	.LASF27:
 1540 01ca 6C656674 		.ascii	"left\000"
 1540      00
 1541              	.LASF49:
 1542 01cf 73756E44 		.ascii	"sunDown\000"
 1542      6F776E00 
 1543              	.LASF30:
 1544 01d7 5F426F6F 		.ascii	"_Bool\000"
 1544      6C00
 1545              	.LASF54:
 1546 01dd 7363616C 		.ascii	"scaledCurrentHall\000"
 1546      65644375 
 1546      7272656E 
 1546      7448616C 
 1546      6C00
 1547              	.LASF47:
 1548 01ef 73756E52 		.ascii	"sunRight\000"
 1548      69676874 
 1548      00
ARM GAS  C:\Users\perhi\AppData\Local\Temp\ccVcYRm2.s 			page 32


 1549              	.LASF33:
 1550 01f8 617A696D 		.ascii	"azimuth\000"
 1550      75746800 
 1551              	.LASF37:
 1552 0200 73756E5F 		.ascii	"sun_left\000"
 1552      6C656674 
 1552      00
 1553              	.LASF39:
 1554 0209 73756E5F 		.ascii	"sun_up\000"
 1554      757000
 1555              	.LASF8:
 1556 0210 6C6F6E67 		.ascii	"long unsigned int\000"
 1556      20756E73 
 1556      69676E65 
 1556      6420696E 
 1556      7400
 1557              	.LASF16:
 1558 0222 646F7562 		.ascii	"double\000"
 1558      6C6500
 1559              	.LASF26:
 1560 0229 636F756E 		.ascii	"count\000"
 1560      7400
 1561              	.LASF6:
 1562 022f 5F5F696E 		.ascii	"__int32_t\000"
 1562      7433325F 
 1562      7400
 1563              	.LASF57:
 1564 0239 53756E54 		.ascii	"SunTracker.c\000"
 1564      7261636B 
 1564      65722E63 
 1564      00
 1565              	.LASF48:
 1566 0246 73756E55 		.ascii	"sunUp\000"
 1566      7000
 1567              	.LASF60:
 1568 024c 49544D5F 		.ascii	"ITM_RxBuffer\000"
 1568      52784275 
 1568      66666572 
 1568      00
 1569              	.LASF56:
 1570 0259 474E5520 		.ascii	"GNU C11 5.4.1 20160609 (release) [ARM/embedded-5-br"
 1570      43313120 
 1570      352E342E 
 1570      31203230 
 1570      31363036 
 1571 028c 616E6368 		.ascii	"anch revision 237715] -mcpu=cortex-m3 -mthumb -g -O"
 1571      20726576 
 1571      6973696F 
 1571      6E203233 
 1571      37373135 
 1572 02bf 67202D66 		.ascii	"g -ffunction-sections -ffat-lto-objects\000"
 1572      66756E63 
 1572      74696F6E 
 1572      2D736563 
 1572      74696F6E 
 1573              	.LASF50:
 1574 02e7 43794465 		.ascii	"CyDelay\000"
ARM GAS  C:\Users\perhi\AppData\Local\Temp\ccVcYRm2.s 			page 33


 1574      6C617900 
 1575              	.LASF29:
 1576 02ef 646F776E 		.ascii	"down\000"
 1576      00
 1577              	.LASF36:
 1578 02f4 62617474 		.ascii	"batteryStatus\000"
 1578      65727953 
 1578      74617475 
 1578      7300
 1579              	.LASF23:
 1580 0302 636F6D6D 		.ascii	"command\000"
 1580      616E6400 
 1581              	.LASF38:
 1582 030a 73756E5F 		.ascii	"sun_right\000"
 1582      72696768 
 1582      7400
 1583              	.LASF24:
 1584 0314 636F756E 		.ascii	"countSensorsDetectingSun\000"
 1584      7453656E 
 1584      736F7273 
 1584      44657465 
 1584      6374696E 
 1585              	.LASF44:
 1586 032d 6D6F7665 		.ascii	"moveAzimuth\000"
 1586      417A696D 
 1586      75746800 
 1587              		.ident	"GCC: (GNU Tools for ARM Embedded Processors) 5.4.1 20160609 (release) [ARM/embedded-5-bran
