--------------- Build Started: 05/08/2024 18:22:07 Project: StepperMotorDriver, Configuration: ARM GCC 5.4-2016-q2-update Debug ---------------
cydsfit.exe -.appdatapath "C:\Users\degn\AppData\Local\Cypress Semiconductor\PSoC Creator\4.4" -.fdsnotice -.fdswarpdepfile=warp_dependencies.txt -.fdselabdepfile=elab_dependencies.txt -.fdsbldfile=generated_files.txt -.fdsreffile=referenced_files.txt -p "C:\Users\degn\OneDrive - Aarhus universitet\Skrivebord\AU\E3\PRJ3\Kode\StepperMotorDriver\StepperMotorDriver.cydsn\StepperMotorDriver.cyprj" -d CY8C5888LTI-LP097 -s "C:\Users\degn\OneDrive - Aarhus universitet\Skrivebord\AU\E3\PRJ3\Kode\StepperMotorDriver\StepperMotorDriver.cydsn\Generated_Source\PSoC5" -- -yv2 -q10 -ygs -o2 -v3 -.fftcfgtype=LE
Elaborating Design...
HDL Generation...
Synthesis...
Tech Mapping...
Analog Placement...
Analog Routing...
Analog Code Generation...
Digital Placement...
Digital Routing...
Bitstream Generation...
Bitstream Verification...
Static timing analysis...
API Generation...
Dependency Generation...
Cleanup...
arm-none-eabi-gcc.exe -mcpu=cortex-m3 -mthumb -I. -IGenerated_Source\PSoC5 -Wa,-alh=.\CortexM3\ARM_GCC_541\Debug/cymetadata.lst -g -D DEBUG -D CY_CORE_ID=0 -Wall -ffunction-sections -ffat-lto-objects -Og -c Generated_Source\PSoC5\cymetadata.c -o .\CortexM3\ARM_GCC_541\Debug\cymetadata.o
arm-none-eabi-ar.exe -rs .\CortexM3\ARM_GCC_541\Debug\StepperMotorDriver.a .\CortexM3\ARM_GCC_541\Debug\UART_1.o .\CortexM3\ARM_GCC_541\Debug\UART_1_PM.o .\CortexM3\ARM_GCC_541\Debug\UART_1_INT.o .\CortexM3\ARM_GCC_541\Debug\UART_1_BOOT.o .\CortexM3\ARM_GCC_541\Debug\UART_1_IntClock.o .\CortexM3\ARM_GCC_541\Debug\CyDmac.o .\CortexM3\ARM_GCC_541\Debug\CyFlash.o .\CortexM3\ARM_GCC_541\Debug\CyLib.o .\CortexM3\ARM_GCC_541\Debug\cyPm.o .\CortexM3\ARM_GCC_541\Debug\CySpc.o .\CortexM3\ARM_GCC_541\Debug\cyutils.o .\CortexM3\ARM_GCC_541\Debug\cy_em_eeprom.o .\CortexM3\ARM_GCC_541\Debug\Azimuth_Pin_1.o .\CortexM3\ARM_GCC_541\Debug\Azimuth_Pin_4.o .\CortexM3\ARM_GCC_541\Debug\Azimuth_Pin_3.o .\CortexM3\ARM_GCC_541\Debug\Azimuth_Pin_2.o .\CortexM3\ARM_GCC_541\Debug\Limit_Up.o .\CortexM3\ARM_GCC_541\Debug\Limit_Down.o .\CortexM3\ARM_GCC_541\Debug\Limit_Right.o .\CortexM3\ARM_GCC_541\Debug\Limit_Left.o .\CortexM3\ARM_GCC_541\Debug\Elevation_Pin_1.o .\CortexM3\ARM_GCC_541\Debug\Elevation_Pin_2.o .\CortexM3\ARM_GCC_541\Debug\Elevation_Pin_3.o .\CortexM3\ARM_GCC_541\Debug\Elevation_Pin_4.o .\CortexM3\ARM_GCC_541\Debug\isr_uart_rx.o .\CortexM3\ARM_GCC_541\Debug\Clock_1.o .\CortexM3\ARM_GCC_541\Debug\isr_motor.o .\CortexM3\ARM_GCC_541\Debug\CyBootAsmGnu.o
arm-none-eabi-ar.exe: creating .\CortexM3\ARM_GCC_541\Debug\StepperMotorDriver.a
arm-none-eabi-gcc.exe -Wl,--start-group -o "C:\Users\degn\OneDrive - Aarhus universitet\Skrivebord\AU\E3\PRJ3\Kode\StepperMotorDriver\StepperMotorDriver.cydsn\CortexM3\ARM_GCC_541\Debug\StepperMotorDriver.elf" .\CortexM3\ARM_GCC_541\Debug\main.o .\CortexM3\ARM_GCC_541\Debug\StepperMotorDriver.o .\CortexM3\ARM_GCC_541\Debug\cyfitter_cfg.o .\CortexM3\ARM_GCC_541\Debug\cymetadata.o .\CortexM3\ARM_GCC_541\Debug\Cm3Start.o .\CortexM3\ARM_GCC_541\Debug\StepperMotorDriver.a "C:\Program Files (x86)\Cypress\PSoC Creator\4.4\PSoC Creator\psoc\content\cycomponentlibrary\CyComponentLibrary.cylib\CortexM3\ARM_GCC_541\Debug\CyComponentLibrary.a" -mcpu=cortex-m3 -mthumb -L Generated_Source\PSoC5 -Wl,-Map,.\CortexM3\ARM_GCC_541\Debug/StepperMotorDriver.map -T Generated_Source\PSoC5\cm3gcc.ld -specs=nano.specs -Wl,--gc-sections -g -ffunction-sections -Og -ffat-lto-objects -Wl,--end-group
cyelftool.exe -C "C:\Users\degn\OneDrive - Aarhus universitet\Skrivebord\AU\E3\PRJ3\Kode\StepperMotorDriver\StepperMotorDriver.cydsn\CortexM3\ARM_GCC_541\Debug\StepperMotorDriver.elf" --flash_row_size 256 --flash_size 262144 --flash_offset 0x00000000
No ELF section .cychecksum found, creating one
Application checksum calculated and stored in ELF section .cychecksum
Checksum calculated and stored in ELF section .cymeta
cyelftool.exe -S "C:\Users\degn\OneDrive - Aarhus universitet\Skrivebord\AU\E3\PRJ3\Kode\StepperMotorDriver\StepperMotorDriver.cydsn\CortexM3\ARM_GCC_541\Debug\StepperMotorDriver.elf"
Flash used: 5456 of 262144 bytes (2,1 %).
SRAM used: 2689 of 65536 bytes (4,1 %). Stack: 2048 bytes. Heap: 128 bytes.
--------------- Build Succeeded: 05/08/2024 18:22:25 ---------------
