ARM GAS  C:\Users\andre\AppData\Local\Temp\ccQGfqTg.s 			page 1


   1              		.syntax unified
   2              		.cpu cortex-m3
   3              		.fpu softvfp
   4              		.eabi_attribute 20, 1
   5              		.eabi_attribute 21, 1
   6              		.eabi_attribute 23, 3
   7              		.eabi_attribute 24, 1
   8              		.eabi_attribute 25, 1
   9              		.eabi_attribute 26, 1
  10              		.eabi_attribute 30, 1
  11              		.eabi_attribute 34, 1
  12              		.eabi_attribute 18, 4
  13              		.thumb
  14              		.syntax unified
  15              		.file	"BatteriDriver.c"
  16              		.text
  17              	.Ltext0:
  18              		.cfi_sections	.debug_frame
  19              		.section	.text.currentHall,"ax",%progbits
  20              		.align	2
  21              		.global	currentHall
  22              		.thumb
  23              		.thumb_func
  24              		.type	currentHall, %function
  25              	currentHall:
  26              	.LFB63:
  27              		.file 1 "BatteriDriver.c"
   1:BatteriDriver.c **** /* ========================================
   2:BatteriDriver.c ****  *
   3:BatteriDriver.c ****  * Copyright YOUR COMPANY, THE YEAR
   4:BatteriDriver.c ****  * All Rights Reserved
   5:BatteriDriver.c ****  * UNPUBLISHED, LICENSED SOFTWARE.
   6:BatteriDriver.c ****  *
   7:BatteriDriver.c ****  * CONFIDENTIAL AND PROPRIETARY INFORMATION
   8:BatteriDriver.c ****  * WHICH IS THE PROPERTY OF your company.
   9:BatteriDriver.c ****  *
  10:BatteriDriver.c ****  * ========================================
  11:BatteriDriver.c **** */
  12:BatteriDriver.c **** #include"BatteriDriver.h"
  13:BatteriDriver.c **** 
  14:BatteriDriver.c **** 
  15:BatteriDriver.c **** int16_t currentHall()
  16:BatteriDriver.c **** {
  28              		.loc 1 16 0
  29              		.cfi_startproc
  30              		@ args = 0, pretend = 0, frame = 0
  31              		@ frame_needed = 0, uses_anonymous_args = 0
  32 0000 38B5     		push	{r3, r4, r5, lr}
  33              		.cfi_def_cfa_offset 16
  34              		.cfi_offset 3, -16
  35              		.cfi_offset 4, -12
  36              		.cfi_offset 5, -8
  37              		.cfi_offset 14, -4
  38              	.LVL0:
  39              	.LBB2:
  17:BatteriDriver.c ****     
  18:BatteriDriver.c ****     
ARM GAS  C:\Users\andre\AppData\Local\Temp\ccQGfqTg.s 			page 2


  19:BatteriDriver.c ****     int32_t sum = 0;
  20:BatteriDriver.c ****     
  21:BatteriDriver.c ****     for (int i = 0; i < 1000; i++)
  40              		.loc 1 21 0
  41 0002 0024     		movs	r4, #0
  42              	.LBE2:
  19:BatteriDriver.c ****     
  43              		.loc 1 19 0
  44 0004 2546     		mov	r5, r4
  45              	.LBB4:
  46              		.loc 1 21 0
  47 0006 05E0     		b	.L2
  48              	.LVL1:
  49              	.L3:
  50              	.LBB3:
  22:BatteriDriver.c ****     {
  23:BatteriDriver.c ****         
  24:BatteriDriver.c ****         int16_t result1 = ADC_SAR_1_CountsTo_mVolts(ADC_SAR_1_GetResult16()); 
  51              		.loc 1 24 0 discriminator 3
  52 0008 FFF7FEFF 		bl	ADC_SAR_1_GetResult16
  53              	.LVL2:
  54 000c FFF7FEFF 		bl	ADC_SAR_1_CountsTo_mVolts
  55              	.LVL3:
  25:BatteriDriver.c ****         
  26:BatteriDriver.c ****         sum+= result1;
  56              		.loc 1 26 0 discriminator 3
  57 0010 0544     		add	r5, r5, r0
  58              	.LVL4:
  59              	.LBE3:
  21:BatteriDriver.c ****     {
  60              		.loc 1 21 0 discriminator 3
  61 0012 0134     		adds	r4, r4, #1
  62              	.LVL5:
  63              	.L2:
  21:BatteriDriver.c ****     {
  64              		.loc 1 21 0 is_stmt 0 discriminator 1
  65 0014 B4F57A7F 		cmp	r4, #1000
  66 0018 F6DB     		blt	.L3
  67              	.LBE4:
  27:BatteriDriver.c ****     }
  28:BatteriDriver.c ****     
  29:BatteriDriver.c ****     return sum/1000;
  68              		.loc 1 29 0 is_stmt 1
  69 001a 0448     		ldr	r0, .L5
  70 001c 80FB0530 		smull	r3, r0, r0, r5
  71 0020 ED17     		asrs	r5, r5, #31
  72              	.LVL6:
  73 0022 C5EBA010 		rsb	r0, r5, r0, asr #6
  30:BatteriDriver.c ****     
  31:BatteriDriver.c **** }
  74              		.loc 1 31 0
  75 0026 00B2     		sxth	r0, r0
  76 0028 38BD     		pop	{r3, r4, r5, pc}
  77              	.LVL7:
  78              	.L6:
  79 002a 00BF     		.align	2
  80              	.L5:
ARM GAS  C:\Users\andre\AppData\Local\Temp\ccQGfqTg.s 			page 3


  81 002c D34D6210 		.word	274877907
  82              		.cfi_endproc
  83              	.LFE63:
  84              		.size	currentHall, .-currentHall
  85              		.section	.text.voltageDividerToPercent,"ax",%progbits
  86              		.align	2
  87              		.global	voltageDividerToPercent
  88              		.thumb
  89              		.thumb_func
  90              		.type	voltageDividerToPercent, %function
  91              	voltageDividerToPercent:
  92              	.LFB64:
  32:BatteriDriver.c **** int16_t voltageDividerToPercent()
  33:BatteriDriver.c **** {
  93              		.loc 1 33 0
  94              		.cfi_startproc
  95              		@ args = 0, pretend = 0, frame = 0
  96              		@ frame_needed = 0, uses_anonymous_args = 0
  97 0000 08B5     		push	{r3, lr}
  98              		.cfi_def_cfa_offset 8
  99              		.cfi_offset 3, -8
 100              		.cfi_offset 14, -4
 101              	.LVL8:
  34:BatteriDriver.c ****    int16_t UpperLimit = 12000;
  35:BatteriDriver.c ****    int16_t LowerLimit = 8200;
  36:BatteriDriver.c ****    int16_t result2 = ADC_SAR_2_CountsTo_mVolts(ADC_SAR_2_GetResult16());
 102              		.loc 1 36 0
 103 0002 FFF7FEFF 		bl	ADC_SAR_2_GetResult16
 104              	.LVL9:
 105 0006 FFF7FEFF 		bl	ADC_SAR_2_CountsTo_mVolts
 106              	.LVL10:
  37:BatteriDriver.c ****    int16_t scaled = (result2 * 3 - LowerLimit) * 100 / (UpperLimit - LowerLimit);
 107              		.loc 1 37 0
 108 000a 00EB4000 		add	r0, r0, r0, lsl #1
 109              	.LVL11:
 110 000e A0F50050 		sub	r0, r0, #8192
 111 0012 0838     		subs	r0, r0, #8
 112 0014 6423     		movs	r3, #100
 113 0016 03FB00F0 		mul	r0, r3, r0
 114 001a 074B     		ldr	r3, .L11
 115 001c 83FB0023 		smull	r2, r3, r3, r0
 116 0020 C017     		asrs	r0, r0, #31
 117 0022 C0EBA320 		rsb	r0, r0, r3, asr #10
 118 0026 00B2     		sxth	r0, r0
 119              	.LVL12:
  38:BatteriDriver.c ****    return scaled > 100 ? 100 : (scaled < 0 ? 0 : scaled);
 120              		.loc 1 38 0
 121 0028 6428     		cmp	r0, #100
 122 002a 02DC     		bgt	.L9
 123              		.loc 1 38 0 is_stmt 0 discriminator 1
 124 002c 20EAE070 		bic	r0, r0, r0, asr #31
 125              	.LVL13:
 126 0030 08BD     		pop	{r3, pc}
 127              	.LVL14:
 128              	.L9:
 129              		.loc 1 38 0
 130 0032 6420     		movs	r0, #100
ARM GAS  C:\Users\andre\AppData\Local\Temp\ccQGfqTg.s 			page 4


 131              	.LVL15:
  39:BatteriDriver.c **** }
 132              		.loc 1 39 0 is_stmt 1
 133 0034 08BD     		pop	{r3, pc}
 134              	.L12:
 135 0036 00BF     		.align	2
 136              	.L11:
 137 0038 353AFC44 		.word	1157380661
 138              		.cfi_endproc
 139              	.LFE64:
 140              		.size	voltageDividerToPercent, .-voltageDividerToPercent
 141              		.text
 142              	.Letext0:
 143              		.file 2 "c:\\program files (x86)\\cypress\\psoc creator\\4.4\\psoc creator\\import\\gnu\\arm\\5.4.
 144              		.file 3 "c:\\program files (x86)\\cypress\\psoc creator\\4.4\\psoc creator\\import\\gnu\\arm\\5.4.
 145              		.file 4 "Generated_Source\\PSoC5/ADC_SAR_1.h"
 146              		.file 5 "Generated_Source\\PSoC5/ADC_SAR_2.h"
 147              		.file 6 "Generated_Source\\PSoC5/core_cm3.h"
 148              		.section	.debug_info,"",%progbits
 149              	.Ldebug_info0:
 150 0000 BF010000 		.4byte	0x1bf
 151 0004 0400     		.2byte	0x4
 152 0006 00000000 		.4byte	.Ldebug_abbrev0
 153 000a 04       		.byte	0x4
 154 000b 01       		.uleb128 0x1
 155 000c 5D000000 		.4byte	.LASF29
 156 0010 0C       		.byte	0xc
 157 0011 CA010000 		.4byte	.LASF30
 158 0015 13020000 		.4byte	.LASF31
 159 0019 18000000 		.4byte	.Ldebug_ranges0+0x18
 160 001d 00000000 		.4byte	0
 161 0021 00000000 		.4byte	.Ldebug_line0
 162 0025 02       		.uleb128 0x2
 163 0026 01       		.byte	0x1
 164 0027 06       		.byte	0x6
 165 0028 82020000 		.4byte	.LASF0
 166 002c 02       		.uleb128 0x2
 167 002d 01       		.byte	0x1
 168 002e 08       		.byte	0x8
 169 002f 4F000000 		.4byte	.LASF1
 170 0033 03       		.uleb128 0x3
 171 0034 10000000 		.4byte	.LASF4
 172 0038 02       		.byte	0x2
 173 0039 29       		.byte	0x29
 174 003a 3E000000 		.4byte	0x3e
 175 003e 02       		.uleb128 0x2
 176 003f 02       		.byte	0x2
 177 0040 05       		.byte	0x5
 178 0041 F4010000 		.4byte	.LASF2
 179 0045 02       		.uleb128 0x2
 180 0046 02       		.byte	0x2
 181 0047 07       		.byte	0x7
 182 0048 FD000000 		.4byte	.LASF3
 183 004c 03       		.uleb128 0x3
 184 004d 1A000000 		.4byte	.LASF5
 185 0051 02       		.byte	0x2
 186 0052 3F       		.byte	0x3f
ARM GAS  C:\Users\andre\AppData\Local\Temp\ccQGfqTg.s 			page 5


 187 0053 57000000 		.4byte	0x57
 188 0057 02       		.uleb128 0x2
 189 0058 04       		.byte	0x4
 190 0059 05       		.byte	0x5
 191 005a 0A020000 		.4byte	.LASF6
 192 005e 02       		.uleb128 0x2
 193 005f 04       		.byte	0x4
 194 0060 07       		.byte	0x7
 195 0061 EB000000 		.4byte	.LASF7
 196 0065 02       		.uleb128 0x2
 197 0066 08       		.byte	0x8
 198 0067 05       		.byte	0x5
 199 0068 A5010000 		.4byte	.LASF8
 200 006c 02       		.uleb128 0x2
 201 006d 08       		.byte	0x8
 202 006e 07       		.byte	0x7
 203 006f 5F010000 		.4byte	.LASF9
 204 0073 04       		.uleb128 0x4
 205 0074 04       		.byte	0x4
 206 0075 05       		.byte	0x5
 207 0076 696E7400 		.ascii	"int\000"
 208 007a 02       		.uleb128 0x2
 209 007b 04       		.byte	0x4
 210 007c 07       		.byte	0x7
 211 007d 52010000 		.4byte	.LASF10
 212 0081 03       		.uleb128 0x3
 213 0082 76010000 		.4byte	.LASF11
 214 0086 03       		.byte	0x3
 215 0087 20       		.byte	0x20
 216 0088 33000000 		.4byte	0x33
 217 008c 03       		.uleb128 0x3
 218 008d 7E010000 		.4byte	.LASF12
 219 0091 03       		.byte	0x3
 220 0092 2C       		.byte	0x2c
 221 0093 4C000000 		.4byte	0x4c
 222 0097 02       		.uleb128 0x2
 223 0098 04       		.byte	0x4
 224 0099 04       		.byte	0x4
 225 009a 49000000 		.4byte	.LASF13
 226 009e 02       		.uleb128 0x2
 227 009f 08       		.byte	0x8
 228 00a0 04       		.byte	0x4
 229 00a1 33010000 		.4byte	.LASF14
 230 00a5 02       		.uleb128 0x2
 231 00a6 01       		.byte	0x1
 232 00a7 08       		.byte	0x8
 233 00a8 BA010000 		.4byte	.LASF15
 234 00ac 02       		.uleb128 0x2
 235 00ad 08       		.byte	0x8
 236 00ae 04       		.byte	0x4
 237 00af 76020000 		.4byte	.LASF16
 238 00b3 02       		.uleb128 0x2
 239 00b4 04       		.byte	0x4
 240 00b5 07       		.byte	0x7
 241 00b6 86010000 		.4byte	.LASF17
 242 00ba 05       		.uleb128 0x5
 243 00bb FE010000 		.4byte	.LASF19
ARM GAS  C:\Users\andre\AppData\Local\Temp\ccQGfqTg.s 			page 6


 244 00bf 01       		.byte	0x1
 245 00c0 0F       		.byte	0xf
 246 00c1 81000000 		.4byte	0x81
 247 00c5 00000000 		.4byte	.LFB63
 248 00c9 30000000 		.4byte	.LFE63-.LFB63
 249 00cd 01       		.uleb128 0x1
 250 00ce 9C       		.byte	0x9c
 251 00cf 21010000 		.4byte	0x121
 252 00d3 06       		.uleb128 0x6
 253 00d4 73756D00 		.ascii	"sum\000"
 254 00d8 01       		.byte	0x1
 255 00d9 13       		.byte	0x13
 256 00da 8C000000 		.4byte	0x8c
 257 00de 00000000 		.4byte	.LLST0
 258 00e2 07       		.uleb128 0x7
 259 00e3 00000000 		.4byte	.Ldebug_ranges0+0
 260 00e7 06       		.uleb128 0x6
 261 00e8 6900     		.ascii	"i\000"
 262 00ea 01       		.byte	0x1
 263 00eb 15       		.byte	0x15
 264 00ec 73000000 		.4byte	0x73
 265 00f0 1F000000 		.4byte	.LLST1
 266 00f4 08       		.uleb128 0x8
 267 00f5 08000000 		.4byte	.LBB3
 268 00f9 0A000000 		.4byte	.LBE3-.LBB3
 269 00fd 09       		.uleb128 0x9
 270 00fe 00000000 		.4byte	.LASF18
 271 0102 01       		.byte	0x1
 272 0103 18       		.byte	0x18
 273 0104 81000000 		.4byte	0x81
 274 0108 3E000000 		.4byte	.LLST2
 275 010c 0A       		.uleb128 0xa
 276 010d 0C000000 		.4byte	.LVL2
 277 0111 96010000 		.4byte	0x196
 278 0115 0A       		.uleb128 0xa
 279 0116 10000000 		.4byte	.LVL3
 280 011a A1010000 		.4byte	0x1a1
 281 011e 00       		.byte	0
 282 011f 00       		.byte	0
 283 0120 00       		.byte	0
 284 0121 05       		.uleb128 0x5
 285 0122 3A010000 		.4byte	.LASF20
 286 0126 01       		.byte	0x1
 287 0127 20       		.byte	0x20
 288 0128 81000000 		.4byte	0x81
 289 012c 00000000 		.4byte	.LFB64
 290 0130 3C000000 		.4byte	.LFE64-.LFB64
 291 0134 01       		.uleb128 0x1
 292 0135 9C       		.byte	0x9c
 293 0136 85010000 		.4byte	0x185
 294 013a 0B       		.uleb128 0xb
 295 013b BF010000 		.4byte	.LASF21
 296 013f 01       		.byte	0x1
 297 0140 22       		.byte	0x22
 298 0141 81000000 		.4byte	0x81
 299 0145 E02E     		.2byte	0x2ee0
 300 0147 0B       		.uleb128 0xb
ARM GAS  C:\Users\andre\AppData\Local\Temp\ccQGfqTg.s 			page 7


 301 0148 3E000000 		.4byte	.LASF22
 302 014c 01       		.byte	0x1
 303 014d 23       		.byte	0x23
 304 014e 81000000 		.4byte	0x81
 305 0152 0820     		.2byte	0x2008
 306 0154 09       		.uleb128 0x9
 307 0155 08000000 		.4byte	.LASF23
 308 0159 01       		.byte	0x1
 309 015a 24       		.byte	0x24
 310 015b 81000000 		.4byte	0x81
 311 015f 51000000 		.4byte	.LLST3
 312 0163 09       		.uleb128 0x9
 313 0164 B3010000 		.4byte	.LASF24
 314 0168 01       		.byte	0x1
 315 0169 25       		.byte	0x25
 316 016a 81000000 		.4byte	0x81
 317 016e 64000000 		.4byte	.LLST4
 318 0172 0A       		.uleb128 0xa
 319 0173 06000000 		.4byte	.LVL9
 320 0177 AC010000 		.4byte	0x1ac
 321 017b 0A       		.uleb128 0xa
 322 017c 0A000000 		.4byte	.LVL10
 323 0180 B7010000 		.4byte	0x1b7
 324 0184 00       		.byte	0
 325 0185 0C       		.uleb128 0xc
 326 0186 10010000 		.4byte	.LASF32
 327 018a 06       		.byte	0x6
 328 018b 1207     		.2byte	0x712
 329 018d 91010000 		.4byte	0x191
 330 0191 0D       		.uleb128 0xd
 331 0192 8C000000 		.4byte	0x8c
 332 0196 0E       		.uleb128 0xe
 333 0197 8F010000 		.4byte	.LASF25
 334 019b 8F010000 		.4byte	.LASF25
 335 019f 04       		.byte	0x4
 336 01a0 3B       		.byte	0x3b
 337 01a1 0E       		.uleb128 0xe
 338 01a2 24000000 		.4byte	.LASF26
 339 01a6 24000000 		.4byte	.LASF26
 340 01aa 04       		.byte	0x4
 341 01ab 3F       		.byte	0x3f
 342 01ac 0E       		.uleb128 0xe
 343 01ad 1D010000 		.4byte	.LASF27
 344 01b1 1D010000 		.4byte	.LASF27
 345 01b5 05       		.byte	0x5
 346 01b6 3B       		.byte	0x3b
 347 01b7 0E       		.uleb128 0xe
 348 01b8 DA010000 		.4byte	.LASF28
 349 01bc DA010000 		.4byte	.LASF28
 350 01c0 05       		.byte	0x5
 351 01c1 3F       		.byte	0x3f
 352 01c2 00       		.byte	0
 353              		.section	.debug_abbrev,"",%progbits
 354              	.Ldebug_abbrev0:
 355 0000 01       		.uleb128 0x1
 356 0001 11       		.uleb128 0x11
 357 0002 01       		.byte	0x1
ARM GAS  C:\Users\andre\AppData\Local\Temp\ccQGfqTg.s 			page 8


 358 0003 25       		.uleb128 0x25
 359 0004 0E       		.uleb128 0xe
 360 0005 13       		.uleb128 0x13
 361 0006 0B       		.uleb128 0xb
 362 0007 03       		.uleb128 0x3
 363 0008 0E       		.uleb128 0xe
 364 0009 1B       		.uleb128 0x1b
 365 000a 0E       		.uleb128 0xe
 366 000b 55       		.uleb128 0x55
 367 000c 17       		.uleb128 0x17
 368 000d 11       		.uleb128 0x11
 369 000e 01       		.uleb128 0x1
 370 000f 10       		.uleb128 0x10
 371 0010 17       		.uleb128 0x17
 372 0011 00       		.byte	0
 373 0012 00       		.byte	0
 374 0013 02       		.uleb128 0x2
 375 0014 24       		.uleb128 0x24
 376 0015 00       		.byte	0
 377 0016 0B       		.uleb128 0xb
 378 0017 0B       		.uleb128 0xb
 379 0018 3E       		.uleb128 0x3e
 380 0019 0B       		.uleb128 0xb
 381 001a 03       		.uleb128 0x3
 382 001b 0E       		.uleb128 0xe
 383 001c 00       		.byte	0
 384 001d 00       		.byte	0
 385 001e 03       		.uleb128 0x3
 386 001f 16       		.uleb128 0x16
 387 0020 00       		.byte	0
 388 0021 03       		.uleb128 0x3
 389 0022 0E       		.uleb128 0xe
 390 0023 3A       		.uleb128 0x3a
 391 0024 0B       		.uleb128 0xb
 392 0025 3B       		.uleb128 0x3b
 393 0026 0B       		.uleb128 0xb
 394 0027 49       		.uleb128 0x49
 395 0028 13       		.uleb128 0x13
 396 0029 00       		.byte	0
 397 002a 00       		.byte	0
 398 002b 04       		.uleb128 0x4
 399 002c 24       		.uleb128 0x24
 400 002d 00       		.byte	0
 401 002e 0B       		.uleb128 0xb
 402 002f 0B       		.uleb128 0xb
 403 0030 3E       		.uleb128 0x3e
 404 0031 0B       		.uleb128 0xb
 405 0032 03       		.uleb128 0x3
 406 0033 08       		.uleb128 0x8
 407 0034 00       		.byte	0
 408 0035 00       		.byte	0
 409 0036 05       		.uleb128 0x5
 410 0037 2E       		.uleb128 0x2e
 411 0038 01       		.byte	0x1
 412 0039 3F       		.uleb128 0x3f
 413 003a 19       		.uleb128 0x19
 414 003b 03       		.uleb128 0x3
ARM GAS  C:\Users\andre\AppData\Local\Temp\ccQGfqTg.s 			page 9


 415 003c 0E       		.uleb128 0xe
 416 003d 3A       		.uleb128 0x3a
 417 003e 0B       		.uleb128 0xb
 418 003f 3B       		.uleb128 0x3b
 419 0040 0B       		.uleb128 0xb
 420 0041 49       		.uleb128 0x49
 421 0042 13       		.uleb128 0x13
 422 0043 11       		.uleb128 0x11
 423 0044 01       		.uleb128 0x1
 424 0045 12       		.uleb128 0x12
 425 0046 06       		.uleb128 0x6
 426 0047 40       		.uleb128 0x40
 427 0048 18       		.uleb128 0x18
 428 0049 9742     		.uleb128 0x2117
 429 004b 19       		.uleb128 0x19
 430 004c 01       		.uleb128 0x1
 431 004d 13       		.uleb128 0x13
 432 004e 00       		.byte	0
 433 004f 00       		.byte	0
 434 0050 06       		.uleb128 0x6
 435 0051 34       		.uleb128 0x34
 436 0052 00       		.byte	0
 437 0053 03       		.uleb128 0x3
 438 0054 08       		.uleb128 0x8
 439 0055 3A       		.uleb128 0x3a
 440 0056 0B       		.uleb128 0xb
 441 0057 3B       		.uleb128 0x3b
 442 0058 0B       		.uleb128 0xb
 443 0059 49       		.uleb128 0x49
 444 005a 13       		.uleb128 0x13
 445 005b 02       		.uleb128 0x2
 446 005c 17       		.uleb128 0x17
 447 005d 00       		.byte	0
 448 005e 00       		.byte	0
 449 005f 07       		.uleb128 0x7
 450 0060 0B       		.uleb128 0xb
 451 0061 01       		.byte	0x1
 452 0062 55       		.uleb128 0x55
 453 0063 17       		.uleb128 0x17
 454 0064 00       		.byte	0
 455 0065 00       		.byte	0
 456 0066 08       		.uleb128 0x8
 457 0067 0B       		.uleb128 0xb
 458 0068 01       		.byte	0x1
 459 0069 11       		.uleb128 0x11
 460 006a 01       		.uleb128 0x1
 461 006b 12       		.uleb128 0x12
 462 006c 06       		.uleb128 0x6
 463 006d 00       		.byte	0
 464 006e 00       		.byte	0
 465 006f 09       		.uleb128 0x9
 466 0070 34       		.uleb128 0x34
 467 0071 00       		.byte	0
 468 0072 03       		.uleb128 0x3
 469 0073 0E       		.uleb128 0xe
 470 0074 3A       		.uleb128 0x3a
 471 0075 0B       		.uleb128 0xb
ARM GAS  C:\Users\andre\AppData\Local\Temp\ccQGfqTg.s 			page 10


 472 0076 3B       		.uleb128 0x3b
 473 0077 0B       		.uleb128 0xb
 474 0078 49       		.uleb128 0x49
 475 0079 13       		.uleb128 0x13
 476 007a 02       		.uleb128 0x2
 477 007b 17       		.uleb128 0x17
 478 007c 00       		.byte	0
 479 007d 00       		.byte	0
 480 007e 0A       		.uleb128 0xa
 481 007f 898201   		.uleb128 0x4109
 482 0082 00       		.byte	0
 483 0083 11       		.uleb128 0x11
 484 0084 01       		.uleb128 0x1
 485 0085 31       		.uleb128 0x31
 486 0086 13       		.uleb128 0x13
 487 0087 00       		.byte	0
 488 0088 00       		.byte	0
 489 0089 0B       		.uleb128 0xb
 490 008a 34       		.uleb128 0x34
 491 008b 00       		.byte	0
 492 008c 03       		.uleb128 0x3
 493 008d 0E       		.uleb128 0xe
 494 008e 3A       		.uleb128 0x3a
 495 008f 0B       		.uleb128 0xb
 496 0090 3B       		.uleb128 0x3b
 497 0091 0B       		.uleb128 0xb
 498 0092 49       		.uleb128 0x49
 499 0093 13       		.uleb128 0x13
 500 0094 1C       		.uleb128 0x1c
 501 0095 05       		.uleb128 0x5
 502 0096 00       		.byte	0
 503 0097 00       		.byte	0
 504 0098 0C       		.uleb128 0xc
 505 0099 34       		.uleb128 0x34
 506 009a 00       		.byte	0
 507 009b 03       		.uleb128 0x3
 508 009c 0E       		.uleb128 0xe
 509 009d 3A       		.uleb128 0x3a
 510 009e 0B       		.uleb128 0xb
 511 009f 3B       		.uleb128 0x3b
 512 00a0 05       		.uleb128 0x5
 513 00a1 49       		.uleb128 0x49
 514 00a2 13       		.uleb128 0x13
 515 00a3 3F       		.uleb128 0x3f
 516 00a4 19       		.uleb128 0x19
 517 00a5 3C       		.uleb128 0x3c
 518 00a6 19       		.uleb128 0x19
 519 00a7 00       		.byte	0
 520 00a8 00       		.byte	0
 521 00a9 0D       		.uleb128 0xd
 522 00aa 35       		.uleb128 0x35
 523 00ab 00       		.byte	0
 524 00ac 49       		.uleb128 0x49
 525 00ad 13       		.uleb128 0x13
 526 00ae 00       		.byte	0
 527 00af 00       		.byte	0
 528 00b0 0E       		.uleb128 0xe
ARM GAS  C:\Users\andre\AppData\Local\Temp\ccQGfqTg.s 			page 11


 529 00b1 2E       		.uleb128 0x2e
 530 00b2 00       		.byte	0
 531 00b3 3F       		.uleb128 0x3f
 532 00b4 19       		.uleb128 0x19
 533 00b5 3C       		.uleb128 0x3c
 534 00b6 19       		.uleb128 0x19
 535 00b7 6E       		.uleb128 0x6e
 536 00b8 0E       		.uleb128 0xe
 537 00b9 03       		.uleb128 0x3
 538 00ba 0E       		.uleb128 0xe
 539 00bb 3A       		.uleb128 0x3a
 540 00bc 0B       		.uleb128 0xb
 541 00bd 3B       		.uleb128 0x3b
 542 00be 0B       		.uleb128 0xb
 543 00bf 00       		.byte	0
 544 00c0 00       		.byte	0
 545 00c1 00       		.byte	0
 546              		.section	.debug_loc,"",%progbits
 547              	.Ldebug_loc0:
 548              	.LLST0:
 549 0000 02000000 		.4byte	.LVL0
 550 0004 08000000 		.4byte	.LVL1
 551 0008 0200     		.2byte	0x2
 552 000a 30       		.byte	0x30
 553 000b 9F       		.byte	0x9f
 554 000c 08000000 		.4byte	.LVL1
 555 0010 22000000 		.4byte	.LVL6
 556 0014 0100     		.2byte	0x1
 557 0016 55       		.byte	0x55
 558 0017 00000000 		.4byte	0
 559 001b 00000000 		.4byte	0
 560              	.LLST1:
 561 001f 02000000 		.4byte	.LVL0
 562 0023 08000000 		.4byte	.LVL1
 563 0027 0200     		.2byte	0x2
 564 0029 30       		.byte	0x30
 565 002a 9F       		.byte	0x9f
 566 002b 08000000 		.4byte	.LVL1
 567 002f 2A000000 		.4byte	.LVL7
 568 0033 0100     		.2byte	0x1
 569 0035 54       		.byte	0x54
 570 0036 00000000 		.4byte	0
 571 003a 00000000 		.4byte	0
 572              	.LLST2:
 573 003e 10000000 		.4byte	.LVL3
 574 0042 14000000 		.4byte	.LVL5
 575 0046 0100     		.2byte	0x1
 576 0048 50       		.byte	0x50
 577 0049 00000000 		.4byte	0
 578 004d 00000000 		.4byte	0
 579              	.LLST3:
 580 0051 0A000000 		.4byte	.LVL10
 581 0055 0E000000 		.4byte	.LVL11
 582 0059 0100     		.2byte	0x1
 583 005b 50       		.byte	0x50
 584 005c 00000000 		.4byte	0
 585 0060 00000000 		.4byte	0
ARM GAS  C:\Users\andre\AppData\Local\Temp\ccQGfqTg.s 			page 12


 586              	.LLST4:
 587 0064 28000000 		.4byte	.LVL12
 588 0068 30000000 		.4byte	.LVL13
 589 006c 0100     		.2byte	0x1
 590 006e 50       		.byte	0x50
 591 006f 32000000 		.4byte	.LVL14
 592 0073 34000000 		.4byte	.LVL15
 593 0077 0100     		.2byte	0x1
 594 0079 50       		.byte	0x50
 595 007a 00000000 		.4byte	0
 596 007e 00000000 		.4byte	0
 597              		.section	.debug_aranges,"",%progbits
 598 0000 24000000 		.4byte	0x24
 599 0004 0200     		.2byte	0x2
 600 0006 00000000 		.4byte	.Ldebug_info0
 601 000a 04       		.byte	0x4
 602 000b 00       		.byte	0
 603 000c 0000     		.2byte	0
 604 000e 0000     		.2byte	0
 605 0010 00000000 		.4byte	.LFB63
 606 0014 30000000 		.4byte	.LFE63-.LFB63
 607 0018 00000000 		.4byte	.LFB64
 608 001c 3C000000 		.4byte	.LFE64-.LFB64
 609 0020 00000000 		.4byte	0
 610 0024 00000000 		.4byte	0
 611              		.section	.debug_ranges,"",%progbits
 612              	.Ldebug_ranges0:
 613 0000 02000000 		.4byte	.LBB2
 614 0004 04000000 		.4byte	.LBE2
 615 0008 06000000 		.4byte	.LBB4
 616 000c 1A000000 		.4byte	.LBE4
 617 0010 00000000 		.4byte	0
 618 0014 00000000 		.4byte	0
 619 0018 00000000 		.4byte	.LFB63
 620 001c 30000000 		.4byte	.LFE63
 621 0020 00000000 		.4byte	.LFB64
 622 0024 3C000000 		.4byte	.LFE64
 623 0028 00000000 		.4byte	0
 624 002c 00000000 		.4byte	0
 625              		.section	.debug_line,"",%progbits
 626              	.Ldebug_line0:
 627 0000 B1010000 		.section	.debug_str,"MS",%progbits,1
 627      02006601 
 627      00000201 
 627      FB0E0D00 
 627      01010101 
 628              	.LASF18:
 629 0000 72657375 		.ascii	"result1\000"
 629      6C743100 
 630              	.LASF23:
 631 0008 72657375 		.ascii	"result2\000"
 631      6C743200 
 632              	.LASF4:
 633 0010 5F5F696E 		.ascii	"__int16_t\000"
 633      7431365F 
 633      7400
 634              	.LASF5:
ARM GAS  C:\Users\andre\AppData\Local\Temp\ccQGfqTg.s 			page 13


 635 001a 5F5F696E 		.ascii	"__int32_t\000"
 635      7433325F 
 635      7400
 636              	.LASF26:
 637 0024 4144435F 		.ascii	"ADC_SAR_1_CountsTo_mVolts\000"
 637      5341525F 
 637      315F436F 
 637      756E7473 
 637      546F5F6D 
 638              	.LASF22:
 639 003e 4C6F7765 		.ascii	"LowerLimit\000"
 639      724C696D 
 639      697400
 640              	.LASF13:
 641 0049 666C6F61 		.ascii	"float\000"
 641      7400
 642              	.LASF1:
 643 004f 756E7369 		.ascii	"unsigned char\000"
 643      676E6564 
 643      20636861 
 643      7200
 644              	.LASF29:
 645 005d 474E5520 		.ascii	"GNU C11 5.4.1 20160609 (release) [ARM/embedded-5-br"
 645      43313120 
 645      352E342E 
 645      31203230 
 645      31363036 
 646 0090 616E6368 		.ascii	"anch revision 237715] -mcpu=cortex-m3 -mthumb -g -O"
 646      20726576 
 646      6973696F 
 646      6E203233 
 646      37373135 
 647 00c3 67202D66 		.ascii	"g -ffunction-sections -ffat-lto-objects\000"
 647      66756E63 
 647      74696F6E 
 647      2D736563 
 647      74696F6E 
 648              	.LASF7:
 649 00eb 6C6F6E67 		.ascii	"long unsigned int\000"
 649      20756E73 
 649      69676E65 
 649      6420696E 
 649      7400
 650              	.LASF3:
 651 00fd 73686F72 		.ascii	"short unsigned int\000"
 651      7420756E 
 651      7369676E 
 651      65642069 
 651      6E7400
 652              	.LASF32:
 653 0110 49544D5F 		.ascii	"ITM_RxBuffer\000"
 653      52784275 
 653      66666572 
 653      00
 654              	.LASF27:
 655 011d 4144435F 		.ascii	"ADC_SAR_2_GetResult16\000"
 655      5341525F 
ARM GAS  C:\Users\andre\AppData\Local\Temp\ccQGfqTg.s 			page 14


 655      325F4765 
 655      74526573 
 655      756C7431 
 656              	.LASF14:
 657 0133 646F7562 		.ascii	"double\000"
 657      6C6500
 658              	.LASF20:
 659 013a 766F6C74 		.ascii	"voltageDividerToPercent\000"
 659      61676544 
 659      69766964 
 659      6572546F 
 659      50657263 
 660              	.LASF10:
 661 0152 756E7369 		.ascii	"unsigned int\000"
 661      676E6564 
 661      20696E74 
 661      00
 662              	.LASF9:
 663 015f 6C6F6E67 		.ascii	"long long unsigned int\000"
 663      206C6F6E 
 663      6720756E 
 663      7369676E 
 663      65642069 
 664              	.LASF11:
 665 0176 696E7431 		.ascii	"int16_t\000"
 665      365F7400 
 666              	.LASF12:
 667 017e 696E7433 		.ascii	"int32_t\000"
 667      325F7400 
 668              	.LASF17:
 669 0186 73697A65 		.ascii	"sizetype\000"
 669      74797065 
 669      00
 670              	.LASF25:
 671 018f 4144435F 		.ascii	"ADC_SAR_1_GetResult16\000"
 671      5341525F 
 671      315F4765 
 671      74526573 
 671      756C7431 
 672              	.LASF8:
 673 01a5 6C6F6E67 		.ascii	"long long int\000"
 673      206C6F6E 
 673      6720696E 
 673      7400
 674              	.LASF24:
 675 01b3 7363616C 		.ascii	"scaled\000"
 675      656400
 676              	.LASF15:
 677 01ba 63686172 		.ascii	"char\000"
 677      00
 678              	.LASF21:
 679 01bf 55707065 		.ascii	"UpperLimit\000"
 679      724C696D 
 679      697400
 680              	.LASF30:
 681 01ca 42617474 		.ascii	"BatteriDriver.c\000"
 681      65726944 
ARM GAS  C:\Users\andre\AppData\Local\Temp\ccQGfqTg.s 			page 15


 681      72697665 
 681      722E6300 
 682              	.LASF28:
 683 01da 4144435F 		.ascii	"ADC_SAR_2_CountsTo_mVolts\000"
 683      5341525F 
 683      325F436F 
 683      756E7473 
 683      546F5F6D 
 684              	.LASF2:
 685 01f4 73686F72 		.ascii	"short int\000"
 685      7420696E 
 685      7400
 686              	.LASF19:
 687 01fe 63757272 		.ascii	"currentHall\000"
 687      656E7448 
 687      616C6C00 
 688              	.LASF6:
 689 020a 6C6F6E67 		.ascii	"long int\000"
 689      20696E74 
 689      00
 690              	.LASF31:
 691 0213 433A5C55 		.ascii	"C:\\Users\\andre\\OneDrive\\Skrivebord\\BatteriDriv"
 691      73657273 
 691      5C616E64 
 691      72655C4F 
 691      6E654472 
 692 0241 65722E63 		.ascii	"er.cywrk.Archive01\\BatteriDriver\\BatteriDriver.cy"
 692      7977726B 
 692      2E417263 
 692      68697665 
 692      30315C42 
 693 0272 64736E00 		.ascii	"dsn\000"
 694              	.LASF16:
 695 0276 6C6F6E67 		.ascii	"long double\000"
 695      20646F75 
 695      626C6500 
 696              	.LASF0:
 697 0282 7369676E 		.ascii	"signed char\000"
 697      65642063 
 697      68617200 
 698              		.ident	"GCC: (GNU Tools for ARM Embedded Processors) 5.4.1 20160609 (release) [ARM/embedded-5-bran
