ARM GAS  C:\Users\andre\AppData\Local\Temp\ccweayOT.s 			page 1


   1              		.syntax unified
   2              		.cpu cortex-m3
   3              		.fpu softvfp
   4              		.eabi_attribute 20, 1
   5              		.eabi_attribute 21, 1
   6              		.eabi_attribute 23, 3
   7              		.eabi_attribute 24, 1
   8              		.eabi_attribute 25, 1
   9              		.eabi_attribute 26, 1
  10              		.eabi_attribute 30, 1
  11              		.eabi_attribute 34, 1
  12              		.eabi_attribute 18, 4
  13              		.thumb
  14              		.syntax unified
  15              		.file	"cymetadata.c"
  16              		.text
  17              	.Ltext0:
  18              		.cfi_sections	.debug_frame
  19              		.global	cy_metadata
  20              		.global	cy_meta_flashprotect
  21              		.global	cy_meta_wonvl
  22              		.global	cy_meta_custnvl
  23              		.global	cy_meta_configecc
  24              		.section	.cyconfigecc,"a",%progbits
  25              		.align	2
  26              		.type	cy_meta_configecc, %object
  27              		.size	cy_meta_configecc, 924
  28              	cy_meta_configecc:
  29 0000 02       		.byte	2
  30 0001 52       		.byte	82
  31 0002 00       		.byte	0
  32 0003 40       		.byte	64
  33 0004 01       		.byte	1
  34 0005 5B       		.byte	91
  35 0006 00       		.byte	0
  36 0007 40       		.byte	64
  37 0008 03       		.byte	3
  38 0009 65       		.byte	101
  39 000a 00       		.byte	0
  40 000b 40       		.byte	64
  41 000c 01       		.byte	1
  42 000d 07       		.byte	7
  43 000e 01       		.byte	1
  44 000f 40       		.byte	64
  45 0010 01       		.byte	1
  46 0011 09       		.byte	9
  47 0012 01       		.byte	1
  48 0013 40       		.byte	64
  49 0014 01       		.byte	1
  50 0015 15       		.byte	21
  51 0016 01       		.byte	1
  52 0017 40       		.byte	64
  53 0018 01       		.byte	1
  54 0019 17       		.byte	23
  55 001a 01       		.byte	1
  56 001b 40       		.byte	64
  57 001c 15       		.byte	21
ARM GAS  C:\Users\andre\AppData\Local\Temp\ccweayOT.s 			page 2


  58 001d 18       		.byte	24
  59 001e 01       		.byte	1
  60 001f 40       		.byte	64
  61 0020 42       		.byte	66
  62 0021 19       		.byte	25
  63 0022 01       		.byte	1
  64 0023 40       		.byte	64
  65 0024 71       		.byte	113
  66 0025 1A       		.byte	26
  67 0026 01       		.byte	1
  68 0027 40       		.byte	64
  69 0028 55       		.byte	85
  70 0029 1B       		.byte	27
  71 002a 01       		.byte	1
  72 002b 40       		.byte	64
  73 002c 04       		.byte	4
  74 002d 40       		.byte	64
  75 002e 01       		.byte	1
  76 002f 40       		.byte	64
  77 0030 03       		.byte	3
  78 0031 41       		.byte	65
  79 0032 01       		.byte	1
  80 0033 40       		.byte	64
  81 0034 03       		.byte	3
  82 0035 42       		.byte	66
  83 0036 01       		.byte	1
  84 0037 40       		.byte	64
  85 0038 04       		.byte	4
  86 0039 43       		.byte	67
  87 003a 01       		.byte	1
  88 003b 40       		.byte	64
  89 003c 02       		.byte	2
  90 003d 46       		.byte	70
  91 003e 01       		.byte	1
  92 003f 40       		.byte	64
  93 0040 01       		.byte	1
  94 0041 47       		.byte	71
  95 0042 01       		.byte	1
  96 0043 40       		.byte	64
  97 0044 03       		.byte	3
  98 0045 48       		.byte	72
  99 0046 01       		.byte	1
 100 0047 40       		.byte	64
 101 0048 02       		.byte	2
 102 0049 49       		.byte	73
 103 004a 01       		.byte	1
 104 004b 40       		.byte	64
 105 004c 02       		.byte	2
 106 004d 4C       		.byte	76
 107 004e 01       		.byte	1
 108 004f 40       		.byte	64
 109 0050 08       		.byte	8
 110 0051 4D       		.byte	77
 111 0052 01       		.byte	1
 112 0053 40       		.byte	64
 113 0054 02       		.byte	2
 114 0055 50       		.byte	80
ARM GAS  C:\Users\andre\AppData\Local\Temp\ccweayOT.s 			page 3


 115 0056 01       		.byte	1
 116 0057 40       		.byte	64
 117 0058 01       		.byte	1
 118 0059 51       		.byte	81
 119 005a 01       		.byte	1
 120 005b 40       		.byte	64
 121 005c 61       		.byte	97
 122 005d 80       		.byte	-128
 123 005e 64       		.byte	100
 124 005f 40       		.byte	64
 125 0060 27       		.byte	39
 126 0061 21       		.byte	33
 127 0062 88       		.byte	-120
 128 0063 72       		.byte	114
 129 0064 89       		.byte	-119
 130 0065 38       		.byte	56
 131 0066 8B       		.byte	-117
 132 0067 0F       		.byte	15
 133 0068 EE       		.byte	-18
 134 0069 01       		.byte	1
 135 006a EE       		.byte	-18
 136 006b 01       		.byte	1
 137 006c EE       		.byte	-18
 138 006d 08       		.byte	8
 139 006e E6       		.byte	-26
 140 006f 20       		.byte	32
 141 0070 86       		.byte	-122
 142 0071 02       		.byte	2
 143 0072 88       		.byte	-120
 144 0073 04       		.byte	4
 145 0074 99       		.byte	-103
 146 0075 01       		.byte	1
 147 0076 9A       		.byte	-102
 148 0077 08       		.byte	8
 149 0078 A2       		.byte	-94
 150 0079 02       		.byte	2
 151 007a A4       		.byte	-92
 152 007b 01       		.byte	1
 153 007c A8       		.byte	-88
 154 007d 01       		.byte	1
 155 007e AC       		.byte	-84
 156 007f 01       		.byte	1
 157 0080 B0       		.byte	-80
 158 0081 08       		.byte	8
 159 0082 B1       		.byte	-79
 160 0083 01       		.byte	1
 161 0084 B2       		.byte	-78
 162 0085 04       		.byte	4
 163 0086 B4       		.byte	-76
 164 0087 01       		.byte	1
 165 0088 B6       		.byte	-74
 166 0089 02       		.byte	2
 167 008a BE       		.byte	-66
 168 008b 44       		.byte	68
 169 008c BF       		.byte	-65
 170 008d 01       		.byte	1
 171 008e D4       		.byte	-44
ARM GAS  C:\Users\andre\AppData\Local\Temp\ccweayOT.s 			page 4


 172 008f 18       		.byte	24
 173 0090 D6       		.byte	-42
 174 0091 04       		.byte	4
 175 0092 D8       		.byte	-40
 176 0093 04       		.byte	4
 177 0094 D9       		.byte	-39
 178 0095 04       		.byte	4
 179 0096 DB       		.byte	-37
 180 0097 04       		.byte	4
 181 0098 DF       		.byte	-33
 182 0099 01       		.byte	1
 183 009a 00       		.byte	0
 184 009b 20       		.byte	32
 185 009c 02       		.byte	2
 186 009d 20       		.byte	32
 187 009e 05       		.byte	5
 188 009f 01       		.byte	1
 189 00a0 06       		.byte	6
 190 00a1 05       		.byte	5
 191 00a2 07       		.byte	7
 192 00a3 10       		.byte	16
 193 00a4 08       		.byte	8
 194 00a5 20       		.byte	32
 195 00a6 0C       		.byte	12
 196 00a7 40       		.byte	64
 197 00a8 0E       		.byte	14
 198 00a9 09       		.byte	9
 199 00aa 0F       		.byte	15
 200 00ab 20       		.byte	32
 201 00ac 10       		.byte	16
 202 00ad A2       		.byte	-94
 203 00ae 11       		.byte	17
 204 00af 10       		.byte	16
 205 00b0 14       		.byte	20
 206 00b1 80       		.byte	-128
 207 00b2 16       		.byte	22
 208 00b3 02       		.byte	2
 209 00b4 17       		.byte	23
 210 00b5 28       		.byte	40
 211 00b6 18       		.byte	24
 212 00b7 01       		.byte	1
 213 00b8 19       		.byte	25
 214 00b9 08       		.byte	8
 215 00ba 1A       		.byte	26
 216 00bb 40       		.byte	64
 217 00bc 1B       		.byte	27
 218 00bd 10       		.byte	16
 219 00be 1C       		.byte	28
 220 00bf 10       		.byte	16
 221 00c0 1D       		.byte	29
 222 00c1 21       		.byte	33
 223 00c2 1E       		.byte	30
 224 00c3 09       		.byte	9
 225 00c4 1F       		.byte	31
 226 00c5 12       		.byte	18
 227 00c6 20       		.byte	32
 228 00c7 40       		.byte	64
ARM GAS  C:\Users\andre\AppData\Local\Temp\ccweayOT.s 			page 5


 229 00c8 26       		.byte	38
 230 00c9 28       		.byte	40
 231 00ca 27       		.byte	39
 232 00cb 11       		.byte	17
 233 00cc 2D       		.byte	45
 234 00cd 80       		.byte	-128
 235 00ce 2E       		.byte	46
 236 00cf 01       		.byte	1
 237 00d0 2F       		.byte	47
 238 00d1 14       		.byte	20
 239 00d2 33       		.byte	51
 240 00d3 20       		.byte	32
 241 00d4 34       		.byte	52
 242 00d5 80       		.byte	-128
 243 00d6 35       		.byte	53
 244 00d7 01       		.byte	1
 245 00d8 36       		.byte	54
 246 00d9 08       		.byte	8
 247 00da 37       		.byte	55
 248 00db 20       		.byte	32
 249 00dc 3A       		.byte	58
 250 00dd 04       		.byte	4
 251 00de 3B       		.byte	59
 252 00df 08       		.byte	8
 253 00e0 3E       		.byte	62
 254 00e1 4A       		.byte	74
 255 00e2 3F       		.byte	63
 256 00e3 20       		.byte	32
 257 00e4 44       		.byte	68
 258 00e5 40       		.byte	64
 259 00e6 45       		.byte	69
 260 00e7 20       		.byte	32
 261 00e8 47       		.byte	71
 262 00e9 40       		.byte	64
 263 00ea 4C       		.byte	76
 264 00eb 80       		.byte	-128
 265 00ec 4F       		.byte	79
 266 00ed 60       		.byte	96
 267 00ee 54       		.byte	84
 268 00ef 40       		.byte	64
 269 00f0 5B       		.byte	91
 270 00f1 01       		.byte	1
 271 00f2 5C       		.byte	92
 272 00f3 10       		.byte	16
 273 00f4 60       		.byte	96
 274 00f5 05       		.byte	5
 275 00f6 62       		.byte	98
 276 00f7 02       		.byte	2
 277 00f8 6C       		.byte	108
 278 00f9 22       		.byte	34
 279 00fa 6D       		.byte	109
 280 00fb 10       		.byte	16
 281 00fc 6E       		.byte	110
 282 00fd 04       		.byte	4
 283 00fe 75       		.byte	117
 284 00ff 80       		.byte	-128
 285 0100 76       		.byte	118
ARM GAS  C:\Users\andre\AppData\Local\Temp\ccweayOT.s 			page 6


 286 0101 09       		.byte	9
 287 0102 77       		.byte	119
 288 0103 28       		.byte	40
 289 0104 8A       		.byte	-118
 290 0105 22       		.byte	34
 291 0106 8B       		.byte	-117
 292 0107 40       		.byte	64
 293 0108 C0       		.byte	-64
 294 0109 F6       		.byte	-10
 295 010a C2       		.byte	-62
 296 010b E2       		.byte	-30
 297 010c C4       		.byte	-60
 298 010d FF       		.byte	-1
 299 010e CA       		.byte	-54
 300 010f F0       		.byte	-16
 301 0110 CC       		.byte	-52
 302 0111 F4       		.byte	-12
 303 0112 CE       		.byte	-50
 304 0113 F0       		.byte	-16
 305 0114 D0       		.byte	-48
 306 0115 B0       		.byte	-80
 307 0116 D2       		.byte	-46
 308 0117 30       		.byte	48
 309 0118 D6       		.byte	-42
 310 0119 21       		.byte	33
 311 011a D8       		.byte	-40
 312 011b 0D       		.byte	13
 313 011c E6       		.byte	-26
 314 011d 20       		.byte	32
 315 011e 00       		.byte	0
 316 011f 0C       		.byte	12
 317 0120 02       		.byte	2
 318 0121 71       		.byte	113
 319 0122 05       		.byte	5
 320 0123 80       		.byte	-128
 321 0124 06       		.byte	6
 322 0125 03       		.byte	3
 323 0126 07       		.byte	7
 324 0127 13       		.byte	19
 325 0128 0F       		.byte	15
 326 0129 0C       		.byte	12
 327 012a 10       		.byte	16
 328 012b 09       		.byte	9
 329 012c 12       		.byte	18
 330 012d D0       		.byte	-48
 331 012e 14       		.byte	20
 332 012f 14       		.byte	20
 333 0130 15       		.byte	21
 334 0131 2C       		.byte	44
 335 0132 17       		.byte	23
 336 0133 43       		.byte	67
 337 0134 18       		.byte	24
 338 0135 10       		.byte	16
 339 0136 19       		.byte	25
 340 0137 71       		.byte	113
 341 0138 1A       		.byte	26
 342 0139 AC       		.byte	-84
ARM GAS  C:\Users\andre\AppData\Local\Temp\ccweayOT.s 			page 7


 343 013a 1B       		.byte	27
 344 013b 06       		.byte	6
 345 013c 1F       		.byte	31
 346 013d 08       		.byte	8
 347 013e 20       		.byte	32
 348 013f 10       		.byte	16
 349 0140 21       		.byte	33
 350 0141 71       		.byte	113
 351 0142 22       		.byte	34
 352 0143 40       		.byte	64
 353 0144 23       		.byte	35
 354 0145 0E       		.byte	14
 355 0146 26       		.byte	38
 356 0147 20       		.byte	32
 357 0148 28       		.byte	40
 358 0149 DC       		.byte	-36
 359 014a 2A       		.byte	42
 360 014b 22       		.byte	34
 361 014c 30       		.byte	48
 362 014d E0       		.byte	-32
 363 014e 31       		.byte	49
 364 014f C0       		.byte	-64
 365 0150 33       		.byte	51
 366 0151 0F       		.byte	15
 367 0152 34       		.byte	52
 368 0153 1F       		.byte	31
 369 0154 35       		.byte	53
 370 0155 30       		.byte	48
 371 0156 39       		.byte	57
 372 0157 22       		.byte	34
 373 0158 3A       		.byte	58
 374 0159 02       		.byte	2
 375 015a 3B       		.byte	59
 376 015b 08       		.byte	8
 377 015c 3F       		.byte	63
 378 015d 10       		.byte	16
 379 015e 40       		.byte	64
 380 015f 02       		.byte	2
 381 0160 46       		.byte	70
 382 0161 04       		.byte	4
 383 0162 49       		.byte	73
 384 0163 FF       		.byte	-1
 385 0164 4A       		.byte	74
 386 0165 07       		.byte	7
 387 0166 4B       		.byte	75
 388 0167 FF       		.byte	-1
 389 0168 4C       		.byte	76
 390 0169 40       		.byte	64
 391 016a 4D       		.byte	77
 392 016b 20       		.byte	32
 393 016c 4E       		.byte	78
 394 016d F0       		.byte	-16
 395 016e 4F       		.byte	79
 396 016f 05       		.byte	5
 397 0170 50       		.byte	80
 398 0171 08       		.byte	8
 399 0172 58       		.byte	88
ARM GAS  C:\Users\andre\AppData\Local\Temp\ccweayOT.s 			page 8


 400 0173 04       		.byte	4
 401 0174 59       		.byte	89
 402 0175 04       		.byte	4
 403 0176 5A       		.byte	90
 404 0177 04       		.byte	4
 405 0178 5F       		.byte	95
 406 0179 01       		.byte	1
 407 017a 60       		.byte	96
 408 017b 40       		.byte	64
 409 017c 61       		.byte	97
 410 017d A8       		.byte	-88
 411 017e 62       		.byte	98
 412 017f 40       		.byte	64
 413 0180 63       		.byte	99
 414 0181 20       		.byte	32
 415 0182 80       		.byte	-128
 416 0183 13       		.byte	19
 417 0184 81       		.byte	-127
 418 0185 08       		.byte	8
 419 0186 82       		.byte	-126
 420 0187 04       		.byte	4
 421 0188 83       		.byte	-125
 422 0189 14       		.byte	20
 423 018a 84       		.byte	-124
 424 018b 20       		.byte	32
 425 018c 86       		.byte	-122
 426 018d C0       		.byte	-64
 427 018e 87       		.byte	-121
 428 018f 20       		.byte	32
 429 0190 88       		.byte	-120
 430 0191 13       		.byte	19
 431 0192 89       		.byte	-119
 432 0193 18       		.byte	24
 433 0194 8A       		.byte	-118
 434 0195 0C       		.byte	12
 435 0196 8F       		.byte	-113
 436 0197 20       		.byte	32
 437 0198 92       		.byte	-110
 438 0199 08       		.byte	8
 439 019a 94       		.byte	-108
 440 019b 0A       		.byte	10
 441 019c 95       		.byte	-107
 442 019d 01       		.byte	1
 443 019e 96       		.byte	-106
 444 019f 14       		.byte	20
 445 01a0 98       		.byte	-104
 446 01a1 E0       		.byte	-32
 447 01a2 9B       		.byte	-101
 448 01a3 01       		.byte	1
 449 01a4 9C       		.byte	-100
 450 01a5 03       		.byte	3
 451 01a6 9D       		.byte	-99
 452 01a7 10       		.byte	16
 453 01a8 9E       		.byte	-98
 454 01a9 14       		.byte	20
 455 01aa 9F       		.byte	-97
 456 01ab 0C       		.byte	12
ARM GAS  C:\Users\andre\AppData\Local\Temp\ccweayOT.s 			page 9


 457 01ac A0       		.byte	-96
 458 01ad 80       		.byte	-128
 459 01ae A1       		.byte	-95
 460 01af 01       		.byte	1
 461 01b0 A2       		.byte	-94
 462 01b1 20       		.byte	32
 463 01b2 A5       		.byte	-91
 464 01b3 18       		.byte	24
 465 01b4 A6       		.byte	-90
 466 01b5 15       		.byte	21
 467 01b6 A8       		.byte	-88
 468 01b7 E0       		.byte	-32
 469 01b8 AB       		.byte	-85
 470 01b9 02       		.byte	2
 471 01ba AC       		.byte	-84
 472 01bb 40       		.byte	64
 473 01bc AE       		.byte	-82
 474 01bd 20       		.byte	32
 475 01be AF       		.byte	-81
 476 01bf 01       		.byte	1
 477 01c0 B0       		.byte	-80
 478 01c1 10       		.byte	16
 479 01c2 B1       		.byte	-79
 480 01c3 06       		.byte	6
 481 01c4 B2       		.byte	-78
 482 01c5 E0       		.byte	-32
 483 01c6 B3       		.byte	-77
 484 01c7 01       		.byte	1
 485 01c8 B4       		.byte	-76
 486 01c9 0F       		.byte	15
 487 01ca B5       		.byte	-75
 488 01cb 20       		.byte	32
 489 01cc B7       		.byte	-73
 490 01cd 18       		.byte	24
 491 01ce B9       		.byte	-71
 492 01cf 08       		.byte	8
 493 01d0 BA       		.byte	-70
 494 01d1 20       		.byte	32
 495 01d2 BE       		.byte	-66
 496 01d3 01       		.byte	1
 497 01d4 BF       		.byte	-65
 498 01d5 11       		.byte	17
 499 01d6 C0       		.byte	-64
 500 01d7 36       		.byte	54
 501 01d8 C1       		.byte	-63
 502 01d9 01       		.byte	1
 503 01da C5       		.byte	-59
 504 01db 0B       		.byte	11
 505 01dc C6       		.byte	-58
 506 01dd E0       		.byte	-32
 507 01de C7       		.byte	-57
 508 01df C0       		.byte	-64
 509 01e0 C8       		.byte	-56
 510 01e1 29       		.byte	41
 511 01e2 C9       		.byte	-55
 512 01e3 FF       		.byte	-1
 513 01e4 CA       		.byte	-54
ARM GAS  C:\Users\andre\AppData\Local\Temp\ccweayOT.s 			page 10


 514 01e5 FF       		.byte	-1
 515 01e6 CB       		.byte	-53
 516 01e7 FF       		.byte	-1
 517 01e8 CE       		.byte	-50
 518 01e9 F0       		.byte	-16
 519 01ea CF       		.byte	-49
 520 01eb 44       		.byte	68
 521 01ec D0       		.byte	-48
 522 01ed 0C       		.byte	12
 523 01ee D4       		.byte	-44
 524 01ef 01       		.byte	1
 525 01f0 D8       		.byte	-40
 526 01f1 04       		.byte	4
 527 01f2 D9       		.byte	-39
 528 01f3 04       		.byte	4
 529 01f4 DA       		.byte	-38
 530 01f5 04       		.byte	4
 531 01f6 DB       		.byte	-37
 532 01f7 04       		.byte	4
 533 01f8 DF       		.byte	-33
 534 01f9 01       		.byte	1
 535 01fa E6       		.byte	-26
 536 01fb C0       		.byte	-64
 537 01fc EA       		.byte	-22
 538 01fd 40       		.byte	64
 539 01fe EB       		.byte	-21
 540 01ff 02       		.byte	2
 541 0200 01       		.byte	1
 542 0201 02       		.byte	2
 543 0202 03       		.byte	3
 544 0203 20       		.byte	32
 545 0204 05       		.byte	5
 546 0205 16       		.byte	22
 547 0206 08       		.byte	8
 548 0207 10       		.byte	16
 549 0208 0A       		.byte	10
 550 0209 20       		.byte	32
 551 020a 0B       		.byte	11
 552 020b 40       		.byte	64
 553 020c 0D       		.byte	13
 554 020d 08       		.byte	8
 555 020e 0E       		.byte	14
 556 020f 04       		.byte	4
 557 0210 0F       		.byte	15
 558 0211 43       		.byte	67
 559 0212 10       		.byte	16
 560 0213 80       		.byte	-128
 561 0214 11       		.byte	17
 562 0215 04       		.byte	4
 563 0216 12       		.byte	18
 564 0217 08       		.byte	8
 565 0218 14       		.byte	20
 566 0219 80       		.byte	-128
 567 021a 15       		.byte	21
 568 021b 14       		.byte	20
 569 021c 16       		.byte	22
 570 021d 02       		.byte	2
ARM GAS  C:\Users\andre\AppData\Local\Temp\ccweayOT.s 			page 11


 571 021e 19       		.byte	25
 572 021f 02       		.byte	2
 573 0220 1B       		.byte	27
 574 0221 20       		.byte	32
 575 0222 1D       		.byte	29
 576 0223 14       		.byte	20
 577 0224 1E       		.byte	30
 578 0225 40       		.byte	64
 579 0226 1F       		.byte	31
 580 0227 04       		.byte	4
 581 0228 21       		.byte	33
 582 0229 18       		.byte	24
 583 022a 22       		.byte	34
 584 022b 08       		.byte	8
 585 022c 23       		.byte	35
 586 022d 40       		.byte	64
 587 022e 24       		.byte	36
 588 022f 04       		.byte	4
 589 0230 25       		.byte	37
 590 0231 04       		.byte	4
 591 0232 26       		.byte	38
 592 0233 80       		.byte	-128
 593 0234 27       		.byte	39
 594 0235 40       		.byte	64
 595 0236 29       		.byte	41
 596 0237 02       		.byte	2
 597 0238 2A       		.byte	42
 598 0239 01       		.byte	1
 599 023a 2C       		.byte	44
 600 023b 40       		.byte	64
 601 023c 2E       		.byte	46
 602 023d 04       		.byte	4
 603 023e 2F       		.byte	47
 604 023f 06       		.byte	6
 605 0240 30       		.byte	48
 606 0241 90       		.byte	-112
 607 0242 31       		.byte	49
 608 0243 18       		.byte	24
 609 0244 34       		.byte	52
 610 0245 80       		.byte	-128
 611 0246 36       		.byte	54
 612 0247 84       		.byte	-124
 613 0248 37       		.byte	55
 614 0249 10       		.byte	16
 615 024a 38       		.byte	56
 616 024b 08       		.byte	8
 617 024c 39       		.byte	57
 618 024d 04       		.byte	4
 619 024e 3B       		.byte	59
 620 024f 40       		.byte	64
 621 0250 3C       		.byte	60
 622 0251 80       		.byte	-128
 623 0252 3D       		.byte	61
 624 0253 18       		.byte	24
 625 0254 3E       		.byte	62
 626 0255 02       		.byte	2
 627 0256 41       		.byte	65
ARM GAS  C:\Users\andre\AppData\Local\Temp\ccweayOT.s 			page 12


 628 0257 10       		.byte	16
 629 0258 44       		.byte	68
 630 0259 10       		.byte	16
 631 025a 46       		.byte	70
 632 025b 01       		.byte	1
 633 025c 4C       		.byte	76
 634 025d 04       		.byte	4
 635 025e 4E       		.byte	78
 636 025f 10       		.byte	16
 637 0260 50       		.byte	80
 638 0261 84       		.byte	-124
 639 0262 54       		.byte	84
 640 0263 10       		.byte	16
 641 0264 57       		.byte	87
 642 0265 01       		.byte	1
 643 0266 5D       		.byte	93
 644 0267 08       		.byte	8
 645 0268 5E       		.byte	94
 646 0269 41       		.byte	65
 647 026a 5F       		.byte	95
 648 026b 20       		.byte	32
 649 026c 80       		.byte	-128
 650 026d 40       		.byte	64
 651 026e 88       		.byte	-120
 652 026f 30       		.byte	48
 653 0270 8A       		.byte	-118
 654 0271 03       		.byte	3
 655 0272 8F       		.byte	-113
 656 0273 21       		.byte	33
 657 0274 90       		.byte	-112
 658 0275 40       		.byte	64
 659 0276 91       		.byte	-111
 660 0277 10       		.byte	16
 661 0278 92       		.byte	-110
 662 0279 04       		.byte	4
 663 027a 94       		.byte	-108
 664 027b 04       		.byte	4
 665 027c 97       		.byte	-105
 666 027d 08       		.byte	8
 667 027e 98       		.byte	-104
 668 027f 40       		.byte	64
 669 0280 99       		.byte	-103
 670 0281 08       		.byte	8
 671 0282 9B       		.byte	-101
 672 0283 10       		.byte	16
 673 0284 9C       		.byte	-100
 674 0285 A0       		.byte	-96
 675 0286 9E       		.byte	-98
 676 0287 02       		.byte	2
 677 0288 9F       		.byte	-97
 678 0289 40       		.byte	64
 679 028a A0       		.byte	-96
 680 028b 40       		.byte	64
 681 028c A2       		.byte	-94
 682 028d 04       		.byte	4
 683 028e A3       		.byte	-93
 684 028f 02       		.byte	2
ARM GAS  C:\Users\andre\AppData\Local\Temp\ccweayOT.s 			page 13


 685 0290 A4       		.byte	-92
 686 0291 10       		.byte	16
 687 0292 A7       		.byte	-89
 688 0293 20       		.byte	32
 689 0294 C0       		.byte	-64
 690 0295 7C       		.byte	124
 691 0296 C2       		.byte	-62
 692 0297 FE       		.byte	-2
 693 0298 C4       		.byte	-60
 694 0299 FE       		.byte	-2
 695 029a CA       		.byte	-54
 696 029b F1       		.byte	-15
 697 029c CC       		.byte	-52
 698 029d 7E       		.byte	126
 699 029e CE       		.byte	-50
 700 029f FA       		.byte	-6
 701 02a0 D0       		.byte	-48
 702 02a1 54       		.byte	84
 703 02a2 D2       		.byte	-46
 704 02a3 20       		.byte	32
 705 02a4 D6       		.byte	-42
 706 02a5 F0       		.byte	-16
 707 02a6 E4       		.byte	-28
 708 02a7 04       		.byte	4
 709 02a8 EE       		.byte	-18
 710 02a9 08       		.byte	8
 711 02aa 31       		.byte	49
 712 02ab 08       		.byte	8
 713 02ac 33       		.byte	51
 714 02ad 20       		.byte	32
 715 02ae 37       		.byte	55
 716 02af 40       		.byte	64
 717 02b0 CC       		.byte	-52
 718 02b1 70       		.byte	112
 719 02b2 9F       		.byte	-97
 720 02b3 40       		.byte	64
 721 02b4 A5       		.byte	-91
 722 02b5 08       		.byte	8
 723 02b6 A7       		.byte	-89
 724 02b7 20       		.byte	32
 725 02b8 9F       		.byte	-97
 726 02b9 40       		.byte	64
 727 02ba A5       		.byte	-91
 728 02bb 08       		.byte	8
 729 02bc A7       		.byte	-89
 730 02bd 20       		.byte	32
 731 02be A5       		.byte	-91
 732 02bf 08       		.byte	8
 733 02c0 A7       		.byte	-89
 734 02c1 20       		.byte	32
 735 02c2 AB       		.byte	-85
 736 02c3 40       		.byte	64
 737 02c4 EE       		.byte	-18
 738 02c5 80       		.byte	-128
 739 02c6 1A       		.byte	26
 740 02c7 80       		.byte	-128
 741 02c8 C6       		.byte	-58
ARM GAS  C:\Users\andre\AppData\Local\Temp\ccweayOT.s 			page 14


 742 02c9 08       		.byte	8
 743 02ca AA       		.byte	-86
 744 02cb 40       		.byte	64
 745 02cc 89       		.byte	-119
 746 02cd 08       		.byte	8
 747 02ce A5       		.byte	-91
 748 02cf 08       		.byte	8
 749 02d0 A7       		.byte	-89
 750 02d1 20       		.byte	32
 751 02d2 AF       		.byte	-81
 752 02d3 20       		.byte	32
 753 02d4 EE       		.byte	-18
 754 02d5 10       		.byte	16
 755 02d6 1F       		.byte	31
 756 02d7 80       		.byte	-128
 757 02d8 C6       		.byte	-58
 758 02d9 01       		.byte	1
 759 02da 10       		.byte	16
 760 02db 40       		.byte	64
 761 02dc 70       		.byte	112
 762 02dd 01       		.byte	1
 763 02de 80       		.byte	-128
 764 02df 01       		.byte	1
 765 02e0 88       		.byte	-120
 766 02e1 40       		.byte	64
 767 02e2 AF       		.byte	-81
 768 02e3 80       		.byte	-128
 769 02e4 C4       		.byte	-60
 770 02e5 08       		.byte	8
 771 02e6 DC       		.byte	-36
 772 02e7 01       		.byte	1
 773 02e8 E2       		.byte	-30
 774 02e9 01       		.byte	1
 775 02ea 10       		.byte	16
 776 02eb 01       		.byte	1
 777 02ec 1C       		.byte	28
 778 02ed 01       		.byte	1
 779 02ee 00       		.byte	0
 780 02ef 3F       		.byte	63
 781 02f0 1F       		.byte	31
 782 02f1 44       		.byte	68
 783 02f2 20       		.byte	32
 784 02f3 00       		.byte	0
 785 02f4 1C       		.byte	28
 786 02f5 08       		.byte	8
 787 02f6 23       		.byte	35
 788 02f7 00       		.byte	0
 789 02f8 03       		.byte	3
 790 02f9 00       		.byte	0
 791 02fa 00       		.byte	0
 792 02fb E3       		.byte	-29
 793 02fc 08       		.byte	8
 794 02fd 00       		.byte	0
 795 02fe 00       		.byte	0
 796 02ff 04       		.byte	4
 797 0300 00       		.byte	0
 798 0301 1C       		.byte	28
ARM GAS  C:\Users\andre\AppData\Local\Temp\ccweayOT.s 			page 15


 799 0302 00       		.byte	0
 800 0303 E1       		.byte	-31
 801 0304 00       		.byte	0
 802 0305 3C       		.byte	60
 803 0306 23       		.byte	35
 804 0307 C2       		.byte	-62
 805 0308 33       		.byte	51
 806 0309 18       		.byte	24
 807 030a 0C       		.byte	12
 808 030b 00       		.byte	0
 809 030c 3F       		.byte	63
 810 030d 80       		.byte	-128
 811 030e 00       		.byte	0
 812 030f 00       		.byte	0
 813 0310 02       		.byte	2
 814 0311 FF       		.byte	-1
 815 0312 00       		.byte	0
 816 0313 00       		.byte	0
 817 0314 04       		.byte	4
 818 0315 E7       		.byte	-25
 819 0316 00       		.byte	0
 820 0317 18       		.byte	24
 821 0318 0C       		.byte	12
 822 0319 C0       		.byte	-64
 823 031a 00       		.byte	0
 824 031b 00       		.byte	0
 825 031c 01       		.byte	1
 826 031d 10       		.byte	16
 827 031e 00       		.byte	0
 828 031f 00       		.byte	0
 829 0320 2C       		.byte	44
 830 0321 00       		.byte	0
 831 0322 10       		.byte	16
 832 0323 1F       		.byte	31
 833 0324 0F       		.byte	15
 834 0325 38       		.byte	56
 835 0326 00       		.byte	0
 836 0327 C0       		.byte	-64
 837 0328 00       		.byte	0
 838 0329 00       		.byte	0
 839 032a A2       		.byte	-94
 840 032b 08       		.byte	8
 841 032c 00       		.byte	0
 842 032d 00       		.byte	0
 843 032e 04       		.byte	4
 844 032f 00       		.byte	0
 845 0330 26       		.byte	38
 846 0331 04       		.byte	4
 847 0332 05       		.byte	5
 848 0333 00       		.byte	0
 849 0334 01       		.byte	1
 850 0335 C0       		.byte	-64
 851 0336 0E       		.byte	14
 852 0337 00       		.byte	0
 853 0338 06       		.byte	6
 854 0339 FF       		.byte	-1
 855 033a FF       		.byte	-1
ARM GAS  C:\Users\andre\AppData\Local\Temp\ccweayOT.s 			page 16


 856 033b FF       		.byte	-1
 857 033c 62       		.byte	98
 858 033d A0       		.byte	-96
 859 033e F0       		.byte	-16
 860 033f 41       		.byte	65
 861 0340 0C       		.byte	12
 862 0341 00       		.byte	0
 863 0342 00       		.byte	0
 864 0343 00       		.byte	0
 865 0344 00       		.byte	0
 866 0345 00       		.byte	0
 867 0346 02       		.byte	2
 868 0347 11       		.byte	17
 869 0348 04       		.byte	4
 870 0349 04       		.byte	4
 871 034a 04       		.byte	4
 872 034b 04       		.byte	4
 873 034c 00       		.byte	0
 874 034d 00       		.byte	0
 875 034e 00       		.byte	0
 876 034f 01       		.byte	1
 877 0350 00       		.byte	0
 878 0351 00       		.byte	0
 879 0352 00       		.byte	0
 880 0353 00       		.byte	0
 881 0354 00       		.byte	0
 882 0355 00       		.byte	0
 883 0356 40       		.byte	64
 884 0357 02       		.byte	2
 885 0358 00       		.byte	0
 886 0359 10       		.byte	16
 887 035a 30       		.byte	48
 888 035b 10       		.byte	16
 889 035c 00       		.byte	0
 890 035d 10       		.byte	16
 891 035e 10       		.byte	16
 892 035f 12       		.byte	18
 893 0360 00       		.byte	0
 894 0361 00       		.byte	0
 895 0362 00       		.byte	0
 896 0363 00       		.byte	0
 897 0364 00       		.byte	0
 898 0365 00       		.byte	0
 899 0366 00       		.byte	0
 900 0367 00       		.byte	0
 901 0368 00       		.byte	0
 902 0369 00       		.byte	0
 903 036a 00       		.byte	0
 904 036b 00       		.byte	0
 905 036c 00       		.byte	0
 906 036d 00       		.byte	0
 907 036e 00       		.byte	0
 908 036f 00       		.byte	0
 909 0370 00       		.byte	0
 910 0371 00       		.byte	0
 911 0372 00       		.byte	0
 912 0373 00       		.byte	0
ARM GAS  C:\Users\andre\AppData\Local\Temp\ccweayOT.s 			page 17


 913 0374 00       		.byte	0
 914 0375 00       		.byte	0
 915 0376 14       		.byte	20
 916 0377 00       		.byte	0
 917 0378 80       		.byte	-128
 918 0379 00       		.byte	0
 919 037a 40       		.byte	64
 920 037b 80       		.byte	-128
 921 037c 80       		.byte	-128
 922 037d 00       		.byte	0
 923 037e 80       		.byte	-128
 924 037f 00       		.byte	0
 925 0380 00       		.byte	0
 926 0381 00       		.byte	0
 927 0382 00       		.byte	0
 928 0383 00       		.byte	0
 929 0384 00       		.byte	0
 930 0385 00       		.byte	0
 931 0386 00       		.byte	0
 932 0387 00       		.byte	0
 933 0388 00       		.byte	0
 934 0389 00       		.byte	0
 935 038a 30       		.byte	48
 936 038b 00       		.byte	0
 937 038c 00       		.byte	0
 938 038d 0B       		.byte	11
 939 038e 0B       		.byte	11
 940 038f 00       		.byte	0
 941 0390 00       		.byte	0
 942 0391 00       		.byte	0
 943 0392 00       		.byte	0
 944 0393 00       		.byte	0
 945 0394 0C       		.byte	12
 946 0395 00       		.byte	0
 947 0396 18       		.byte	24
 948 0397 01       		.byte	1
 949 0398 0C       		.byte	12
 950 0399 00       		.byte	0
 951 039a 18       		.byte	24
 952 039b 01       		.byte	1
 953              		.section	.cywolatch,"a",%progbits
 954              		.align	2
 955              		.type	cy_meta_wonvl, %object
 956              		.size	cy_meta_wonvl, 4
 957              	cy_meta_wonvl:
 958 0000 BC       		.byte	-68
 959 0001 90       		.byte	-112
 960 0002 AC       		.byte	-84
 961 0003 AF       		.byte	-81
 962              		.section	.cycustnvl,"a",%progbits
 963              		.align	2
 964              		.type	cy_meta_custnvl, %object
 965              		.size	cy_meta_custnvl, 4
 966              	cy_meta_custnvl:
 967 0000 00       		.byte	0
 968 0001 00       		.byte	0
 969 0002 40       		.byte	64
ARM GAS  C:\Users\andre\AppData\Local\Temp\ccweayOT.s 			page 18


 970 0003 05       		.byte	5
 971              		.section	.cymeta,"a",%progbits
 972              		.align	2
 973              		.type	cy_metadata, %object
 974              		.size	cy_metadata, 12
 975              	cy_metadata:
 976 0000 00       		.byte	0
 977 0001 01       		.byte	1
 978 0002 2E       		.byte	46
 979 0003 16       		.byte	22
 980 0004 10       		.byte	16
 981 0005 69       		.byte	105
 982 0006 00       		.byte	0
 983 0007 01       		.byte	1
 984 0008 00       		.byte	0
 985 0009 00       		.byte	0
 986 000a 00       		.byte	0
 987 000b 00       		.byte	0
 988              		.section	.cyflashprotect,"a",%progbits
 989              		.align	2
 990              		.type	cy_meta_flashprotect, %object
 991              		.size	cy_meta_flashprotect, 256
 992              	cy_meta_flashprotect:
 993 0000 00000000 		.space	256
 993      00000000 
 993      00000000 
 993      00000000 
 993      00000000 
 994              		.text
 995              	.Letext0:
 996              		.file 1 "c:\\program files (x86)\\cypress\\psoc creator\\4.4\\psoc creator\\import\\gnu\\arm\\5.4.
 997              		.file 2 "c:\\program files (x86)\\cypress\\psoc creator\\4.4\\psoc creator\\import\\gnu\\arm\\5.4.
 998              		.file 3 "Generated_Source\\PSoC5\\cymetadata.c"
 999              		.section	.debug_info,"",%progbits
 1000              	.Ldebug_info0:
 1001 0000 31010000 		.4byte	0x131
 1002 0004 0400     		.2byte	0x4
 1003 0006 00000000 		.4byte	.Ldebug_abbrev0
 1004 000a 04       		.byte	0x4
 1005 000b 01       		.uleb128 0x1
 1006 000c 24000000 		.4byte	.LASF17
 1007 0010 0C       		.byte	0xc
 1008 0011 E1010000 		.4byte	.LASF18
 1009 0015 72010000 		.4byte	.LASF19
 1010 0019 00000000 		.4byte	.Ldebug_line0
 1011 001d 02       		.uleb128 0x2
 1012 001e 01       		.byte	0x1
 1013 001f 06       		.byte	0x6
 1014 0020 D5010000 		.4byte	.LASF0
 1015 0024 03       		.uleb128 0x3
 1016 0025 00000000 		.4byte	.LASF9
 1017 0029 01       		.byte	0x1
 1018 002a 1D       		.byte	0x1d
 1019 002b 2F000000 		.4byte	0x2f
 1020 002f 02       		.uleb128 0x2
 1021 0030 01       		.byte	0x1
 1022 0031 08       		.byte	0x8
ARM GAS  C:\Users\andre\AppData\Local\Temp\ccweayOT.s 			page 19


 1023 0032 16000000 		.4byte	.LASF1
 1024 0036 02       		.uleb128 0x2
 1025 0037 02       		.byte	0x2
 1026 0038 05       		.byte	0x5
 1027 0039 5F010000 		.4byte	.LASF2
 1028 003d 02       		.uleb128 0x2
 1029 003e 02       		.byte	0x2
 1030 003f 07       		.byte	0x7
 1031 0040 C4000000 		.4byte	.LASF3
 1032 0044 02       		.uleb128 0x2
 1033 0045 04       		.byte	0x4
 1034 0046 05       		.byte	0x5
 1035 0047 69010000 		.4byte	.LASF4
 1036 004b 02       		.uleb128 0x2
 1037 004c 04       		.byte	0x4
 1038 004d 07       		.byte	0x7
 1039 004e B2000000 		.4byte	.LASF5
 1040 0052 02       		.uleb128 0x2
 1041 0053 08       		.byte	0x8
 1042 0054 05       		.byte	0x5
 1043 0055 51010000 		.4byte	.LASF6
 1044 0059 02       		.uleb128 0x2
 1045 005a 08       		.byte	0x8
 1046 005b 07       		.byte	0x7
 1047 005c 06010000 		.4byte	.LASF7
 1048 0060 04       		.uleb128 0x4
 1049 0061 04       		.byte	0x4
 1050 0062 05       		.byte	0x5
 1051 0063 696E7400 		.ascii	"int\000"
 1052 0067 02       		.uleb128 0x2
 1053 0068 04       		.byte	0x4
 1054 0069 07       		.byte	0x7
 1055 006a F9000000 		.4byte	.LASF8
 1056 006e 03       		.uleb128 0x3
 1057 006f 1D010000 		.4byte	.LASF10
 1058 0073 02       		.byte	0x2
 1059 0074 18       		.byte	0x18
 1060 0075 24000000 		.4byte	0x24
 1061 0079 05       		.uleb128 0x5
 1062 007a 91000000 		.4byte	0x91
 1063 007e 8A000000 		.4byte	0x8a
 1064 0082 06       		.uleb128 0x6
 1065 0083 8A000000 		.4byte	0x8a
 1066 0087 9B03     		.2byte	0x39b
 1067 0089 00       		.byte	0
 1068 008a 02       		.uleb128 0x2
 1069 008b 04       		.byte	0x4
 1070 008c 07       		.byte	0x7
 1071 008d 48010000 		.4byte	.LASF11
 1072 0091 07       		.uleb128 0x7
 1073 0092 6E000000 		.4byte	0x6e
 1074 0096 08       		.uleb128 0x8
 1075 0097 E7000000 		.4byte	.LASF12
 1076 009b 03       		.byte	0x3
 1077 009c 1F       		.byte	0x1f
 1078 009d A7000000 		.4byte	0xa7
 1079 00a1 05       		.uleb128 0x5
ARM GAS  C:\Users\andre\AppData\Local\Temp\ccweayOT.s 			page 20


 1080 00a2 03       		.byte	0x3
 1081 00a3 00000000 		.4byte	cy_meta_configecc
 1082 00a7 07       		.uleb128 0x7
 1083 00a8 79000000 		.4byte	0x79
 1084 00ac 05       		.uleb128 0x5
 1085 00ad 91000000 		.4byte	0x91
 1086 00b1 BC000000 		.4byte	0xbc
 1087 00b5 09       		.uleb128 0x9
 1088 00b6 8A000000 		.4byte	0x8a
 1089 00ba 03       		.byte	0x3
 1090 00bb 00       		.byte	0
 1091 00bc 08       		.uleb128 0x8
 1092 00bd D7000000 		.4byte	.LASF13
 1093 00c1 03       		.byte	0x3
 1094 00c2 A0       		.byte	0xa0
 1095 00c3 CD000000 		.4byte	0xcd
 1096 00c7 05       		.uleb128 0x5
 1097 00c8 03       		.byte	0x3
 1098 00c9 00000000 		.4byte	cy_meta_custnvl
 1099 00cd 07       		.uleb128 0x7
 1100 00ce AC000000 		.4byte	0xac
 1101 00d2 08       		.uleb128 0x8
 1102 00d3 3A010000 		.4byte	.LASF14
 1103 00d7 03       		.byte	0x3
 1104 00d8 AE       		.byte	0xae
 1105 00d9 E3000000 		.4byte	0xe3
 1106 00dd 05       		.uleb128 0x5
 1107 00de 03       		.byte	0x3
 1108 00df 00000000 		.4byte	cy_meta_wonvl
 1109 00e3 07       		.uleb128 0x7
 1110 00e4 AC000000 		.4byte	0xac
 1111 00e8 05       		.uleb128 0x5
 1112 00e9 91000000 		.4byte	0x91
 1113 00ed F8000000 		.4byte	0xf8
 1114 00f1 09       		.uleb128 0x9
 1115 00f2 8A000000 		.4byte	0x8a
 1116 00f6 FF       		.byte	0xff
 1117 00f7 00       		.byte	0
 1118 00f8 08       		.uleb128 0x8
 1119 00f9 25010000 		.4byte	.LASF15
 1120 00fd 03       		.byte	0x3
 1121 00fe BC       		.byte	0xbc
 1122 00ff 09010000 		.4byte	0x109
 1123 0103 05       		.uleb128 0x5
 1124 0104 03       		.byte	0x3
 1125 0105 00000000 		.4byte	cy_meta_flashprotect
 1126 0109 07       		.uleb128 0x7
 1127 010a E8000000 		.4byte	0xe8
 1128 010e 05       		.uleb128 0x5
 1129 010f 91000000 		.4byte	0x91
 1130 0113 1E010000 		.4byte	0x11e
 1131 0117 09       		.uleb128 0x9
 1132 0118 8A000000 		.4byte	0x8a
 1133 011c 0B       		.byte	0xb
 1134 011d 00       		.byte	0
 1135 011e 08       		.uleb128 0x8
 1136 011f 0A000000 		.4byte	.LASF16
ARM GAS  C:\Users\andre\AppData\Local\Temp\ccweayOT.s 			page 21


 1137 0123 03       		.byte	0x3
 1138 0124 E9       		.byte	0xe9
 1139 0125 2F010000 		.4byte	0x12f
 1140 0129 05       		.uleb128 0x5
 1141 012a 03       		.byte	0x3
 1142 012b 00000000 		.4byte	cy_metadata
 1143 012f 07       		.uleb128 0x7
 1144 0130 0E010000 		.4byte	0x10e
 1145 0134 00       		.byte	0
 1146              		.section	.debug_abbrev,"",%progbits
 1147              	.Ldebug_abbrev0:
 1148 0000 01       		.uleb128 0x1
 1149 0001 11       		.uleb128 0x11
 1150 0002 01       		.byte	0x1
 1151 0003 25       		.uleb128 0x25
 1152 0004 0E       		.uleb128 0xe
 1153 0005 13       		.uleb128 0x13
 1154 0006 0B       		.uleb128 0xb
 1155 0007 03       		.uleb128 0x3
 1156 0008 0E       		.uleb128 0xe
 1157 0009 1B       		.uleb128 0x1b
 1158 000a 0E       		.uleb128 0xe
 1159 000b 10       		.uleb128 0x10
 1160 000c 17       		.uleb128 0x17
 1161 000d 00       		.byte	0
 1162 000e 00       		.byte	0
 1163 000f 02       		.uleb128 0x2
 1164 0010 24       		.uleb128 0x24
 1165 0011 00       		.byte	0
 1166 0012 0B       		.uleb128 0xb
 1167 0013 0B       		.uleb128 0xb
 1168 0014 3E       		.uleb128 0x3e
 1169 0015 0B       		.uleb128 0xb
 1170 0016 03       		.uleb128 0x3
 1171 0017 0E       		.uleb128 0xe
 1172 0018 00       		.byte	0
 1173 0019 00       		.byte	0
 1174 001a 03       		.uleb128 0x3
 1175 001b 16       		.uleb128 0x16
 1176 001c 00       		.byte	0
 1177 001d 03       		.uleb128 0x3
 1178 001e 0E       		.uleb128 0xe
 1179 001f 3A       		.uleb128 0x3a
 1180 0020 0B       		.uleb128 0xb
 1181 0021 3B       		.uleb128 0x3b
 1182 0022 0B       		.uleb128 0xb
 1183 0023 49       		.uleb128 0x49
 1184 0024 13       		.uleb128 0x13
 1185 0025 00       		.byte	0
 1186 0026 00       		.byte	0
 1187 0027 04       		.uleb128 0x4
 1188 0028 24       		.uleb128 0x24
 1189 0029 00       		.byte	0
 1190 002a 0B       		.uleb128 0xb
 1191 002b 0B       		.uleb128 0xb
 1192 002c 3E       		.uleb128 0x3e
 1193 002d 0B       		.uleb128 0xb
ARM GAS  C:\Users\andre\AppData\Local\Temp\ccweayOT.s 			page 22


 1194 002e 03       		.uleb128 0x3
 1195 002f 08       		.uleb128 0x8
 1196 0030 00       		.byte	0
 1197 0031 00       		.byte	0
 1198 0032 05       		.uleb128 0x5
 1199 0033 01       		.uleb128 0x1
 1200 0034 01       		.byte	0x1
 1201 0035 49       		.uleb128 0x49
 1202 0036 13       		.uleb128 0x13
 1203 0037 01       		.uleb128 0x1
 1204 0038 13       		.uleb128 0x13
 1205 0039 00       		.byte	0
 1206 003a 00       		.byte	0
 1207 003b 06       		.uleb128 0x6
 1208 003c 21       		.uleb128 0x21
 1209 003d 00       		.byte	0
 1210 003e 49       		.uleb128 0x49
 1211 003f 13       		.uleb128 0x13
 1212 0040 2F       		.uleb128 0x2f
 1213 0041 05       		.uleb128 0x5
 1214 0042 00       		.byte	0
 1215 0043 00       		.byte	0
 1216 0044 07       		.uleb128 0x7
 1217 0045 26       		.uleb128 0x26
 1218 0046 00       		.byte	0
 1219 0047 49       		.uleb128 0x49
 1220 0048 13       		.uleb128 0x13
 1221 0049 00       		.byte	0
 1222 004a 00       		.byte	0
 1223 004b 08       		.uleb128 0x8
 1224 004c 34       		.uleb128 0x34
 1225 004d 00       		.byte	0
 1226 004e 03       		.uleb128 0x3
 1227 004f 0E       		.uleb128 0xe
 1228 0050 3A       		.uleb128 0x3a
 1229 0051 0B       		.uleb128 0xb
 1230 0052 3B       		.uleb128 0x3b
 1231 0053 0B       		.uleb128 0xb
 1232 0054 49       		.uleb128 0x49
 1233 0055 13       		.uleb128 0x13
 1234 0056 3F       		.uleb128 0x3f
 1235 0057 19       		.uleb128 0x19
 1236 0058 02       		.uleb128 0x2
 1237 0059 18       		.uleb128 0x18
 1238 005a 00       		.byte	0
 1239 005b 00       		.byte	0
 1240 005c 09       		.uleb128 0x9
 1241 005d 21       		.uleb128 0x21
 1242 005e 00       		.byte	0
 1243 005f 49       		.uleb128 0x49
 1244 0060 13       		.uleb128 0x13
 1245 0061 2F       		.uleb128 0x2f
 1246 0062 0B       		.uleb128 0xb
 1247 0063 00       		.byte	0
 1248 0064 00       		.byte	0
 1249 0065 00       		.byte	0
 1250              		.section	.debug_aranges,"",%progbits
ARM GAS  C:\Users\andre\AppData\Local\Temp\ccweayOT.s 			page 23


 1251 0000 14000000 		.4byte	0x14
 1252 0004 0200     		.2byte	0x2
 1253 0006 00000000 		.4byte	.Ldebug_info0
 1254 000a 04       		.byte	0x4
 1255 000b 00       		.byte	0
 1256 000c 0000     		.2byte	0
 1257 000e 0000     		.2byte	0
 1258 0010 00000000 		.4byte	0
 1259 0014 00000000 		.4byte	0
 1260              		.section	.debug_line,"",%progbits
 1261              	.Ldebug_line0:
 1262 0000 3D010000 		.section	.debug_str,"MS",%progbits,1
 1262      02003701 
 1262      00000201 
 1262      FB0E0D00 
 1262      01010101 
 1263              	.LASF9:
 1264 0000 5F5F7569 		.ascii	"__uint8_t\000"
 1264      6E74385F 
 1264      7400
 1265              	.LASF16:
 1266 000a 63795F6D 		.ascii	"cy_metadata\000"
 1266      65746164 
 1266      61746100 
 1267              	.LASF1:
 1268 0016 756E7369 		.ascii	"unsigned char\000"
 1268      676E6564 
 1268      20636861 
 1268      7200
 1269              	.LASF17:
 1270 0024 474E5520 		.ascii	"GNU C11 5.4.1 20160609 (release) [ARM/embedded-5-br"
 1270      43313120 
 1270      352E342E 
 1270      31203230 
 1270      31363036 
 1271 0057 616E6368 		.ascii	"anch revision 237715] -mcpu=cortex-m3 -mthumb -g -O"
 1271      20726576 
 1271      6973696F 
 1271      6E203233 
 1271      37373135 
 1272 008a 67202D66 		.ascii	"g -ffunction-sections -ffat-lto-objects\000"
 1272      66756E63 
 1272      74696F6E 
 1272      2D736563 
 1272      74696F6E 
 1273              	.LASF5:
 1274 00b2 6C6F6E67 		.ascii	"long unsigned int\000"
 1274      20756E73 
 1274      69676E65 
 1274      6420696E 
 1274      7400
 1275              	.LASF3:
 1276 00c4 73686F72 		.ascii	"short unsigned int\000"
 1276      7420756E 
 1276      7369676E 
 1276      65642069 
 1276      6E7400
ARM GAS  C:\Users\andre\AppData\Local\Temp\ccweayOT.s 			page 24


 1277              	.LASF13:
 1278 00d7 63795F6D 		.ascii	"cy_meta_custnvl\000"
 1278      6574615F 
 1278      63757374 
 1278      6E766C00 
 1279              	.LASF12:
 1280 00e7 63795F6D 		.ascii	"cy_meta_configecc\000"
 1280      6574615F 
 1280      636F6E66 
 1280      69676563 
 1280      6300
 1281              	.LASF8:
 1282 00f9 756E7369 		.ascii	"unsigned int\000"
 1282      676E6564 
 1282      20696E74 
 1282      00
 1283              	.LASF7:
 1284 0106 6C6F6E67 		.ascii	"long long unsigned int\000"
 1284      206C6F6E 
 1284      6720756E 
 1284      7369676E 
 1284      65642069 
 1285              	.LASF10:
 1286 011d 75696E74 		.ascii	"uint8_t\000"
 1286      385F7400 
 1287              	.LASF15:
 1288 0125 63795F6D 		.ascii	"cy_meta_flashprotect\000"
 1288      6574615F 
 1288      666C6173 
 1288      6870726F 
 1288      74656374 
 1289              	.LASF14:
 1290 013a 63795F6D 		.ascii	"cy_meta_wonvl\000"
 1290      6574615F 
 1290      776F6E76 
 1290      6C00
 1291              	.LASF11:
 1292 0148 73697A65 		.ascii	"sizetype\000"
 1292      74797065 
 1292      00
 1293              	.LASF6:
 1294 0151 6C6F6E67 		.ascii	"long long int\000"
 1294      206C6F6E 
 1294      6720696E 
 1294      7400
 1295              	.LASF2:
 1296 015f 73686F72 		.ascii	"short int\000"
 1296      7420696E 
 1296      7400
 1297              	.LASF4:
 1298 0169 6C6F6E67 		.ascii	"long int\000"
 1298      20696E74 
 1298      00
 1299              	.LASF19:
 1300 0172 433A5C55 		.ascii	"C:\\Users\\andre\\OneDrive\\Skrivebord\\BatteriDriv"
 1300      73657273 
 1300      5C616E64 
ARM GAS  C:\Users\andre\AppData\Local\Temp\ccweayOT.s 			page 25


 1300      72655C4F 
 1300      6E654472 
 1301 01a0 65722E63 		.ascii	"er.cywrk.Archive01\\BatteriDriver\\BatteriDriver.cy"
 1301      7977726B 
 1301      2E417263 
 1301      68697665 
 1301      30315C42 
 1302 01d1 64736E00 		.ascii	"dsn\000"
 1303              	.LASF0:
 1304 01d5 7369676E 		.ascii	"signed char\000"
 1304      65642063 
 1304      68617200 
 1305              	.LASF18:
 1306 01e1 47656E65 		.ascii	"Generated_Source\\PSoC5\\cymetadata.c\000"
 1306      72617465 
 1306      645F536F 
 1306      75726365 
 1306      5C50536F 
 1307              		.ident	"GCC: (GNU Tools for ARM Embedded Processors) 5.4.1 20160609 (release) [ARM/embedded-5-bran
