ARM GAS  C:\Users\andre\AppData\Local\Temp\cczPfqTu.s 			page 1


   1              		.syntax unified
   2              		.cpu cortex-m3
   3              		.fpu softvfp
   4              		.eabi_attribute 20, 1
   5              		.eabi_attribute 21, 1
   6              		.eabi_attribute 23, 3
   7              		.eabi_attribute 24, 1
   8              		.eabi_attribute 25, 1
   9              		.eabi_attribute 26, 1
  10              		.eabi_attribute 30, 1
  11              		.eabi_attribute 34, 1
  12              		.eabi_attribute 18, 4
  13              		.thumb
  14              		.syntax unified
  15              		.file	"main.c"
  16              		.text
  17              	.Ltext0:
  18              		.cfi_sections	.debug_frame
  19              		.section	.text.main,"ax",%progbits
  20              		.align	2
  21              		.global	main
  22              		.thumb
  23              		.thumb_func
  24              		.type	main, %function
  25              	main:
  26              	.LFB64:
  27              		.file 1 "main.c"
   1:main.c        **** /* ========================================
   2:main.c        ****  *
   3:main.c        ****  * Copyright YOUR COMPANY, THE YEAR
   4:main.c        ****  * All Rights Reserved
   5:main.c        ****  * UNPUBLISHED, LICENSED SOFTWARE.
   6:main.c        ****  *
   7:main.c        ****  * CONFIDENTIAL AND PROPRIETARY INFORMATION
   8:main.c        ****  * WHICH IS THE PROPERTY OF your company.
   9:main.c        ****  *
  10:main.c        ****  * ========================================
  11:main.c        **** */
  12:main.c        **** #include"BatteryDriver.h"
  13:main.c        **** 
  14:main.c        **** 
  15:main.c        **** 
  16:main.c        **** 
  17:main.c        **** int main(void)
  18:main.c        **** {
  28              		.loc 1 18 0
  29              		.cfi_startproc
  30              		@ args = 0, pretend = 0, frame = 256
  31              		@ frame_needed = 0, uses_anonymous_args = 0
  32 0000 00B5     		push	{lr}
  33              		.cfi_def_cfa_offset 4
  34              		.cfi_offset 14, -4
  35 0002 C1B0     		sub	sp, sp, #260
  36              		.cfi_def_cfa_offset 264
  19:main.c        ****     CyGlobalIntEnable; /* Enable global interrupts. */
  37              		.loc 1 19 0
  38              		.syntax unified
ARM GAS  C:\Users\andre\AppData\Local\Temp\cczPfqTu.s 			page 2


  39              	@ 19 "main.c" 1
  40 0004 62B6     		CPSIE   i
  41              	@ 0 "" 2
  20:main.c        ****     char uartBuffer[256];
  21:main.c        ****     UART_1_Start();
  42              		.loc 1 21 0
  43              		.thumb
  44              		.syntax unified
  45 0006 FFF7FEFF 		bl	UART_1_Start
  46              	.LVL0:
  22:main.c        ****     ADC_SAR_1_Start();
  47              		.loc 1 22 0
  48 000a FFF7FEFF 		bl	ADC_SAR_1_Start
  49              	.LVL1:
  23:main.c        ****     ADC_SAR_1_StartConvert();
  50              		.loc 1 23 0
  51 000e FFF7FEFF 		bl	ADC_SAR_1_StartConvert
  52              	.LVL2:
  24:main.c        ****     ADC_SAR_2_Start();
  53              		.loc 1 24 0
  54 0012 FFF7FEFF 		bl	ADC_SAR_2_Start
  55              	.LVL3:
  25:main.c        ****     ADC_SAR_2_StartConvert();
  56              		.loc 1 25 0
  57 0016 FFF7FEFF 		bl	ADC_SAR_2_StartConvert
  58              	.LVL4:
  59              	.L2:
  26:main.c        **** 
  27:main.c        ****     for(;;)
  28:main.c        ****     { 
  29:main.c        ****         snprintf(uartBuffer, sizeof(uartBuffer), "Voltage divider: %i Percent\r\n", voltageDividerT
  60              		.loc 1 29 0 discriminator 1
  61 001a FFF7FEFF 		bl	voltageDividerToPercent
  62              	.LVL5:
  63 001e 0346     		mov	r3, r0
  64 0020 044A     		ldr	r2, .L4
  65 0022 4FF48071 		mov	r1, #256
  66 0026 6846     		mov	r0, sp
  67 0028 FFF7FEFF 		bl	snprintf
  68              	.LVL6:
  30:main.c        ****         //snprintf(UartBuffer, sizeof(UartBuffer), "Current hall: %i Volts\r\n", currentHall());
  31:main.c        ****         UART_1_PutString(uartBuffer); 
  69              		.loc 1 31 0 discriminator 1
  70 002c 6846     		mov	r0, sp
  71 002e FFF7FEFF 		bl	UART_1_PutString
  72              	.LVL7:
  73 0032 F2E7     		b	.L2
  74              	.L5:
  75              		.align	2
  76              	.L4:
  77 0034 00000000 		.word	.LC0
  78              		.cfi_endproc
  79              	.LFE64:
  80              		.size	main, .-main
  81              		.section	.rodata.str1.4,"aMS",%progbits,1
  82              		.align	2
  83              	.LC0:
ARM GAS  C:\Users\andre\AppData\Local\Temp\cczPfqTu.s 			page 3


  84 0000 566F6C74 		.ascii	"Voltage divider: %i Percent\015\012\000"
  84      61676520 
  84      64697669 
  84      6465723A 
  84      20256920 
  85              		.text
  86              	.Letext0:
  87              		.file 2 "c:\\program files (x86)\\cypress\\psoc creator\\4.4\\psoc creator\\import\\gnu\\arm\\5.4.
  88              		.file 3 "c:\\program files (x86)\\cypress\\psoc creator\\4.4\\psoc creator\\import\\gnu\\arm\\5.4.
  89              		.file 4 "Generated_Source\\PSoC5/UART_1.h"
  90              		.file 5 "Generated_Source\\PSoC5/ADC_SAR_1.h"
  91              		.file 6 "Generated_Source\\PSoC5/ADC_SAR_2.h"
  92              		.file 7 "BatteryDriver.h"
  93              		.file 8 "c:\\program files (x86)\\cypress\\psoc creator\\4.4\\psoc creator\\import\\gnu\\arm\\5.4.
  94              		.file 9 "Generated_Source\\PSoC5/core_cm3.h"
  95              		.section	.debug_info,"",%progbits
  96              	.Ldebug_info0:
  97 0000 AD010000 		.4byte	0x1ad
  98 0004 0400     		.2byte	0x4
  99 0006 00000000 		.4byte	.Ldebug_abbrev0
 100 000a 04       		.byte	0x4
 101 000b 01       		.uleb128 0x1
 102 000c 62000000 		.4byte	.LASF24
 103 0010 0C       		.byte	0xc
 104 0011 75010000 		.4byte	.LASF25
 105 0015 FC010000 		.4byte	.LASF26
 106 0019 00000000 		.4byte	.Ldebug_ranges0+0
 107 001d 00000000 		.4byte	0
 108 0021 00000000 		.4byte	.Ldebug_line0
 109 0025 02       		.uleb128 0x2
 110 0026 01       		.byte	0x1
 111 0027 06       		.byte	0x6
 112 0028 CF010000 		.4byte	.LASF0
 113 002c 02       		.uleb128 0x2
 114 002d 01       		.byte	0x1
 115 002e 08       		.byte	0x8
 116 002f 54000000 		.4byte	.LASF1
 117 0033 02       		.uleb128 0x2
 118 0034 02       		.byte	0x2
 119 0035 05       		.byte	0x5
 120 0036 99010000 		.4byte	.LASF2
 121 003a 02       		.uleb128 0x2
 122 003b 02       		.byte	0x2
 123 003c 07       		.byte	0x7
 124 003d 3B000000 		.4byte	.LASF3
 125 0041 03       		.uleb128 0x3
 126 0042 28000000 		.4byte	.LASF9
 127 0046 02       		.byte	0x2
 128 0047 3F       		.byte	0x3f
 129 0048 4C000000 		.4byte	0x4c
 130 004c 02       		.uleb128 0x2
 131 004d 04       		.byte	0x4
 132 004e 05       		.byte	0x5
 133 004f A3010000 		.4byte	.LASF4
 134 0053 02       		.uleb128 0x2
 135 0054 04       		.byte	0x4
 136 0055 07       		.byte	0x7
ARM GAS  C:\Users\andre\AppData\Local\Temp\cczPfqTu.s 			page 4


 137 0056 F0000000 		.4byte	.LASF5
 138 005a 02       		.uleb128 0x2
 139 005b 08       		.byte	0x8
 140 005c 05       		.byte	0x5
 141 005d 67010000 		.4byte	.LASF6
 142 0061 02       		.uleb128 0x2
 143 0062 08       		.byte	0x8
 144 0063 07       		.byte	0x7
 145 0064 3F010000 		.4byte	.LASF7
 146 0068 04       		.uleb128 0x4
 147 0069 04       		.byte	0x4
 148 006a 05       		.byte	0x5
 149 006b 696E7400 		.ascii	"int\000"
 150 006f 02       		.uleb128 0x2
 151 0070 04       		.byte	0x4
 152 0071 07       		.byte	0x7
 153 0072 32010000 		.4byte	.LASF8
 154 0076 03       		.uleb128 0x3
 155 0077 56010000 		.4byte	.LASF10
 156 007b 03       		.byte	0x3
 157 007c 2C       		.byte	0x2c
 158 007d 41000000 		.4byte	0x41
 159 0081 02       		.uleb128 0x2
 160 0082 04       		.byte	0x4
 161 0083 04       		.byte	0x4
 162 0084 4E000000 		.4byte	.LASF11
 163 0088 02       		.uleb128 0x2
 164 0089 08       		.byte	0x8
 165 008a 04       		.byte	0x4
 166 008b 26010000 		.4byte	.LASF12
 167 008f 02       		.uleb128 0x2
 168 0090 01       		.byte	0x1
 169 0091 08       		.byte	0x8
 170 0092 7C010000 		.4byte	.LASF13
 171 0096 02       		.uleb128 0x2
 172 0097 08       		.byte	0x8
 173 0098 04       		.byte	0x4
 174 0099 C3010000 		.4byte	.LASF14
 175 009d 02       		.uleb128 0x2
 176 009e 04       		.byte	0x4
 177 009f 07       		.byte	0x7
 178 00a0 5E010000 		.4byte	.LASF15
 179 00a4 05       		.uleb128 0x5
 180 00a5 2D010000 		.4byte	.LASF27
 181 00a9 01       		.byte	0x1
 182 00aa 11       		.byte	0x11
 183 00ab 68000000 		.4byte	0x68
 184 00af 00000000 		.4byte	.LFB64
 185 00b3 38000000 		.4byte	.LFE64-.LFB64
 186 00b7 01       		.uleb128 0x1
 187 00b8 9C       		.byte	0x9c
 188 00b9 37010000 		.4byte	0x137
 189 00bd 06       		.uleb128 0x6
 190 00be 1D000000 		.4byte	.LASF28
 191 00c2 01       		.byte	0x1
 192 00c3 14       		.byte	0x14
 193 00c4 37010000 		.4byte	0x137
ARM GAS  C:\Users\andre\AppData\Local\Temp\cczPfqTu.s 			page 5


 194 00c8 03       		.uleb128 0x3
 195 00c9 91       		.byte	0x91
 196 00ca F87D     		.sleb128 -264
 197 00cc 07       		.uleb128 0x7
 198 00cd 0A000000 		.4byte	.LVL0
 199 00d1 58010000 		.4byte	0x158
 200 00d5 07       		.uleb128 0x7
 201 00d6 0E000000 		.4byte	.LVL1
 202 00da 63010000 		.4byte	0x163
 203 00de 07       		.uleb128 0x7
 204 00df 12000000 		.4byte	.LVL2
 205 00e3 6E010000 		.4byte	0x16e
 206 00e7 07       		.uleb128 0x7
 207 00e8 16000000 		.4byte	.LVL3
 208 00ec 79010000 		.4byte	0x179
 209 00f0 07       		.uleb128 0x7
 210 00f1 1A000000 		.4byte	.LVL4
 211 00f5 84010000 		.4byte	0x184
 212 00f9 07       		.uleb128 0x7
 213 00fa 1E000000 		.4byte	.LVL5
 214 00fe 8F010000 		.4byte	0x18f
 215 0102 08       		.uleb128 0x8
 216 0103 2C000000 		.4byte	.LVL6
 217 0107 9A010000 		.4byte	0x19a
 218 010b 26010000 		.4byte	0x126
 219 010f 09       		.uleb128 0x9
 220 0110 01       		.uleb128 0x1
 221 0111 50       		.byte	0x50
 222 0112 02       		.uleb128 0x2
 223 0113 7D       		.byte	0x7d
 224 0114 00       		.sleb128 0
 225 0115 09       		.uleb128 0x9
 226 0116 01       		.uleb128 0x1
 227 0117 51       		.byte	0x51
 228 0118 03       		.uleb128 0x3
 229 0119 0A       		.byte	0xa
 230 011a 0001     		.2byte	0x100
 231 011c 09       		.uleb128 0x9
 232 011d 01       		.uleb128 0x1
 233 011e 52       		.byte	0x52
 234 011f 05       		.uleb128 0x5
 235 0120 03       		.byte	0x3
 236 0121 00000000 		.4byte	.LC0
 237 0125 00       		.byte	0
 238 0126 0A       		.uleb128 0xa
 239 0127 32000000 		.4byte	.LVL7
 240 012b A5010000 		.4byte	0x1a5
 241 012f 09       		.uleb128 0x9
 242 0130 01       		.uleb128 0x1
 243 0131 50       		.byte	0x50
 244 0132 02       		.uleb128 0x2
 245 0133 7D       		.byte	0x7d
 246 0134 00       		.sleb128 0
 247 0135 00       		.byte	0
 248 0136 00       		.byte	0
 249 0137 0B       		.uleb128 0xb
 250 0138 8F000000 		.4byte	0x8f
ARM GAS  C:\Users\andre\AppData\Local\Temp\cczPfqTu.s 			page 6


 251 013c 47010000 		.4byte	0x147
 252 0140 0C       		.uleb128 0xc
 253 0141 9D000000 		.4byte	0x9d
 254 0145 FF       		.byte	0xff
 255 0146 00       		.byte	0
 256 0147 0D       		.uleb128 0xd
 257 0148 19010000 		.4byte	.LASF29
 258 014c 09       		.byte	0x9
 259 014d 1207     		.2byte	0x712
 260 014f 53010000 		.4byte	0x153
 261 0153 0E       		.uleb128 0xe
 262 0154 76000000 		.4byte	0x76
 263 0158 0F       		.uleb128 0xf
 264 0159 10000000 		.4byte	.LASF16
 265 015d 10000000 		.4byte	.LASF16
 266 0161 04       		.byte	0x4
 267 0162 54       		.byte	0x54
 268 0163 0F       		.uleb128 0xf
 269 0164 DB010000 		.4byte	.LASF17
 270 0168 DB010000 		.4byte	.LASF17
 271 016c 05       		.byte	0x5
 272 016d 34       		.byte	0x34
 273 016e 0F       		.uleb128 0xf
 274 016f 02010000 		.4byte	.LASF18
 275 0173 02010000 		.4byte	.LASF18
 276 0177 05       		.byte	0x5
 277 0178 D1       		.byte	0xd1
 278 0179 0F       		.uleb128 0xf
 279 017a 00000000 		.4byte	.LASF19
 280 017e 00000000 		.4byte	.LASF19
 281 0182 06       		.byte	0x6
 282 0183 34       		.byte	0x34
 283 0184 0F       		.uleb128 0xf
 284 0185 AC010000 		.4byte	.LASF20
 285 0189 AC010000 		.4byte	.LASF20
 286 018d 06       		.byte	0x6
 287 018e D1       		.byte	0xd1
 288 018f 0F       		.uleb128 0xf
 289 0190 81010000 		.4byte	.LASF21
 290 0194 81010000 		.4byte	.LASF21
 291 0198 07       		.byte	0x7
 292 0199 15       		.byte	0x15
 293 019a 0F       		.uleb128 0xf
 294 019b 32000000 		.4byte	.LASF22
 295 019f 32000000 		.4byte	.LASF22
 296 01a3 08       		.byte	0x8
 297 01a4 FD       		.byte	0xfd
 298 01a5 0F       		.uleb128 0xf
 299 01a6 EB010000 		.4byte	.LASF23
 300 01aa EB010000 		.4byte	.LASF23
 301 01ae 04       		.byte	0x4
 302 01af 8B       		.byte	0x8b
 303 01b0 00       		.byte	0
 304              		.section	.debug_abbrev,"",%progbits
 305              	.Ldebug_abbrev0:
 306 0000 01       		.uleb128 0x1
 307 0001 11       		.uleb128 0x11
ARM GAS  C:\Users\andre\AppData\Local\Temp\cczPfqTu.s 			page 7


 308 0002 01       		.byte	0x1
 309 0003 25       		.uleb128 0x25
 310 0004 0E       		.uleb128 0xe
 311 0005 13       		.uleb128 0x13
 312 0006 0B       		.uleb128 0xb
 313 0007 03       		.uleb128 0x3
 314 0008 0E       		.uleb128 0xe
 315 0009 1B       		.uleb128 0x1b
 316 000a 0E       		.uleb128 0xe
 317 000b 55       		.uleb128 0x55
 318 000c 17       		.uleb128 0x17
 319 000d 11       		.uleb128 0x11
 320 000e 01       		.uleb128 0x1
 321 000f 10       		.uleb128 0x10
 322 0010 17       		.uleb128 0x17
 323 0011 00       		.byte	0
 324 0012 00       		.byte	0
 325 0013 02       		.uleb128 0x2
 326 0014 24       		.uleb128 0x24
 327 0015 00       		.byte	0
 328 0016 0B       		.uleb128 0xb
 329 0017 0B       		.uleb128 0xb
 330 0018 3E       		.uleb128 0x3e
 331 0019 0B       		.uleb128 0xb
 332 001a 03       		.uleb128 0x3
 333 001b 0E       		.uleb128 0xe
 334 001c 00       		.byte	0
 335 001d 00       		.byte	0
 336 001e 03       		.uleb128 0x3
 337 001f 16       		.uleb128 0x16
 338 0020 00       		.byte	0
 339 0021 03       		.uleb128 0x3
 340 0022 0E       		.uleb128 0xe
 341 0023 3A       		.uleb128 0x3a
 342 0024 0B       		.uleb128 0xb
 343 0025 3B       		.uleb128 0x3b
 344 0026 0B       		.uleb128 0xb
 345 0027 49       		.uleb128 0x49
 346 0028 13       		.uleb128 0x13
 347 0029 00       		.byte	0
 348 002a 00       		.byte	0
 349 002b 04       		.uleb128 0x4
 350 002c 24       		.uleb128 0x24
 351 002d 00       		.byte	0
 352 002e 0B       		.uleb128 0xb
 353 002f 0B       		.uleb128 0xb
 354 0030 3E       		.uleb128 0x3e
 355 0031 0B       		.uleb128 0xb
 356 0032 03       		.uleb128 0x3
 357 0033 08       		.uleb128 0x8
 358 0034 00       		.byte	0
 359 0035 00       		.byte	0
 360 0036 05       		.uleb128 0x5
 361 0037 2E       		.uleb128 0x2e
 362 0038 01       		.byte	0x1
 363 0039 3F       		.uleb128 0x3f
 364 003a 19       		.uleb128 0x19
ARM GAS  C:\Users\andre\AppData\Local\Temp\cczPfqTu.s 			page 8


 365 003b 03       		.uleb128 0x3
 366 003c 0E       		.uleb128 0xe
 367 003d 3A       		.uleb128 0x3a
 368 003e 0B       		.uleb128 0xb
 369 003f 3B       		.uleb128 0x3b
 370 0040 0B       		.uleb128 0xb
 371 0041 27       		.uleb128 0x27
 372 0042 19       		.uleb128 0x19
 373 0043 49       		.uleb128 0x49
 374 0044 13       		.uleb128 0x13
 375 0045 8701     		.uleb128 0x87
 376 0047 19       		.uleb128 0x19
 377 0048 11       		.uleb128 0x11
 378 0049 01       		.uleb128 0x1
 379 004a 12       		.uleb128 0x12
 380 004b 06       		.uleb128 0x6
 381 004c 40       		.uleb128 0x40
 382 004d 18       		.uleb128 0x18
 383 004e 9742     		.uleb128 0x2117
 384 0050 19       		.uleb128 0x19
 385 0051 01       		.uleb128 0x1
 386 0052 13       		.uleb128 0x13
 387 0053 00       		.byte	0
 388 0054 00       		.byte	0
 389 0055 06       		.uleb128 0x6
 390 0056 34       		.uleb128 0x34
 391 0057 00       		.byte	0
 392 0058 03       		.uleb128 0x3
 393 0059 0E       		.uleb128 0xe
 394 005a 3A       		.uleb128 0x3a
 395 005b 0B       		.uleb128 0xb
 396 005c 3B       		.uleb128 0x3b
 397 005d 0B       		.uleb128 0xb
 398 005e 49       		.uleb128 0x49
 399 005f 13       		.uleb128 0x13
 400 0060 02       		.uleb128 0x2
 401 0061 18       		.uleb128 0x18
 402 0062 00       		.byte	0
 403 0063 00       		.byte	0
 404 0064 07       		.uleb128 0x7
 405 0065 898201   		.uleb128 0x4109
 406 0068 00       		.byte	0
 407 0069 11       		.uleb128 0x11
 408 006a 01       		.uleb128 0x1
 409 006b 31       		.uleb128 0x31
 410 006c 13       		.uleb128 0x13
 411 006d 00       		.byte	0
 412 006e 00       		.byte	0
 413 006f 08       		.uleb128 0x8
 414 0070 898201   		.uleb128 0x4109
 415 0073 01       		.byte	0x1
 416 0074 11       		.uleb128 0x11
 417 0075 01       		.uleb128 0x1
 418 0076 31       		.uleb128 0x31
 419 0077 13       		.uleb128 0x13
 420 0078 01       		.uleb128 0x1
 421 0079 13       		.uleb128 0x13
ARM GAS  C:\Users\andre\AppData\Local\Temp\cczPfqTu.s 			page 9


 422 007a 00       		.byte	0
 423 007b 00       		.byte	0
 424 007c 09       		.uleb128 0x9
 425 007d 8A8201   		.uleb128 0x410a
 426 0080 00       		.byte	0
 427 0081 02       		.uleb128 0x2
 428 0082 18       		.uleb128 0x18
 429 0083 9142     		.uleb128 0x2111
 430 0085 18       		.uleb128 0x18
 431 0086 00       		.byte	0
 432 0087 00       		.byte	0
 433 0088 0A       		.uleb128 0xa
 434 0089 898201   		.uleb128 0x4109
 435 008c 01       		.byte	0x1
 436 008d 11       		.uleb128 0x11
 437 008e 01       		.uleb128 0x1
 438 008f 31       		.uleb128 0x31
 439 0090 13       		.uleb128 0x13
 440 0091 00       		.byte	0
 441 0092 00       		.byte	0
 442 0093 0B       		.uleb128 0xb
 443 0094 01       		.uleb128 0x1
 444 0095 01       		.byte	0x1
 445 0096 49       		.uleb128 0x49
 446 0097 13       		.uleb128 0x13
 447 0098 01       		.uleb128 0x1
 448 0099 13       		.uleb128 0x13
 449 009a 00       		.byte	0
 450 009b 00       		.byte	0
 451 009c 0C       		.uleb128 0xc
 452 009d 21       		.uleb128 0x21
 453 009e 00       		.byte	0
 454 009f 49       		.uleb128 0x49
 455 00a0 13       		.uleb128 0x13
 456 00a1 2F       		.uleb128 0x2f
 457 00a2 0B       		.uleb128 0xb
 458 00a3 00       		.byte	0
 459 00a4 00       		.byte	0
 460 00a5 0D       		.uleb128 0xd
 461 00a6 34       		.uleb128 0x34
 462 00a7 00       		.byte	0
 463 00a8 03       		.uleb128 0x3
 464 00a9 0E       		.uleb128 0xe
 465 00aa 3A       		.uleb128 0x3a
 466 00ab 0B       		.uleb128 0xb
 467 00ac 3B       		.uleb128 0x3b
 468 00ad 05       		.uleb128 0x5
 469 00ae 49       		.uleb128 0x49
 470 00af 13       		.uleb128 0x13
 471 00b0 3F       		.uleb128 0x3f
 472 00b1 19       		.uleb128 0x19
 473 00b2 3C       		.uleb128 0x3c
 474 00b3 19       		.uleb128 0x19
 475 00b4 00       		.byte	0
 476 00b5 00       		.byte	0
 477 00b6 0E       		.uleb128 0xe
 478 00b7 35       		.uleb128 0x35
ARM GAS  C:\Users\andre\AppData\Local\Temp\cczPfqTu.s 			page 10


 479 00b8 00       		.byte	0
 480 00b9 49       		.uleb128 0x49
 481 00ba 13       		.uleb128 0x13
 482 00bb 00       		.byte	0
 483 00bc 00       		.byte	0
 484 00bd 0F       		.uleb128 0xf
 485 00be 2E       		.uleb128 0x2e
 486 00bf 00       		.byte	0
 487 00c0 3F       		.uleb128 0x3f
 488 00c1 19       		.uleb128 0x19
 489 00c2 3C       		.uleb128 0x3c
 490 00c3 19       		.uleb128 0x19
 491 00c4 6E       		.uleb128 0x6e
 492 00c5 0E       		.uleb128 0xe
 493 00c6 03       		.uleb128 0x3
 494 00c7 0E       		.uleb128 0xe
 495 00c8 3A       		.uleb128 0x3a
 496 00c9 0B       		.uleb128 0xb
 497 00ca 3B       		.uleb128 0x3b
 498 00cb 0B       		.uleb128 0xb
 499 00cc 00       		.byte	0
 500 00cd 00       		.byte	0
 501 00ce 00       		.byte	0
 502              		.section	.debug_aranges,"",%progbits
 503 0000 1C000000 		.4byte	0x1c
 504 0004 0200     		.2byte	0x2
 505 0006 00000000 		.4byte	.Ldebug_info0
 506 000a 04       		.byte	0x4
 507 000b 00       		.byte	0
 508 000c 0000     		.2byte	0
 509 000e 0000     		.2byte	0
 510 0010 00000000 		.4byte	.LFB64
 511 0014 38000000 		.4byte	.LFE64-.LFB64
 512 0018 00000000 		.4byte	0
 513 001c 00000000 		.4byte	0
 514              		.section	.debug_ranges,"",%progbits
 515              	.Ldebug_ranges0:
 516 0000 00000000 		.4byte	.LFB64
 517 0004 38000000 		.4byte	.LFE64
 518 0008 00000000 		.4byte	0
 519 000c 00000000 		.4byte	0
 520              		.section	.debug_line,"",%progbits
 521              	.Ldebug_line0:
 522 0000 14020000 		.section	.debug_str,"MS",%progbits,1
 522      0200EF01 
 522      00000201 
 522      FB0E0D00 
 522      01010101 
 523              	.LASF19:
 524 0000 4144435F 		.ascii	"ADC_SAR_2_Start\000"
 524      5341525F 
 524      325F5374 
 524      61727400 
 525              	.LASF16:
 526 0010 55415254 		.ascii	"UART_1_Start\000"
 526      5F315F53 
 526      74617274 
ARM GAS  C:\Users\andre\AppData\Local\Temp\cczPfqTu.s 			page 11


 526      00
 527              	.LASF28:
 528 001d 75617274 		.ascii	"uartBuffer\000"
 528      42756666 
 528      657200
 529              	.LASF9:
 530 0028 5F5F696E 		.ascii	"__int32_t\000"
 530      7433325F 
 530      7400
 531              	.LASF22:
 532 0032 736E7072 		.ascii	"snprintf\000"
 532      696E7466 
 532      00
 533              	.LASF3:
 534 003b 73686F72 		.ascii	"short unsigned int\000"
 534      7420756E 
 534      7369676E 
 534      65642069 
 534      6E7400
 535              	.LASF11:
 536 004e 666C6F61 		.ascii	"float\000"
 536      7400
 537              	.LASF1:
 538 0054 756E7369 		.ascii	"unsigned char\000"
 538      676E6564 
 538      20636861 
 538      7200
 539              	.LASF24:
 540 0062 474E5520 		.ascii	"GNU C11 5.4.1 20160609 (release) [ARM/embedded-5-br"
 540      43313120 
 540      352E342E 
 540      31203230 
 540      31363036 
 541 0095 616E6368 		.ascii	"anch revision 237715] -mcpu=cortex-m3 -mthumb -g -O"
 541      20726576 
 541      6973696F 
 541      6E203233 
 541      37373135 
 542 00c8 67202D66 		.ascii	"g -ffunction-sections -ffat-lto-objects\000"
 542      66756E63 
 542      74696F6E 
 542      2D736563 
 542      74696F6E 
 543              	.LASF5:
 544 00f0 6C6F6E67 		.ascii	"long unsigned int\000"
 544      20756E73 
 544      69676E65 
 544      6420696E 
 544      7400
 545              	.LASF18:
 546 0102 4144435F 		.ascii	"ADC_SAR_1_StartConvert\000"
 546      5341525F 
 546      315F5374 
 546      61727443 
 546      6F6E7665 
 547              	.LASF29:
 548 0119 49544D5F 		.ascii	"ITM_RxBuffer\000"
ARM GAS  C:\Users\andre\AppData\Local\Temp\cczPfqTu.s 			page 12


 548      52784275 
 548      66666572 
 548      00
 549              	.LASF12:
 550 0126 646F7562 		.ascii	"double\000"
 550      6C6500
 551              	.LASF27:
 552 012d 6D61696E 		.ascii	"main\000"
 552      00
 553              	.LASF8:
 554 0132 756E7369 		.ascii	"unsigned int\000"
 554      676E6564 
 554      20696E74 
 554      00
 555              	.LASF7:
 556 013f 6C6F6E67 		.ascii	"long long unsigned int\000"
 556      206C6F6E 
 556      6720756E 
 556      7369676E 
 556      65642069 
 557              	.LASF10:
 558 0156 696E7433 		.ascii	"int32_t\000"
 558      325F7400 
 559              	.LASF15:
 560 015e 73697A65 		.ascii	"sizetype\000"
 560      74797065 
 560      00
 561              	.LASF6:
 562 0167 6C6F6E67 		.ascii	"long long int\000"
 562      206C6F6E 
 562      6720696E 
 562      7400
 563              	.LASF25:
 564 0175 6D61696E 		.ascii	"main.c\000"
 564      2E6300
 565              	.LASF13:
 566 017c 63686172 		.ascii	"char\000"
 566      00
 567              	.LASF21:
 568 0181 766F6C74 		.ascii	"voltageDividerToPercent\000"
 568      61676544 
 568      69766964 
 568      6572546F 
 568      50657263 
 569              	.LASF2:
 570 0199 73686F72 		.ascii	"short int\000"
 570      7420696E 
 570      7400
 571              	.LASF4:
 572 01a3 6C6F6E67 		.ascii	"long int\000"
 572      20696E74 
 572      00
 573              	.LASF20:
 574 01ac 4144435F 		.ascii	"ADC_SAR_2_StartConvert\000"
 574      5341525F 
 574      325F5374 
 574      61727443 
ARM GAS  C:\Users\andre\AppData\Local\Temp\cczPfqTu.s 			page 13


 574      6F6E7665 
 575              	.LASF14:
 576 01c3 6C6F6E67 		.ascii	"long double\000"
 576      20646F75 
 576      626C6500 
 577              	.LASF0:
 578 01cf 7369676E 		.ascii	"signed char\000"
 578      65642063 
 578      68617200 
 579              	.LASF17:
 580 01db 4144435F 		.ascii	"ADC_SAR_1_Start\000"
 580      5341525F 
 580      315F5374 
 580      61727400 
 581              	.LASF23:
 582 01eb 55415254 		.ascii	"UART_1_PutString\000"
 582      5F315F50 
 582      75745374 
 582      72696E67 
 582      00
 583              	.LASF26:
 584 01fc 433A5C55 		.ascii	"C:\\Users\\andre\\OneDrive\\Skrivebord\\BatteriDriv"
 584      73657273 
 584      5C616E64 
 584      72655C4F 
 584      6E654472 
 585 022a 65722E63 		.ascii	"er.cywrk.Archive01\\BatteryDriver\\BatteryDriver.cy"
 585      7977726B 
 585      2E417263 
 585      68697665 
 585      30315C42 
 586 025b 64736E00 		.ascii	"dsn\000"
 587              		.ident	"GCC: (GNU Tools for ARM Embedded Processors) 5.4.1 20160609 (release) [ARM/embedded-5-bran
