ARM GAS  C:\Users\madse\AppData\Local\Temp\cchszXn9.s 			page 1


   1              		.syntax unified
   2              		.cpu cortex-m3
   3              		.fpu softvfp
   4              		.eabi_attribute 20, 1
   5              		.eabi_attribute 21, 1
   6              		.eabi_attribute 23, 3
   7              		.eabi_attribute 24, 1
   8              		.eabi_attribute 25, 1
   9              		.eabi_attribute 26, 1
  10              		.eabi_attribute 30, 1
  11              		.eabi_attribute 34, 1
  12              		.eabi_attribute 18, 4
  13              		.thumb
  14              		.syntax unified
  15              		.file	"BatteryDriver.c"
  16              		.text
  17              	.Ltext0:
  18              		.cfi_sections	.debug_frame
  19              		.global	__aeabi_i2d
  20              		.global	__aeabi_dsub
  21              		.global	__aeabi_ddiv
  22              		.global	__aeabi_d2f
  23              		.global	__aeabi_fadd
  24              		.global	__aeabi_fdiv
  25              		.section	.text.currentHall,"ax",%progbits
  26              		.align	2
  27              		.global	currentHall
  28              		.thumb
  29              		.thumb_func
  30              		.type	currentHall, %function
  31              	currentHall:
  32              	.LFB64:
  33              		.file 1 "BatteryDriver.c"
   1:BatteryDriver.c **** /* ========================================
   2:BatteryDriver.c ****  *
   3:BatteryDriver.c ****  * Andreas Strander Jakobsen
   4:BatteryDriver.c ****  * AU677469
   5:BatteryDriver.c ****  *
   6:BatteryDriver.c ****  * ========================================
   7:BatteryDriver.c **** */
   8:BatteryDriver.c **** #include"BatteryDriver.h"
   9:BatteryDriver.c **** 
  10:BatteryDriver.c **** 
  11:BatteryDriver.c **** float currentHall()
  12:BatteryDriver.c **** {
  34              		.loc 1 12 0
  35              		.cfi_startproc
  36              		@ args = 0, pretend = 0, frame = 0
  37              		@ frame_needed = 0, uses_anonymous_args = 0
  38 0000 38B5     		push	{r3, r4, r5, lr}
  39              		.cfi_def_cfa_offset 16
  40              		.cfi_offset 3, -16
  41              		.cfi_offset 4, -12
  42              		.cfi_offset 5, -8
  43              		.cfi_offset 14, -4
  44              	.LVL0:
  45              	.LBB2:
ARM GAS  C:\Users\madse\AppData\Local\Temp\cchszXn9.s 			page 2


  13:BatteryDriver.c ****     float sum = 0;
  14:BatteryDriver.c ****     
  15:BatteryDriver.c ****     for (int i = 0; i < 1000; i++)
  46              		.loc 1 15 0
  47 0002 0024     		movs	r4, #0
  48              	.LBE2:
  13:BatteryDriver.c ****     float sum = 0;
  49              		.loc 1 13 0
  50 0004 0025     		movs	r5, #0
  51              	.LBB4:
  52              		.loc 1 15 0
  53 0006 17E0     		b	.L2
  54              	.LVL1:
  55              	.L3:
  56              	.LBB3:
  16:BatteryDriver.c ****     {
  17:BatteryDriver.c ****         //This iteration summarizes 1000 measurements, with the purpose of returning a mean value.
  18:BatteryDriver.c ****         int16_t result1 = ADC_SAR_1_CountsTo_mVolts(ADC_SAR_1_GetResult16());
  57              		.loc 1 18 0 discriminator 3
  58 0008 FFF7FEFF 		bl	ADC_SAR_1_GetResult16
  59              	.LVL2:
  60 000c FFF7FEFF 		bl	ADC_SAR_1_CountsTo_mVolts
  61              	.LVL3:
  19:BatteryDriver.c ****         float convToAmps = (result1-2.495)/0.3339;
  62              		.loc 1 19 0 discriminator 3
  63 0010 FFF7FEFF 		bl	__aeabi_i2d
  64              	.LVL4:
  65 0014 0CA3     		adr	r3, .L5
  66 0016 D3E90023 		ldrd	r2, [r3]
  67 001a FFF7FEFF 		bl	__aeabi_dsub
  68              	.LVL5:
  69 001e 0CA3     		adr	r3, .L5+8
  70 0020 D3E90023 		ldrd	r2, [r3]
  71 0024 FFF7FEFF 		bl	__aeabi_ddiv
  72              	.LVL6:
  73 0028 FFF7FEFF 		bl	__aeabi_d2f
  74              	.LVL7:
  20:BatteryDriver.c ****         
  21:BatteryDriver.c ****         sum+= convToAmps;
  75              		.loc 1 21 0 discriminator 3
  76 002c 0146     		mov	r1, r0
  77 002e 2846     		mov	r0, r5
  78              	.LVL8:
  79 0030 FFF7FEFF 		bl	__aeabi_fadd
  80              	.LVL9:
  81 0034 0546     		mov	r5, r0
  82              	.LVL10:
  83              	.LBE3:
  15:BatteryDriver.c ****     {
  84              		.loc 1 15 0 discriminator 3
  85 0036 0134     		adds	r4, r4, #1
  86              	.LVL11:
  87              	.L2:
  15:BatteryDriver.c ****     {
  88              		.loc 1 15 0 is_stmt 0 discriminator 1
  89 0038 B4F57A7F 		cmp	r4, #1000
  90 003c E4DB     		blt	.L3
ARM GAS  C:\Users\madse\AppData\Local\Temp\cchszXn9.s 			page 3


  91              	.LBE4:
  22:BatteryDriver.c ****     }
  23:BatteryDriver.c ****     //Returns the summarization divided with the amount of samples
  24:BatteryDriver.c ****     return sum/1000;
  92              		.loc 1 24 0 is_stmt 1
  93 003e 0649     		ldr	r1, .L5+16
  94 0040 2846     		mov	r0, r5
  95 0042 FFF7FEFF 		bl	__aeabi_fdiv
  96              	.LVL12:
  25:BatteryDriver.c **** }
  97              		.loc 1 25 0
  98 0046 38BD     		pop	{r3, r4, r5, pc}
  99              	.LVL13:
 100              	.L6:
 101              		.align	3
 102              	.L5:
 103 0048 F6285C8F 		.word	-1889785610
 104 004c C2F50340 		.word	1074001346
 105 0050 029A081B 		.word	453548546
 106 0054 9E5ED53F 		.word	1070947998
 107 0058 00007A44 		.word	1148846080
 108              		.cfi_endproc
 109              	.LFE64:
 110              		.size	currentHall, .-currentHall
 111              		.section	.text.voltageDividerToPercent,"ax",%progbits
 112              		.align	2
 113              		.global	voltageDividerToPercent
 114              		.thumb
 115              		.thumb_func
 116              		.type	voltageDividerToPercent, %function
 117              	voltageDividerToPercent:
 118              	.LFB65:
  26:BatteryDriver.c **** int16_t voltageDividerToPercent()
  27:BatteryDriver.c **** {
 119              		.loc 1 27 0
 120              		.cfi_startproc
 121              		@ args = 0, pretend = 0, frame = 0
 122              		@ frame_needed = 0, uses_anonymous_args = 0
 123 0000 08B5     		push	{r3, lr}
 124              		.cfi_def_cfa_offset 8
 125              		.cfi_offset 3, -8
 126              		.cfi_offset 14, -4
 127              	.LVL14:
  28:BatteryDriver.c ****    //Defines the upper and lower limit
  29:BatteryDriver.c ****    int16_t UpperLimit = 12000;
  30:BatteryDriver.c ****    int16_t LowerLimit = 8200;
  31:BatteryDriver.c ****     
  32:BatteryDriver.c ****    //Convertning the ADC value to milivolts
  33:BatteryDriver.c ****    int16_t result2 = ADC_SAR_2_CountsTo_mVolts(ADC_SAR_2_GetResult16());
 128              		.loc 1 33 0
 129 0002 FFF7FEFF 		bl	ADC_SAR_2_GetResult16
 130              	.LVL15:
 131 0006 FFF7FEFF 		bl	ADC_SAR_2_CountsTo_mVolts
 132              	.LVL16:
  34:BatteryDriver.c **** 
  35:BatteryDriver.c ****    //Returns a scaled value, that shows the charge state of the battery
  36:BatteryDriver.c ****    int16_t scaled = (result2 * 3 - LowerLimit) * 100 / (UpperLimit - LowerLimit);
ARM GAS  C:\Users\madse\AppData\Local\Temp\cchszXn9.s 			page 4


 133              		.loc 1 36 0
 134 000a 00EB4000 		add	r0, r0, r0, lsl #1
 135              	.LVL17:
 136 000e A0F50050 		sub	r0, r0, #8192
 137 0012 0838     		subs	r0, r0, #8
 138 0014 6423     		movs	r3, #100
 139 0016 03FB00F0 		mul	r0, r3, r0
 140 001a 074B     		ldr	r3, .L11
 141 001c 83FB0023 		smull	r2, r3, r3, r0
 142 0020 C017     		asrs	r0, r0, #31
 143 0022 C0EBA320 		rsb	r0, r0, r3, asr #10
 144 0026 00B2     		sxth	r0, r0
 145              	.LVL18:
  37:BatteryDriver.c **** 
  38:BatteryDriver.c ****    return scaled > 100 ? 100 : (scaled < 0 ? 0 : scaled);
 146              		.loc 1 38 0
 147 0028 6428     		cmp	r0, #100
 148 002a 02DC     		bgt	.L9
 149              		.loc 1 38 0 is_stmt 0 discriminator 1
 150 002c 20EAE070 		bic	r0, r0, r0, asr #31
 151              	.LVL19:
 152 0030 08BD     		pop	{r3, pc}
 153              	.LVL20:
 154              	.L9:
 155              		.loc 1 38 0
 156 0032 6420     		movs	r0, #100
 157              	.LVL21:
  39:BatteryDriver.c **** }
 158              		.loc 1 39 0 is_stmt 1
 159 0034 08BD     		pop	{r3, pc}
 160              	.L12:
 161 0036 00BF     		.align	2
 162              	.L11:
 163 0038 353AFC44 		.word	1157380661
 164              		.cfi_endproc
 165              	.LFE65:
 166              		.size	voltageDividerToPercent, .-voltageDividerToPercent
 167              		.section	.text.ISR_UART_rx_handler,"ax",%progbits
 168              		.align	2
 169              		.global	ISR_UART_rx_handler
 170              		.thumb
 171              		.thumb_func
 172              		.type	ISR_UART_rx_handler, %function
 173              	ISR_UART_rx_handler:
 174              	.LFB66:
  40:BatteryDriver.c **** 
  41:BatteryDriver.c **** CY_ISR(ISR_UART_rx_handler)
  42:BatteryDriver.c **** {
 175              		.loc 1 42 0
 176              		.cfi_startproc
 177              		@ args = 0, pretend = 0, frame = 0
 178              		@ frame_needed = 0, uses_anonymous_args = 0
 179 0000 38B5     		push	{r3, r4, r5, lr}
 180              		.cfi_def_cfa_offset 16
 181              		.cfi_offset 3, -16
 182              		.cfi_offset 4, -12
 183              		.cfi_offset 5, -8
ARM GAS  C:\Users\madse\AppData\Local\Temp\cchszXn9.s 			page 5


 184              		.cfi_offset 14, -4
  43:BatteryDriver.c ****     //ISR routine that handles the receiving data of the UART
  44:BatteryDriver.c ****     uint8_t bytesToRead = UART_1_GetRxBufferSize();
 185              		.loc 1 44 0
 186 0002 FFF7FEFF 		bl	UART_1_GetRxBufferSize
 187              	.LVL22:
 188 0006 0446     		mov	r4, r0
 189              	.LVL23:
  45:BatteryDriver.c ****     while (bytesToRead > 0)
 190              		.loc 1 45 0
 191 0008 09E0     		b	.L14
 192              	.L15:
 193              	.LBB5:
  46:BatteryDriver.c ****     {
  47:BatteryDriver.c ****         uint8_t byteReceived = UART_1_ReadRxData();
 194              		.loc 1 47 0
 195 000a FFF7FEFF 		bl	UART_1_ReadRxData
 196              	.LVL24:
 197 000e 0546     		mov	r5, r0
 198              	.LVL25:
  48:BatteryDriver.c ****         UART_1_WriteTxData(byteReceived); // echo back
 199              		.loc 1 48 0
 200 0010 FFF7FEFF 		bl	UART_1_WriteTxData
 201              	.LVL26:
  49:BatteryDriver.c ****         
  50:BatteryDriver.c ****         handleByteReceived(byteReceived);
 202              		.loc 1 50 0
 203 0014 2846     		mov	r0, r5
 204 0016 FFF7FEFF 		bl	handleByteReceived
 205              	.LVL27:
  51:BatteryDriver.c ****         
  52:BatteryDriver.c ****         bytesToRead--;
 206              		.loc 1 52 0
 207 001a 013C     		subs	r4, r4, #1
 208              	.LVL28:
 209 001c E4B2     		uxtb	r4, r4
 210              	.LVL29:
 211              	.L14:
 212              	.LBE5:
  45:BatteryDriver.c ****     {
 213              		.loc 1 45 0
 214 001e 002C     		cmp	r4, #0
 215 0020 F3D1     		bne	.L15
  53:BatteryDriver.c ****     }
  54:BatteryDriver.c **** }
 216              		.loc 1 54 0
 217 0022 38BD     		pop	{r3, r4, r5, pc}
 218              		.cfi_endproc
 219              	.LFE66:
 220              		.size	ISR_UART_rx_handler, .-ISR_UART_rx_handler
 221              		.text
 222              	.Letext0:
 223              		.file 2 "c:\\program files (x86)\\cypress\\psoc creator\\4.4\\psoc creator\\import\\gnu\\arm\\5.4.
 224              		.file 3 "c:\\program files (x86)\\cypress\\psoc creator\\4.4\\psoc creator\\import\\gnu\\arm\\5.4.
 225              		.file 4 "Generated_Source\\PSoC5/ADC_SAR_1.h"
 226              		.file 5 "Generated_Source\\PSoC5/ADC_SAR_2.h"
 227              		.file 6 "Generated_Source\\PSoC5/UART_1.h"
ARM GAS  C:\Users\madse\AppData\Local\Temp\cchszXn9.s 			page 6


 228              		.file 7 "BatteryDriver.h"
 229              		.file 8 "Generated_Source\\PSoC5/core_cm3.h"
 230              		.section	.debug_info,"",%progbits
 231              	.Ldebug_info0:
 232 0000 88020000 		.4byte	0x288
 233 0004 0400     		.2byte	0x4
 234 0006 00000000 		.4byte	.Ldebug_abbrev0
 235 000a 04       		.byte	0x4
 236 000b 01       		.uleb128 0x1
 237 000c D5000000 		.4byte	.LASF39
 238 0010 0C       		.byte	0xc
 239 0011 EF020000 		.4byte	.LASF40
 240 0015 41000000 		.4byte	.LASF41
 241 0019 18000000 		.4byte	.Ldebug_ranges0+0x18
 242 001d 00000000 		.4byte	0
 243 0021 00000000 		.4byte	.Ldebug_line0
 244 0025 02       		.uleb128 0x2
 245 0026 01       		.byte	0x1
 246 0027 06       		.byte	0x6
 247 0028 E3020000 		.4byte	.LASF0
 248 002c 03       		.uleb128 0x3
 249 002d 10000000 		.4byte	.LASF2
 250 0031 02       		.byte	0x2
 251 0032 1D       		.byte	0x1d
 252 0033 37000000 		.4byte	0x37
 253 0037 02       		.uleb128 0x2
 254 0038 01       		.byte	0x1
 255 0039 08       		.byte	0x8
 256 003a C7000000 		.4byte	.LASF1
 257 003e 03       		.uleb128 0x3
 258 003f 1A000000 		.4byte	.LASF3
 259 0043 02       		.byte	0x2
 260 0044 29       		.byte	0x29
 261 0045 49000000 		.4byte	0x49
 262 0049 02       		.uleb128 0x2
 263 004a 02       		.byte	0x2
 264 004b 05       		.byte	0x5
 265 004c B8020000 		.4byte	.LASF4
 266 0050 02       		.uleb128 0x2
 267 0051 02       		.byte	0x2
 268 0052 07       		.byte	0x7
 269 0053 2E000000 		.4byte	.LASF5
 270 0057 03       		.uleb128 0x3
 271 0058 24000000 		.4byte	.LASF6
 272 005c 02       		.byte	0x2
 273 005d 3F       		.byte	0x3f
 274 005e 62000000 		.4byte	0x62
 275 0062 02       		.uleb128 0x2
 276 0063 04       		.byte	0x4
 277 0064 05       		.byte	0x5
 278 0065 CE020000 		.4byte	.LASF7
 279 0069 02       		.uleb128 0x2
 280 006a 04       		.byte	0x4
 281 006b 07       		.byte	0x7
 282 006c 77010000 		.4byte	.LASF8
 283 0070 02       		.uleb128 0x2
 284 0071 08       		.byte	0x8
ARM GAS  C:\Users\madse\AppData\Local\Temp\cchszXn9.s 			page 7


 285 0072 05       		.byte	0x5
 286 0073 79020000 		.4byte	.LASF9
 287 0077 02       		.uleb128 0x2
 288 0078 08       		.byte	0x8
 289 0079 07       		.byte	0x7
 290 007a 14020000 		.4byte	.LASF10
 291 007e 04       		.uleb128 0x4
 292 007f 04       		.byte	0x4
 293 0080 05       		.byte	0x5
 294 0081 696E7400 		.ascii	"int\000"
 295 0085 02       		.uleb128 0x2
 296 0086 04       		.byte	0x4
 297 0087 07       		.byte	0x7
 298 0088 07020000 		.4byte	.LASF11
 299 008c 03       		.uleb128 0x3
 300 008d 2B020000 		.4byte	.LASF12
 301 0091 03       		.byte	0x3
 302 0092 18       		.byte	0x18
 303 0093 2C000000 		.4byte	0x2c
 304 0097 03       		.uleb128 0x3
 305 0098 4A020000 		.4byte	.LASF13
 306 009c 03       		.byte	0x3
 307 009d 20       		.byte	0x20
 308 009e 3E000000 		.4byte	0x3e
 309 00a2 03       		.uleb128 0x3
 310 00a3 52020000 		.4byte	.LASF14
 311 00a7 03       		.byte	0x3
 312 00a8 2C       		.byte	0x2c
 313 00a9 57000000 		.4byte	0x57
 314 00ad 02       		.uleb128 0x2
 315 00ae 04       		.byte	0x4
 316 00af 04       		.byte	0x4
 317 00b0 C1000000 		.4byte	.LASF15
 318 00b4 02       		.uleb128 0x2
 319 00b5 08       		.byte	0x8
 320 00b6 04       		.byte	0x4
 321 00b7 A3000000 		.4byte	.LASF16
 322 00bb 02       		.uleb128 0x2
 323 00bc 01       		.byte	0x1
 324 00bd 08       		.byte	0x8
 325 00be 8E020000 		.4byte	.LASF17
 326 00c2 02       		.uleb128 0x2
 327 00c3 08       		.byte	0x8
 328 00c4 04       		.byte	0x4
 329 00c5 D7020000 		.4byte	.LASF18
 330 00c9 02       		.uleb128 0x2
 331 00ca 04       		.byte	0x4
 332 00cb 07       		.byte	0x7
 333 00cc 5A020000 		.4byte	.LASF19
 334 00d0 05       		.uleb128 0x5
 335 00d1 C2020000 		.4byte	.LASF22
 336 00d5 01       		.byte	0x1
 337 00d6 0B       		.byte	0xb
 338 00d7 AD000000 		.4byte	0xad
 339 00db 00000000 		.4byte	.LFB64
 340 00df 5C000000 		.4byte	.LFE64-.LFB64
 341 00e3 01       		.uleb128 0x1
ARM GAS  C:\Users\madse\AppData\Local\Temp\cchszXn9.s 			page 8


 342 00e4 9C       		.byte	0x9c
 343 00e5 46010000 		.4byte	0x146
 344 00e9 06       		.uleb128 0x6
 345 00ea 73756D00 		.ascii	"sum\000"
 346 00ee 01       		.byte	0x1
 347 00ef 0D       		.byte	0xd
 348 00f0 AD000000 		.4byte	0xad
 349 00f4 00000000 		.4byte	.LLST0
 350 00f8 07       		.uleb128 0x7
 351 00f9 00000000 		.4byte	.Ldebug_ranges0+0
 352 00fd 06       		.uleb128 0x6
 353 00fe 6900     		.ascii	"i\000"
 354 0100 01       		.byte	0x1
 355 0101 0F       		.byte	0xf
 356 0102 7E000000 		.4byte	0x7e
 357 0106 39000000 		.4byte	.LLST1
 358 010a 08       		.uleb128 0x8
 359 010b 08000000 		.4byte	.LBB3
 360 010f 2E000000 		.4byte	.LBE3-.LBB3
 361 0113 09       		.uleb128 0x9
 362 0114 00000000 		.4byte	.LASF20
 363 0118 01       		.byte	0x1
 364 0119 12       		.byte	0x12
 365 011a 97000000 		.4byte	0x97
 366 011e 58000000 		.4byte	.LLST2
 367 0122 09       		.uleb128 0x9
 368 0123 E4010000 		.4byte	.LASF21
 369 0127 01       		.byte	0x1
 370 0128 13       		.byte	0x13
 371 0129 AD000000 		.4byte	0xad
 372 012d 6B000000 		.4byte	.LLST3
 373 0131 0A       		.uleb128 0xa
 374 0132 0C000000 		.4byte	.LVL2
 375 0136 33020000 		.4byte	0x233
 376 013a 0A       		.uleb128 0xa
 377 013b 10000000 		.4byte	.LVL3
 378 013f 3E020000 		.4byte	0x23e
 379 0143 00       		.byte	0
 380 0144 00       		.byte	0
 381 0145 00       		.byte	0
 382 0146 0B       		.uleb128 0xb
 383 0147 EF010000 		.4byte	.LASF23
 384 014b 01       		.byte	0x1
 385 014c 1A       		.byte	0x1a
 386 014d 97000000 		.4byte	0x97
 387 0151 00000000 		.4byte	.LFB65
 388 0155 3C000000 		.4byte	.LFE65-.LFB65
 389 0159 01       		.uleb128 0x1
 390 015a 9C       		.byte	0x9c
 391 015b AA010000 		.4byte	0x1aa
 392 015f 0C       		.uleb128 0xc
 393 0160 93020000 		.4byte	.LASF24
 394 0164 01       		.byte	0x1
 395 0165 1D       		.byte	0x1d
 396 0166 97000000 		.4byte	0x97
 397 016a E02E     		.2byte	0x2ee0
 398 016c 0C       		.uleb128 0xc
ARM GAS  C:\Users\madse\AppData\Local\Temp\cchszXn9.s 			page 9


 399 016d B6000000 		.4byte	.LASF25
 400 0171 01       		.byte	0x1
 401 0172 1E       		.byte	0x1e
 402 0173 97000000 		.4byte	0x97
 403 0177 0820     		.2byte	0x2008
 404 0179 09       		.uleb128 0x9
 405 017a 08000000 		.4byte	.LASF26
 406 017e 01       		.byte	0x1
 407 017f 21       		.byte	0x21
 408 0180 97000000 		.4byte	0x97
 409 0184 89000000 		.4byte	.LLST4
 410 0188 09       		.uleb128 0x9
 411 0189 87020000 		.4byte	.LASF27
 412 018d 01       		.byte	0x1
 413 018e 24       		.byte	0x24
 414 018f 97000000 		.4byte	0x97
 415 0193 9C000000 		.4byte	.LLST5
 416 0197 0A       		.uleb128 0xa
 417 0198 06000000 		.4byte	.LVL15
 418 019c 49020000 		.4byte	0x249
 419 01a0 0A       		.uleb128 0xa
 420 01a1 0A000000 		.4byte	.LVL16
 421 01a5 54020000 		.4byte	0x254
 422 01a9 00       		.byte	0
 423 01aa 0D       		.uleb128 0xd
 424 01ab 63010000 		.4byte	.LASF28
 425 01af 01       		.byte	0x1
 426 01b0 29       		.byte	0x29
 427 01b1 00000000 		.4byte	.LFB66
 428 01b5 24000000 		.4byte	.LFE66-.LFB66
 429 01b9 01       		.uleb128 0x1
 430 01ba 9C       		.byte	0x9c
 431 01bb 22020000 		.4byte	0x222
 432 01bf 09       		.uleb128 0x9
 433 01c0 AA000000 		.4byte	.LASF29
 434 01c4 01       		.byte	0x1
 435 01c5 2C       		.byte	0x2c
 436 01c6 8C000000 		.4byte	0x8c
 437 01ca BA000000 		.4byte	.LLST6
 438 01ce 0E       		.uleb128 0xe
 439 01cf 0A000000 		.4byte	.LBB5
 440 01d3 14000000 		.4byte	.LBE5-.LBB5
 441 01d7 18020000 		.4byte	0x218
 442 01db 09       		.uleb128 0x9
 443 01dc FF020000 		.4byte	.LASF30
 444 01e0 01       		.byte	0x1
 445 01e1 2F       		.byte	0x2f
 446 01e2 8C000000 		.4byte	0x8c
 447 01e6 D8000000 		.4byte	.LLST7
 448 01ea 0A       		.uleb128 0xa
 449 01eb 0E000000 		.4byte	.LVL24
 450 01ef 5F020000 		.4byte	0x25f
 451 01f3 0F       		.uleb128 0xf
 452 01f4 14000000 		.4byte	.LVL26
 453 01f8 6A020000 		.4byte	0x26a
 454 01fc 07020000 		.4byte	0x207
 455 0200 10       		.uleb128 0x10
ARM GAS  C:\Users\madse\AppData\Local\Temp\cchszXn9.s 			page 10


 456 0201 01       		.uleb128 0x1
 457 0202 50       		.byte	0x50
 458 0203 02       		.uleb128 0x2
 459 0204 75       		.byte	0x75
 460 0205 00       		.sleb128 0
 461 0206 00       		.byte	0
 462 0207 11       		.uleb128 0x11
 463 0208 1A000000 		.4byte	.LVL27
 464 020c 75020000 		.4byte	0x275
 465 0210 10       		.uleb128 0x10
 466 0211 01       		.uleb128 0x1
 467 0212 50       		.byte	0x50
 468 0213 02       		.uleb128 0x2
 469 0214 75       		.byte	0x75
 470 0215 00       		.sleb128 0
 471 0216 00       		.byte	0
 472 0217 00       		.byte	0
 473 0218 0A       		.uleb128 0xa
 474 0219 06000000 		.4byte	.LVL22
 475 021d 80020000 		.4byte	0x280
 476 0221 00       		.byte	0
 477 0222 12       		.uleb128 0x12
 478 0223 AE010000 		.4byte	.LASF42
 479 0227 08       		.byte	0x8
 480 0228 1207     		.2byte	0x712
 481 022a 2E020000 		.4byte	0x22e
 482 022e 13       		.uleb128 0x13
 483 022f A2000000 		.4byte	0xa2
 484 0233 14       		.uleb128 0x14
 485 0234 63020000 		.4byte	.LASF31
 486 0238 63020000 		.4byte	.LASF31
 487 023c 04       		.byte	0x4
 488 023d 3B       		.byte	0x3b
 489 023e 14       		.uleb128 0x14
 490 023f 89000000 		.4byte	.LASF32
 491 0243 89000000 		.4byte	.LASF32
 492 0247 04       		.byte	0x4
 493 0248 3F       		.byte	0x3f
 494 0249 14       		.uleb128 0x14
 495 024a BB010000 		.4byte	.LASF33
 496 024e BB010000 		.4byte	.LASF33
 497 0252 05       		.byte	0x5
 498 0253 3B       		.byte	0x3b
 499 0254 14       		.uleb128 0x14
 500 0255 9E020000 		.4byte	.LASF34
 501 0259 9E020000 		.4byte	.LASF34
 502 025d 05       		.byte	0x5
 503 025e 3F       		.byte	0x3f
 504 025f 14       		.uleb128 0x14
 505 0260 89010000 		.4byte	.LASF35
 506 0264 89010000 		.4byte	.LASF35
 507 0268 06       		.byte	0x6
 508 0269 6F       		.byte	0x6f
 509 026a 14       		.uleb128 0x14
 510 026b D1010000 		.4byte	.LASF36
 511 026f D1010000 		.4byte	.LASF36
 512 0273 06       		.byte	0x6
ARM GAS  C:\Users\madse\AppData\Local\Temp\cchszXn9.s 			page 11


 513 0274 88       		.byte	0x88
 514 0275 14       		.uleb128 0x14
 515 0276 9B010000 		.4byte	.LASF37
 516 027a 9B010000 		.4byte	.LASF37
 517 027e 07       		.byte	0x7
 518 027f 0F       		.byte	0xf
 519 0280 14       		.uleb128 0x14
 520 0281 33020000 		.4byte	.LASF38
 521 0285 33020000 		.4byte	.LASF38
 522 0289 06       		.byte	0x6
 523 028a 73       		.byte	0x73
 524 028b 00       		.byte	0
 525              		.section	.debug_abbrev,"",%progbits
 526              	.Ldebug_abbrev0:
 527 0000 01       		.uleb128 0x1
 528 0001 11       		.uleb128 0x11
 529 0002 01       		.byte	0x1
 530 0003 25       		.uleb128 0x25
 531 0004 0E       		.uleb128 0xe
 532 0005 13       		.uleb128 0x13
 533 0006 0B       		.uleb128 0xb
 534 0007 03       		.uleb128 0x3
 535 0008 0E       		.uleb128 0xe
 536 0009 1B       		.uleb128 0x1b
 537 000a 0E       		.uleb128 0xe
 538 000b 55       		.uleb128 0x55
 539 000c 17       		.uleb128 0x17
 540 000d 11       		.uleb128 0x11
 541 000e 01       		.uleb128 0x1
 542 000f 10       		.uleb128 0x10
 543 0010 17       		.uleb128 0x17
 544 0011 00       		.byte	0
 545 0012 00       		.byte	0
 546 0013 02       		.uleb128 0x2
 547 0014 24       		.uleb128 0x24
 548 0015 00       		.byte	0
 549 0016 0B       		.uleb128 0xb
 550 0017 0B       		.uleb128 0xb
 551 0018 3E       		.uleb128 0x3e
 552 0019 0B       		.uleb128 0xb
 553 001a 03       		.uleb128 0x3
 554 001b 0E       		.uleb128 0xe
 555 001c 00       		.byte	0
 556 001d 00       		.byte	0
 557 001e 03       		.uleb128 0x3
 558 001f 16       		.uleb128 0x16
 559 0020 00       		.byte	0
 560 0021 03       		.uleb128 0x3
 561 0022 0E       		.uleb128 0xe
 562 0023 3A       		.uleb128 0x3a
 563 0024 0B       		.uleb128 0xb
 564 0025 3B       		.uleb128 0x3b
 565 0026 0B       		.uleb128 0xb
 566 0027 49       		.uleb128 0x49
 567 0028 13       		.uleb128 0x13
 568 0029 00       		.byte	0
 569 002a 00       		.byte	0
ARM GAS  C:\Users\madse\AppData\Local\Temp\cchszXn9.s 			page 12


 570 002b 04       		.uleb128 0x4
 571 002c 24       		.uleb128 0x24
 572 002d 00       		.byte	0
 573 002e 0B       		.uleb128 0xb
 574 002f 0B       		.uleb128 0xb
 575 0030 3E       		.uleb128 0x3e
 576 0031 0B       		.uleb128 0xb
 577 0032 03       		.uleb128 0x3
 578 0033 08       		.uleb128 0x8
 579 0034 00       		.byte	0
 580 0035 00       		.byte	0
 581 0036 05       		.uleb128 0x5
 582 0037 2E       		.uleb128 0x2e
 583 0038 01       		.byte	0x1
 584 0039 3F       		.uleb128 0x3f
 585 003a 19       		.uleb128 0x19
 586 003b 03       		.uleb128 0x3
 587 003c 0E       		.uleb128 0xe
 588 003d 3A       		.uleb128 0x3a
 589 003e 0B       		.uleb128 0xb
 590 003f 3B       		.uleb128 0x3b
 591 0040 0B       		.uleb128 0xb
 592 0041 49       		.uleb128 0x49
 593 0042 13       		.uleb128 0x13
 594 0043 11       		.uleb128 0x11
 595 0044 01       		.uleb128 0x1
 596 0045 12       		.uleb128 0x12
 597 0046 06       		.uleb128 0x6
 598 0047 40       		.uleb128 0x40
 599 0048 18       		.uleb128 0x18
 600 0049 9642     		.uleb128 0x2116
 601 004b 19       		.uleb128 0x19
 602 004c 01       		.uleb128 0x1
 603 004d 13       		.uleb128 0x13
 604 004e 00       		.byte	0
 605 004f 00       		.byte	0
 606 0050 06       		.uleb128 0x6
 607 0051 34       		.uleb128 0x34
 608 0052 00       		.byte	0
 609 0053 03       		.uleb128 0x3
 610 0054 08       		.uleb128 0x8
 611 0055 3A       		.uleb128 0x3a
 612 0056 0B       		.uleb128 0xb
 613 0057 3B       		.uleb128 0x3b
 614 0058 0B       		.uleb128 0xb
 615 0059 49       		.uleb128 0x49
 616 005a 13       		.uleb128 0x13
 617 005b 02       		.uleb128 0x2
 618 005c 17       		.uleb128 0x17
 619 005d 00       		.byte	0
 620 005e 00       		.byte	0
 621 005f 07       		.uleb128 0x7
 622 0060 0B       		.uleb128 0xb
 623 0061 01       		.byte	0x1
 624 0062 55       		.uleb128 0x55
 625 0063 17       		.uleb128 0x17
 626 0064 00       		.byte	0
ARM GAS  C:\Users\madse\AppData\Local\Temp\cchszXn9.s 			page 13


 627 0065 00       		.byte	0
 628 0066 08       		.uleb128 0x8
 629 0067 0B       		.uleb128 0xb
 630 0068 01       		.byte	0x1
 631 0069 11       		.uleb128 0x11
 632 006a 01       		.uleb128 0x1
 633 006b 12       		.uleb128 0x12
 634 006c 06       		.uleb128 0x6
 635 006d 00       		.byte	0
 636 006e 00       		.byte	0
 637 006f 09       		.uleb128 0x9
 638 0070 34       		.uleb128 0x34
 639 0071 00       		.byte	0
 640 0072 03       		.uleb128 0x3
 641 0073 0E       		.uleb128 0xe
 642 0074 3A       		.uleb128 0x3a
 643 0075 0B       		.uleb128 0xb
 644 0076 3B       		.uleb128 0x3b
 645 0077 0B       		.uleb128 0xb
 646 0078 49       		.uleb128 0x49
 647 0079 13       		.uleb128 0x13
 648 007a 02       		.uleb128 0x2
 649 007b 17       		.uleb128 0x17
 650 007c 00       		.byte	0
 651 007d 00       		.byte	0
 652 007e 0A       		.uleb128 0xa
 653 007f 898201   		.uleb128 0x4109
 654 0082 00       		.byte	0
 655 0083 11       		.uleb128 0x11
 656 0084 01       		.uleb128 0x1
 657 0085 31       		.uleb128 0x31
 658 0086 13       		.uleb128 0x13
 659 0087 00       		.byte	0
 660 0088 00       		.byte	0
 661 0089 0B       		.uleb128 0xb
 662 008a 2E       		.uleb128 0x2e
 663 008b 01       		.byte	0x1
 664 008c 3F       		.uleb128 0x3f
 665 008d 19       		.uleb128 0x19
 666 008e 03       		.uleb128 0x3
 667 008f 0E       		.uleb128 0xe
 668 0090 3A       		.uleb128 0x3a
 669 0091 0B       		.uleb128 0xb
 670 0092 3B       		.uleb128 0x3b
 671 0093 0B       		.uleb128 0xb
 672 0094 49       		.uleb128 0x49
 673 0095 13       		.uleb128 0x13
 674 0096 11       		.uleb128 0x11
 675 0097 01       		.uleb128 0x1
 676 0098 12       		.uleb128 0x12
 677 0099 06       		.uleb128 0x6
 678 009a 40       		.uleb128 0x40
 679 009b 18       		.uleb128 0x18
 680 009c 9742     		.uleb128 0x2117
 681 009e 19       		.uleb128 0x19
 682 009f 01       		.uleb128 0x1
 683 00a0 13       		.uleb128 0x13
ARM GAS  C:\Users\madse\AppData\Local\Temp\cchszXn9.s 			page 14


 684 00a1 00       		.byte	0
 685 00a2 00       		.byte	0
 686 00a3 0C       		.uleb128 0xc
 687 00a4 34       		.uleb128 0x34
 688 00a5 00       		.byte	0
 689 00a6 03       		.uleb128 0x3
 690 00a7 0E       		.uleb128 0xe
 691 00a8 3A       		.uleb128 0x3a
 692 00a9 0B       		.uleb128 0xb
 693 00aa 3B       		.uleb128 0x3b
 694 00ab 0B       		.uleb128 0xb
 695 00ac 49       		.uleb128 0x49
 696 00ad 13       		.uleb128 0x13
 697 00ae 1C       		.uleb128 0x1c
 698 00af 05       		.uleb128 0x5
 699 00b0 00       		.byte	0
 700 00b1 00       		.byte	0
 701 00b2 0D       		.uleb128 0xd
 702 00b3 2E       		.uleb128 0x2e
 703 00b4 01       		.byte	0x1
 704 00b5 3F       		.uleb128 0x3f
 705 00b6 19       		.uleb128 0x19
 706 00b7 03       		.uleb128 0x3
 707 00b8 0E       		.uleb128 0xe
 708 00b9 3A       		.uleb128 0x3a
 709 00ba 0B       		.uleb128 0xb
 710 00bb 3B       		.uleb128 0x3b
 711 00bc 0B       		.uleb128 0xb
 712 00bd 27       		.uleb128 0x27
 713 00be 19       		.uleb128 0x19
 714 00bf 11       		.uleb128 0x11
 715 00c0 01       		.uleb128 0x1
 716 00c1 12       		.uleb128 0x12
 717 00c2 06       		.uleb128 0x6
 718 00c3 40       		.uleb128 0x40
 719 00c4 18       		.uleb128 0x18
 720 00c5 9742     		.uleb128 0x2117
 721 00c7 19       		.uleb128 0x19
 722 00c8 01       		.uleb128 0x1
 723 00c9 13       		.uleb128 0x13
 724 00ca 00       		.byte	0
 725 00cb 00       		.byte	0
 726 00cc 0E       		.uleb128 0xe
 727 00cd 0B       		.uleb128 0xb
 728 00ce 01       		.byte	0x1
 729 00cf 11       		.uleb128 0x11
 730 00d0 01       		.uleb128 0x1
 731 00d1 12       		.uleb128 0x12
 732 00d2 06       		.uleb128 0x6
 733 00d3 01       		.uleb128 0x1
 734 00d4 13       		.uleb128 0x13
 735 00d5 00       		.byte	0
 736 00d6 00       		.byte	0
 737 00d7 0F       		.uleb128 0xf
 738 00d8 898201   		.uleb128 0x4109
 739 00db 01       		.byte	0x1
 740 00dc 11       		.uleb128 0x11
ARM GAS  C:\Users\madse\AppData\Local\Temp\cchszXn9.s 			page 15


 741 00dd 01       		.uleb128 0x1
 742 00de 31       		.uleb128 0x31
 743 00df 13       		.uleb128 0x13
 744 00e0 01       		.uleb128 0x1
 745 00e1 13       		.uleb128 0x13
 746 00e2 00       		.byte	0
 747 00e3 00       		.byte	0
 748 00e4 10       		.uleb128 0x10
 749 00e5 8A8201   		.uleb128 0x410a
 750 00e8 00       		.byte	0
 751 00e9 02       		.uleb128 0x2
 752 00ea 18       		.uleb128 0x18
 753 00eb 9142     		.uleb128 0x2111
 754 00ed 18       		.uleb128 0x18
 755 00ee 00       		.byte	0
 756 00ef 00       		.byte	0
 757 00f0 11       		.uleb128 0x11
 758 00f1 898201   		.uleb128 0x4109
 759 00f4 01       		.byte	0x1
 760 00f5 11       		.uleb128 0x11
 761 00f6 01       		.uleb128 0x1
 762 00f7 31       		.uleb128 0x31
 763 00f8 13       		.uleb128 0x13
 764 00f9 00       		.byte	0
 765 00fa 00       		.byte	0
 766 00fb 12       		.uleb128 0x12
 767 00fc 34       		.uleb128 0x34
 768 00fd 00       		.byte	0
 769 00fe 03       		.uleb128 0x3
 770 00ff 0E       		.uleb128 0xe
 771 0100 3A       		.uleb128 0x3a
 772 0101 0B       		.uleb128 0xb
 773 0102 3B       		.uleb128 0x3b
 774 0103 05       		.uleb128 0x5
 775 0104 49       		.uleb128 0x49
 776 0105 13       		.uleb128 0x13
 777 0106 3F       		.uleb128 0x3f
 778 0107 19       		.uleb128 0x19
 779 0108 3C       		.uleb128 0x3c
 780 0109 19       		.uleb128 0x19
 781 010a 00       		.byte	0
 782 010b 00       		.byte	0
 783 010c 13       		.uleb128 0x13
 784 010d 35       		.uleb128 0x35
 785 010e 00       		.byte	0
 786 010f 49       		.uleb128 0x49
 787 0110 13       		.uleb128 0x13
 788 0111 00       		.byte	0
 789 0112 00       		.byte	0
 790 0113 14       		.uleb128 0x14
 791 0114 2E       		.uleb128 0x2e
 792 0115 00       		.byte	0
 793 0116 3F       		.uleb128 0x3f
 794 0117 19       		.uleb128 0x19
 795 0118 3C       		.uleb128 0x3c
 796 0119 19       		.uleb128 0x19
 797 011a 6E       		.uleb128 0x6e
ARM GAS  C:\Users\madse\AppData\Local\Temp\cchszXn9.s 			page 16


 798 011b 0E       		.uleb128 0xe
 799 011c 03       		.uleb128 0x3
 800 011d 0E       		.uleb128 0xe
 801 011e 3A       		.uleb128 0x3a
 802 011f 0B       		.uleb128 0xb
 803 0120 3B       		.uleb128 0x3b
 804 0121 0B       		.uleb128 0xb
 805 0122 00       		.byte	0
 806 0123 00       		.byte	0
 807 0124 00       		.byte	0
 808              		.section	.debug_loc,"",%progbits
 809              	.Ldebug_loc0:
 810              	.LLST0:
 811 0000 02000000 		.4byte	.LVL0
 812 0004 08000000 		.4byte	.LVL1
 813 0008 0600     		.2byte	0x6
 814 000a 9E       		.byte	0x9e
 815 000b 04       		.uleb128 0x4
 816 000c 00000000 		.4byte	0
 817 0010 08000000 		.4byte	.LVL1
 818 0014 36000000 		.4byte	.LVL10
 819 0018 0100     		.2byte	0x1
 820 001a 55       		.byte	0x55
 821 001b 36000000 		.4byte	.LVL10
 822 001f 38000000 		.4byte	.LVL11
 823 0023 0100     		.2byte	0x1
 824 0025 50       		.byte	0x50
 825 0026 38000000 		.4byte	.LVL11
 826 002a 48000000 		.4byte	.LVL13
 827 002e 0100     		.2byte	0x1
 828 0030 55       		.byte	0x55
 829 0031 00000000 		.4byte	0
 830 0035 00000000 		.4byte	0
 831              	.LLST1:
 832 0039 02000000 		.4byte	.LVL0
 833 003d 08000000 		.4byte	.LVL1
 834 0041 0200     		.2byte	0x2
 835 0043 30       		.byte	0x30
 836 0044 9F       		.byte	0x9f
 837 0045 08000000 		.4byte	.LVL1
 838 0049 48000000 		.4byte	.LVL13
 839 004d 0100     		.2byte	0x1
 840 004f 54       		.byte	0x54
 841 0050 00000000 		.4byte	0
 842 0054 00000000 		.4byte	0
 843              	.LLST2:
 844 0058 10000000 		.4byte	.LVL3
 845 005c 13000000 		.4byte	.LVL4-1
 846 0060 0100     		.2byte	0x1
 847 0062 50       		.byte	0x50
 848 0063 00000000 		.4byte	0
 849 0067 00000000 		.4byte	0
 850              	.LLST3:
 851 006b 2C000000 		.4byte	.LVL7
 852 006f 30000000 		.4byte	.LVL8
 853 0073 0100     		.2byte	0x1
 854 0075 50       		.byte	0x50
ARM GAS  C:\Users\madse\AppData\Local\Temp\cchszXn9.s 			page 17


 855 0076 30000000 		.4byte	.LVL8
 856 007a 33000000 		.4byte	.LVL9-1
 857 007e 0100     		.2byte	0x1
 858 0080 51       		.byte	0x51
 859 0081 00000000 		.4byte	0
 860 0085 00000000 		.4byte	0
 861              	.LLST4:
 862 0089 0A000000 		.4byte	.LVL16
 863 008d 0E000000 		.4byte	.LVL17
 864 0091 0100     		.2byte	0x1
 865 0093 50       		.byte	0x50
 866 0094 00000000 		.4byte	0
 867 0098 00000000 		.4byte	0
 868              	.LLST5:
 869 009c 28000000 		.4byte	.LVL18
 870 00a0 30000000 		.4byte	.LVL19
 871 00a4 0100     		.2byte	0x1
 872 00a6 50       		.byte	0x50
 873 00a7 32000000 		.4byte	.LVL20
 874 00ab 34000000 		.4byte	.LVL21
 875 00af 0100     		.2byte	0x1
 876 00b1 50       		.byte	0x50
 877 00b2 00000000 		.4byte	0
 878 00b6 00000000 		.4byte	0
 879              	.LLST6:
 880 00ba 08000000 		.4byte	.LVL23
 881 00be 1C000000 		.4byte	.LVL28
 882 00c2 0100     		.2byte	0x1
 883 00c4 54       		.byte	0x54
 884 00c5 1E000000 		.4byte	.LVL29
 885 00c9 24000000 		.4byte	.LFE66
 886 00cd 0100     		.2byte	0x1
 887 00cf 54       		.byte	0x54
 888 00d0 00000000 		.4byte	0
 889 00d4 00000000 		.4byte	0
 890              	.LLST7:
 891 00d8 10000000 		.4byte	.LVL25
 892 00dc 1E000000 		.4byte	.LVL29
 893 00e0 0100     		.2byte	0x1
 894 00e2 55       		.byte	0x55
 895 00e3 00000000 		.4byte	0
 896 00e7 00000000 		.4byte	0
 897              		.section	.debug_aranges,"",%progbits
 898 0000 2C000000 		.4byte	0x2c
 899 0004 0200     		.2byte	0x2
 900 0006 00000000 		.4byte	.Ldebug_info0
 901 000a 04       		.byte	0x4
 902 000b 00       		.byte	0
 903 000c 0000     		.2byte	0
 904 000e 0000     		.2byte	0
 905 0010 00000000 		.4byte	.LFB64
 906 0014 5C000000 		.4byte	.LFE64-.LFB64
 907 0018 00000000 		.4byte	.LFB65
 908 001c 3C000000 		.4byte	.LFE65-.LFB65
 909 0020 00000000 		.4byte	.LFB66
 910 0024 24000000 		.4byte	.LFE66-.LFB66
 911 0028 00000000 		.4byte	0
ARM GAS  C:\Users\madse\AppData\Local\Temp\cchszXn9.s 			page 18


 912 002c 00000000 		.4byte	0
 913              		.section	.debug_ranges,"",%progbits
 914              	.Ldebug_ranges0:
 915 0000 02000000 		.4byte	.LBB2
 916 0004 04000000 		.4byte	.LBE2
 917 0008 06000000 		.4byte	.LBB4
 918 000c 3E000000 		.4byte	.LBE4
 919 0010 00000000 		.4byte	0
 920 0014 00000000 		.4byte	0
 921 0018 00000000 		.4byte	.LFB64
 922 001c 5C000000 		.4byte	.LFE64
 923 0020 00000000 		.4byte	.LFB65
 924 0024 3C000000 		.4byte	.LFE65
 925 0028 00000000 		.4byte	.LFB66
 926 002c 24000000 		.4byte	.LFE66
 927 0030 00000000 		.4byte	0
 928 0034 00000000 		.4byte	0
 929              		.section	.debug_line,"",%progbits
 930              	.Ldebug_line0:
 931 0000 F4010000 		.section	.debug_str,"MS",%progbits,1
 931      02008501 
 931      00000201 
 931      FB0E0D00 
 931      01010101 
 932              	.LASF20:
 933 0000 72657375 		.ascii	"result1\000"
 933      6C743100 
 934              	.LASF26:
 935 0008 72657375 		.ascii	"result2\000"
 935      6C743200 
 936              	.LASF2:
 937 0010 5F5F7569 		.ascii	"__uint8_t\000"
 937      6E74385F 
 937      7400
 938              	.LASF3:
 939 001a 5F5F696E 		.ascii	"__int16_t\000"
 939      7431365F 
 939      7400
 940              	.LASF6:
 941 0024 5F5F696E 		.ascii	"__int32_t\000"
 941      7433325F 
 941      7400
 942              	.LASF5:
 943 002e 73686F72 		.ascii	"short unsigned int\000"
 943      7420756E 
 943      7369676E 
 943      65642069 
 943      6E7400
 944              	.LASF41:
 945 0041 433A5C63 		.ascii	"C:\\code\\PRJ3\\PSoC\\StepperMotorDriverSPI - Mads\\"
 945      6F64655C 
 945      50524A33 
 945      5C50536F 
 945      435C5374 
 946 0070 53746570 		.ascii	"StepperMotorDriver.cydsn\000"
 946      7065724D 
 946      6F746F72 
ARM GAS  C:\Users\madse\AppData\Local\Temp\cchszXn9.s 			page 19


 946      44726976 
 946      65722E63 
 947              	.LASF32:
 948 0089 4144435F 		.ascii	"ADC_SAR_1_CountsTo_mVolts\000"
 948      5341525F 
 948      315F436F 
 948      756E7473 
 948      546F5F6D 
 949              	.LASF16:
 950 00a3 646F7562 		.ascii	"double\000"
 950      6C6500
 951              	.LASF29:
 952 00aa 62797465 		.ascii	"bytesToRead\000"
 952      73546F52 
 952      65616400 
 953              	.LASF25:
 954 00b6 4C6F7765 		.ascii	"LowerLimit\000"
 954      724C696D 
 954      697400
 955              	.LASF15:
 956 00c1 666C6F61 		.ascii	"float\000"
 956      7400
 957              	.LASF1:
 958 00c7 756E7369 		.ascii	"unsigned char\000"
 958      676E6564 
 958      20636861 
 958      7200
 959              	.LASF39:
 960 00d5 474E5520 		.ascii	"GNU C11 5.4.1 20160609 (release) [ARM/embedded-5-br"
 960      43313120 
 960      352E342E 
 960      31203230 
 960      31363036 
 961 0108 616E6368 		.ascii	"anch revision 237715] -mcpu=cortex-m3 -mthumb -g -O"
 961      20726576 
 961      6973696F 
 961      6E203233 
 961      37373135 
 962 013b 67202D66 		.ascii	"g -ffunction-sections -ffat-lto-objects\000"
 962      66756E63 
 962      74696F6E 
 962      2D736563 
 962      74696F6E 
 963              	.LASF28:
 964 0163 4953525F 		.ascii	"ISR_UART_rx_handler\000"
 964      55415254 
 964      5F72785F 
 964      68616E64 
 964      6C657200 
 965              	.LASF8:
 966 0177 6C6F6E67 		.ascii	"long unsigned int\000"
 966      20756E73 
 966      69676E65 
 966      6420696E 
 966      7400
 967              	.LASF35:
 968 0189 55415254 		.ascii	"UART_1_ReadRxData\000"
ARM GAS  C:\Users\madse\AppData\Local\Temp\cchszXn9.s 			page 20


 968      5F315F52 
 968      65616452 
 968      78446174 
 968      6100
 969              	.LASF37:
 970 019b 68616E64 		.ascii	"handleByteReceived\000"
 970      6C654279 
 970      74655265 
 970      63656976 
 970      656400
 971              	.LASF42:
 972 01ae 49544D5F 		.ascii	"ITM_RxBuffer\000"
 972      52784275 
 972      66666572 
 972      00
 973              	.LASF33:
 974 01bb 4144435F 		.ascii	"ADC_SAR_2_GetResult16\000"
 974      5341525F 
 974      325F4765 
 974      74526573 
 974      756C7431 
 975              	.LASF36:
 976 01d1 55415254 		.ascii	"UART_1_WriteTxData\000"
 976      5F315F57 
 976      72697465 
 976      54784461 
 976      746100
 977              	.LASF21:
 978 01e4 636F6E76 		.ascii	"convToAmps\000"
 978      546F416D 
 978      707300
 979              	.LASF23:
 980 01ef 766F6C74 		.ascii	"voltageDividerToPercent\000"
 980      61676544 
 980      69766964 
 980      6572546F 
 980      50657263 
 981              	.LASF11:
 982 0207 756E7369 		.ascii	"unsigned int\000"
 982      676E6564 
 982      20696E74 
 982      00
 983              	.LASF10:
 984 0214 6C6F6E67 		.ascii	"long long unsigned int\000"
 984      206C6F6E 
 984      6720756E 
 984      7369676E 
 984      65642069 
 985              	.LASF12:
 986 022b 75696E74 		.ascii	"uint8_t\000"
 986      385F7400 
 987              	.LASF38:
 988 0233 55415254 		.ascii	"UART_1_GetRxBufferSize\000"
 988      5F315F47 
 988      65745278 
 988      42756666 
 988      65725369 
ARM GAS  C:\Users\madse\AppData\Local\Temp\cchszXn9.s 			page 21


 989              	.LASF13:
 990 024a 696E7431 		.ascii	"int16_t\000"
 990      365F7400 
 991              	.LASF14:
 992 0252 696E7433 		.ascii	"int32_t\000"
 992      325F7400 
 993              	.LASF19:
 994 025a 73697A65 		.ascii	"sizetype\000"
 994      74797065 
 994      00
 995              	.LASF31:
 996 0263 4144435F 		.ascii	"ADC_SAR_1_GetResult16\000"
 996      5341525F 
 996      315F4765 
 996      74526573 
 996      756C7431 
 997              	.LASF9:
 998 0279 6C6F6E67 		.ascii	"long long int\000"
 998      206C6F6E 
 998      6720696E 
 998      7400
 999              	.LASF27:
 1000 0287 7363616C 		.ascii	"scaled\000"
 1000      656400
 1001              	.LASF17:
 1002 028e 63686172 		.ascii	"char\000"
 1002      00
 1003              	.LASF24:
 1004 0293 55707065 		.ascii	"UpperLimit\000"
 1004      724C696D 
 1004      697400
 1005              	.LASF34:
 1006 029e 4144435F 		.ascii	"ADC_SAR_2_CountsTo_mVolts\000"
 1006      5341525F 
 1006      325F436F 
 1006      756E7473 
 1006      546F5F6D 
 1007              	.LASF4:
 1008 02b8 73686F72 		.ascii	"short int\000"
 1008      7420696E 
 1008      7400
 1009              	.LASF22:
 1010 02c2 63757272 		.ascii	"currentHall\000"
 1010      656E7448 
 1010      616C6C00 
 1011              	.LASF7:
 1012 02ce 6C6F6E67 		.ascii	"long int\000"
 1012      20696E74 
 1012      00
 1013              	.LASF18:
 1014 02d7 6C6F6E67 		.ascii	"long double\000"
 1014      20646F75 
 1014      626C6500 
 1015              	.LASF0:
 1016 02e3 7369676E 		.ascii	"signed char\000"
 1016      65642063 
 1016      68617200 
ARM GAS  C:\Users\madse\AppData\Local\Temp\cchszXn9.s 			page 22


 1017              	.LASF40:
 1018 02ef 42617474 		.ascii	"BatteryDriver.c\000"
 1018      65727944 
 1018      72697665 
 1018      722E6300 
 1019              	.LASF30:
 1020 02ff 62797465 		.ascii	"byteReceived\000"
 1020      52656365 
 1020      69766564 
 1020      00
 1021              		.ident	"GCC: (GNU Tools for ARM Embedded Processors) 5.4.1 20160609 (release) [ARM/embedded-5-bran
