ARM GAS  C:\Users\madse\AppData\Local\Temp\ccZu0Kvi.s 			page 1


   1              		.syntax unified
   2              		.cpu cortex-m3
   3              		.fpu softvfp
   4              		.eabi_attribute 20, 1
   5              		.eabi_attribute 21, 1
   6              		.eabi_attribute 23, 3
   7              		.eabi_attribute 24, 1
   8              		.eabi_attribute 25, 1
   9              		.eabi_attribute 26, 1
  10              		.eabi_attribute 30, 1
  11              		.eabi_attribute 34, 1
  12              		.eabi_attribute 18, 4
  13              		.thumb
  14              		.syntax unified
  15              		.file	"cymetadata.c"
  16              		.text
  17              	.Ltext0:
  18              		.cfi_sections	.debug_frame
  19              		.global	cy_metadata
  20              		.global	cy_meta_flashprotect
  21              		.global	cy_meta_wonvl
  22              		.global	cy_meta_custnvl
  23              		.global	cy_meta_configecc
  24              		.section	.cyconfigecc,"a",%progbits
  25              		.align	2
  26              		.type	cy_meta_configecc, %object
  27              		.size	cy_meta_configecc, 1484
  28              	cy_meta_configecc:
  29 0000 03       		.byte	3
  30 0001 52       		.byte	82
  31 0002 00       		.byte	0
  32 0003 40       		.byte	64
  33 0004 01       		.byte	1
  34 0005 5B       		.byte	91
  35 0006 00       		.byte	0
  36 0007 40       		.byte	64
  37 0008 03       		.byte	3
  38 0009 64       		.byte	100
  39 000a 00       		.byte	0
  40 000b 40       		.byte	64
  41 000c 03       		.byte	3
  42 000d 65       		.byte	101
  43 000e 00       		.byte	0
  44 000f 40       		.byte	64
  45 0010 01       		.byte	1
  46 0011 03       		.byte	3
  47 0012 01       		.byte	1
  48 0013 40       		.byte	64
  49 0014 58       		.byte	88
  50 0015 04       		.byte	4
  51 0016 01       		.byte	1
  52 0017 40       		.byte	64
  53 0018 3B       		.byte	59
  54 0019 05       		.byte	5
  55 001a 01       		.byte	1
  56 001b 40       		.byte	64
  57 001c 4D       		.byte	77
ARM GAS  C:\Users\madse\AppData\Local\Temp\ccZu0Kvi.s 			page 2


  58 001d 06       		.byte	6
  59 001e 01       		.byte	1
  60 001f 40       		.byte	64
  61 0020 4F       		.byte	79
  62 0021 07       		.byte	7
  63 0022 01       		.byte	1
  64 0023 40       		.byte	64
  65 0024 02       		.byte	2
  66 0025 09       		.byte	9
  67 0026 01       		.byte	1
  68 0027 40       		.byte	64
  69 0028 01       		.byte	1
  70 0029 0B       		.byte	11
  71 002a 01       		.byte	1
  72 002b 40       		.byte	64
  73 002c 01       		.byte	1
  74 002d 0D       		.byte	13
  75 002e 01       		.byte	1
  76 002f 40       		.byte	64
  77 0030 3F       		.byte	63
  78 0031 14       		.byte	20
  79 0032 01       		.byte	1
  80 0033 40       		.byte	64
  81 0034 46       		.byte	70
  82 0035 15       		.byte	21
  83 0036 01       		.byte	1
  84 0037 40       		.byte	64
  85 0038 4D       		.byte	77
  86 0039 16       		.byte	22
  87 003a 01       		.byte	1
  88 003b 40       		.byte	64
  89 003c 3F       		.byte	63
  90 003d 17       		.byte	23
  91 003e 01       		.byte	1
  92 003f 40       		.byte	64
  93 0040 03       		.byte	3
  94 0041 1B       		.byte	27
  95 0042 01       		.byte	1
  96 0043 40       		.byte	64
  97 0044 06       		.byte	6
  98 0045 40       		.byte	64
  99 0046 01       		.byte	1
 100 0047 40       		.byte	64
 101 0048 04       		.byte	4
 102 0049 41       		.byte	65
 103 004a 01       		.byte	1
 104 004b 40       		.byte	64
 105 004c 04       		.byte	4
 106 004d 42       		.byte	66
 107 004e 01       		.byte	1
 108 004f 40       		.byte	64
 109 0050 07       		.byte	7
 110 0051 43       		.byte	67
 111 0052 01       		.byte	1
 112 0053 40       		.byte	64
 113 0054 07       		.byte	7
 114 0055 45       		.byte	69
ARM GAS  C:\Users\madse\AppData\Local\Temp\ccZu0Kvi.s 			page 3


 115 0056 01       		.byte	1
 116 0057 40       		.byte	64
 117 0058 05       		.byte	5
 118 0059 46       		.byte	70
 119 005a 01       		.byte	1
 120 005b 40       		.byte	64
 121 005c 02       		.byte	2
 122 005d 47       		.byte	71
 123 005e 01       		.byte	1
 124 005f 40       		.byte	64
 125 0060 04       		.byte	4
 126 0061 48       		.byte	72
 127 0062 01       		.byte	1
 128 0063 40       		.byte	64
 129 0064 02       		.byte	2
 130 0065 49       		.byte	73
 131 0066 01       		.byte	1
 132 0067 40       		.byte	64
 133 0068 02       		.byte	2
 134 0069 4C       		.byte	76
 135 006a 01       		.byte	1
 136 006b 40       		.byte	64
 137 006c 09       		.byte	9
 138 006d 4D       		.byte	77
 139 006e 01       		.byte	1
 140 006f 40       		.byte	64
 141 0070 04       		.byte	4
 142 0071 50       		.byte	80
 143 0072 01       		.byte	1
 144 0073 40       		.byte	64
 145 0074 02       		.byte	2
 146 0075 51       		.byte	81
 147 0076 01       		.byte	1
 148 0077 40       		.byte	64
 149 0078 11       		.byte	17
 150 0079 01       		.byte	1
 151 007a 61       		.byte	97
 152 007b 80       		.byte	-128
 153 007c 64       		.byte	100
 154 007d 40       		.byte	64
 155 007e 27       		.byte	39
 156 007f 21       		.byte	33
 157 0080 85       		.byte	-123
 158 0081 0F       		.byte	15
 159 0082 86       		.byte	-122
 160 0083 78       		.byte	120
 161 0084 87       		.byte	-121
 162 0085 07       		.byte	7
 163 0086 84       		.byte	-124
 164 0087 47       		.byte	71
 165 0088 85       		.byte	-123
 166 0089 72       		.byte	114
 167 008a 86       		.byte	-122
 168 008b 38       		.byte	56
 169 008c 89       		.byte	-119
 170 008d 01       		.byte	1
 171 008e 04       		.byte	4
ARM GAS  C:\Users\madse\AppData\Local\Temp\ccZu0Kvi.s 			page 4


 172 008f 01       		.byte	1
 173 0090 05       		.byte	5
 174 0091 0C       		.byte	12
 175 0092 07       		.byte	7
 176 0093 13       		.byte	19
 177 0094 0A       		.byte	10
 178 0095 02       		.byte	2
 179 0096 0E       		.byte	14
 180 0097 0C       		.byte	12
 181 0098 0F       		.byte	15
 182 0099 0C       		.byte	12
 183 009a 12       		.byte	18
 184 009b 01       		.byte	1
 185 009c 15       		.byte	21
 186 009d 11       		.byte	17
 187 009e 16       		.byte	22
 188 009f 0A       		.byte	10
 189 00a0 17       		.byte	23
 190 00a1 06       		.byte	6
 191 00a2 19       		.byte	25
 192 00a3 11       		.byte	17
 193 00a4 1A       		.byte	26
 194 00a5 01       		.byte	1
 195 00a6 1B       		.byte	27
 196 00a7 0E       		.byte	14
 197 00a8 1E       		.byte	30
 198 00a9 06       		.byte	6
 199 00aa 22       		.byte	34
 200 00ab 04       		.byte	4
 201 00ac 24       		.byte	36
 202 00ad 01       		.byte	1
 203 00ae 25       		.byte	37
 204 00af 20       		.byte	32
 205 00b0 27       		.byte	39
 206 00b1 03       		.byte	3
 207 00b2 28       		.byte	40
 208 00b3 0C       		.byte	12
 209 00b4 2A       		.byte	42
 210 00b5 02       		.byte	2
 211 00b6 2C       		.byte	44
 212 00b7 01       		.byte	1
 213 00b8 2F       		.byte	47
 214 00b9 08       		.byte	8
 215 00ba 31       		.byte	49
 216 00bb 30       		.byte	48
 217 00bc 33       		.byte	51
 218 00bd 0F       		.byte	15
 219 00be 34       		.byte	52
 220 00bf 0E       		.byte	14
 221 00c0 36       		.byte	54
 222 00c1 01       		.byte	1
 223 00c2 39       		.byte	57
 224 00c3 02       		.byte	2
 225 00c4 3A       		.byte	58
 226 00c5 20       		.byte	32
 227 00c6 3B       		.byte	59
 228 00c7 08       		.byte	8
ARM GAS  C:\Users\madse\AppData\Local\Temp\ccZu0Kvi.s 			page 5


 229 00c8 3E       		.byte	62
 230 00c9 40       		.byte	64
 231 00ca 40       		.byte	64
 232 00cb 02       		.byte	2
 233 00cc 41       		.byte	65
 234 00cd 05       		.byte	5
 235 00ce 42       		.byte	66
 236 00cf 20       		.byte	32
 237 00d0 44       		.byte	68
 238 00d1 01       		.byte	1
 239 00d2 45       		.byte	69
 240 00d3 CD       		.byte	-51
 241 00d4 46       		.byte	70
 242 00d5 BF       		.byte	-65
 243 00d6 47       		.byte	71
 244 00d7 0E       		.byte	14
 245 00d8 48       		.byte	72
 246 00d9 1F       		.byte	31
 247 00da 49       		.byte	73
 248 00db FF       		.byte	-1
 249 00dc 4A       		.byte	74
 250 00dd FF       		.byte	-1
 251 00de 4B       		.byte	75
 252 00df FF       		.byte	-1
 253 00e0 4C       		.byte	76
 254 00e1 22       		.byte	34
 255 00e2 4E       		.byte	78
 256 00e3 F0       		.byte	-16
 257 00e4 4F       		.byte	79
 258 00e5 0C       		.byte	12
 259 00e6 50       		.byte	80
 260 00e7 8C       		.byte	-116
 261 00e8 51       		.byte	81
 262 00e9 10       		.byte	16
 263 00ea 56       		.byte	86
 264 00eb 08       		.byte	8
 265 00ec 58       		.byte	88
 266 00ed 04       		.byte	4
 267 00ee 59       		.byte	89
 268 00ef 04       		.byte	4
 269 00f0 5A       		.byte	90
 270 00f1 24       		.byte	36
 271 00f2 5B       		.byte	91
 272 00f3 04       		.byte	4
 273 00f4 5D       		.byte	93
 274 00f5 18       		.byte	24
 275 00f6 5F       		.byte	95
 276 00f7 31       		.byte	49
 277 00f8 68       		.byte	104
 278 00f9 40       		.byte	64
 279 00fa 69       		.byte	105
 280 00fb 01       		.byte	1
 281 00fc 6A       		.byte	106
 282 00fd C0       		.byte	-64
 283 00fe 6B       		.byte	107
 284 00ff 01       		.byte	1
 285 0100 84       		.byte	-124
ARM GAS  C:\Users\madse\AppData\Local\Temp\ccZu0Kvi.s 			page 6


 286 0101 01       		.byte	1
 287 0102 8A       		.byte	-118
 288 0103 01       		.byte	1
 289 0104 94       		.byte	-108
 290 0105 01       		.byte	1
 291 0106 9A       		.byte	-102
 292 0107 01       		.byte	1
 293 0108 A6       		.byte	-90
 294 0109 01       		.byte	1
 295 010a A9       		.byte	-87
 296 010b 01       		.byte	1
 297 010c B0       		.byte	-80
 298 010d 01       		.byte	1
 299 010e B5       		.byte	-75
 300 010f 01       		.byte	1
 301 0110 BE       		.byte	-66
 302 0111 01       		.byte	1
 303 0112 BF       		.byte	-65
 304 0113 10       		.byte	16
 305 0114 C0       		.byte	-64
 306 0115 32       		.byte	50
 307 0116 C1       		.byte	-63
 308 0117 06       		.byte	6
 309 0118 C5       		.byte	-59
 310 0119 0C       		.byte	12
 311 011a C6       		.byte	-58
 312 011b 0B       		.byte	11
 313 011c C7       		.byte	-57
 314 011d 0E       		.byte	14
 315 011e C8       		.byte	-56
 316 011f 15       		.byte	21
 317 0120 C9       		.byte	-55
 318 0121 FF       		.byte	-1
 319 0122 CA       		.byte	-54
 320 0123 FF       		.byte	-1
 321 0124 CB       		.byte	-53
 322 0125 FF       		.byte	-1
 323 0126 CE       		.byte	-50
 324 0127 F0       		.byte	-16
 325 0128 CF       		.byte	-49
 326 0129 44       		.byte	68
 327 012a D0       		.byte	-48
 328 012b 0C       		.byte	12
 329 012c D4       		.byte	-44
 330 012d 01       		.byte	1
 331 012e D8       		.byte	-40
 332 012f 04       		.byte	4
 333 0130 D9       		.byte	-39
 334 0131 04       		.byte	4
 335 0132 DA       		.byte	-38
 336 0133 04       		.byte	4
 337 0134 DB       		.byte	-37
 338 0135 04       		.byte	4
 339 0136 DF       		.byte	-33
 340 0137 01       		.byte	1
 341 0138 E6       		.byte	-26
 342 0139 C0       		.byte	-64
ARM GAS  C:\Users\madse\AppData\Local\Temp\ccZu0Kvi.s 			page 7


 343 013a EA       		.byte	-22
 344 013b 40       		.byte	64
 345 013c EB       		.byte	-21
 346 013d 02       		.byte	2
 347 013e 00       		.byte	0
 348 013f 48       		.byte	72
 349 0140 02       		.byte	2
 350 0141 04       		.byte	4
 351 0142 06       		.byte	6
 352 0143 14       		.byte	20
 353 0144 08       		.byte	8
 354 0145 20       		.byte	32
 355 0146 09       		.byte	9
 356 0147 04       		.byte	4
 357 0148 0A       		.byte	10
 358 0149 80       		.byte	-128
 359 014a 0B       		.byte	11
 360 014b 0A       		.byte	10
 361 014c 0F       		.byte	15
 362 014d 28       		.byte	40
 363 014e 10       		.byte	16
 364 014f 20       		.byte	32
 365 0150 12       		.byte	18
 366 0151 40       		.byte	64
 367 0152 13       		.byte	19
 368 0153 A0       		.byte	-96
 369 0154 15       		.byte	21
 370 0155 08       		.byte	8
 371 0156 19       		.byte	25
 372 0157 90       		.byte	-112
 373 0158 1B       		.byte	27
 374 0159 10       		.byte	16
 375 015a 1E       		.byte	30
 376 015b 80       		.byte	-128
 377 015c 20       		.byte	32
 378 015d 40       		.byte	64
 379 015e 21       		.byte	33
 380 015f 04       		.byte	4
 381 0160 23       		.byte	35
 382 0161 20       		.byte	32
 383 0162 27       		.byte	39
 384 0163 08       		.byte	8
 385 0164 2A       		.byte	42
 386 0165 44       		.byte	68
 387 0166 2F       		.byte	47
 388 0167 08       		.byte	8
 389 0168 31       		.byte	49
 390 0169 10       		.byte	16
 391 016a 33       		.byte	51
 392 016b 04       		.byte	4
 393 016c 38       		.byte	56
 394 016d 70       		.byte	112
 395 016e 39       		.byte	57
 396 016f 08       		.byte	8
 397 0170 40       		.byte	64
 398 0171 05       		.byte	5
 399 0172 45       		.byte	69
ARM GAS  C:\Users\madse\AppData\Local\Temp\ccZu0Kvi.s 			page 8


 400 0173 04       		.byte	4
 401 0174 46       		.byte	70
 402 0175 14       		.byte	20
 403 0176 47       		.byte	71
 404 0177 04       		.byte	4
 405 0178 48       		.byte	72
 406 0179 80       		.byte	-128
 407 017a 4A       		.byte	74
 408 017b 02       		.byte	2
 409 017c 4B       		.byte	75
 410 017d 08       		.byte	8
 411 017e 4C       		.byte	76
 412 017f 10       		.byte	16
 413 0180 4F       		.byte	79
 414 0181 28       		.byte	40
 415 0182 51       		.byte	81
 416 0183 40       		.byte	64
 417 0184 52       		.byte	82
 418 0185 08       		.byte	8
 419 0186 53       		.byte	83
 420 0187 20       		.byte	32
 421 0188 55       		.byte	85
 422 0189 40       		.byte	64
 423 018a 57       		.byte	87
 424 018b 08       		.byte	8
 425 018c 59       		.byte	89
 426 018d 80       		.byte	-128
 427 018e 5C       		.byte	92
 428 018f 12       		.byte	18
 429 0190 5E       		.byte	94
 430 0191 80       		.byte	-128
 431 0192 5F       		.byte	95
 432 0193 08       		.byte	8
 433 0194 63       		.byte	99
 434 0195 02       		.byte	2
 435 0196 79       		.byte	121
 436 0197 01       		.byte	1
 437 0198 83       		.byte	-125
 438 0199 20       		.byte	32
 439 019a 91       		.byte	-111
 440 019b 01       		.byte	1
 441 019c C0       		.byte	-64
 442 019d 67       		.byte	103
 443 019e C2       		.byte	-62
 444 019f 6F       		.byte	111
 445 01a0 C4       		.byte	-60
 446 01a1 2F       		.byte	47
 447 01a2 CA       		.byte	-54
 448 01a3 2A       		.byte	42
 449 01a4 CC       		.byte	-52
 450 01a5 06       		.byte	6
 451 01a6 CE       		.byte	-50
 452 01a7 0A       		.byte	10
 453 01a8 D0       		.byte	-48
 454 01a9 6C       		.byte	108
 455 01aa D2       		.byte	-46
 456 01ab 28       		.byte	40
ARM GAS  C:\Users\madse\AppData\Local\Temp\ccZu0Kvi.s 			page 9


 457 01ac D6       		.byte	-42
 458 01ad F8       		.byte	-8
 459 01ae D8       		.byte	-40
 460 01af 08       		.byte	8
 461 01b0 DE       		.byte	-34
 462 01b1 01       		.byte	1
 463 01b2 E4       		.byte	-28
 464 01b3 04       		.byte	4
 465 01b4 03       		.byte	3
 466 01b5 01       		.byte	1
 467 01b6 1E       		.byte	30
 468 01b7 02       		.byte	2
 469 01b8 1F       		.byte	31
 470 01b9 02       		.byte	2
 471 01ba 21       		.byte	33
 472 01bb 01       		.byte	1
 473 01bc 2C       		.byte	44
 474 01bd 01       		.byte	1
 475 01be 30       		.byte	48
 476 01bf 01       		.byte	1
 477 01c0 33       		.byte	51
 478 01c1 01       		.byte	1
 479 01c2 35       		.byte	53
 480 01c3 02       		.byte	2
 481 01c4 36       		.byte	54
 482 01c5 02       		.byte	2
 483 01c6 3B       		.byte	59
 484 01c7 02       		.byte	2
 485 01c8 3E       		.byte	62
 486 01c9 01       		.byte	1
 487 01ca 3F       		.byte	63
 488 01cb 04       		.byte	4
 489 01cc 54       		.byte	84
 490 01cd 20       		.byte	32
 491 01ce 56       		.byte	86
 492 01cf 04       		.byte	4
 493 01d0 58       		.byte	88
 494 01d1 04       		.byte	4
 495 01d2 59       		.byte	89
 496 01d3 04       		.byte	4
 497 01d4 5B       		.byte	91
 498 01d5 04       		.byte	4
 499 01d6 5C       		.byte	92
 500 01d7 01       		.byte	1
 501 01d8 5D       		.byte	93
 502 01d9 10       		.byte	16
 503 01da 5F       		.byte	95
 504 01db 01       		.byte	1
 505 01dc 82       		.byte	-126
 506 01dd 01       		.byte	1
 507 01de 84       		.byte	-124
 508 01df 38       		.byte	56
 509 01e0 85       		.byte	-123
 510 01e1 40       		.byte	64
 511 01e2 86       		.byte	-122
 512 01e3 04       		.byte	4
 513 01e4 89       		.byte	-119
ARM GAS  C:\Users\madse\AppData\Local\Temp\ccZu0Kvi.s 			page 10


 514 01e5 01       		.byte	1
 515 01e6 8A       		.byte	-118
 516 01e7 06       		.byte	6
 517 01e8 8B       		.byte	-117
 518 01e9 08       		.byte	8
 519 01ea 8C       		.byte	-116
 520 01eb 12       		.byte	18
 521 01ec 8D       		.byte	-115
 522 01ed 10       		.byte	16
 523 01ee 8E       		.byte	-114
 524 01ef 20       		.byte	32
 525 01f0 8F       		.byte	-113
 526 01f1 01       		.byte	1
 527 01f2 94       		.byte	-108
 528 01f3 18       		.byte	24
 529 01f4 95       		.byte	-107
 530 01f5 60       		.byte	96
 531 01f6 96       		.byte	-106
 532 01f7 22       		.byte	34
 533 01f8 98       		.byte	-104
 534 01f9 20       		.byte	32
 535 01fa 99       		.byte	-103
 536 01fb 01       		.byte	1
 537 01fc 9A       		.byte	-102
 538 01fd 18       		.byte	24
 539 01fe 9B       		.byte	-101
 540 01ff 04       		.byte	4
 541 0200 9C       		.byte	-100
 542 0201 28       		.byte	40
 543 0202 9D       		.byte	-99
 544 0203 01       		.byte	1
 545 0204 9F       		.byte	-97
 546 0205 02       		.byte	2
 547 0206 A0       		.byte	-96
 548 0207 20       		.byte	32
 549 0208 A3       		.byte	-93
 550 0209 1E       		.byte	30
 551 020a A4       		.byte	-92
 552 020b 01       		.byte	1
 553 020c A7       		.byte	-89
 554 020d 20       		.byte	32
 555 020e A8       		.byte	-88
 556 020f 01       		.byte	1
 557 0210 A9       		.byte	-87
 558 0211 60       		.byte	96
 559 0212 AC       		.byte	-84
 560 0213 01       		.byte	1
 561 0214 AF       		.byte	-81
 562 0215 01       		.byte	1
 563 0216 B2       		.byte	-78
 564 0217 3E       		.byte	62
 565 0218 B4       		.byte	-76
 566 0219 01       		.byte	1
 567 021a B5       		.byte	-75
 568 021b 60       		.byte	96
 569 021c B7       		.byte	-73
 570 021d 1F       		.byte	31
ARM GAS  C:\Users\madse\AppData\Local\Temp\ccZu0Kvi.s 			page 11


 571 021e B9       		.byte	-71
 572 021f 20       		.byte	32
 573 0220 BE       		.byte	-66
 574 0221 10       		.byte	16
 575 0222 BF       		.byte	-65
 576 0223 50       		.byte	80
 577 0224 C0       		.byte	-64
 578 0225 02       		.byte	2
 579 0226 C6       		.byte	-58
 580 0227 04       		.byte	4
 581 0228 C9       		.byte	-55
 582 0229 FF       		.byte	-1
 583 022a CA       		.byte	-54
 584 022b 07       		.byte	7
 585 022c CB       		.byte	-53
 586 022d FF       		.byte	-1
 587 022e CC       		.byte	-52
 588 022f 40       		.byte	64
 589 0230 CD       		.byte	-51
 590 0231 20       		.byte	32
 591 0232 CE       		.byte	-50
 592 0233 F0       		.byte	-16
 593 0234 CF       		.byte	-49
 594 0235 05       		.byte	5
 595 0236 D0       		.byte	-48
 596 0237 08       		.byte	8
 597 0238 D6       		.byte	-42
 598 0239 02       		.byte	2
 599 023a D8       		.byte	-40
 600 023b 04       		.byte	4
 601 023c D9       		.byte	-39
 602 023d 04       		.byte	4
 603 023e DA       		.byte	-38
 604 023f 04       		.byte	4
 605 0240 DB       		.byte	-37
 606 0241 24       		.byte	36
 607 0242 DD       		.byte	-35
 608 0243 80       		.byte	-128
 609 0244 DF       		.byte	-33
 610 0245 31       		.byte	49
 611 0246 E0       		.byte	-32
 612 0247 40       		.byte	64
 613 0248 E1       		.byte	-31
 614 0249 A8       		.byte	-88
 615 024a E2       		.byte	-30
 616 024b 40       		.byte	64
 617 024c E3       		.byte	-29
 618 024d 20       		.byte	32
 619 024e 00       		.byte	0
 620 024f 42       		.byte	66
 621 0250 01       		.byte	1
 622 0251 04       		.byte	4
 623 0252 03       		.byte	3
 624 0253 08       		.byte	8
 625 0254 08       		.byte	8
 626 0255 04       		.byte	4
 627 0256 09       		.byte	9
ARM GAS  C:\Users\madse\AppData\Local\Temp\ccZu0Kvi.s 			page 12


 628 0257 40       		.byte	64
 629 0258 0A       		.byte	10
 630 0259 08       		.byte	8
 631 025a 0F       		.byte	15
 632 025b 02       		.byte	2
 633 025c 10       		.byte	16
 634 025d 28       		.byte	40
 635 025e 12       		.byte	18
 636 025f 40       		.byte	64
 637 0260 13       		.byte	19
 638 0261 80       		.byte	-128
 639 0262 14       		.byte	20
 640 0263 12       		.byte	18
 641 0264 15       		.byte	21
 642 0265 80       		.byte	-128
 643 0266 16       		.byte	22
 644 0267 10       		.byte	16
 645 0268 18       		.byte	24
 646 0269 04       		.byte	4
 647 026a 1A       		.byte	26
 648 026b 24       		.byte	36
 649 026c 1B       		.byte	27
 650 026d 08       		.byte	8
 651 026e 1F       		.byte	31
 652 026f 81       		.byte	-127
 653 0270 20       		.byte	32
 654 0271 01       		.byte	1
 655 0272 21       		.byte	33
 656 0273 10       		.byte	16
 657 0274 25       		.byte	37
 658 0275 0A       		.byte	10
 659 0276 26       		.byte	38
 660 0277 20       		.byte	32
 661 0278 28       		.byte	40
 662 0279 04       		.byte	4
 663 027a 29       		.byte	41
 664 027b 91       		.byte	-111
 665 027c 2A       		.byte	42
 666 027d 84       		.byte	-124
 667 027e 2F       		.byte	47
 668 027f 80       		.byte	-128
 669 0280 30       		.byte	48
 670 0281 20       		.byte	32
 671 0282 32       		.byte	50
 672 0283 04       		.byte	4
 673 0284 33       		.byte	51
 674 0285 44       		.byte	68
 675 0286 34       		.byte	52
 676 0287 40       		.byte	64
 677 0288 39       		.byte	57
 678 0289 5C       		.byte	92
 679 028a 3F       		.byte	63
 680 028b 02       		.byte	2
 681 028c 41       		.byte	65
 682 028d 10       		.byte	16
 683 028e 45       		.byte	69
 684 028f 08       		.byte	8
ARM GAS  C:\Users\madse\AppData\Local\Temp\ccZu0Kvi.s 			page 13


 685 0290 46       		.byte	70
 686 0291 20       		.byte	32
 687 0292 52       		.byte	82
 688 0293 44       		.byte	68
 689 0294 5C       		.byte	92
 690 0295 02       		.byte	2
 691 0296 64       		.byte	100
 692 0297 10       		.byte	16
 693 0298 66       		.byte	102
 694 0299 20       		.byte	32
 695 029a 67       		.byte	103
 696 029b 82       		.byte	-126
 697 029c 68       		.byte	104
 698 029d 2D       		.byte	45
 699 029e 69       		.byte	105
 700 029f 50       		.byte	80
 701 02a0 6A       		.byte	106
 702 02a1 80       		.byte	-128
 703 02a2 6B       		.byte	107
 704 02a3 C0       		.byte	-64
 705 02a4 79       		.byte	121
 706 02a5 01       		.byte	1
 707 02a6 87       		.byte	-121
 708 02a7 40       		.byte	64
 709 02a8 90       		.byte	-112
 710 02a9 60       		.byte	96
 711 02aa 91       		.byte	-111
 712 02ab 89       		.byte	-119
 713 02ac 92       		.byte	-110
 714 02ad 40       		.byte	64
 715 02ae 94       		.byte	-108
 716 02af 05       		.byte	5
 717 02b0 96       		.byte	-106
 718 02b1 80       		.byte	-128
 719 02b2 98       		.byte	-104
 720 02b3 20       		.byte	32
 721 02b4 99       		.byte	-103
 722 02b5 10       		.byte	16
 723 02b6 9A       		.byte	-102
 724 02b7 80       		.byte	-128
 725 02b8 9E       		.byte	-98
 726 02b9 44       		.byte	68
 727 02ba 9F       		.byte	-97
 728 02bb 84       		.byte	-124
 729 02bc A1       		.byte	-95
 730 02bd 40       		.byte	64
 731 02be A2       		.byte	-94
 732 02bf 08       		.byte	8
 733 02c0 A3       		.byte	-93
 734 02c1 01       		.byte	1
 735 02c2 A4       		.byte	-92
 736 02c3 24       		.byte	36
 737 02c4 A6       		.byte	-90
 738 02c5 02       		.byte	2
 739 02c6 AA       		.byte	-86
 740 02c7 80       		.byte	-128
 741 02c8 B0       		.byte	-80
ARM GAS  C:\Users\madse\AppData\Local\Temp\ccZu0Kvi.s 			page 14


 742 02c9 02       		.byte	2
 743 02ca B3       		.byte	-77
 744 02cb 08       		.byte	8
 745 02cc B4       		.byte	-76
 746 02cd 80       		.byte	-128
 747 02ce B5       		.byte	-75
 748 02cf 10       		.byte	16
 749 02d0 B6       		.byte	-74
 750 02d1 40       		.byte	64
 751 02d2 B7       		.byte	-73
 752 02d3 01       		.byte	1
 753 02d4 C0       		.byte	-64
 754 02d5 0F       		.byte	15
 755 02d6 C2       		.byte	-62
 756 02d7 87       		.byte	-121
 757 02d8 C4       		.byte	-60
 758 02d9 8F       		.byte	-113
 759 02da CA       		.byte	-54
 760 02db 8F       		.byte	-113
 761 02dc CC       		.byte	-52
 762 02dd 1E       		.byte	30
 763 02de CE       		.byte	-50
 764 02df 8E       		.byte	-114
 765 02e0 D0       		.byte	-48
 766 02e1 04       		.byte	4
 767 02e2 D6       		.byte	-42
 768 02e3 80       		.byte	-128
 769 02e4 D8       		.byte	-40
 770 02e5 F0       		.byte	-16
 771 02e6 DE       		.byte	-34
 772 02e7 01       		.byte	1
 773 02e8 EA       		.byte	-22
 774 02e9 01       		.byte	1
 775 02ea EE       		.byte	-18
 776 02eb 01       		.byte	1
 777 02ec EA       		.byte	-22
 778 02ed 01       		.byte	1
 779 02ee EE       		.byte	-18
 780 02ef 01       		.byte	1
 781 02f0 E4       		.byte	-28
 782 02f1 04       		.byte	4
 783 02f2 E6       		.byte	-26
 784 02f3 80       		.byte	-128
 785 02f4 02       		.byte	2
 786 02f5 01       		.byte	1
 787 02f6 0B       		.byte	11
 788 02f7 01       		.byte	1
 789 02f8 10       		.byte	16
 790 02f9 03       		.byte	3
 791 02fa 14       		.byte	20
 792 02fb 04       		.byte	4
 793 02fc 2A       		.byte	42
 794 02fd 03       		.byte	3
 795 02fe 30       		.byte	48
 796 02ff 01       		.byte	1
 797 0300 32       		.byte	50
 798 0301 02       		.byte	2
ARM GAS  C:\Users\madse\AppData\Local\Temp\ccZu0Kvi.s 			page 15


 799 0302 36       		.byte	54
 800 0303 04       		.byte	4
 801 0304 37       		.byte	55
 802 0305 01       		.byte	1
 803 0306 3E       		.byte	62
 804 0307 45       		.byte	69
 805 0308 54       		.byte	84
 806 0309 41       		.byte	65
 807 030a 58       		.byte	88
 808 030b 04       		.byte	4
 809 030c 59       		.byte	89
 810 030d 04       		.byte	4
 811 030e 5B       		.byte	91
 812 030f 04       		.byte	4
 813 0310 5C       		.byte	92
 814 0311 10       		.byte	16
 815 0312 5D       		.byte	93
 816 0313 10       		.byte	16
 817 0314 5F       		.byte	95
 818 0315 01       		.byte	1
 819 0316 80       		.byte	-128
 820 0317 1F       		.byte	31
 821 0318 81       		.byte	-127
 822 0319 10       		.byte	16
 823 031a 82       		.byte	-126
 824 031b 20       		.byte	32
 825 031c 84       		.byte	-124
 826 031d 1C       		.byte	28
 827 031e 85       		.byte	-123
 828 031f 08       		.byte	8
 829 0320 86       		.byte	-122
 830 0321 23       		.byte	35
 831 0322 88       		.byte	-120
 832 0323 02       		.byte	2
 833 0324 89       		.byte	-119
 834 0325 18       		.byte	24
 835 0326 8D       		.byte	-115
 836 0327 FF       		.byte	-1
 837 0328 8E       		.byte	-114
 838 0329 23       		.byte	35
 839 032a 90       		.byte	-112
 840 032b 3F       		.byte	63
 841 032c 91       		.byte	-111
 842 032d C0       		.byte	-64
 843 032e 94       		.byte	-108
 844 032f 33       		.byte	51
 845 0330 95       		.byte	-107
 846 0331 80       		.byte	-128
 847 0332 96       		.byte	-106
 848 0333 0C       		.byte	12
 849 0334 98       		.byte	-104
 850 0335 04       		.byte	4
 851 0336 9B       		.byte	-101
 852 0337 04       		.byte	4
 853 0338 9C       		.byte	-100
 854 0339 03       		.byte	3
 855 033a 9D       		.byte	-99
ARM GAS  C:\Users\madse\AppData\Local\Temp\ccZu0Kvi.s 			page 16


 856 033b 44       		.byte	68
 857 033c A0       		.byte	-96
 858 033d 08       		.byte	8
 859 033e A1       		.byte	-95
 860 033f 1C       		.byte	28
 861 0340 A3       		.byte	-93
 862 0341 E1       		.byte	-31
 863 0342 A4       		.byte	-92
 864 0343 01       		.byte	1
 865 0344 A5       		.byte	-91
 866 0345 3C       		.byte	60
 867 0346 A7       		.byte	-89
 868 0347 C2       		.byte	-62
 869 0348 A8       		.byte	-88
 870 0349 0C       		.byte	12
 871 034a A9       		.byte	-87
 872 034b E7       		.byte	-25
 873 034c AB       		.byte	-85
 874 034d 18       		.byte	24
 875 034e AF       		.byte	-81
 876 034f E3       		.byte	-29
 877 0350 B0       		.byte	-80
 878 0351 2C       		.byte	44
 879 0352 B2       		.byte	-78
 880 0353 0F       		.byte	15
 881 0354 B3       		.byte	-77
 882 0355 1F       		.byte	31
 883 0356 B4       		.byte	-76
 884 0357 10       		.byte	16
 885 0358 B5       		.byte	-75
 886 0359 38       		.byte	56
 887 035a B7       		.byte	-73
 888 035b C0       		.byte	-64
 889 035c B9       		.byte	-71
 890 035d 02       		.byte	2
 891 035e BA       		.byte	-70
 892 035f 0A       		.byte	10
 893 0360 BB       		.byte	-69
 894 0361 08       		.byte	8
 895 0362 BE       		.byte	-66
 896 0363 10       		.byte	16
 897 0364 BF       		.byte	-65
 898 0365 01       		.byte	1
 899 0366 D6       		.byte	-42
 900 0367 02       		.byte	2
 901 0368 D7       		.byte	-41
 902 0369 12       		.byte	18
 903 036a D8       		.byte	-40
 904 036b 04       		.byte	4
 905 036c D9       		.byte	-39
 906 036d 04       		.byte	4
 907 036e DB       		.byte	-37
 908 036f 04       		.byte	4
 909 0370 DF       		.byte	-33
 910 0371 01       		.byte	1
 911 0372 02       		.byte	2
 912 0373 80       		.byte	-128
ARM GAS  C:\Users\madse\AppData\Local\Temp\ccZu0Kvi.s 			page 17


 913 0374 05       		.byte	5
 914 0375 8B       		.byte	-117
 915 0376 06       		.byte	6
 916 0377 80       		.byte	-128
 917 0378 07       		.byte	7
 918 0379 18       		.byte	24
 919 037a 0A       		.byte	10
 920 037b A0       		.byte	-96
 921 037c 0C       		.byte	12
 922 037d 20       		.byte	32
 923 037e 0D       		.byte	13
 924 037f 02       		.byte	2
 925 0380 0E       		.byte	14
 926 0381 22       		.byte	34
 927 0382 0F       		.byte	15
 928 0383 60       		.byte	96
 929 0384 13       		.byte	19
 930 0385 10       		.byte	16
 931 0386 16       		.byte	22
 932 0387 10       		.byte	16
 933 0388 17       		.byte	23
 934 0389 21       		.byte	33
 935 038a 19       		.byte	25
 936 038b 04       		.byte	4
 937 038c 1A       		.byte	26
 938 038d 42       		.byte	66
 939 038e 1D       		.byte	29
 940 038f 01       		.byte	1
 941 0390 1E       		.byte	30
 942 0391 28       		.byte	40
 943 0392 1F       		.byte	31
 944 0393 04       		.byte	4
 945 0394 22       		.byte	34
 946 0395 40       		.byte	64
 947 0396 24       		.byte	36
 948 0397 01       		.byte	1
 949 0398 26       		.byte	38
 950 0399 02       		.byte	2
 951 039a 27       		.byte	39
 952 039b 14       		.byte	20
 953 039c 28       		.byte	40
 954 039d 04       		.byte	4
 955 039e 2A       		.byte	42
 956 039f 10       		.byte	16
 957 03a0 2C       		.byte	44
 958 03a1 02       		.byte	2
 959 03a2 2D       		.byte	45
 960 03a3 8A       		.byte	-118
 961 03a4 2F       		.byte	47
 962 03a5 04       		.byte	4
 963 03a6 34       		.byte	52
 964 03a7 40       		.byte	64
 965 03a8 36       		.byte	54
 966 03a9 21       		.byte	33
 967 03aa 37       		.byte	55
 968 03ab 08       		.byte	8
 969 03ac 3B       		.byte	59
ARM GAS  C:\Users\madse\AppData\Local\Temp\ccZu0Kvi.s 			page 18


 970 03ad 10       		.byte	16
 971 03ae 3E       		.byte	62
 972 03af 2A       		.byte	42
 973 03b0 3F       		.byte	63
 974 03b1 40       		.byte	64
 975 03b2 58       		.byte	88
 976 03b3 28       		.byte	40
 977 03b4 5A       		.byte	90
 978 03b5 40       		.byte	64
 979 03b6 5E       		.byte	94
 980 03b7 08       		.byte	8
 981 03b8 61       		.byte	97
 982 03b9 04       		.byte	4
 983 03ba 6D       		.byte	109
 984 03bb 40       		.byte	64
 985 03bc 6F       		.byte	111
 986 03bd 28       		.byte	40
 987 03be 74       		.byte	116
 988 03bf 20       		.byte	32
 989 03c0 76       		.byte	118
 990 03c1 2A       		.byte	42
 991 03c2 77       		.byte	119
 992 03c3 21       		.byte	33
 993 03c4 7C       		.byte	124
 994 03c5 20       		.byte	32
 995 03c6 7E       		.byte	126
 996 03c7 08       		.byte	8
 997 03c8 88       		.byte	-120
 998 03c9 84       		.byte	-124
 999 03ca 8A       		.byte	-118
 1000 03cb 01       		.byte	1
 1001 03cc 8C       		.byte	-116
 1002 03cd 08       		.byte	8
 1003 03ce 8E       		.byte	-114
 1004 03cf 80       		.byte	-128
 1005 03d0 92       		.byte	-110
 1006 03d1 20       		.byte	32
 1007 03d2 93       		.byte	-109
 1008 03d3 10       		.byte	16
 1009 03d4 94       		.byte	-108
 1010 03d5 01       		.byte	1
 1011 03d6 95       		.byte	-107
 1012 03d7 40       		.byte	64
 1013 03d8 98       		.byte	-104
 1014 03d9 40       		.byte	64
 1015 03da 9B       		.byte	-101
 1016 03db 08       		.byte	8
 1017 03dc 9E       		.byte	-98
 1018 03dd 80       		.byte	-128
 1019 03de 9F       		.byte	-97
 1020 03df 14       		.byte	20
 1021 03e0 A0       		.byte	-96
 1022 03e1 02       		.byte	2
 1023 03e2 A1       		.byte	-95
 1024 03e3 02       		.byte	2
 1025 03e4 A2       		.byte	-94
 1026 03e5 A9       		.byte	-87
ARM GAS  C:\Users\madse\AppData\Local\Temp\ccZu0Kvi.s 			page 19


 1027 03e6 A4       		.byte	-92
 1028 03e7 80       		.byte	-128
 1029 03e8 A6       		.byte	-90
 1030 03e9 02       		.byte	2
 1031 03ea A7       		.byte	-89
 1032 03eb 38       		.byte	56
 1033 03ec C0       		.byte	-64
 1034 03ed F8       		.byte	-8
 1035 03ee C2       		.byte	-62
 1036 03ef FC       		.byte	-4
 1037 03f0 C4       		.byte	-60
 1038 03f1 72       		.byte	114
 1039 03f2 CA       		.byte	-54
 1040 03f3 F0       		.byte	-16
 1041 03f4 CC       		.byte	-52
 1042 03f5 F0       		.byte	-16
 1043 03f6 CE       		.byte	-50
 1044 03f7 F4       		.byte	-12
 1045 03f8 D6       		.byte	-42
 1046 03f9 4E       		.byte	78
 1047 03fa D8       		.byte	-40
 1048 03fb 02       		.byte	2
 1049 03fc EE       		.byte	-18
 1050 03fd 08       		.byte	8
 1051 03fe 02       		.byte	2
 1052 03ff 02       		.byte	2
 1053 0400 06       		.byte	6
 1054 0401 01       		.byte	1
 1055 0402 0D       		.byte	13
 1056 0403 01       		.byte	1
 1057 0404 10       		.byte	16
 1058 0405 01       		.byte	1
 1059 0406 11       		.byte	17
 1060 0407 08       		.byte	8
 1061 0408 13       		.byte	19
 1062 0409 70       		.byte	112
 1063 040a 14       		.byte	20
 1064 040b 01       		.byte	1
 1065 040c 15       		.byte	21
 1066 040d 24       		.byte	36
 1067 040e 17       		.byte	23
 1068 040f 8A       		.byte	-118
 1069 0410 1A       		.byte	26
 1070 0411 04       		.byte	4
 1071 0412 21       		.byte	33
 1072 0413 12       		.byte	18
 1073 0414 22       		.byte	34
 1074 0415 01       		.byte	1
 1075 0416 23       		.byte	35
 1076 0417 8C       		.byte	-116
 1077 0418 25       		.byte	37
 1078 0419 3F       		.byte	63
 1079 041a 26       		.byte	38
 1080 041b 02       		.byte	2
 1081 041c 29       		.byte	41
 1082 041d 3F       		.byte	63
 1083 041e 2E       		.byte	46
ARM GAS  C:\Users\madse\AppData\Local\Temp\ccZu0Kvi.s 			page 20


 1084 041f 04       		.byte	4
 1085 0420 31       		.byte	49
 1086 0421 38       		.byte	56
 1087 0422 32       		.byte	50
 1088 0423 04       		.byte	4
 1089 0424 33       		.byte	51
 1090 0425 C0       		.byte	-64
 1091 0426 34       		.byte	52
 1092 0427 01       		.byte	1
 1093 0428 35       		.byte	53
 1094 0429 06       		.byte	6
 1095 042a 36       		.byte	54
 1096 042b 02       		.byte	2
 1097 042c 37       		.byte	55
 1098 042d 01       		.byte	1
 1099 042e 38       		.byte	56
 1100 042f 20       		.byte	32
 1101 0430 3E       		.byte	62
 1102 0431 44       		.byte	68
 1103 0432 3F       		.byte	63
 1104 0433 04       		.byte	4
 1105 0434 40       		.byte	64
 1106 0435 65       		.byte	101
 1107 0436 41       		.byte	65
 1108 0437 04       		.byte	4
 1109 0438 42       		.byte	66
 1110 0439 03       		.byte	3
 1111 043a 44       		.byte	68
 1112 043b 02       		.byte	2
 1113 043c 46       		.byte	70
 1114 043d 0C       		.byte	12
 1115 043e 47       		.byte	71
 1116 043f E0       		.byte	-32
 1117 0440 48       		.byte	72
 1118 0441 24       		.byte	36
 1119 0442 49       		.byte	73
 1120 0443 FF       		.byte	-1
 1121 0444 4A       		.byte	74
 1122 0445 FF       		.byte	-1
 1123 0446 4B       		.byte	75
 1124 0447 FF       		.byte	-1
 1125 0448 4C       		.byte	76
 1126 0449 62       		.byte	98
 1127 044a 4D       		.byte	77
 1128 044b A0       		.byte	-96
 1129 044c 4E       		.byte	78
 1130 044d F0       		.byte	-16
 1131 044e 4F       		.byte	79
 1132 044f 41       		.byte	65
 1133 0450 50       		.byte	80
 1134 0451 0C       		.byte	12
 1135 0452 54       		.byte	84
 1136 0453 18       		.byte	24
 1137 0454 58       		.byte	88
 1138 0455 04       		.byte	4
 1139 0456 59       		.byte	89
 1140 0457 04       		.byte	4
ARM GAS  C:\Users\madse\AppData\Local\Temp\ccZu0Kvi.s 			page 21


 1141 0458 5A       		.byte	90
 1142 0459 04       		.byte	4
 1143 045a 5B       		.byte	91
 1144 045b 04       		.byte	4
 1145 045c 5F       		.byte	95
 1146 045d 01       		.byte	1
 1147 045e 66       		.byte	102
 1148 045f 40       		.byte	64
 1149 0460 67       		.byte	103
 1150 0461 02       		.byte	2
 1151 0462 69       		.byte	105
 1152 0463 10       		.byte	16
 1153 0464 6A       		.byte	106
 1154 0465 30       		.byte	48
 1155 0466 6B       		.byte	107
 1156 0467 10       		.byte	16
 1157 0468 6D       		.byte	109
 1158 0469 10       		.byte	16
 1159 046a 6E       		.byte	110
 1160 046b 10       		.byte	16
 1161 046c 6F       		.byte	111
 1162 046d 12       		.byte	18
 1163 046e 85       		.byte	-123
 1164 046f 0A       		.byte	10
 1165 0470 87       		.byte	-121
 1166 0471 04       		.byte	4
 1167 0472 89       		.byte	-119
 1168 0473 03       		.byte	3
 1169 0474 8B       		.byte	-117
 1170 0475 04       		.byte	4
 1171 0476 8E       		.byte	-114
 1172 0477 01       		.byte	1
 1173 0478 8F       		.byte	-113
 1174 0479 08       		.byte	8
 1175 047a 95       		.byte	-107
 1176 047b 03       		.byte	3
 1177 047c 97       		.byte	-105
 1178 047d 0C       		.byte	12
 1179 047e A7       		.byte	-89
 1180 047f 05       		.byte	5
 1181 0480 A9       		.byte	-87
 1182 0481 03       		.byte	3
 1183 0482 AB       		.byte	-85
 1184 0483 04       		.byte	4
 1185 0484 B0       		.byte	-80
 1186 0485 01       		.byte	1
 1187 0486 B3       		.byte	-77
 1188 0487 0F       		.byte	15
 1189 0488 BB       		.byte	-69
 1190 0489 08       		.byte	8
 1191 048a D6       		.byte	-42
 1192 048b 08       		.byte	8
 1193 048c D8       		.byte	-40
 1194 048d 04       		.byte	4
 1195 048e D9       		.byte	-39
 1196 048f 04       		.byte	4
 1197 0490 DB       		.byte	-37
ARM GAS  C:\Users\madse\AppData\Local\Temp\ccZu0Kvi.s 			page 22


 1198 0491 04       		.byte	4
 1199 0492 DC       		.byte	-36
 1200 0493 08       		.byte	8
 1201 0494 DD       		.byte	-35
 1202 0495 10       		.byte	16
 1203 0496 DF       		.byte	-33
 1204 0497 31       		.byte	49
 1205 0498 01       		.byte	1
 1206 0499 80       		.byte	-128
 1207 049a 06       		.byte	6
 1208 049b 40       		.byte	64
 1209 049c 07       		.byte	7
 1210 049d 10       		.byte	16
 1211 049e 0D       		.byte	13
 1212 049f 02       		.byte	2
 1213 04a0 0E       		.byte	14
 1214 04a1 08       		.byte	8
 1215 04a2 0F       		.byte	15
 1216 04a3 20       		.byte	32
 1217 04a4 16       		.byte	22
 1218 04a5 81       		.byte	-127
 1219 04a6 17       		.byte	23
 1220 04a7 04       		.byte	4
 1221 04a8 19       		.byte	25
 1222 04a9 01       		.byte	1
 1223 04aa 1D       		.byte	29
 1224 04ab 40       		.byte	64
 1225 04ac 1E       		.byte	30
 1226 04ad 08       		.byte	8
 1227 04ae 1F       		.byte	31
 1228 04af 04       		.byte	4
 1229 04b0 22       		.byte	34
 1230 04b1 04       		.byte	4
 1231 04b2 24       		.byte	36
 1232 04b3 02       		.byte	2
 1233 04b4 26       		.byte	38
 1234 04b5 01       		.byte	1
 1235 04b6 27       		.byte	39
 1236 04b7 28       		.byte	40
 1237 04b8 29       		.byte	41
 1238 04b9 10       		.byte	16
 1239 04ba 2A       		.byte	42
 1240 04bb 04       		.byte	4
 1241 04bc 2C       		.byte	44
 1242 04bd C0       		.byte	-64
 1243 04be 2F       		.byte	47
 1244 04bf 28       		.byte	40
 1245 04c0 32       		.byte	50
 1246 04c1 04       		.byte	4
 1247 04c2 36       		.byte	54
 1248 04c3 01       		.byte	1
 1249 04c4 37       		.byte	55
 1250 04c5 08       		.byte	8
 1251 04c6 38       		.byte	56
 1252 04c7 60       		.byte	96
 1253 04c8 39       		.byte	57
 1254 04c9 08       		.byte	8
ARM GAS  C:\Users\madse\AppData\Local\Temp\ccZu0Kvi.s 			page 23


 1255 04ca 3D       		.byte	61
 1256 04cb 40       		.byte	64
 1257 04cc 45       		.byte	69
 1258 04cd 02       		.byte	2
 1259 04ce 47       		.byte	71
 1260 04cf 24       		.byte	36
 1261 04d0 4C       		.byte	76
 1262 04d1 03       		.byte	3
 1263 04d2 4F       		.byte	79
 1264 04d3 20       		.byte	32
 1265 04d4 56       		.byte	86
 1266 04d5 41       		.byte	65
 1267 04d6 58       		.byte	88
 1268 04d7 20       		.byte	32
 1269 04d8 5A       		.byte	90
 1270 04d9 44       		.byte	68
 1271 04da 5C       		.byte	92
 1272 04db 01       		.byte	1
 1273 04dc 62       		.byte	98
 1274 04dd 90       		.byte	-112
 1275 04de 63       		.byte	99
 1276 04df 10       		.byte	16
 1277 04e0 65       		.byte	101
 1278 04e1 40       		.byte	64
 1279 04e2 67       		.byte	103
 1280 04e3 08       		.byte	8
 1281 04e4 79       		.byte	121
 1282 04e5 01       		.byte	1
 1283 04e6 90       		.byte	-112
 1284 04e7 60       		.byte	96
 1285 04e8 91       		.byte	-111
 1286 04e9 09       		.byte	9
 1287 04ea 92       		.byte	-110
 1288 04eb 64       		.byte	100
 1289 04ec 96       		.byte	-106
 1290 04ed 08       		.byte	8
 1291 04ee 98       		.byte	-104
 1292 04ef 20       		.byte	32
 1293 04f0 99       		.byte	-103
 1294 04f1 90       		.byte	-112
 1295 04f2 9A       		.byte	-102
 1296 04f3 04       		.byte	4
 1297 04f4 9C       		.byte	-100
 1298 04f5 40       		.byte	64
 1299 04f6 9D       		.byte	-99
 1300 04f7 01       		.byte	1
 1301 04f8 9E       		.byte	-98
 1302 04f9 10       		.byte	16
 1303 04fa A1       		.byte	-95
 1304 04fb 02       		.byte	2
 1305 04fc A2       		.byte	-94
 1306 04fd 28       		.byte	40
 1307 04fe A6       		.byte	-90
 1308 04ff 02       		.byte	2
 1309 0500 C0       		.byte	-64
 1310 0501 31       		.byte	49
 1311 0502 C2       		.byte	-62
ARM GAS  C:\Users\madse\AppData\Local\Temp\ccZu0Kvi.s 			page 24


 1312 0503 70       		.byte	112
 1313 0504 C4       		.byte	-60
 1314 0505 B0       		.byte	-80
 1315 0506 CA       		.byte	-54
 1316 0507 E6       		.byte	-26
 1317 0508 CC       		.byte	-52
 1318 0509 C2       		.byte	-62
 1319 050a CE       		.byte	-50
 1320 050b 1E       		.byte	30
 1321 050c D0       		.byte	-48
 1322 050d E0       		.byte	-32
 1323 050e D2       		.byte	-46
 1324 050f 30       		.byte	48
 1325 0510 D6       		.byte	-42
 1326 0511 8E       		.byte	-114
 1327 0512 D8       		.byte	-40
 1328 0513 3E       		.byte	62
 1329 0514 DE       		.byte	-34
 1330 0515 01       		.byte	1
 1331 0516 E0       		.byte	-32
 1332 0517 20       		.byte	32
 1333 0518 E6       		.byte	-26
 1334 0519 80       		.byte	-128
 1335 051a EE       		.byte	-18
 1336 051b 08       		.byte	8
 1337 051c 33       		.byte	51
 1338 051d 22       		.byte	34
 1339 051e 36       		.byte	54
 1340 051f 08       		.byte	8
 1341 0520 37       		.byte	55
 1342 0521 40       		.byte	64
 1343 0522 3B       		.byte	59
 1344 0523 10       		.byte	16
 1345 0524 CC       		.byte	-52
 1346 0525 F0       		.byte	-16
 1347 0526 CE       		.byte	-50
 1348 0527 10       		.byte	16
 1349 0528 97       		.byte	-105
 1350 0529 10       		.byte	16
 1351 052a 9F       		.byte	-97
 1352 052b 40       		.byte	64
 1353 052c A6       		.byte	-90
 1354 052d 08       		.byte	8
 1355 052e A7       		.byte	-89
 1356 052f 22       		.byte	34
 1357 0530 97       		.byte	-105
 1358 0531 10       		.byte	16
 1359 0532 9F       		.byte	-97
 1360 0533 40       		.byte	64
 1361 0534 A6       		.byte	-90
 1362 0535 08       		.byte	8
 1363 0536 A7       		.byte	-89
 1364 0537 22       		.byte	34
 1365 0538 87       		.byte	-121
 1366 0539 12       		.byte	18
 1367 053a 97       		.byte	-105
 1368 053b 10       		.byte	16
ARM GAS  C:\Users\madse\AppData\Local\Temp\ccZu0Kvi.s 			page 25


 1369 053c A6       		.byte	-90
 1370 053d 08       		.byte	8
 1371 053e A7       		.byte	-89
 1372 053f 22       		.byte	34
 1373 0540 AB       		.byte	-85
 1374 0541 40       		.byte	64
 1375 0542 E2       		.byte	-30
 1376 0543 10       		.byte	16
 1377 0544 EE       		.byte	-18
 1378 0545 80       		.byte	-128
 1379 0546 02       		.byte	2
 1380 0547 08       		.byte	8
 1381 0548 07       		.byte	7
 1382 0549 20       		.byte	32
 1383 054a 53       		.byte	83
 1384 054b 01       		.byte	1
 1385 054c 8A       		.byte	-118
 1386 054d 08       		.byte	8
 1387 054e C0       		.byte	-64
 1388 054f 06       		.byte	6
 1389 0550 D4       		.byte	-44
 1390 0551 01       		.byte	1
 1391 0552 E6       		.byte	-26
 1392 0553 01       		.byte	1
 1393 0554 1A       		.byte	26
 1394 0555 80       		.byte	-128
 1395 0556 83       		.byte	-125
 1396 0557 01       		.byte	1
 1397 0558 97       		.byte	-105
 1398 0559 02       		.byte	2
 1399 055a 9B       		.byte	-101
 1400 055b 20       		.byte	32
 1401 055c C6       		.byte	-58
 1402 055d 08       		.byte	8
 1403 055e AA       		.byte	-86
 1404 055f 40       		.byte	64
 1405 0560 AB       		.byte	-85
 1406 0561 20       		.byte	32
 1407 0562 26       		.byte	38
 1408 0563 08       		.byte	8
 1409 0564 A6       		.byte	-90
 1410 0565 08       		.byte	8
 1411 0566 A7       		.byte	-89
 1412 0567 20       		.byte	32
 1413 0568 C8       		.byte	-56
 1414 0569 80       		.byte	-128
 1415 056a AF       		.byte	-81
 1416 056b 20       		.byte	32
 1417 056c EE       		.byte	-18
 1418 056d 10       		.byte	16
 1419 056e 1F       		.byte	31
 1420 056f 80       		.byte	-128
 1421 0570 C6       		.byte	-58
 1422 0571 01       		.byte	1
 1423 0572 10       		.byte	16
 1424 0573 80       		.byte	-128
 1425 0574 73       		.byte	115
ARM GAS  C:\Users\madse\AppData\Local\Temp\ccZu0Kvi.s 			page 26


 1426 0575 40       		.byte	64
 1427 0576 88       		.byte	-120
 1428 0577 80       		.byte	-128
 1429 0578 8B       		.byte	-117
 1430 0579 40       		.byte	64
 1431 057a AF       		.byte	-81
 1432 057b 80       		.byte	-128
 1433 057c C4       		.byte	-60
 1434 057d 08       		.byte	8
 1435 057e DC       		.byte	-36
 1436 057f 01       		.byte	1
 1437 0580 E0       		.byte	-32
 1438 0581 04       		.byte	4
 1439 0582 E6       		.byte	-26
 1440 0583 01       		.byte	1
 1441 0584 00       		.byte	0
 1442 0585 03       		.byte	3
 1443 0586 0A       		.byte	10
 1444 0587 03       		.byte	3
 1445 0588 10       		.byte	16
 1446 0589 03       		.byte	3
 1447 058a 1A       		.byte	26
 1448 058b 03       		.byte	3
 1449 058c 00       		.byte	0
 1450 058d FF       		.byte	-1
 1451 058e 01       		.byte	1
 1452 058f 03       		.byte	3
 1453 0590 00       		.byte	0
 1454 0591 00       		.byte	0
 1455 0592 00       		.byte	0
 1456 0593 00       		.byte	0
 1457 0594 00       		.byte	0
 1458 0595 00       		.byte	0
 1459 0596 14       		.byte	20
 1460 0597 00       		.byte	0
 1461 0598 80       		.byte	-128
 1462 0599 00       		.byte	0
 1463 059a 40       		.byte	64
 1464 059b 80       		.byte	-128
 1465 059c 80       		.byte	-128
 1466 059d 00       		.byte	0
 1467 059e 80       		.byte	-128
 1468 059f 00       		.byte	0
 1469 05a0 00       		.byte	0
 1470 05a1 00       		.byte	0
 1471 05a2 00       		.byte	0
 1472 05a3 00       		.byte	0
 1473 05a4 20       		.byte	32
 1474 05a5 20       		.byte	32
 1475 05a6 00       		.byte	0
 1476 05a7 00       		.byte	0
 1477 05a8 00       		.byte	0
 1478 05a9 00       		.byte	0
 1479 05aa 30       		.byte	48
 1480 05ab 00       		.byte	0
 1481 05ac F0       		.byte	-16
 1482 05ad 0B       		.byte	11
ARM GAS  C:\Users\madse\AppData\Local\Temp\ccZu0Kvi.s 			page 27


 1483 05ae 0B       		.byte	11
 1484 05af 00       		.byte	0
 1485 05b0 00       		.byte	0
 1486 05b1 00       		.byte	0
 1487 05b2 00       		.byte	0
 1488 05b3 00       		.byte	0
 1489 05b4 7E       		.byte	126
 1490 05b5 79       		.byte	121
 1491 05b6 01       		.byte	1
 1492 05b7 00       		.byte	0
 1493 05b8 01       		.byte	1
 1494 05b9 00       		.byte	0
 1495 05ba 00       		.byte	0
 1496 05bb 00       		.byte	0
 1497 05bc 00       		.byte	0
 1498 05bd FF       		.byte	-1
 1499 05be FF       		.byte	-1
 1500 05bf 00       		.byte	0
 1501 05c0 00       		.byte	0
 1502 05c1 00       		.byte	0
 1503 05c2 00       		.byte	0
 1504 05c3 00       		.byte	0
 1505 05c4 0C       		.byte	12
 1506 05c5 00       		.byte	0
 1507 05c6 18       		.byte	24
 1508 05c7 01       		.byte	1
 1509 05c8 0C       		.byte	12
 1510 05c9 00       		.byte	0
 1511 05ca 18       		.byte	24
 1512 05cb 01       		.byte	1
 1513              		.section	.cywolatch,"a",%progbits
 1514              		.align	2
 1515              		.type	cy_meta_wonvl, %object
 1516              		.size	cy_meta_wonvl, 4
 1517              	cy_meta_wonvl:
 1518 0000 BC       		.byte	-68
 1519 0001 90       		.byte	-112
 1520 0002 AC       		.byte	-84
 1521 0003 AF       		.byte	-81
 1522              		.section	.cycustnvl,"a",%progbits
 1523              		.align	2
 1524              		.type	cy_meta_custnvl, %object
 1525              		.size	cy_meta_custnvl, 4
 1526              	cy_meta_custnvl:
 1527 0000 00       		.byte	0
 1528 0001 00       		.byte	0
 1529 0002 40       		.byte	64
 1530 0003 05       		.byte	5
 1531              		.section	.cymeta,"a",%progbits
 1532              		.align	2
 1533              		.type	cy_metadata, %object
 1534              		.size	cy_metadata, 12
 1535              	cy_metadata:
 1536 0000 00       		.byte	0
 1537 0001 01       		.byte	1
 1538 0002 2E       		.byte	46
 1539 0003 16       		.byte	22
ARM GAS  C:\Users\madse\AppData\Local\Temp\ccZu0Kvi.s 			page 28


 1540 0004 10       		.byte	16
 1541 0005 69       		.byte	105
 1542 0006 00       		.byte	0
 1543 0007 01       		.byte	1
 1544 0008 00       		.byte	0
 1545 0009 00       		.byte	0
 1546 000a 00       		.byte	0
 1547 000b 00       		.byte	0
 1548              		.section	.cyflashprotect,"a",%progbits
 1549              		.align	2
 1550              		.type	cy_meta_flashprotect, %object
 1551              		.size	cy_meta_flashprotect, 256
 1552              	cy_meta_flashprotect:
 1553 0000 00000000 		.space	256
 1553      00000000 
 1553      00000000 
 1553      00000000 
 1553      00000000 
 1554              		.text
 1555              	.Letext0:
 1556              		.file 1 "c:\\program files (x86)\\cypress\\psoc creator\\4.4\\psoc creator\\import\\gnu\\arm\\5.4.
 1557              		.file 2 "c:\\program files (x86)\\cypress\\psoc creator\\4.4\\psoc creator\\import\\gnu\\arm\\5.4.
 1558              		.file 3 "Generated_Source\\PSoC5\\cymetadata.c"
 1559              		.section	.debug_info,"",%progbits
 1560              	.Ldebug_info0:
 1561 0000 33010000 		.4byte	0x133
 1562 0004 0400     		.2byte	0x4
 1563 0006 00000000 		.4byte	.Ldebug_abbrev0
 1564 000a 04       		.byte	0x4
 1565 000b 01       		.uleb128 0x1
 1566 000c 24000000 		.4byte	.LASF17
 1567 0010 0C       		.byte	0xc
 1568 0011 C6010000 		.4byte	.LASF18
 1569 0015 B2000000 		.4byte	.LASF19
 1570 0019 00000000 		.4byte	.Ldebug_line0
 1571 001d 02       		.uleb128 0x2
 1572 001e 01       		.byte	0x1
 1573 001f 06       		.byte	0x6
 1574 0020 BA010000 		.4byte	.LASF0
 1575 0024 03       		.uleb128 0x3
 1576 0025 00000000 		.4byte	.LASF9
 1577 0029 01       		.byte	0x1
 1578 002a 1D       		.byte	0x1d
 1579 002b 2F000000 		.4byte	0x2f
 1580 002f 02       		.uleb128 0x2
 1581 0030 01       		.byte	0x1
 1582 0031 08       		.byte	0x8
 1583 0032 16000000 		.4byte	.LASF1
 1584 0036 02       		.uleb128 0x2
 1585 0037 02       		.byte	0x2
 1586 0038 05       		.byte	0x5
 1587 0039 A7010000 		.4byte	.LASF2
 1588 003d 02       		.uleb128 0x2
 1589 003e 02       		.byte	0x2
 1590 003f 07       		.byte	0x7
 1591 0040 FA000000 		.4byte	.LASF3
 1592 0044 02       		.uleb128 0x2
ARM GAS  C:\Users\madse\AppData\Local\Temp\ccZu0Kvi.s 			page 29


 1593 0045 04       		.byte	0x4
 1594 0046 05       		.byte	0x5
 1595 0047 B1010000 		.4byte	.LASF4
 1596 004b 02       		.uleb128 0x2
 1597 004c 04       		.byte	0x4
 1598 004d 07       		.byte	0x7
 1599 004e 0D010000 		.4byte	.LASF5
 1600 0052 02       		.uleb128 0x2
 1601 0053 08       		.byte	0x8
 1602 0054 05       		.byte	0x5
 1603 0055 99010000 		.4byte	.LASF6
 1604 0059 02       		.uleb128 0x2
 1605 005a 08       		.byte	0x8
 1606 005b 07       		.byte	0x7
 1607 005c 4E010000 		.4byte	.LASF7
 1608 0060 04       		.uleb128 0x4
 1609 0061 04       		.byte	0x4
 1610 0062 05       		.byte	0x5
 1611 0063 696E7400 		.ascii	"int\000"
 1612 0067 02       		.uleb128 0x2
 1613 0068 04       		.byte	0x4
 1614 0069 07       		.byte	0x7
 1615 006a 41010000 		.4byte	.LASF8
 1616 006e 03       		.uleb128 0x3
 1617 006f 65010000 		.4byte	.LASF10
 1618 0073 02       		.byte	0x2
 1619 0074 18       		.byte	0x18
 1620 0075 24000000 		.4byte	0x24
 1621 0079 05       		.uleb128 0x5
 1622 007a 91000000 		.4byte	0x91
 1623 007e 8A000000 		.4byte	0x8a
 1624 0082 06       		.uleb128 0x6
 1625 0083 8A000000 		.4byte	0x8a
 1626 0087 CB05     		.2byte	0x5cb
 1627 0089 00       		.byte	0
 1628 008a 02       		.uleb128 0x2
 1629 008b 04       		.byte	0x4
 1630 008c 07       		.byte	0x7
 1631 008d 90010000 		.4byte	.LASF11
 1632 0091 07       		.uleb128 0x7
 1633 0092 6E000000 		.4byte	0x6e
 1634 0096 08       		.uleb128 0x8
 1635 0097 2F010000 		.4byte	.LASF12
 1636 009b 03       		.byte	0x3
 1637 009c 1F       		.byte	0x1f
 1638 009d A7000000 		.4byte	0xa7
 1639 00a1 05       		.uleb128 0x5
 1640 00a2 03       		.byte	0x3
 1641 00a3 00000000 		.4byte	cy_meta_configecc
 1642 00a7 07       		.uleb128 0x7
 1643 00a8 79000000 		.4byte	0x79
 1644 00ac 05       		.uleb128 0x5
 1645 00ad 91000000 		.4byte	0x91
 1646 00b1 BC000000 		.4byte	0xbc
 1647 00b5 09       		.uleb128 0x9
 1648 00b6 8A000000 		.4byte	0x8a
 1649 00ba 03       		.byte	0x3
ARM GAS  C:\Users\madse\AppData\Local\Temp\ccZu0Kvi.s 			page 30


 1650 00bb 00       		.byte	0
 1651 00bc 08       		.uleb128 0x8
 1652 00bd 1F010000 		.4byte	.LASF13
 1653 00c1 03       		.byte	0x3
 1654 00c2 E6       		.byte	0xe6
 1655 00c3 CD000000 		.4byte	0xcd
 1656 00c7 05       		.uleb128 0x5
 1657 00c8 03       		.byte	0x3
 1658 00c9 00000000 		.4byte	cy_meta_custnvl
 1659 00cd 07       		.uleb128 0x7
 1660 00ce AC000000 		.4byte	0xac
 1661 00d2 08       		.uleb128 0x8
 1662 00d3 82010000 		.4byte	.LASF14
 1663 00d7 03       		.byte	0x3
 1664 00d8 F4       		.byte	0xf4
 1665 00d9 E3000000 		.4byte	0xe3
 1666 00dd 05       		.uleb128 0x5
 1667 00de 03       		.byte	0x3
 1668 00df 00000000 		.4byte	cy_meta_wonvl
 1669 00e3 07       		.uleb128 0x7
 1670 00e4 AC000000 		.4byte	0xac
 1671 00e8 05       		.uleb128 0x5
 1672 00e9 91000000 		.4byte	0x91
 1673 00ed F8000000 		.4byte	0xf8
 1674 00f1 09       		.uleb128 0x9
 1675 00f2 8A000000 		.4byte	0x8a
 1676 00f6 FF       		.byte	0xff
 1677 00f7 00       		.byte	0
 1678 00f8 0A       		.uleb128 0xa
 1679 00f9 6D010000 		.4byte	.LASF15
 1680 00fd 03       		.byte	0x3
 1681 00fe 0201     		.2byte	0x102
 1682 0100 0A010000 		.4byte	0x10a
 1683 0104 05       		.uleb128 0x5
 1684 0105 03       		.byte	0x3
 1685 0106 00000000 		.4byte	cy_meta_flashprotect
 1686 010a 07       		.uleb128 0x7
 1687 010b E8000000 		.4byte	0xe8
 1688 010f 05       		.uleb128 0x5
 1689 0110 91000000 		.4byte	0x91
 1690 0114 1F010000 		.4byte	0x11f
 1691 0118 09       		.uleb128 0x9
 1692 0119 8A000000 		.4byte	0x8a
 1693 011d 0B       		.byte	0xb
 1694 011e 00       		.byte	0
 1695 011f 0A       		.uleb128 0xa
 1696 0120 0A000000 		.4byte	.LASF16
 1697 0124 03       		.byte	0x3
 1698 0125 2F01     		.2byte	0x12f
 1699 0127 31010000 		.4byte	0x131
 1700 012b 05       		.uleb128 0x5
 1701 012c 03       		.byte	0x3
 1702 012d 00000000 		.4byte	cy_metadata
 1703 0131 07       		.uleb128 0x7
 1704 0132 0F010000 		.4byte	0x10f
 1705 0136 00       		.byte	0
 1706              		.section	.debug_abbrev,"",%progbits
ARM GAS  C:\Users\madse\AppData\Local\Temp\ccZu0Kvi.s 			page 31


 1707              	.Ldebug_abbrev0:
 1708 0000 01       		.uleb128 0x1
 1709 0001 11       		.uleb128 0x11
 1710 0002 01       		.byte	0x1
 1711 0003 25       		.uleb128 0x25
 1712 0004 0E       		.uleb128 0xe
 1713 0005 13       		.uleb128 0x13
 1714 0006 0B       		.uleb128 0xb
 1715 0007 03       		.uleb128 0x3
 1716 0008 0E       		.uleb128 0xe
 1717 0009 1B       		.uleb128 0x1b
 1718 000a 0E       		.uleb128 0xe
 1719 000b 10       		.uleb128 0x10
 1720 000c 17       		.uleb128 0x17
 1721 000d 00       		.byte	0
 1722 000e 00       		.byte	0
 1723 000f 02       		.uleb128 0x2
 1724 0010 24       		.uleb128 0x24
 1725 0011 00       		.byte	0
 1726 0012 0B       		.uleb128 0xb
 1727 0013 0B       		.uleb128 0xb
 1728 0014 3E       		.uleb128 0x3e
 1729 0015 0B       		.uleb128 0xb
 1730 0016 03       		.uleb128 0x3
 1731 0017 0E       		.uleb128 0xe
 1732 0018 00       		.byte	0
 1733 0019 00       		.byte	0
 1734 001a 03       		.uleb128 0x3
 1735 001b 16       		.uleb128 0x16
 1736 001c 00       		.byte	0
 1737 001d 03       		.uleb128 0x3
 1738 001e 0E       		.uleb128 0xe
 1739 001f 3A       		.uleb128 0x3a
 1740 0020 0B       		.uleb128 0xb
 1741 0021 3B       		.uleb128 0x3b
 1742 0022 0B       		.uleb128 0xb
 1743 0023 49       		.uleb128 0x49
 1744 0024 13       		.uleb128 0x13
 1745 0025 00       		.byte	0
 1746 0026 00       		.byte	0
 1747 0027 04       		.uleb128 0x4
 1748 0028 24       		.uleb128 0x24
 1749 0029 00       		.byte	0
 1750 002a 0B       		.uleb128 0xb
 1751 002b 0B       		.uleb128 0xb
 1752 002c 3E       		.uleb128 0x3e
 1753 002d 0B       		.uleb128 0xb
 1754 002e 03       		.uleb128 0x3
 1755 002f 08       		.uleb128 0x8
 1756 0030 00       		.byte	0
 1757 0031 00       		.byte	0
 1758 0032 05       		.uleb128 0x5
 1759 0033 01       		.uleb128 0x1
 1760 0034 01       		.byte	0x1
 1761 0035 49       		.uleb128 0x49
 1762 0036 13       		.uleb128 0x13
 1763 0037 01       		.uleb128 0x1
ARM GAS  C:\Users\madse\AppData\Local\Temp\ccZu0Kvi.s 			page 32


 1764 0038 13       		.uleb128 0x13
 1765 0039 00       		.byte	0
 1766 003a 00       		.byte	0
 1767 003b 06       		.uleb128 0x6
 1768 003c 21       		.uleb128 0x21
 1769 003d 00       		.byte	0
 1770 003e 49       		.uleb128 0x49
 1771 003f 13       		.uleb128 0x13
 1772 0040 2F       		.uleb128 0x2f
 1773 0041 05       		.uleb128 0x5
 1774 0042 00       		.byte	0
 1775 0043 00       		.byte	0
 1776 0044 07       		.uleb128 0x7
 1777 0045 26       		.uleb128 0x26
 1778 0046 00       		.byte	0
 1779 0047 49       		.uleb128 0x49
 1780 0048 13       		.uleb128 0x13
 1781 0049 00       		.byte	0
 1782 004a 00       		.byte	0
 1783 004b 08       		.uleb128 0x8
 1784 004c 34       		.uleb128 0x34
 1785 004d 00       		.byte	0
 1786 004e 03       		.uleb128 0x3
 1787 004f 0E       		.uleb128 0xe
 1788 0050 3A       		.uleb128 0x3a
 1789 0051 0B       		.uleb128 0xb
 1790 0052 3B       		.uleb128 0x3b
 1791 0053 0B       		.uleb128 0xb
 1792 0054 49       		.uleb128 0x49
 1793 0055 13       		.uleb128 0x13
 1794 0056 3F       		.uleb128 0x3f
 1795 0057 19       		.uleb128 0x19
 1796 0058 02       		.uleb128 0x2
 1797 0059 18       		.uleb128 0x18
 1798 005a 00       		.byte	0
 1799 005b 00       		.byte	0
 1800 005c 09       		.uleb128 0x9
 1801 005d 21       		.uleb128 0x21
 1802 005e 00       		.byte	0
 1803 005f 49       		.uleb128 0x49
 1804 0060 13       		.uleb128 0x13
 1805 0061 2F       		.uleb128 0x2f
 1806 0062 0B       		.uleb128 0xb
 1807 0063 00       		.byte	0
 1808 0064 00       		.byte	0
 1809 0065 0A       		.uleb128 0xa
 1810 0066 34       		.uleb128 0x34
 1811 0067 00       		.byte	0
 1812 0068 03       		.uleb128 0x3
 1813 0069 0E       		.uleb128 0xe
 1814 006a 3A       		.uleb128 0x3a
 1815 006b 0B       		.uleb128 0xb
 1816 006c 3B       		.uleb128 0x3b
 1817 006d 05       		.uleb128 0x5
 1818 006e 49       		.uleb128 0x49
 1819 006f 13       		.uleb128 0x13
 1820 0070 3F       		.uleb128 0x3f
ARM GAS  C:\Users\madse\AppData\Local\Temp\ccZu0Kvi.s 			page 33


 1821 0071 19       		.uleb128 0x19
 1822 0072 02       		.uleb128 0x2
 1823 0073 18       		.uleb128 0x18
 1824 0074 00       		.byte	0
 1825 0075 00       		.byte	0
 1826 0076 00       		.byte	0
 1827              		.section	.debug_aranges,"",%progbits
 1828 0000 14000000 		.4byte	0x14
 1829 0004 0200     		.2byte	0x2
 1830 0006 00000000 		.4byte	.Ldebug_info0
 1831 000a 04       		.byte	0x4
 1832 000b 00       		.byte	0
 1833 000c 0000     		.2byte	0
 1834 000e 0000     		.2byte	0
 1835 0010 00000000 		.4byte	0
 1836 0014 00000000 		.4byte	0
 1837              		.section	.debug_line,"",%progbits
 1838              	.Ldebug_line0:
 1839 0000 3D010000 		.section	.debug_str,"MS",%progbits,1
 1839      02003701 
 1839      00000201 
 1839      FB0E0D00 
 1839      01010101 
 1840              	.LASF9:
 1841 0000 5F5F7569 		.ascii	"__uint8_t\000"
 1841      6E74385F 
 1841      7400
 1842              	.LASF16:
 1843 000a 63795F6D 		.ascii	"cy_metadata\000"
 1843      65746164 
 1843      61746100 
 1844              	.LASF1:
 1845 0016 756E7369 		.ascii	"unsigned char\000"
 1845      676E6564 
 1845      20636861 
 1845      7200
 1846              	.LASF17:
 1847 0024 474E5520 		.ascii	"GNU C11 5.4.1 20160609 (release) [ARM/embedded-5-br"
 1847      43313120 
 1847      352E342E 
 1847      31203230 
 1847      31363036 
 1848 0057 616E6368 		.ascii	"anch revision 237715] -mcpu=cortex-m3 -mthumb -g -O"
 1848      20726576 
 1848      6973696F 
 1848      6E203233 
 1848      37373135 
 1849 008a 67202D66 		.ascii	"g -ffunction-sections -ffat-lto-objects\000"
 1849      66756E63 
 1849      74696F6E 
 1849      2D736563 
 1849      74696F6E 
 1850              	.LASF19:
 1851 00b2 433A5C63 		.ascii	"C:\\code\\PRJ3\\PSoC\\StepperMotorDriverSPI - Mads\\"
 1851      6F64655C 
 1851      50524A33 
 1851      5C50536F 
ARM GAS  C:\Users\madse\AppData\Local\Temp\ccZu0Kvi.s 			page 34


 1851      435C5374 
 1852 00e1 53746570 		.ascii	"StepperMotorDriver.cydsn\000"
 1852      7065724D 
 1852      6F746F72 
 1852      44726976 
 1852      65722E63 
 1853              	.LASF3:
 1854 00fa 73686F72 		.ascii	"short unsigned int\000"
 1854      7420756E 
 1854      7369676E 
 1854      65642069 
 1854      6E7400
 1855              	.LASF5:
 1856 010d 6C6F6E67 		.ascii	"long unsigned int\000"
 1856      20756E73 
 1856      69676E65 
 1856      6420696E 
 1856      7400
 1857              	.LASF13:
 1858 011f 63795F6D 		.ascii	"cy_meta_custnvl\000"
 1858      6574615F 
 1858      63757374 
 1858      6E766C00 
 1859              	.LASF12:
 1860 012f 63795F6D 		.ascii	"cy_meta_configecc\000"
 1860      6574615F 
 1860      636F6E66 
 1860      69676563 
 1860      6300
 1861              	.LASF8:
 1862 0141 756E7369 		.ascii	"unsigned int\000"
 1862      676E6564 
 1862      20696E74 
 1862      00
 1863              	.LASF7:
 1864 014e 6C6F6E67 		.ascii	"long long unsigned int\000"
 1864      206C6F6E 
 1864      6720756E 
 1864      7369676E 
 1864      65642069 
 1865              	.LASF10:
 1866 0165 75696E74 		.ascii	"uint8_t\000"
 1866      385F7400 
 1867              	.LASF15:
 1868 016d 63795F6D 		.ascii	"cy_meta_flashprotect\000"
 1868      6574615F 
 1868      666C6173 
 1868      6870726F 
 1868      74656374 
 1869              	.LASF14:
 1870 0182 63795F6D 		.ascii	"cy_meta_wonvl\000"
 1870      6574615F 
 1870      776F6E76 
 1870      6C00
 1871              	.LASF11:
 1872 0190 73697A65 		.ascii	"sizetype\000"
 1872      74797065 
ARM GAS  C:\Users\madse\AppData\Local\Temp\ccZu0Kvi.s 			page 35


 1872      00
 1873              	.LASF6:
 1874 0199 6C6F6E67 		.ascii	"long long int\000"
 1874      206C6F6E 
 1874      6720696E 
 1874      7400
 1875              	.LASF2:
 1876 01a7 73686F72 		.ascii	"short int\000"
 1876      7420696E 
 1876      7400
 1877              	.LASF4:
 1878 01b1 6C6F6E67 		.ascii	"long int\000"
 1878      20696E74 
 1878      00
 1879              	.LASF0:
 1880 01ba 7369676E 		.ascii	"signed char\000"
 1880      65642063 
 1880      68617200 
 1881              	.LASF18:
 1882 01c6 47656E65 		.ascii	"Generated_Source\\PSoC5\\cymetadata.c\000"
 1882      72617465 
 1882      645F536F 
 1882      75726365 
 1882      5C50536F 
 1883              		.ident	"GCC: (GNU Tools for ARM Embedded Processors) 5.4.1 20160609 (release) [ARM/embedded-5-bran
