#***************************************************************************

#sjplacer

#Version:            1.1

#Build Date:         Sep  9 2019 11:47:43

#File Generated:     Apr 29 2024 22:53:52

#Purpose:            

#Copyright (C) 2010-2011 by Softjin Technologies Pvt Ltd. All rights reserved.

#***************************************************************************

Executing : E:\PSoC Creator\4.4\PSoC Creator\bin/sjplacer.exe --proj-name Wam_PSoC --netlist-vh2 Wam_PSoC_p.vh2 --arch p35_udb4x6 --arch-file E:\PSoC Creator\4.4\PSoC Creator\dev\arch/udbdsi_4x6_24.cydata --ip-file E:\PSoC Creator\4.4\PSoC Creator\dev\psoc5/psoc5lp/ip_blocks.cydata --rrg-file E:\PSoC Creator\4.4\PSoC Creator\dev\psoc5/psoc5lp/route_arch-rrg.cydata --irq-file E:\PSoC Creator\4.4\PSoC Creator\dev\psoc5/psoc5lp/irqconn.cydata --drq-file E:\PSoC Creator\4.4\PSoC Creator\dev\psoc5/psoc5lp/dmaconn.cydata --dsi-conn-file E:\PSoC Creator\4.4\PSoC Creator\dev\psoc5/psoc5lp/dsiconn.cydata --pins-file pins_68-QFN.xml --lib-file Wam_PSoC_p.lib --sdc-file Wam_PSoC.sdc --io-pcf Wam_PSoC.pci --outdir .

		Softjin Techologies Placer, Version 1.1

Build Date : Sep  9 2019	11:45:12

D2004: Option and Settings Summary
=============================================================
Netlist vh2 file          - Wam_PSoC_p.vh2
Architecture file         - E:\PSoC Creator\4.4\PSoC Creator\dev\arch/udbdsi_4x6_24.cydata
Package                   - 
Defparam file             - 
SDC file                  - Wam_PSoC.sdc
Output directory          - .
Timing library            - Wam_PSoC_p.lib
IO Placement file         - Wam_PSoC.pci

D2050: Starting reading inputs for placer
=============================================================
D2065: Reading netlist file : "Wam_PSoC_p.vh2"
D2065: Reading arch file : "E:\PSoC Creator\4.4\PSoC Creator\dev\arch/udbdsi_4x6_24.cydata"
D2051: Reading of inputs for placer completed successfully

D2053: Starting placement of the design
=============================================================

Phase 2
Phase 3

Design Statistics after Packing
    Number of Combinational MCs 	:	16
    Number of Sequential MCs    	:	19
    Number of DPs               	:	4
    Number of Controls          	:	2
    Number of Status            	:	4
    Number of SyncCells         	:	4
    Number of count7cells       	:	2

Device Utilization Summary after Packing
    Macrocells                  :	35/192
    UDBS                        :	7/24
    IOs                         :	21/72


D2088: Phase 3, elapsed time : 0.0 (sec)

Phase 4
D2088: Phase 4, elapsed time : 0.0 (sec)

Phase 5
D2088: Phase 5, elapsed time : 0.0 (sec)

Phase 6

######################################################################
Placement Timing Summary

The timing summary is based on estimated routing delays after
placement. For final timing report, please carry out the timing
analysis after routing.
======================================================================

######################################################################
                     Clock Summary 
======================================================================
Number of clocks: 10
Clock: Clock_1              | Frequency: N/A       | Target:   0.0 MHz
Clock: Clock_1(routed)      | Frequency: N/A       | Target:   0.0 MHz
Clock: CyBUS_CLK            | Frequency:  50.9 MHz | Target:  24.0 MHz
Clock: CyILO                | Frequency: N/A       | Target:   0.0 MHz
Clock: CyIMO                | Frequency: N/A       | Target:   3.0 MHz
Clock: CyMASTER_CLK         | Frequency: N/A       | Target:  24.0 MHz
Clock: CyPLL_OUT            | Frequency: N/A       | Target:  24.0 MHz
Clock: SCLK_1(0)_PAD        | Frequency:  32.1 MHz | Target:   0.1 MHz
Clock: SPIS_1_IntClock      | Frequency:  85.5 MHz | Target:   2.0 MHz
Clock: UART_1_IntClock      | Frequency:  50.9 MHz | Target:   0.5 MHz

======================================================================
                     End of Clock Summary
######################################################################

D2088: Phase 6, elapsed time : 0.0 (sec)

Phase 7
######################################################################
                     Clock Summary 
======================================================================
Number of clocks: 10
Clock: Clock_1              | Frequency: N/A       | Target:   0.0 MHz
Clock: Clock_1(routed)      | Frequency: N/A       | Target:   0.0 MHz
Clock: CyBUS_CLK            | Frequency:   2.7 MHz | Target:  24.0 MHz
Clock: CyILO                | Frequency: N/A       | Target:   0.0 MHz
Clock: CyIMO                | Frequency: N/A       | Target:   3.0 MHz
Clock: CyMASTER_CLK         | Frequency: N/A       | Target:  24.0 MHz
Clock: CyPLL_OUT            | Frequency: N/A       | Target:  24.0 MHz
Clock: SCLK_1(0)_PAD        | Frequency:  37.3 MHz | Target:   0.1 MHz
Clock: SPIS_1_IntClock      | Frequency:  85.5 MHz | Target:   2.0 MHz
Clock: UART_1_IntClock      | Frequency:   2.7 MHz | Target:   0.5 MHz

======================================================================
                     End of Clock Summary
######################################################################
D2088: Phase 7, elapsed time : 0.3 (sec)

Final Design Statistics
    Number of Combinational MCs 	:	16
    Number of Sequential MCs    	:	19
    Number of DPs               	:	4
    Number of Controls          	:	2
    Number of Status            	:	4
    Number of SyncCells         	:	4
    Number of count7cells       	:	2
    Number of IOs       	:	21

Device Utilization Summary
    Macrocells                  :	35/192
    IOs                         :	21/72



######################################################################
Placement Timing Summary

The timing summary is based on estimated routing delays after
placement. For final timing report, please carry out the timing
analysis after routing.
======================================================================


######################################################################
                     Clock Summary 
======================================================================
Number of clocks: 10
Clock: Clock_1              | Frequency: N/A       | Target:   0.0 MHz
Clock: Clock_1(routed)      | Frequency: N/A       | Target:   0.0 MHz
Clock: CyBUS_CLK            | Frequency:   2.9 MHz | Target:  24.0 MHz
Clock: CyILO                | Frequency: N/A       | Target:   0.0 MHz
Clock: CyIMO                | Frequency: N/A       | Target:   3.0 MHz
Clock: CyMASTER_CLK         | Frequency: N/A       | Target:  24.0 MHz
Clock: CyPLL_OUT            | Frequency: N/A       | Target:  24.0 MHz
Clock: SCLK_1(0)_PAD        | Frequency:  35.9 MHz | Target:   0.1 MHz
Clock: SPIS_1_IntClock      | Frequency:  83.9 MHz | Target:   2.0 MHz
Clock: UART_1_IntClock      | Frequency:   2.9 MHz | Target:   0.5 MHz

======================================================================
                     End of Clock Summary
######################################################################

Phase 8
D2088: Phase 8, elapsed time : 0.0 (sec)

D2054: Placement of the design completed successfully

I2076: Total run-time: 0.7 sec.

