ARM GAS  C:\Users\madse\AppData\Local\Temp\ccOe915x.s 			page 1


   1              		.syntax unified
   2              		.cpu cortex-m3
   3              		.fpu softvfp
   4              		.eabi_attribute 20, 1
   5              		.eabi_attribute 21, 1
   6              		.eabi_attribute 23, 3
   7              		.eabi_attribute 24, 1
   8              		.eabi_attribute 25, 1
   9              		.eabi_attribute 26, 1
  10              		.eabi_attribute 30, 1
  11              		.eabi_attribute 34, 1
  12              		.eabi_attribute 18, 4
  13              		.thumb
  14              		.syntax unified
  15              		.file	"cymetadata.c"
  16              		.text
  17              	.Ltext0:
  18              		.cfi_sections	.debug_frame
  19              		.global	cy_metadata
  20              		.global	cy_meta_flashprotect
  21              		.global	cy_meta_wonvl
  22              		.global	cy_meta_custnvl
  23              		.global	cy_meta_configecc
  24              		.section	.cyconfigecc,"a",%progbits
  25              		.align	2
  26              		.type	cy_meta_configecc, %object
  27              		.size	cy_meta_configecc, 1852
  28              	cy_meta_configecc:
  29 0000 03       		.byte	3
  30 0001 52       		.byte	82
  31 0002 00       		.byte	0
  32 0003 40       		.byte	64
  33 0004 01       		.byte	1
  34 0005 5B       		.byte	91
  35 0006 00       		.byte	0
  36 0007 40       		.byte	64
  37 0008 03       		.byte	3
  38 0009 64       		.byte	100
  39 000a 00       		.byte	0
  40 000b 40       		.byte	64
  41 000c 04       		.byte	4
  42 000d 65       		.byte	101
  43 000e 00       		.byte	0
  44 000f 40       		.byte	64
  45 0010 01       		.byte	1
  46 0011 05       		.byte	5
  47 0012 01       		.byte	1
  48 0013 40       		.byte	64
  49 0014 07       		.byte	7
  50 0015 07       		.byte	7
  51 0016 01       		.byte	1
  52 0017 40       		.byte	64
  53 0018 49       		.byte	73
  54 0019 08       		.byte	8
  55 001a 01       		.byte	1
  56 001b 40       		.byte	64
  57 001c 4C       		.byte	76
ARM GAS  C:\Users\madse\AppData\Local\Temp\ccOe915x.s 			page 2


  58 001d 09       		.byte	9
  59 001e 01       		.byte	1
  60 001f 40       		.byte	64
  61 0020 59       		.byte	89
  62 0021 0A       		.byte	10
  63 0022 01       		.byte	1
  64 0023 40       		.byte	64
  65 0024 3B       		.byte	59
  66 0025 0B       		.byte	11
  67 0026 01       		.byte	1
  68 0027 40       		.byte	64
  69 0028 37       		.byte	55
  70 0029 14       		.byte	20
  71 002a 01       		.byte	1
  72 002b 40       		.byte	64
  73 002c 21       		.byte	33
  74 002d 15       		.byte	21
  75 002e 01       		.byte	1
  76 002f 40       		.byte	64
  77 0030 40       		.byte	64
  78 0031 16       		.byte	22
  79 0032 01       		.byte	1
  80 0033 40       		.byte	64
  81 0034 27       		.byte	39
  82 0035 17       		.byte	23
  83 0036 01       		.byte	1
  84 0037 40       		.byte	64
  85 0038 44       		.byte	68
  86 0039 18       		.byte	24
  87 003a 01       		.byte	1
  88 003b 40       		.byte	64
  89 003c 37       		.byte	55
  90 003d 19       		.byte	25
  91 003e 01       		.byte	1
  92 003f 40       		.byte	64
  93 0040 46       		.byte	70
  94 0041 1A       		.byte	26
  95 0042 01       		.byte	1
  96 0043 40       		.byte	64
  97 0044 40       		.byte	64
  98 0045 1B       		.byte	27
  99 0046 01       		.byte	1
 100 0047 40       		.byte	64
 101 0048 06       		.byte	6
 102 0049 40       		.byte	64
 103 004a 01       		.byte	1
 104 004b 40       		.byte	64
 105 004c 06       		.byte	6
 106 004d 41       		.byte	65
 107 004e 01       		.byte	1
 108 004f 40       		.byte	64
 109 0050 04       		.byte	4
 110 0051 42       		.byte	66
 111 0052 01       		.byte	1
 112 0053 40       		.byte	64
 113 0054 08       		.byte	8
 114 0055 43       		.byte	67
ARM GAS  C:\Users\madse\AppData\Local\Temp\ccOe915x.s 			page 3


 115 0056 01       		.byte	1
 116 0057 40       		.byte	64
 117 0058 05       		.byte	5
 118 0059 45       		.byte	69
 119 005a 01       		.byte	1
 120 005b 40       		.byte	64
 121 005c 07       		.byte	7
 122 005d 46       		.byte	70
 123 005e 01       		.byte	1
 124 005f 40       		.byte	64
 125 0060 03       		.byte	3
 126 0061 47       		.byte	71
 127 0062 01       		.byte	1
 128 0063 40       		.byte	64
 129 0064 05       		.byte	5
 130 0065 48       		.byte	72
 131 0066 01       		.byte	1
 132 0067 40       		.byte	64
 133 0068 05       		.byte	5
 134 0069 49       		.byte	73
 135 006a 01       		.byte	1
 136 006b 40       		.byte	64
 137 006c 04       		.byte	4
 138 006d 4C       		.byte	76
 139 006e 01       		.byte	1
 140 006f 40       		.byte	64
 141 0070 08       		.byte	8
 142 0071 4D       		.byte	77
 143 0072 01       		.byte	1
 144 0073 40       		.byte	64
 145 0074 07       		.byte	7
 146 0075 50       		.byte	80
 147 0076 01       		.byte	1
 148 0077 40       		.byte	64
 149 0078 02       		.byte	2
 150 0079 51       		.byte	81
 151 007a 01       		.byte	1
 152 007b 40       		.byte	64
 153 007c 11       		.byte	17
 154 007d 02       		.byte	2
 155 007e 61       		.byte	97
 156 007f 80       		.byte	-128
 157 0080 64       		.byte	100
 158 0081 40       		.byte	64
 159 0082 27       		.byte	39
 160 0083 21       		.byte	33
 161 0084 88       		.byte	-120
 162 0085 78       		.byte	120
 163 0086 89       		.byte	-119
 164 0087 0F       		.byte	15
 165 0088 8A       		.byte	-118
 166 0089 07       		.byte	7
 167 008a 84       		.byte	-124
 168 008b 0D       		.byte	13
 169 008c 86       		.byte	-122
 170 008d 47       		.byte	71
 171 008e 89       		.byte	-119
ARM GAS  C:\Users\madse\AppData\Local\Temp\ccOe915x.s 			page 4


 172 008f 38       		.byte	56
 173 0090 8B       		.byte	-117
 174 0091 72       		.byte	114
 175 0092 8A       		.byte	-118
 176 0093 80       		.byte	-128
 177 0094 80       		.byte	-128
 178 0095 40       		.byte	64
 179 0096 98       		.byte	-104
 180 0097 20       		.byte	32
 181 0098 9A       		.byte	-102
 182 0099 80       		.byte	-128
 183 009a AC       		.byte	-84
 184 009b 20       		.byte	32
 185 009c E0       		.byte	-32
 186 009d 01       		.byte	1
 187 009e E6       		.byte	-26
 188 009f 02       		.byte	2
 189 00a0 EE       		.byte	-18
 190 00a1 09       		.byte	9
 191 00a2 02       		.byte	2
 192 00a3 01       		.byte	1
 193 00a4 04       		.byte	4
 194 00a5 01       		.byte	1
 195 00a6 07       		.byte	7
 196 00a7 05       		.byte	5
 197 00a8 0B       		.byte	11
 198 00a9 01       		.byte	1
 199 00aa 11       		.byte	17
 200 00ab 06       		.byte	6
 201 00ac 13       		.byte	19
 202 00ad 01       		.byte	1
 203 00ae 14       		.byte	20
 204 00af 01       		.byte	1
 205 00b0 17       		.byte	23
 206 00b1 03       		.byte	3
 207 00b2 1A       		.byte	26
 208 00b3 01       		.byte	1
 209 00b4 26       		.byte	38
 210 00b5 01       		.byte	1
 211 00b6 27       		.byte	39
 212 00b7 02       		.byte	2
 213 00b8 2B       		.byte	43
 214 00b9 06       		.byte	6
 215 00ba 2D       		.byte	45
 216 00bb 08       		.byte	8
 217 00bc 30       		.byte	48
 218 00bd 01       		.byte	1
 219 00be 31       		.byte	49
 220 00bf 08       		.byte	8
 221 00c0 35       		.byte	53
 222 00c1 07       		.byte	7
 223 00c2 3B       		.byte	59
 224 00c3 20       		.byte	32
 225 00c4 3E       		.byte	62
 226 00c5 01       		.byte	1
 227 00c6 3F       		.byte	63
 228 00c7 01       		.byte	1
ARM GAS  C:\Users\madse\AppData\Local\Temp\ccOe915x.s 			page 5


 229 00c8 54       		.byte	84
 230 00c9 20       		.byte	32
 231 00ca 56       		.byte	86
 232 00cb 04       		.byte	4
 233 00cc 58       		.byte	88
 234 00cd 04       		.byte	4
 235 00ce 59       		.byte	89
 236 00cf 04       		.byte	4
 237 00d0 5B       		.byte	91
 238 00d1 04       		.byte	4
 239 00d2 5D       		.byte	93
 240 00d3 10       		.byte	16
 241 00d4 5F       		.byte	95
 242 00d5 01       		.byte	1
 243 00d6 80       		.byte	-128
 244 00d7 1C       		.byte	28
 245 00d8 82       		.byte	-126
 246 00d9 02       		.byte	2
 247 00da 84       		.byte	-124
 248 00db 10       		.byte	16
 249 00dc 85       		.byte	-123
 250 00dd 03       		.byte	3
 251 00de 86       		.byte	-122
 252 00df 0C       		.byte	12
 253 00e0 87       		.byte	-121
 254 00e1 0C       		.byte	12
 255 00e2 8B       		.byte	-117
 256 00e3 05       		.byte	5
 257 00e4 8E       		.byte	-114
 258 00e5 03       		.byte	3
 259 00e6 91       		.byte	-111
 260 00e7 0A       		.byte	10
 261 00e8 93       		.byte	-109
 262 00e9 04       		.byte	4
 263 00ea 94       		.byte	-108
 264 00eb 14       		.byte	20
 265 00ec 95       		.byte	-107
 266 00ed 03       		.byte	3
 267 00ee 97       		.byte	-105
 268 00ef 04       		.byte	4
 269 00f0 98       		.byte	-104
 270 00f1 09       		.byte	9
 271 00f2 99       		.byte	-103
 272 00f3 03       		.byte	3
 273 00f4 9A       		.byte	-102
 274 00f5 10       		.byte	16
 275 00f6 9B       		.byte	-101
 276 00f7 04       		.byte	4
 277 00f8 A0       		.byte	-96
 278 00f9 20       		.byte	32
 279 00fa A4       		.byte	-92
 280 00fb 10       		.byte	16
 281 00fc A8       		.byte	-88
 282 00fd 0C       		.byte	12
 283 00fe AA       		.byte	-86
 284 00ff 11       		.byte	17
 285 0100 AB       		.byte	-85
ARM GAS  C:\Users\madse\AppData\Local\Temp\ccOe915x.s 			page 6


 286 0101 08       		.byte	8
 287 0102 B4       		.byte	-76
 288 0103 20       		.byte	32
 289 0104 B5       		.byte	-75
 290 0105 0F       		.byte	15
 291 0106 B6       		.byte	-74
 292 0107 1F       		.byte	31
 293 0108 BB       		.byte	-69
 294 0109 20       		.byte	32
 295 010a BE       		.byte	-66
 296 010b 10       		.byte	16
 297 010c C0       		.byte	-64
 298 010d 26       		.byte	38
 299 010e C1       		.byte	-63
 300 010f 03       		.byte	3
 301 0110 C5       		.byte	-59
 302 0111 EC       		.byte	-20
 303 0112 C7       		.byte	-57
 304 0113 0B       		.byte	11
 305 0114 C8       		.byte	-56
 306 0115 13       		.byte	19
 307 0116 C9       		.byte	-55
 308 0117 FF       		.byte	-1
 309 0118 CA       		.byte	-54
 310 0119 FF       		.byte	-1
 311 011a CB       		.byte	-53
 312 011b FF       		.byte	-1
 313 011c CE       		.byte	-50
 314 011d F0       		.byte	-16
 315 011e CF       		.byte	-49
 316 011f 44       		.byte	68
 317 0120 D0       		.byte	-48
 318 0121 0C       		.byte	12
 319 0122 D4       		.byte	-44
 320 0123 01       		.byte	1
 321 0124 D8       		.byte	-40
 322 0125 04       		.byte	4
 323 0126 D9       		.byte	-39
 324 0127 04       		.byte	4
 325 0128 DA       		.byte	-38
 326 0129 04       		.byte	4
 327 012a DB       		.byte	-37
 328 012b 04       		.byte	4
 329 012c DF       		.byte	-33
 330 012d 01       		.byte	1
 331 012e E6       		.byte	-26
 332 012f C0       		.byte	-64
 333 0130 EA       		.byte	-22
 334 0131 40       		.byte	64
 335 0132 EB       		.byte	-21
 336 0133 02       		.byte	2
 337 0134 00       		.byte	0
 338 0135 04       		.byte	4
 339 0136 01       		.byte	1
 340 0137 82       		.byte	-126
 341 0138 04       		.byte	4
 342 0139 04       		.byte	4
ARM GAS  C:\Users\madse\AppData\Local\Temp\ccOe915x.s 			page 7


 343 013a 05       		.byte	5
 344 013b 03       		.byte	3
 345 013c 09       		.byte	9
 346 013d 08       		.byte	8
 347 013e 0B       		.byte	11
 348 013f 08       		.byte	8
 349 0140 0C       		.byte	12
 350 0141 20       		.byte	32
 351 0142 0E       		.byte	14
 352 0143 20       		.byte	32
 353 0144 10       		.byte	16
 354 0145 80       		.byte	-128
 355 0146 11       		.byte	17
 356 0147 2C       		.byte	44
 357 0148 13       		.byte	19
 358 0149 02       		.byte	2
 359 014a 16       		.byte	22
 360 014b 10       		.byte	16
 361 014c 19       		.byte	25
 362 014d 80       		.byte	-128
 363 014e 1A       		.byte	26
 364 014f 04       		.byte	4
 365 0150 1E       		.byte	30
 366 0151 40       		.byte	64
 367 0152 20       		.byte	32
 368 0153 04       		.byte	4
 369 0154 25       		.byte	37
 370 0155 10       		.byte	16
 371 0156 26       		.byte	38
 372 0157 10       		.byte	16
 373 0158 27       		.byte	39
 374 0159 84       		.byte	-124
 375 015a 28       		.byte	40
 376 015b 04       		.byte	4
 377 015c 2C       		.byte	44
 378 015d 04       		.byte	4
 379 015e 2D       		.byte	45
 380 015f 04       		.byte	4
 381 0160 2E       		.byte	46
 382 0161 10       		.byte	16
 383 0162 2F       		.byte	47
 384 0163 05       		.byte	5
 385 0164 30       		.byte	48
 386 0165 20       		.byte	32
 387 0166 31       		.byte	49
 388 0167 11       		.byte	17
 389 0168 33       		.byte	51
 390 0169 04       		.byte	4
 391 016a 35       		.byte	53
 392 016b 01       		.byte	1
 393 016c 37       		.byte	55
 394 016d 04       		.byte	4
 395 016e 38       		.byte	56
 396 016f 04       		.byte	4
 397 0170 39       		.byte	57
 398 0171 01       		.byte	1
 399 0172 3A       		.byte	58
ARM GAS  C:\Users\madse\AppData\Local\Temp\ccOe915x.s 			page 8


 400 0173 10       		.byte	16
 401 0174 3B       		.byte	59
 402 0175 12       		.byte	18
 403 0176 3C       		.byte	60
 404 0177 04       		.byte	4
 405 0178 3F       		.byte	63
 406 0179 10       		.byte	16
 407 017a 40       		.byte	64
 408 017b 04       		.byte	4
 409 017c 43       		.byte	67
 410 017d 04       		.byte	4
 411 017e 44       		.byte	68
 412 017f 01       		.byte	1
 413 0180 47       		.byte	71
 414 0181 80       		.byte	-128
 415 0182 48       		.byte	72
 416 0183 A0       		.byte	-96
 417 0184 4B       		.byte	75
 418 0185 10       		.byte	16
 419 0186 51       		.byte	81
 420 0187 08       		.byte	8
 421 0188 59       		.byte	89
 422 0189 10       		.byte	16
 423 018a 5A       		.byte	90
 424 018b 44       		.byte	68
 425 018c 5B       		.byte	91
 426 018d 02       		.byte	2
 427 018e 5D       		.byte	93
 428 018f 01       		.byte	1
 429 0190 64       		.byte	100
 430 0191 11       		.byte	17
 431 0192 67       		.byte	103
 432 0193 44       		.byte	68
 433 0194 82       		.byte	-126
 434 0195 02       		.byte	2
 435 0196 87       		.byte	-121
 436 0197 40       		.byte	64
 437 0198 90       		.byte	-112
 438 0199 20       		.byte	32
 439 019a 92       		.byte	-110
 440 019b 10       		.byte	16
 441 019c 93       		.byte	-109
 442 019d 02       		.byte	2
 443 019e 94       		.byte	-108
 444 019f 04       		.byte	4
 445 01a0 98       		.byte	-104
 446 01a1 10       		.byte	16
 447 01a2 99       		.byte	-103
 448 01a3 01       		.byte	1
 449 01a4 9A       		.byte	-102
 450 01a5 10       		.byte	16
 451 01a6 9F       		.byte	-97
 452 01a7 04       		.byte	4
 453 01a8 A1       		.byte	-95
 454 01a9 04       		.byte	4
 455 01aa A3       		.byte	-93
 456 01ab 08       		.byte	8
ARM GAS  C:\Users\madse\AppData\Local\Temp\ccOe915x.s 			page 9


 457 01ac A6       		.byte	-90
 458 01ad 12       		.byte	18
 459 01ae AF       		.byte	-81
 460 01af 01       		.byte	1
 461 01b0 B2       		.byte	-78
 462 01b1 04       		.byte	4
 463 01b2 B3       		.byte	-77
 464 01b3 20       		.byte	32
 465 01b4 B5       		.byte	-75
 466 01b5 80       		.byte	-128
 467 01b6 C0       		.byte	-64
 468 01b7 3D       		.byte	61
 469 01b8 C2       		.byte	-62
 470 01b9 66       		.byte	102
 471 01ba C4       		.byte	-60
 472 01bb 2E       		.byte	46
 473 01bc CA       		.byte	-54
 474 01bd 74       		.byte	116
 475 01be CC       		.byte	-52
 476 01bf C7       		.byte	-57
 477 01c0 CE       		.byte	-50
 478 01c1 66       		.byte	102
 479 01c2 D0       		.byte	-48
 480 01c3 06       		.byte	6
 481 01c4 D2       		.byte	-46
 482 01c5 04       		.byte	4
 483 01c6 D6       		.byte	-42
 484 01c7 8F       		.byte	-113
 485 01c8 D8       		.byte	-40
 486 01c9 F0       		.byte	-16
 487 01ca EE       		.byte	-18
 488 01cb 01       		.byte	1
 489 01cc 01       		.byte	1
 490 01cd 01       		.byte	1
 491 01ce 02       		.byte	2
 492 01cf 04       		.byte	4
 493 01d0 03       		.byte	3
 494 01d1 02       		.byte	2
 495 01d2 04       		.byte	4
 496 01d3 01       		.byte	1
 497 01d4 08       		.byte	8
 498 01d5 01       		.byte	1
 499 01d6 09       		.byte	9
 500 01d7 01       		.byte	1
 501 01d8 0B       		.byte	11
 502 01d9 08       		.byte	8
 503 01da 0E       		.byte	14
 504 01db 01       		.byte	1
 505 01dc 12       		.byte	18
 506 01dd 0C       		.byte	12
 507 01de 13       		.byte	19
 508 01df 1E       		.byte	30
 509 01e0 15       		.byte	21
 510 01e1 01       		.byte	1
 511 01e2 17       		.byte	23
 512 01e3 04       		.byte	4
 513 01e4 18       		.byte	24
ARM GAS  C:\Users\madse\AppData\Local\Temp\ccOe915x.s 			page 10


 514 01e5 0C       		.byte	12
 515 01e6 1C       		.byte	28
 516 01e7 0C       		.byte	12
 517 01e8 1D       		.byte	29
 518 01e9 10       		.byte	16
 519 01ea 1F       		.byte	31
 520 01eb 01       		.byte	1
 521 01ec 24       		.byte	36
 522 01ed 02       		.byte	2
 523 01ee 28       		.byte	40
 524 01ef 0C       		.byte	12
 525 01f0 2F       		.byte	47
 526 01f1 21       		.byte	33
 527 01f2 30       		.byte	48
 528 01f3 04       		.byte	4
 529 01f4 31       		.byte	49
 530 01f5 20       		.byte	32
 531 01f6 32       		.byte	50
 532 01f7 03       		.byte	3
 533 01f8 34       		.byte	52
 534 01f9 08       		.byte	8
 535 01fa 37       		.byte	55
 536 01fb 1F       		.byte	31
 537 01fc 38       		.byte	56
 538 01fd 08       		.byte	8
 539 01fe 3E       		.byte	62
 540 01ff 11       		.byte	17
 541 0200 3F       		.byte	63
 542 0201 40       		.byte	64
 543 0202 40       		.byte	64
 544 0203 02       		.byte	2
 545 0204 41       		.byte	65
 546 0205 05       		.byte	5
 547 0206 42       		.byte	66
 548 0207 20       		.byte	32
 549 0208 44       		.byte	68
 550 0209 01       		.byte	1
 551 020a 45       		.byte	69
 552 020b 0B       		.byte	11
 553 020c 46       		.byte	70
 554 020d CD       		.byte	-51
 555 020e 47       		.byte	71
 556 020f FE       		.byte	-2
 557 0210 48       		.byte	72
 558 0211 3D       		.byte	61
 559 0212 49       		.byte	73
 560 0213 FF       		.byte	-1
 561 0214 4A       		.byte	74
 562 0215 FF       		.byte	-1
 563 0216 4B       		.byte	75
 564 0217 FF       		.byte	-1
 565 0218 4C       		.byte	76
 566 0219 22       		.byte	34
 567 021a 4E       		.byte	78
 568 021b F0       		.byte	-16
 569 021c 4F       		.byte	79
 570 021d 0C       		.byte	12
ARM GAS  C:\Users\madse\AppData\Local\Temp\ccOe915x.s 			page 11


 571 021e 50       		.byte	80
 572 021f 8C       		.byte	-116
 573 0220 51       		.byte	81
 574 0221 10       		.byte	16
 575 0222 56       		.byte	86
 576 0223 02       		.byte	2
 577 0224 58       		.byte	88
 578 0225 04       		.byte	4
 579 0226 59       		.byte	89
 580 0227 04       		.byte	4
 581 0228 5A       		.byte	90
 582 0229 24       		.byte	36
 583 022a 5B       		.byte	91
 584 022b 24       		.byte	36
 585 022c 5C       		.byte	92
 586 022d 80       		.byte	-128
 587 022e 5D       		.byte	93
 588 022f 88       		.byte	-120
 589 0230 5F       		.byte	95
 590 0231 31       		.byte	49
 591 0232 68       		.byte	104
 592 0233 40       		.byte	64
 593 0234 69       		.byte	105
 594 0235 01       		.byte	1
 595 0236 6A       		.byte	106
 596 0237 C0       		.byte	-64
 597 0238 6B       		.byte	107
 598 0239 01       		.byte	1
 599 023a 80       		.byte	-128
 600 023b 32       		.byte	50
 601 023c 82       		.byte	-126
 602 023d 0C       		.byte	12
 603 023e 84       		.byte	-124
 604 023f 07       		.byte	7
 605 0240 86       		.byte	-122
 606 0241 18       		.byte	24
 607 0242 8A       		.byte	-118
 608 0243 30       		.byte	48
 609 0244 94       		.byte	-108
 610 0245 07       		.byte	7
 611 0246 96       		.byte	-106
 612 0247 38       		.byte	56
 613 0248 A6       		.byte	-90
 614 0249 0D       		.byte	13
 615 024a AA       		.byte	-86
 616 024b 20       		.byte	32
 617 024c B0       		.byte	-80
 618 024d 3C       		.byte	60
 619 024e B4       		.byte	-76
 620 024f 03       		.byte	3
 621 0250 B8       		.byte	-72
 622 0251 20       		.byte	32
 623 0252 BA       		.byte	-70
 624 0253 02       		.byte	2
 625 0254 BE       		.byte	-66
 626 0255 10       		.byte	16
 627 0256 C0       		.byte	-64
ARM GAS  C:\Users\madse\AppData\Local\Temp\ccOe915x.s 			page 12


 628 0257 02       		.byte	2
 629 0258 C7       		.byte	-57
 630 0259 04       		.byte	4
 631 025a C9       		.byte	-55
 632 025b FF       		.byte	-1
 633 025c CA       		.byte	-54
 634 025d 07       		.byte	7
 635 025e CB       		.byte	-53
 636 025f FF       		.byte	-1
 637 0260 CC       		.byte	-52
 638 0261 40       		.byte	64
 639 0262 CD       		.byte	-51
 640 0263 20       		.byte	32
 641 0264 CE       		.byte	-50
 642 0265 F0       		.byte	-16
 643 0266 CF       		.byte	-49
 644 0267 05       		.byte	5
 645 0268 D0       		.byte	-48
 646 0269 08       		.byte	8
 647 026a D6       		.byte	-42
 648 026b 08       		.byte	8
 649 026c D8       		.byte	-40
 650 026d 04       		.byte	4
 651 026e DA       		.byte	-38
 652 026f 04       		.byte	4
 653 0270 DB       		.byte	-37
 654 0271 04       		.byte	4
 655 0272 DD       		.byte	-35
 656 0273 10       		.byte	16
 657 0274 DF       		.byte	-33
 658 0275 01       		.byte	1
 659 0276 E0       		.byte	-32
 660 0277 40       		.byte	64
 661 0278 E1       		.byte	-31
 662 0279 A8       		.byte	-88
 663 027a E2       		.byte	-30
 664 027b 40       		.byte	64
 665 027c E3       		.byte	-29
 666 027d 20       		.byte	32
 667 027e 00       		.byte	0
 668 027f 04       		.byte	4
 669 0280 02       		.byte	2
 670 0281 40       		.byte	64
 671 0282 03       		.byte	3
 672 0283 06       		.byte	6
 673 0284 04       		.byte	4
 674 0285 14       		.byte	20
 675 0286 05       		.byte	5
 676 0287 01       		.byte	1
 677 0288 0A       		.byte	10
 678 0289 4A       		.byte	74
 679 028a 0E       		.byte	14
 680 028b 20       		.byte	32
 681 028c 10       		.byte	16
 682 028d 08       		.byte	8
 683 028e 12       		.byte	18
 684 028f 10       		.byte	16
ARM GAS  C:\Users\madse\AppData\Local\Temp\ccOe915x.s 			page 13


 685 0290 16       		.byte	22
 686 0291 14       		.byte	20
 687 0292 18       		.byte	24
 688 0293 10       		.byte	16
 689 0294 1A       		.byte	26
 690 0295 14       		.byte	20
 691 0296 1B       		.byte	27
 692 0297 01       		.byte	1
 693 0298 1D       		.byte	29
 694 0299 21       		.byte	33
 695 029a 1F       		.byte	31
 696 029b 02       		.byte	2
 697 029c 20       		.byte	32
 698 029d 01       		.byte	1
 699 029e 21       		.byte	33
 700 029f 02       		.byte	2
 701 02a0 29       		.byte	41
 702 02a1 80       		.byte	-128
 703 02a2 31       		.byte	49
 704 02a3 02       		.byte	2
 705 02a4 32       		.byte	50
 706 02a5 44       		.byte	68
 707 02a6 39       		.byte	57
 708 02a7 11       		.byte	17
 709 02a8 40       		.byte	64
 710 02a9 01       		.byte	1
 711 02aa 42       		.byte	66
 712 02ab 04       		.byte	4
 713 02ac 44       		.byte	68
 714 02ad 80       		.byte	-128
 715 02ae 45       		.byte	69
 716 02af 20       		.byte	32
 717 02b0 46       		.byte	70
 718 02b1 40       		.byte	64
 719 02b2 49       		.byte	73
 720 02b3 08       		.byte	8
 721 02b4 4A       		.byte	74
 722 02b5 02       		.byte	2
 723 02b6 50       		.byte	80
 724 02b7 10       		.byte	16
 725 02b8 52       		.byte	82
 726 02b9 40       		.byte	64
 727 02ba 53       		.byte	83
 728 02bb 09       		.byte	9
 729 02bc 55       		.byte	85
 730 02bd 04       		.byte	4
 731 02be 56       		.byte	86
 732 02bf 14       		.byte	20
 733 02c0 5C       		.byte	92
 734 02c1 80       		.byte	-128
 735 02c2 5F       		.byte	95
 736 02c3 20       		.byte	32
 737 02c4 64       		.byte	100
 738 02c5 02       		.byte	2
 739 02c6 67       		.byte	103
 740 02c7 04       		.byte	4
 741 02c8 68       		.byte	104
ARM GAS  C:\Users\madse\AppData\Local\Temp\ccOe915x.s 			page 14


 742 02c9 08       		.byte	8
 743 02ca 69       		.byte	105
 744 02cb 11       		.byte	17
 745 02cc 6A       		.byte	106
 746 02cd CA       		.byte	-54
 747 02ce 78       		.byte	120
 748 02cf 01       		.byte	1
 749 02d0 81       		.byte	-127
 750 02d1 08       		.byte	8
 751 02d2 88       		.byte	-120
 752 02d3 12       		.byte	18
 753 02d4 8B       		.byte	-117
 754 02d5 04       		.byte	4
 755 02d6 98       		.byte	-104
 756 02d7 01       		.byte	1
 757 02d8 B0       		.byte	-80
 758 02d9 01       		.byte	1
 759 02da C0       		.byte	-64
 760 02db 7F       		.byte	127
 761 02dc C2       		.byte	-62
 762 02dd 2B       		.byte	43
 763 02de C4       		.byte	-60
 764 02df 66       		.byte	102
 765 02e0 CA       		.byte	-54
 766 02e1 08       		.byte	8
 767 02e2 CC       		.byte	-52
 768 02e3 0B       		.byte	11
 769 02e4 CE       		.byte	-50
 770 02e5 05       		.byte	5
 771 02e6 D0       		.byte	-48
 772 02e7 2C       		.byte	44
 773 02e8 D2       		.byte	-46
 774 02e9 08       		.byte	8
 775 02ea D6       		.byte	-42
 776 02eb 30       		.byte	48
 777 02ec D8       		.byte	-40
 778 02ed 30       		.byte	48
 779 02ee DE       		.byte	-34
 780 02ef 01       		.byte	1
 781 02f0 E4       		.byte	-28
 782 02f1 04       		.byte	4
 783 02f2 E6       		.byte	-26
 784 02f3 20       		.byte	32
 785 02f4 0A       		.byte	10
 786 02f5 01       		.byte	1
 787 02f6 12       		.byte	18
 788 02f7 02       		.byte	2
 789 02f8 25       		.byte	37
 790 02f9 01       		.byte	1
 791 02fa 2A       		.byte	42
 792 02fb 02       		.byte	2
 793 02fc 2B       		.byte	43
 794 02fd 01       		.byte	1
 795 02fe 31       		.byte	49
 796 02ff 01       		.byte	1
 797 0300 32       		.byte	50
 798 0301 01       		.byte	1
ARM GAS  C:\Users\madse\AppData\Local\Temp\ccOe915x.s 			page 15


 799 0302 36       		.byte	54
 800 0303 02       		.byte	2
 801 0304 3E       		.byte	62
 802 0305 40       		.byte	64
 803 0306 3F       		.byte	63
 804 0307 01       		.byte	1
 805 0308 40       		.byte	64
 806 0309 46       		.byte	70
 807 030a 49       		.byte	73
 808 030b FF       		.byte	-1
 809 030c 4A       		.byte	74
 810 030d FF       		.byte	-1
 811 030e 4B       		.byte	75
 812 030f FF       		.byte	-1
 813 0310 4F       		.byte	79
 814 0311 01       		.byte	1
 815 0312 50       		.byte	80
 816 0313 18       		.byte	24
 817 0314 52       		.byte	82
 818 0315 80       		.byte	-128
 819 0316 54       		.byte	84
 820 0317 01       		.byte	1
 821 0318 56       		.byte	86
 822 0319 04       		.byte	4
 823 031a 58       		.byte	88
 824 031b 04       		.byte	4
 825 031c 59       		.byte	89
 826 031d 04       		.byte	4
 827 031e 5A       		.byte	90
 828 031f 04       		.byte	4
 829 0320 5B       		.byte	91
 830 0321 04       		.byte	4
 831 0322 5C       		.byte	92
 832 0323 01       		.byte	1
 833 0324 5D       		.byte	93
 834 0325 99       		.byte	-103
 835 0326 5F       		.byte	95
 836 0327 01       		.byte	1
 837 0328 60       		.byte	96
 838 0329 40       		.byte	64
 839 032a 62       		.byte	98
 840 032b 40       		.byte	64
 841 032c 64       		.byte	100
 842 032d 40       		.byte	64
 843 032e 65       		.byte	101
 844 032f 40       		.byte	64
 845 0330 66       		.byte	102
 846 0331 80       		.byte	-128
 847 0332 68       		.byte	104
 848 0333 80       		.byte	-128
 849 0334 6A       		.byte	106
 850 0335 80       		.byte	-128
 851 0336 6C       		.byte	108
 852 0337 80       		.byte	-128
 853 0338 6E       		.byte	110
 854 0339 80       		.byte	-128
 855 033a C0       		.byte	-64
ARM GAS  C:\Users\madse\AppData\Local\Temp\ccOe915x.s 			page 16


 856 033b 46       		.byte	70
 857 033c C9       		.byte	-55
 858 033d FF       		.byte	-1
 859 033e CA       		.byte	-54
 860 033f FF       		.byte	-1
 861 0340 CB       		.byte	-53
 862 0341 FF       		.byte	-1
 863 0342 CD       		.byte	-51
 864 0343 83       		.byte	-125
 865 0344 CE       		.byte	-50
 866 0345 03       		.byte	3
 867 0346 CF       		.byte	-49
 868 0347 01       		.byte	1
 869 0348 D0       		.byte	-48
 870 0349 18       		.byte	24
 871 034a DA       		.byte	-38
 872 034b 04       		.byte	4
 873 034c DD       		.byte	-35
 874 034d 09       		.byte	9
 875 034e DF       		.byte	-33
 876 034f 01       		.byte	1
 877 0350 E0       		.byte	-32
 878 0351 40       		.byte	64
 879 0352 E2       		.byte	-30
 880 0353 40       		.byte	64
 881 0354 E4       		.byte	-28
 882 0355 40       		.byte	64
 883 0356 E5       		.byte	-27
 884 0357 40       		.byte	64
 885 0358 E6       		.byte	-26
 886 0359 80       		.byte	-128
 887 035a E8       		.byte	-24
 888 035b 80       		.byte	-128
 889 035c EA       		.byte	-22
 890 035d 80       		.byte	-128
 891 035e EC       		.byte	-20
 892 035f 80       		.byte	-128
 893 0360 EE       		.byte	-18
 894 0361 80       		.byte	-128
 895 0362 03       		.byte	3
 896 0363 08       		.byte	8
 897 0364 09       		.byte	9
 898 0365 02       		.byte	2
 899 0366 10       		.byte	16
 900 0367 08       		.byte	8
 901 0368 19       		.byte	25
 902 0369 48       		.byte	72
 903 036a 20       		.byte	32
 904 036b 80       		.byte	-128
 905 036c 29       		.byte	41
 906 036d 08       		.byte	8
 907 036e 2B       		.byte	43
 908 036f 0C       		.byte	12
 909 0370 41       		.byte	65
 910 0371 02       		.byte	2
 911 0372 45       		.byte	69
 912 0373 02       		.byte	2
ARM GAS  C:\Users\madse\AppData\Local\Temp\ccOe915x.s 			page 17


 913 0374 48       		.byte	72
 914 0375 08       		.byte	8
 915 0376 4C       		.byte	76
 916 0377 08       		.byte	8
 917 0378 59       		.byte	89
 918 0379 45       		.byte	69
 919 037a 63       		.byte	99
 920 037b 80       		.byte	-128
 921 037c 71       		.byte	113
 922 037d 02       		.byte	2
 923 037e 83       		.byte	-125
 924 037f 40       		.byte	64
 925 0380 84       		.byte	-124
 926 0381 40       		.byte	64
 927 0382 99       		.byte	-103
 928 0383 05       		.byte	5
 929 0384 A0       		.byte	-96
 930 0385 08       		.byte	8
 931 0386 A3       		.byte	-93
 932 0387 04       		.byte	4
 933 0388 A5       		.byte	-91
 934 0389 02       		.byte	2
 935 038a B0       		.byte	-80
 936 038b 08       		.byte	8
 937 038c B3       		.byte	-77
 938 038d 01       		.byte	1
 939 038e B6       		.byte	-74
 940 038f 40       		.byte	64
 941 0390 C0       		.byte	-64
 942 0391 02       		.byte	2
 943 0392 C2       		.byte	-62
 944 0393 08       		.byte	8
 945 0394 C4       		.byte	-60
 946 0395 02       		.byte	2
 947 0396 CA       		.byte	-54
 948 0397 06       		.byte	6
 949 0398 D0       		.byte	-48
 950 0399 81       		.byte	-127
 951 039a D2       		.byte	-46
 952 039b 24       		.byte	36
 953 039c D6       		.byte	-42
 954 039d 0B       		.byte	11
 955 039e D8       		.byte	-40
 956 039f 01       		.byte	1
 957 03a0 E0       		.byte	-32
 958 03a1 02       		.byte	2
 959 03a2 EE       		.byte	-18
 960 03a3 08       		.byte	8
 961 03a4 02       		.byte	2
 962 03a5 01       		.byte	1
 963 03a6 19       		.byte	25
 964 03a7 01       		.byte	1
 965 03a8 1E       		.byte	30
 966 03a9 01       		.byte	1
 967 03aa 2C       		.byte	44
 968 03ab 01       		.byte	1
 969 03ac 2F       		.byte	47
ARM GAS  C:\Users\madse\AppData\Local\Temp\ccOe915x.s 			page 18


 970 03ad 01       		.byte	1
 971 03ae 30       		.byte	48
 972 03af 01       		.byte	1
 973 03b0 33       		.byte	51
 974 03b1 01       		.byte	1
 975 03b2 39       		.byte	57
 976 03b3 02       		.byte	2
 977 03b4 3E       		.byte	62
 978 03b5 01       		.byte	1
 979 03b6 3F       		.byte	63
 980 03b7 05       		.byte	5
 981 03b8 40       		.byte	64
 982 03b9 46       		.byte	70
 983 03ba 49       		.byte	73
 984 03bb FF       		.byte	-1
 985 03bc 4A       		.byte	74
 986 03bd FF       		.byte	-1
 987 03be 4B       		.byte	75
 988 03bf FF       		.byte	-1
 989 03c0 4D       		.byte	77
 990 03c1 83       		.byte	-125
 991 03c2 4E       		.byte	78
 992 03c3 03       		.byte	3
 993 03c4 4F       		.byte	79
 994 03c5 01       		.byte	1
 995 03c6 50       		.byte	80
 996 03c7 18       		.byte	24
 997 03c8 54       		.byte	84
 998 03c9 41       		.byte	65
 999 03ca 58       		.byte	88
 1000 03cb 04       		.byte	4
 1001 03cc 59       		.byte	89
 1002 03cd 04       		.byte	4
 1003 03ce 5A       		.byte	90
 1004 03cf 04       		.byte	4
 1005 03d0 5B       		.byte	91
 1006 03d1 04       		.byte	4
 1007 03d2 5D       		.byte	93
 1008 03d3 19       		.byte	25
 1009 03d4 5F       		.byte	95
 1010 03d5 01       		.byte	1
 1011 03d6 60       		.byte	96
 1012 03d7 40       		.byte	64
 1013 03d8 62       		.byte	98
 1014 03d9 40       		.byte	64
 1015 03da 64       		.byte	100
 1016 03db 40       		.byte	64
 1017 03dc 65       		.byte	101
 1018 03dd 40       		.byte	64
 1019 03de 66       		.byte	102
 1020 03df 80       		.byte	-128
 1021 03e0 68       		.byte	104
 1022 03e1 80       		.byte	-128
 1023 03e2 6A       		.byte	106
 1024 03e3 80       		.byte	-128
 1025 03e4 6C       		.byte	108
 1026 03e5 80       		.byte	-128
ARM GAS  C:\Users\madse\AppData\Local\Temp\ccOe915x.s 			page 19


 1027 03e6 6E       		.byte	110
 1028 03e7 80       		.byte	-128
 1029 03e8 AF       		.byte	-81
 1030 03e9 01       		.byte	1
 1031 03ea B5       		.byte	-75
 1032 03eb 01       		.byte	1
 1033 03ec B7       		.byte	-73
 1034 03ed 01       		.byte	1
 1035 03ee C0       		.byte	-64
 1036 03ef 46       		.byte	70
 1037 03f0 C5       		.byte	-59
 1038 03f1 EC       		.byte	-20
 1039 03f2 C7       		.byte	-57
 1040 03f3 02       		.byte	2
 1041 03f4 C8       		.byte	-56
 1042 03f5 13       		.byte	19
 1043 03f6 C9       		.byte	-55
 1044 03f7 FF       		.byte	-1
 1045 03f8 CA       		.byte	-54
 1046 03f9 FF       		.byte	-1
 1047 03fa CB       		.byte	-53
 1048 03fb FF       		.byte	-1
 1049 03fc CD       		.byte	-51
 1050 03fd 83       		.byte	-125
 1051 03fe CE       		.byte	-50
 1052 03ff 03       		.byte	3
 1053 0400 CF       		.byte	-49
 1054 0401 01       		.byte	1
 1055 0402 D0       		.byte	-48
 1056 0403 18       		.byte	24
 1057 0404 D6       		.byte	-42
 1058 0405 08       		.byte	8
 1059 0406 D9       		.byte	-39
 1060 0407 04       		.byte	4
 1061 0408 DA       		.byte	-38
 1062 0409 04       		.byte	4
 1063 040a DB       		.byte	-37
 1064 040b 04       		.byte	4
 1065 040c DC       		.byte	-36
 1066 040d 10       		.byte	16
 1067 040e DD       		.byte	-35
 1068 040f 19       		.byte	25
 1069 0410 DF       		.byte	-33
 1070 0411 01       		.byte	1
 1071 0412 E0       		.byte	-32
 1072 0413 40       		.byte	64
 1073 0414 E2       		.byte	-30
 1074 0415 40       		.byte	64
 1075 0416 E4       		.byte	-28
 1076 0417 40       		.byte	64
 1077 0418 E5       		.byte	-27
 1078 0419 40       		.byte	64
 1079 041a E6       		.byte	-26
 1080 041b 80       		.byte	-128
 1081 041c E8       		.byte	-24
 1082 041d 80       		.byte	-128
 1083 041e EA       		.byte	-22
ARM GAS  C:\Users\madse\AppData\Local\Temp\ccOe915x.s 			page 20


 1084 041f 80       		.byte	-128
 1085 0420 EC       		.byte	-20
 1086 0421 80       		.byte	-128
 1087 0422 EE       		.byte	-18
 1088 0423 80       		.byte	-128
 1089 0424 06       		.byte	6
 1090 0425 80       		.byte	-128
 1091 0426 0D       		.byte	13
 1092 0427 08       		.byte	8
 1093 0428 0F       		.byte	15
 1094 0429 12       		.byte	18
 1095 042a 15       		.byte	21
 1096 042b 80       		.byte	-128
 1097 042c 1E       		.byte	30
 1098 042d 80       		.byte	-128
 1099 042e 21       		.byte	33
 1100 042f 40       		.byte	64
 1101 0430 22       		.byte	34
 1102 0431 20       		.byte	32
 1103 0432 24       		.byte	36
 1104 0433 80       		.byte	-128
 1105 0434 25       		.byte	37
 1106 0435 08       		.byte	8
 1107 0436 2A       		.byte	42
 1108 0437 80       		.byte	-128
 1109 0438 2E       		.byte	46
 1110 0439 80       		.byte	-128
 1111 043a 36       		.byte	54
 1112 043b 20       		.byte	32
 1113 043c 41       		.byte	65
 1114 043d 02       		.byte	2
 1115 043e 45       		.byte	69
 1116 043f 02       		.byte	2
 1117 0440 48       		.byte	72
 1118 0441 08       		.byte	8
 1119 0442 49       		.byte	73
 1120 0443 05       		.byte	5
 1121 0444 4C       		.byte	76
 1122 0445 08       		.byte	8
 1123 0446 50       		.byte	80
 1124 0447 08       		.byte	8
 1125 0448 58       		.byte	88
 1126 0449 20       		.byte	32
 1127 044a 5A       		.byte	90
 1128 044b 40       		.byte	64
 1129 044c 5C       		.byte	92
 1130 044d 08       		.byte	8
 1131 044e 5D       		.byte	93
 1132 044f 20       		.byte	32
 1133 0450 5E       		.byte	94
 1134 0451 80       		.byte	-128
 1135 0452 63       		.byte	99
 1136 0453 0A       		.byte	10
 1137 0454 67       		.byte	103
 1138 0455 10       		.byte	16
 1139 0456 94       		.byte	-108
 1140 0457 80       		.byte	-128
ARM GAS  C:\Users\madse\AppData\Local\Temp\ccOe915x.s 			page 21


 1141 0458 98       		.byte	-104
 1142 0459 20       		.byte	32
 1143 045a 99       		.byte	-103
 1144 045b 20       		.byte	32
 1145 045c 9A       		.byte	-102
 1146 045d 80       		.byte	-128
 1147 045e B1       		.byte	-79
 1148 045f 20       		.byte	32
 1149 0460 C0       		.byte	-64
 1150 0461 10       		.byte	16
 1151 0462 C2       		.byte	-62
 1152 0463 80       		.byte	-128
 1153 0464 C4       		.byte	-60
 1154 0465 80       		.byte	-128
 1155 0466 CA       		.byte	-54
 1156 0467 18       		.byte	24
 1157 0468 CC       		.byte	-52
 1158 0469 20       		.byte	32
 1159 046a D0       		.byte	-48
 1160 046b 81       		.byte	-127
 1161 046c D2       		.byte	-46
 1162 046d 24       		.byte	36
 1163 046e D6       		.byte	-42
 1164 046f 7C       		.byte	124
 1165 0470 D8       		.byte	-40
 1166 0471 4C       		.byte	76
 1167 0472 00       		.byte	0
 1168 0473 01       		.byte	1
 1169 0474 01       		.byte	1
 1170 0475 01       		.byte	1
 1171 0476 02       		.byte	2
 1172 0477 06       		.byte	6
 1173 0478 04       		.byte	4
 1174 0479 06       		.byte	6
 1175 047a 08       		.byte	8
 1176 047b 02       		.byte	2
 1177 047c 0C       		.byte	12
 1178 047d 04       		.byte	4
 1179 047e 0D       		.byte	13
 1180 047f 01       		.byte	1
 1181 0480 16       		.byte	22
 1182 0481 01       		.byte	1
 1183 0482 17       		.byte	23
 1184 0483 01       		.byte	1
 1185 0484 18       		.byte	24
 1186 0485 06       		.byte	6
 1187 0486 1A       		.byte	26
 1188 0487 01       		.byte	1
 1189 0488 1B       		.byte	27
 1190 0489 02       		.byte	2
 1191 048a 20       		.byte	32
 1192 048b 07       		.byte	7
 1193 048c 23       		.byte	35
 1194 048d 02       		.byte	2
 1195 048e 24       		.byte	36
 1196 048f 06       		.byte	6
 1197 0490 26       		.byte	38
ARM GAS  C:\Users\madse\AppData\Local\Temp\ccOe915x.s 			page 22


 1198 0491 01       		.byte	1
 1199 0492 27       		.byte	39
 1200 0493 01       		.byte	1
 1201 0494 33       		.byte	51
 1202 0495 01       		.byte	1
 1203 0496 34       		.byte	52
 1204 0497 07       		.byte	7
 1205 0498 35       		.byte	53
 1206 0499 02       		.byte	2
 1207 049a 39       		.byte	57
 1208 049b 08       		.byte	8
 1209 049c 3A       		.byte	58
 1210 049d 20       		.byte	32
 1211 049e 3B       		.byte	59
 1212 049f 80       		.byte	-128
 1213 04a0 3F       		.byte	63
 1214 04a1 10       		.byte	16
 1215 04a2 58       		.byte	88
 1216 04a3 04       		.byte	4
 1217 04a4 59       		.byte	89
 1218 04a5 04       		.byte	4
 1219 04a6 5F       		.byte	95
 1220 04a7 01       		.byte	1
 1221 04a8 80       		.byte	-128
 1222 04a9 03       		.byte	3
 1223 04aa 81       		.byte	-127
 1224 04ab 10       		.byte	16
 1225 04ac 82       		.byte	-126
 1226 04ad 0C       		.byte	12
 1227 04ae 84       		.byte	-124
 1228 04af 0C       		.byte	12
 1229 04b0 85       		.byte	-123
 1230 04b1 60       		.byte	96
 1231 04b2 88       		.byte	-120
 1232 04b3 04       		.byte	4
 1233 04b4 89       		.byte	-119
 1234 04b5 1C       		.byte	28
 1235 04b6 8B       		.byte	-117
 1236 04b7 61       		.byte	97
 1237 04b8 8C       		.byte	-116
 1238 04b9 10       		.byte	16
 1239 04ba 8D       		.byte	-115
 1240 04bb 24       		.byte	36
 1241 04bc 90       		.byte	-112
 1242 04bd 02       		.byte	2
 1243 04be 93       		.byte	-109
 1244 04bf 04       		.byte	4
 1245 04c0 96       		.byte	-106
 1246 04c1 03       		.byte	3
 1247 04c2 97       		.byte	-105
 1248 04c3 63       		.byte	99
 1249 04c4 98       		.byte	-104
 1250 04c5 0F       		.byte	15
 1251 04c6 99       		.byte	-103
 1252 04c7 1C       		.byte	28
 1253 04c8 9B       		.byte	-101
 1254 04c9 62       		.byte	98
ARM GAS  C:\Users\madse\AppData\Local\Temp\ccOe915x.s 			page 23


 1255 04ca 9C       		.byte	-100
 1256 04cb 08       		.byte	8
 1257 04cc 9D       		.byte	-99
 1258 04cd 7F       		.byte	127
 1259 04ce A0       		.byte	-96
 1260 04cf 0F       		.byte	15
 1261 04d0 A1       		.byte	-95
 1262 04d1 40       		.byte	64
 1263 04d2 A4       		.byte	-92
 1264 04d3 03       		.byte	3
 1265 04d4 A5       		.byte	-91
 1266 04d5 18       		.byte	24
 1267 04d6 A8       		.byte	-88
 1268 04d7 0C       		.byte	12
 1269 04d8 A9       		.byte	-87
 1270 04d9 08       		.byte	8
 1271 04da AA       		.byte	-86
 1272 04db 03       		.byte	3
 1273 04dc AC       		.byte	-84
 1274 04dd 01       		.byte	1
 1275 04de AD       		.byte	-83
 1276 04df 67       		.byte	103
 1277 04e0 AF       		.byte	-81
 1278 04e1 18       		.byte	24
 1279 04e2 B0       		.byte	-80
 1280 04e3 0F       		.byte	15
 1281 04e4 B4       		.byte	-76
 1282 04e5 10       		.byte	16
 1283 04e6 B5       		.byte	-75
 1284 04e7 1F       		.byte	31
 1285 04e8 B7       		.byte	-73
 1286 04e9 60       		.byte	96
 1287 04ea BA       		.byte	-70
 1288 04eb 02       		.byte	2
 1289 04ec BB       		.byte	-69
 1290 04ed 20       		.byte	32
 1291 04ee BE       		.byte	-66
 1292 04ef 10       		.byte	16
 1293 04f0 D4       		.byte	-44
 1294 04f1 18       		.byte	24
 1295 04f2 D8       		.byte	-40
 1296 04f3 04       		.byte	4
 1297 04f4 D9       		.byte	-39
 1298 04f5 04       		.byte	4
 1299 04f6 DB       		.byte	-37
 1300 04f7 04       		.byte	4
 1301 04f8 DF       		.byte	-33
 1302 04f9 01       		.byte	1
 1303 04fa 00       		.byte	0
 1304 04fb 20       		.byte	32
 1305 04fc 01       		.byte	1
 1306 04fd A2       		.byte	-94
 1307 04fe 03       		.byte	3
 1308 04ff 10       		.byte	16
 1309 0500 05       		.byte	5
 1310 0501 26       		.byte	38
 1311 0502 06       		.byte	6
ARM GAS  C:\Users\madse\AppData\Local\Temp\ccOe915x.s 			page 24


 1312 0503 02       		.byte	2
 1313 0504 07       		.byte	7
 1314 0505 10       		.byte	16
 1315 0506 09       		.byte	9
 1316 0507 08       		.byte	8
 1317 0508 0A       		.byte	10
 1318 0509 04       		.byte	4
 1319 050a 0B       		.byte	11
 1320 050b 42       		.byte	66
 1321 050c 0D       		.byte	13
 1322 050d 08       		.byte	8
 1323 050e 0E       		.byte	14
 1324 050f 04       		.byte	4
 1325 0510 10       		.byte	16
 1326 0511 02       		.byte	2
 1327 0512 11       		.byte	17
 1328 0513 44       		.byte	68
 1329 0514 12       		.byte	18
 1330 0515 88       		.byte	-120
 1331 0516 17       		.byte	23
 1332 0517 09       		.byte	9
 1333 0518 19       		.byte	25
 1334 0519 12       		.byte	18
 1335 051a 1B       		.byte	27
 1336 051b 01       		.byte	1
 1337 051c 1E       		.byte	30
 1338 051d 04       		.byte	4
 1339 051e 1F       		.byte	31
 1340 051f 10       		.byte	16
 1341 0520 22       		.byte	34
 1342 0521 20       		.byte	32
 1343 0522 23       		.byte	35
 1344 0523 0A       		.byte	10
 1345 0524 24       		.byte	36
 1346 0525 04       		.byte	4
 1347 0526 25       		.byte	37
 1348 0527 40       		.byte	64
 1349 0528 26       		.byte	38
 1350 0529 80       		.byte	-128
 1351 052a 27       		.byte	39
 1352 052b 21       		.byte	33
 1353 052c 29       		.byte	41
 1354 052d 24       		.byte	36
 1355 052e 2B       		.byte	43
 1356 052f 41       		.byte	65
 1357 0530 2F       		.byte	47
 1358 0531 50       		.byte	80
 1359 0532 31       		.byte	49
 1360 0533 09       		.byte	9
 1361 0534 32       		.byte	50
 1362 0535 A0       		.byte	-96
 1363 0536 36       		.byte	54
 1364 0537 08       		.byte	8
 1365 0538 37       		.byte	55
 1366 0539 28       		.byte	40
 1367 053a 39       		.byte	57
 1368 053b 44       		.byte	68
ARM GAS  C:\Users\madse\AppData\Local\Temp\ccOe915x.s 			page 25


 1369 053c 3A       		.byte	58
 1370 053d 02       		.byte	2
 1371 053e 3B       		.byte	59
 1372 053f 22       		.byte	34
 1373 0540 3D       		.byte	61
 1374 0541 80       		.byte	-128
 1375 0542 3F       		.byte	63
 1376 0543 02       		.byte	2
 1377 0544 4F       		.byte	79
 1378 0545 C0       		.byte	-64
 1379 0546 5B       		.byte	91
 1380 0547 02       		.byte	2
 1381 0548 60       		.byte	96
 1382 0549 04       		.byte	4
 1383 054a 63       		.byte	99
 1384 054b 01       		.byte	1
 1385 054c 8D       		.byte	-115
 1386 054d 10       		.byte	16
 1387 054e 90       		.byte	-112
 1388 054f 20       		.byte	32
 1389 0550 97       		.byte	-105
 1390 0551 04       		.byte	4
 1391 0552 99       		.byte	-103
 1392 0553 80       		.byte	-128
 1393 0554 B3       		.byte	-77
 1394 0555 08       		.byte	8
 1395 0556 C0       		.byte	-64
 1396 0557 FF       		.byte	-1
 1397 0558 C2       		.byte	-62
 1398 0559 6F       		.byte	111
 1399 055a C4       		.byte	-60
 1400 055b 3F       		.byte	63
 1401 055c CA       		.byte	-54
 1402 055d CF       		.byte	-49
 1403 055e CC       		.byte	-52
 1404 055f 6F       		.byte	111
 1405 0560 CE       		.byte	-50
 1406 0561 9F       		.byte	-97
 1407 0562 D6       		.byte	-42
 1408 0563 01       		.byte	1
 1409 0564 D8       		.byte	-40
 1410 0565 0C       		.byte	12
 1411 0566 EA       		.byte	-22
 1412 0567 20       		.byte	32
 1413 0568 04       		.byte	4
 1414 0569 01       		.byte	1
 1415 056a 06       		.byte	6
 1416 056b 0E       		.byte	14
 1417 056c 0B       		.byte	11
 1418 056d 01       		.byte	1
 1419 056e 0C       		.byte	12
 1420 056f 44       		.byte	68
 1421 0570 0E       		.byte	14
 1422 0571 31       		.byte	49
 1423 0572 1B       		.byte	27
 1424 0573 01       		.byte	1
 1425 0574 24       		.byte	36
ARM GAS  C:\Users\madse\AppData\Local\Temp\ccOe915x.s 			page 26


 1426 0575 67       		.byte	103
 1427 0576 28       		.byte	40
 1428 0577 67       		.byte	103
 1429 0578 2C       		.byte	44
 1430 0579 22       		.byte	34
 1431 057a 2E       		.byte	46
 1432 057b D1       		.byte	-47
 1433 057c 30       		.byte	48
 1434 057d 80       		.byte	-128
 1435 057e 32       		.byte	50
 1436 057f 07       		.byte	7
 1437 0580 34       		.byte	52
 1438 0581 18       		.byte	24
 1439 0582 36       		.byte	54
 1440 0583 60       		.byte	96
 1441 0584 37       		.byte	55
 1442 0585 01       		.byte	1
 1443 0586 3E       		.byte	62
 1444 0587 10       		.byte	16
 1445 0588 3F       		.byte	63
 1446 0589 40       		.byte	64
 1447 058a 40       		.byte	64
 1448 058b 13       		.byte	19
 1449 058c 41       		.byte	65
 1450 058d 05       		.byte	5
 1451 058e 42       		.byte	66
 1452 058f 06       		.byte	6
 1453 0590 44       		.byte	68
 1454 0591 02       		.byte	2
 1455 0592 46       		.byte	70
 1456 0593 CE       		.byte	-50
 1457 0594 48       		.byte	72
 1458 0595 0C       		.byte	12
 1459 0596 49       		.byte	73
 1460 0597 FF       		.byte	-1
 1461 0598 4A       		.byte	74
 1462 0599 FF       		.byte	-1
 1463 059a 4B       		.byte	75
 1464 059b FF       		.byte	-1
 1465 059c 4C       		.byte	76
 1466 059d 62       		.byte	98
 1467 059e 4D       		.byte	77
 1468 059f A0       		.byte	-96
 1469 05a0 4E       		.byte	78
 1470 05a1 F0       		.byte	-16
 1471 05a2 4F       		.byte	79
 1472 05a3 41       		.byte	65
 1473 05a4 50       		.byte	80
 1474 05a5 0C       		.byte	12
 1475 05a6 58       		.byte	88
 1476 05a7 04       		.byte	4
 1477 05a8 59       		.byte	89
 1478 05a9 04       		.byte	4
 1479 05aa 5A       		.byte	90
 1480 05ab 04       		.byte	4
 1481 05ac 5F       		.byte	95
 1482 05ad 01       		.byte	1
ARM GAS  C:\Users\madse\AppData\Local\Temp\ccOe915x.s 			page 27


 1483 05ae 66       		.byte	102
 1484 05af 40       		.byte	64
 1485 05b0 67       		.byte	103
 1486 05b1 02       		.byte	2
 1487 05b2 69       		.byte	105
 1488 05b3 10       		.byte	16
 1489 05b4 6A       		.byte	106
 1490 05b5 30       		.byte	48
 1491 05b6 6B       		.byte	107
 1492 05b7 10       		.byte	16
 1493 05b8 6D       		.byte	109
 1494 05b9 10       		.byte	16
 1495 05ba 6E       		.byte	110
 1496 05bb 10       		.byte	16
 1497 05bc 6F       		.byte	111
 1498 05bd 12       		.byte	18
 1499 05be 80       		.byte	-128
 1500 05bf 01       		.byte	1
 1501 05c0 82       		.byte	-126
 1502 05c1 06       		.byte	6
 1503 05c2 84       		.byte	-124
 1504 05c3 06       		.byte	6
 1505 05c4 85       		.byte	-123
 1506 05c5 01       		.byte	1
 1507 05c6 88       		.byte	-120
 1508 05c7 02       		.byte	2
 1509 05c8 8C       		.byte	-116
 1510 05c9 07       		.byte	7
 1511 05ca 90       		.byte	-112
 1512 05cb 08       		.byte	8
 1513 05cc 91       		.byte	-111
 1514 05cd 01       		.byte	1
 1515 05ce 96       		.byte	-106
 1516 05cf 01       		.byte	1
 1517 05d0 98       		.byte	-104
 1518 05d1 08       		.byte	8
 1519 05d2 99       		.byte	-103
 1520 05d3 01       		.byte	1
 1521 05d4 A0       		.byte	-96
 1522 05d5 06       		.byte	6
 1523 05d6 A1       		.byte	-95
 1524 05d7 01       		.byte	1
 1525 05d8 A2       		.byte	-94
 1526 05d9 01       		.byte	1
 1527 05da A4       		.byte	-92
 1528 05db 07       		.byte	7
 1529 05dc A8       		.byte	-88
 1530 05dd 08       		.byte	8
 1531 05de AC       		.byte	-84
 1532 05df 04       		.byte	4
 1533 05e0 B2       		.byte	-78
 1534 05e1 08       		.byte	8
 1535 05e2 B4       		.byte	-76
 1536 05e3 07       		.byte	7
 1537 05e4 B5       		.byte	-75
 1538 05e5 01       		.byte	1
 1539 05e6 BF       		.byte	-65
ARM GAS  C:\Users\madse\AppData\Local\Temp\ccOe915x.s 			page 28


 1540 05e7 10       		.byte	16
 1541 05e8 D6       		.byte	-42
 1542 05e9 02       		.byte	2
 1543 05ea D7       		.byte	-41
 1544 05eb 11       		.byte	17
 1545 05ec D8       		.byte	-40
 1546 05ed 04       		.byte	4
 1547 05ee D9       		.byte	-39
 1548 05ef 04       		.byte	4
 1549 05f0 DB       		.byte	-37
 1550 05f1 04       		.byte	4
 1551 05f2 DF       		.byte	-33
 1552 05f3 01       		.byte	1
 1553 05f4 01       		.byte	1
 1554 05f5 8C       		.byte	-116
 1555 05f6 05       		.byte	5
 1556 05f7 06       		.byte	6
 1557 05f8 07       		.byte	7
 1558 05f9 09       		.byte	9
 1559 05fa 0C       		.byte	12
 1560 05fb 20       		.byte	32
 1561 05fc 0D       		.byte	13
 1562 05fd 08       		.byte	8
 1563 05fe 0E       		.byte	14
 1564 05ff 80       		.byte	-128
 1565 0600 10       		.byte	16
 1566 0601 2A       		.byte	42
 1567 0602 14       		.byte	20
 1568 0603 10       		.byte	16
 1569 0604 15       		.byte	21
 1570 0605 10       		.byte	16
 1571 0606 16       		.byte	22
 1572 0607 82       		.byte	-126
 1573 0608 18       		.byte	24
 1574 0609 04       		.byte	4
 1575 060a 19       		.byte	25
 1576 060b 89       		.byte	-119
 1577 060c 1B       		.byte	27
 1578 060d 40       		.byte	64
 1579 060e 1D       		.byte	29
 1580 060f 18       		.byte	24
 1581 0610 23       		.byte	35
 1582 0611 01       		.byte	1
 1583 0612 26       		.byte	38
 1584 0613 10       		.byte	16
 1585 0614 2D       		.byte	45
 1586 0615 02       		.byte	2
 1587 0616 2E       		.byte	46
 1588 0617 01       		.byte	1
 1589 0618 31       		.byte	49
 1590 0619 10       		.byte	16
 1591 061a 34       		.byte	52
 1592 061b 10       		.byte	16
 1593 061c 36       		.byte	54
 1594 061d 21       		.byte	33
 1595 061e 37       		.byte	55
 1596 061f 01       		.byte	1
ARM GAS  C:\Users\madse\AppData\Local\Temp\ccOe915x.s 			page 29


 1597 0620 38       		.byte	56
 1598 0621 20       		.byte	32
 1599 0622 3E       		.byte	62
 1600 0623 04       		.byte	4
 1601 0624 40       		.byte	64
 1602 0625 04       		.byte	4
 1603 0626 41       		.byte	65
 1604 0627 08       		.byte	8
 1605 0628 42       		.byte	66
 1606 0629 01       		.byte	1
 1607 062a 49       		.byte	73
 1608 062b 10       		.byte	16
 1609 062c 4A       		.byte	74
 1610 062d 01       		.byte	1
 1611 062e 50       		.byte	80
 1612 062f 10       		.byte	16
 1613 0630 53       		.byte	83
 1614 0631 40       		.byte	64
 1615 0632 5E       		.byte	94
 1616 0633 20       		.byte	32
 1617 0634 6C       		.byte	108
 1618 0635 28       		.byte	40
 1619 0636 6D       		.byte	109
 1620 0637 10       		.byte	16
 1621 0638 6E       		.byte	110
 1622 0639 80       		.byte	-128
 1623 063a 74       		.byte	116
 1624 063b 10       		.byte	16
 1625 063c 75       		.byte	117
 1626 063d 04       		.byte	4
 1627 063e 76       		.byte	118
 1628 063f 02       		.byte	2
 1629 0640 77       		.byte	119
 1630 0641 08       		.byte	8
 1631 0642 87       		.byte	-121
 1632 0643 04       		.byte	4
 1633 0644 88       		.byte	-120
 1634 0645 02       		.byte	2
 1635 0646 8A       		.byte	-118
 1636 0647 84       		.byte	-124
 1637 0648 92       		.byte	-110
 1638 0649 04       		.byte	4
 1639 064a 95       		.byte	-107
 1640 064b 04       		.byte	4
 1641 064c 97       		.byte	-105
 1642 064d 85       		.byte	-123
 1643 064e 99       		.byte	-103
 1644 064f 02       		.byte	2
 1645 0650 9B       		.byte	-101
 1646 0651 01       		.byte	1
 1647 0652 9D       		.byte	-99
 1648 0653 05       		.byte	5
 1649 0654 9E       		.byte	-98
 1650 0655 02       		.byte	2
 1651 0656 A2       		.byte	-94
 1652 0657 20       		.byte	32
 1653 0658 A4       		.byte	-92
ARM GAS  C:\Users\madse\AppData\Local\Temp\ccOe915x.s 			page 30


 1654 0659 12       		.byte	18
 1655 065a A5       		.byte	-91
 1656 065b 08       		.byte	8
 1657 065c A7       		.byte	-89
 1658 065d 40       		.byte	64
 1659 065e B4       		.byte	-76
 1660 065f 10       		.byte	16
 1661 0660 C0       		.byte	-64
 1662 0661 F5       		.byte	-11
 1663 0662 C2       		.byte	-62
 1664 0663 70       		.byte	112
 1665 0664 C4       		.byte	-60
 1666 0665 F7       		.byte	-9
 1667 0666 CA       		.byte	-54
 1668 0667 80       		.byte	-128
 1669 0668 CC       		.byte	-52
 1670 0669 A4       		.byte	-92
 1671 066a CE       		.byte	-50
 1672 066b 44       		.byte	68
 1673 066c D0       		.byte	-48
 1674 066d 0E       		.byte	14
 1675 066e D2       		.byte	-46
 1676 066f 0C       		.byte	12
 1677 0670 D6       		.byte	-42
 1678 0671 20       		.byte	32
 1679 0672 EE       		.byte	-18
 1680 0673 48       		.byte	72
 1681 0674 33       		.byte	51
 1682 0675 28       		.byte	40
 1683 0676 36       		.byte	54
 1684 0677 08       		.byte	8
 1685 0678 37       		.byte	55
 1686 0679 40       		.byte	64
 1687 067a 3B       		.byte	59
 1688 067b 40       		.byte	64
 1689 067c CC       		.byte	-52
 1690 067d F0       		.byte	-16
 1691 067e CE       		.byte	-50
 1692 067f 10       		.byte	16
 1693 0680 33       		.byte	51
 1694 0681 10       		.byte	16
 1695 0682 97       		.byte	-105
 1696 0683 40       		.byte	64
 1697 0684 9F       		.byte	-97
 1698 0685 40       		.byte	64
 1699 0686 A6       		.byte	-90
 1700 0687 08       		.byte	8
 1701 0688 A7       		.byte	-89
 1702 0689 28       		.byte	40
 1703 068a CC       		.byte	-52
 1704 068b 10       		.byte	16
 1705 068c 97       		.byte	-105
 1706 068d 40       		.byte	64
 1707 068e 9F       		.byte	-97
 1708 068f 50       		.byte	80
 1709 0690 A6       		.byte	-90
 1710 0691 08       		.byte	8
ARM GAS  C:\Users\madse\AppData\Local\Temp\ccOe915x.s 			page 31


 1711 0692 A7       		.byte	-89
 1712 0693 28       		.byte	40
 1713 0694 87       		.byte	-121
 1714 0695 48       		.byte	72
 1715 0696 97       		.byte	-105
 1716 0697 40       		.byte	64
 1717 0698 9F       		.byte	-97
 1718 0699 10       		.byte	16
 1719 069a A6       		.byte	-90
 1720 069b 08       		.byte	8
 1721 069c A7       		.byte	-89
 1722 069d 28       		.byte	40
 1723 069e AB       		.byte	-85
 1724 069f 40       		.byte	64
 1725 06a0 E6       		.byte	-26
 1726 06a1 40       		.byte	64
 1727 06a2 EE       		.byte	-18
 1728 06a3 80       		.byte	-128
 1729 06a4 00       		.byte	0
 1730 06a5 80       		.byte	-128
 1731 06a6 03       		.byte	3
 1732 06a7 10       		.byte	16
 1733 06a8 53       		.byte	83
 1734 06a9 01       		.byte	1
 1735 06aa C0       		.byte	-64
 1736 06ab 0A       		.byte	10
 1737 06ac D4       		.byte	-44
 1738 06ad 01       		.byte	1
 1739 06ae 1A       		.byte	26
 1740 06af 80       		.byte	-128
 1741 06b0 83       		.byte	-125
 1742 06b1 01       		.byte	1
 1743 06b2 97       		.byte	-105
 1744 06b3 02       		.byte	2
 1745 06b4 9B       		.byte	-101
 1746 06b5 10       		.byte	16
 1747 06b6 B0       		.byte	-80
 1748 06b7 40       		.byte	64
 1749 06b8 C6       		.byte	-58
 1750 06b9 08       		.byte	8
 1751 06ba EE       		.byte	-18
 1752 06bb 04       		.byte	4
 1753 06bc AA       		.byte	-86
 1754 06bd 40       		.byte	64
 1755 06be B7       		.byte	-73
 1756 06bf 10       		.byte	16
 1757 06c0 EE       		.byte	-18
 1758 06c1 02       		.byte	2
 1759 06c2 26       		.byte	38
 1760 06c3 08       		.byte	8
 1761 06c4 9F       		.byte	-97
 1762 06c5 10       		.byte	16
 1763 06c6 A6       		.byte	-90
 1764 06c7 08       		.byte	8
 1765 06c8 A7       		.byte	-89
 1766 06c9 20       		.byte	32
 1767 06ca C8       		.byte	-56
ARM GAS  C:\Users\madse\AppData\Local\Temp\ccOe915x.s 			page 32


 1768 06cb 80       		.byte	-128
 1769 06cc 83       		.byte	-125
 1770 06cd 10       		.byte	16
 1771 06ce 9F       		.byte	-97
 1772 06cf 10       		.byte	16
 1773 06d0 AF       		.byte	-81
 1774 06d1 20       		.byte	32
 1775 06d2 E2       		.byte	-30
 1776 06d3 20       		.byte	32
 1777 06d4 EE       		.byte	-18
 1778 06d5 10       		.byte	16
 1779 06d6 1F       		.byte	31
 1780 06d7 80       		.byte	-128
 1781 06d8 8C       		.byte	-116
 1782 06d9 01       		.byte	1
 1783 06da C6       		.byte	-58
 1784 06db 01       		.byte	1
 1785 06dc E0       		.byte	-32
 1786 06dd 02       		.byte	2
 1787 06de 10       		.byte	16
 1788 06df 80       		.byte	-128
 1789 06e0 70       		.byte	112
 1790 06e1 01       		.byte	1
 1791 06e2 88       		.byte	-120
 1792 06e3 80       		.byte	-128
 1793 06e4 90       		.byte	-112
 1794 06e5 02       		.byte	2
 1795 06e6 AF       		.byte	-81
 1796 06e7 80       		.byte	-128
 1797 06e8 C4       		.byte	-60
 1798 06e9 08       		.byte	8
 1799 06ea DC       		.byte	-36
 1800 06eb 01       		.byte	1
 1801 06ec E6       		.byte	-26
 1802 06ed 01       		.byte	1
 1803 06ee 00       		.byte	0
 1804 06ef 03       		.byte	3
 1805 06f0 0C       		.byte	12
 1806 06f1 03       		.byte	3
 1807 06f2 10       		.byte	16
 1808 06f3 03       		.byte	3
 1809 06f4 11       		.byte	17
 1810 06f5 01       		.byte	1
 1811 06f6 1A       		.byte	26
 1812 06f7 02       		.byte	2
 1813 06f8 1B       		.byte	27
 1814 06f9 01       		.byte	1
 1815 06fa 1C       		.byte	28
 1816 06fb 01       		.byte	1
 1817 06fc 00       		.byte	0
 1818 06fd FF       		.byte	-1
 1819 06fe 01       		.byte	1
 1820 06ff 0F       		.byte	15
 1821 0700 00       		.byte	0
 1822 0701 00       		.byte	0
 1823 0702 00       		.byte	0
 1824 0703 00       		.byte	0
ARM GAS  C:\Users\madse\AppData\Local\Temp\ccOe915x.s 			page 33


 1825 0704 00       		.byte	0
 1826 0705 00       		.byte	0
 1827 0706 14       		.byte	20
 1828 0707 00       		.byte	0
 1829 0708 80       		.byte	-128
 1830 0709 00       		.byte	0
 1831 070a 40       		.byte	64
 1832 070b 80       		.byte	-128
 1833 070c 80       		.byte	-128
 1834 070d 00       		.byte	0
 1835 070e 80       		.byte	-128
 1836 070f 00       		.byte	0
 1837 0710 00       		.byte	0
 1838 0711 00       		.byte	0
 1839 0712 00       		.byte	0
 1840 0713 00       		.byte	0
 1841 0714 00       		.byte	0
 1842 0715 00       		.byte	0
 1843 0716 00       		.byte	0
 1844 0717 00       		.byte	0
 1845 0718 00       		.byte	0
 1846 0719 00       		.byte	0
 1847 071a 20       		.byte	32
 1848 071b 00       		.byte	0
 1849 071c F0       		.byte	-16
 1850 071d 0B       		.byte	11
 1851 071e 0B       		.byte	11
 1852 071f 00       		.byte	0
 1853 0720 00       		.byte	0
 1854 0721 00       		.byte	0
 1855 0722 00       		.byte	0
 1856 0723 00       		.byte	0
 1857 0724 7D       		.byte	125
 1858 0725 7A       		.byte	122
 1859 0726 02       		.byte	2
 1860 0727 00       		.byte	0
 1861 0728 02       		.byte	2
 1862 0729 00       		.byte	0
 1863 072a 80       		.byte	-128
 1864 072b 00       		.byte	0
 1865 072c 00       		.byte	0
 1866 072d FF       		.byte	-1
 1867 072e FF       		.byte	-1
 1868 072f 00       		.byte	0
 1869 0730 00       		.byte	0
 1870 0731 00       		.byte	0
 1871 0732 00       		.byte	0
 1872 0733 00       		.byte	0
 1873 0734 0C       		.byte	12
 1874 0735 00       		.byte	0
 1875 0736 18       		.byte	24
 1876 0737 01       		.byte	1
 1877 0738 0C       		.byte	12
 1878 0739 00       		.byte	0
 1879 073a 18       		.byte	24
 1880 073b 01       		.byte	1
 1881              		.section	.cywolatch,"a",%progbits
ARM GAS  C:\Users\madse\AppData\Local\Temp\ccOe915x.s 			page 34


 1882              		.align	2
 1883              		.type	cy_meta_wonvl, %object
 1884              		.size	cy_meta_wonvl, 4
 1885              	cy_meta_wonvl:
 1886 0000 BC       		.byte	-68
 1887 0001 90       		.byte	-112
 1888 0002 AC       		.byte	-84
 1889 0003 AF       		.byte	-81
 1890              		.section	.cycustnvl,"a",%progbits
 1891              		.align	2
 1892              		.type	cy_meta_custnvl, %object
 1893              		.size	cy_meta_custnvl, 4
 1894              	cy_meta_custnvl:
 1895 0000 00       		.byte	0
 1896 0001 00       		.byte	0
 1897 0002 40       		.byte	64
 1898 0003 05       		.byte	5
 1899              		.section	.cymeta,"a",%progbits
 1900              		.align	2
 1901              		.type	cy_metadata, %object
 1902              		.size	cy_metadata, 12
 1903              	cy_metadata:
 1904 0000 00       		.byte	0
 1905 0001 01       		.byte	1
 1906 0002 2E       		.byte	46
 1907 0003 16       		.byte	22
 1908 0004 10       		.byte	16
 1909 0005 69       		.byte	105
 1910 0006 00       		.byte	0
 1911 0007 01       		.byte	1
 1912 0008 00       		.byte	0
 1913 0009 00       		.byte	0
 1914 000a 00       		.byte	0
 1915 000b 00       		.byte	0
 1916              		.section	.cyflashprotect,"a",%progbits
 1917              		.align	2
 1918              		.type	cy_meta_flashprotect, %object
 1919              		.size	cy_meta_flashprotect, 256
 1920              	cy_meta_flashprotect:
 1921 0000 00000000 		.space	256
 1921      00000000 
 1921      00000000 
 1921      00000000 
 1921      00000000 
 1922              		.text
 1923              	.Letext0:
 1924              		.file 1 "c:\\program files (x86)\\cypress\\psoc creator\\4.4\\psoc creator\\import\\gnu\\arm\\5.4.
 1925              		.file 2 "c:\\program files (x86)\\cypress\\psoc creator\\4.4\\psoc creator\\import\\gnu\\arm\\5.4.
 1926              		.file 3 "Generated_Source\\PSoC5\\cymetadata.c"
 1927              		.section	.debug_info,"",%progbits
 1928              	.Ldebug_info0:
 1929 0000 35010000 		.4byte	0x135
 1930 0004 0400     		.2byte	0x4
 1931 0006 00000000 		.4byte	.Ldebug_abbrev0
 1932 000a 04       		.byte	0x4
 1933 000b 01       		.uleb128 0x1
 1934 000c 73000000 		.4byte	.LASF17
ARM GAS  C:\Users\madse\AppData\Local\Temp\ccOe915x.s 			page 35


 1935 0010 0C       		.byte	0xc
 1936 0011 CD010000 		.4byte	.LASF18
 1937 0015 0A000000 		.4byte	.LASF19
 1938 0019 00000000 		.4byte	.Ldebug_line0
 1939 001d 02       		.uleb128 0x2
 1940 001e 01       		.byte	0x1
 1941 001f 06       		.byte	0x6
 1942 0020 C1010000 		.4byte	.LASF0
 1943 0024 03       		.uleb128 0x3
 1944 0025 00000000 		.4byte	.LASF9
 1945 0029 01       		.byte	0x1
 1946 002a 1D       		.byte	0x1d
 1947 002b 2F000000 		.4byte	0x2f
 1948 002f 02       		.uleb128 0x2
 1949 0030 01       		.byte	0x1
 1950 0031 08       		.byte	0x8
 1951 0032 65000000 		.4byte	.LASF1
 1952 0036 02       		.uleb128 0x2
 1953 0037 02       		.byte	0x2
 1954 0038 05       		.byte	0x5
 1955 0039 AE010000 		.4byte	.LASF2
 1956 003d 02       		.uleb128 0x2
 1957 003e 02       		.byte	0x2
 1958 003f 07       		.byte	0x7
 1959 0040 13010000 		.4byte	.LASF3
 1960 0044 02       		.uleb128 0x2
 1961 0045 04       		.byte	0x4
 1962 0046 05       		.byte	0x5
 1963 0047 B8010000 		.4byte	.LASF4
 1964 004b 02       		.uleb128 0x2
 1965 004c 04       		.byte	0x4
 1966 004d 07       		.byte	0x7
 1967 004e 01010000 		.4byte	.LASF5
 1968 0052 02       		.uleb128 0x2
 1969 0053 08       		.byte	0x8
 1970 0054 05       		.byte	0x5
 1971 0055 A0010000 		.4byte	.LASF6
 1972 0059 02       		.uleb128 0x2
 1973 005a 08       		.byte	0x8
 1974 005b 07       		.byte	0x7
 1975 005c 55010000 		.4byte	.LASF7
 1976 0060 04       		.uleb128 0x4
 1977 0061 04       		.byte	0x4
 1978 0062 05       		.byte	0x5
 1979 0063 696E7400 		.ascii	"int\000"
 1980 0067 02       		.uleb128 0x2
 1981 0068 04       		.byte	0x4
 1982 0069 07       		.byte	0x7
 1983 006a 48010000 		.4byte	.LASF8
 1984 006e 03       		.uleb128 0x3
 1985 006f 6C010000 		.4byte	.LASF10
 1986 0073 02       		.byte	0x2
 1987 0074 18       		.byte	0x18
 1988 0075 24000000 		.4byte	0x24
 1989 0079 05       		.uleb128 0x5
 1990 007a 91000000 		.4byte	0x91
 1991 007e 8A000000 		.4byte	0x8a
ARM GAS  C:\Users\madse\AppData\Local\Temp\ccOe915x.s 			page 36


 1992 0082 06       		.uleb128 0x6
 1993 0083 8A000000 		.4byte	0x8a
 1994 0087 3B07     		.2byte	0x73b
 1995 0089 00       		.byte	0
 1996 008a 02       		.uleb128 0x2
 1997 008b 04       		.byte	0x4
 1998 008c 07       		.byte	0x7
 1999 008d 97010000 		.4byte	.LASF11
 2000 0091 07       		.uleb128 0x7
 2001 0092 6E000000 		.4byte	0x6e
 2002 0096 08       		.uleb128 0x8
 2003 0097 36010000 		.4byte	.LASF12
 2004 009b 03       		.byte	0x3
 2005 009c 1F       		.byte	0x1f
 2006 009d A7000000 		.4byte	0xa7
 2007 00a1 05       		.uleb128 0x5
 2008 00a2 03       		.byte	0x3
 2009 00a3 00000000 		.4byte	cy_meta_configecc
 2010 00a7 07       		.uleb128 0x7
 2011 00a8 79000000 		.4byte	0x79
 2012 00ac 05       		.uleb128 0x5
 2013 00ad 91000000 		.4byte	0x91
 2014 00b1 BC000000 		.4byte	0xbc
 2015 00b5 09       		.uleb128 0x9
 2016 00b6 8A000000 		.4byte	0x8a
 2017 00ba 03       		.byte	0x3
 2018 00bb 00       		.byte	0
 2019 00bc 0A       		.uleb128 0xa
 2020 00bd 26010000 		.4byte	.LASF13
 2021 00c1 03       		.byte	0x3
 2022 00c2 1401     		.2byte	0x114
 2023 00c4 CE000000 		.4byte	0xce
 2024 00c8 05       		.uleb128 0x5
 2025 00c9 03       		.byte	0x3
 2026 00ca 00000000 		.4byte	cy_meta_custnvl
 2027 00ce 07       		.uleb128 0x7
 2028 00cf AC000000 		.4byte	0xac
 2029 00d3 0A       		.uleb128 0xa
 2030 00d4 89010000 		.4byte	.LASF14
 2031 00d8 03       		.byte	0x3
 2032 00d9 2201     		.2byte	0x122
 2033 00db E5000000 		.4byte	0xe5
 2034 00df 05       		.uleb128 0x5
 2035 00e0 03       		.byte	0x3
 2036 00e1 00000000 		.4byte	cy_meta_wonvl
 2037 00e5 07       		.uleb128 0x7
 2038 00e6 AC000000 		.4byte	0xac
 2039 00ea 05       		.uleb128 0x5
 2040 00eb 91000000 		.4byte	0x91
 2041 00ef FA000000 		.4byte	0xfa
 2042 00f3 09       		.uleb128 0x9
 2043 00f4 8A000000 		.4byte	0x8a
 2044 00f8 FF       		.byte	0xff
 2045 00f9 00       		.byte	0
 2046 00fa 0A       		.uleb128 0xa
 2047 00fb 74010000 		.4byte	.LASF15
 2048 00ff 03       		.byte	0x3
ARM GAS  C:\Users\madse\AppData\Local\Temp\ccOe915x.s 			page 37


 2049 0100 3001     		.2byte	0x130
 2050 0102 0C010000 		.4byte	0x10c
 2051 0106 05       		.uleb128 0x5
 2052 0107 03       		.byte	0x3
 2053 0108 00000000 		.4byte	cy_meta_flashprotect
 2054 010c 07       		.uleb128 0x7
 2055 010d EA000000 		.4byte	0xea
 2056 0111 05       		.uleb128 0x5
 2057 0112 91000000 		.4byte	0x91
 2058 0116 21010000 		.4byte	0x121
 2059 011a 09       		.uleb128 0x9
 2060 011b 8A000000 		.4byte	0x8a
 2061 011f 0B       		.byte	0xb
 2062 0120 00       		.byte	0
 2063 0121 0A       		.uleb128 0xa
 2064 0122 59000000 		.4byte	.LASF16
 2065 0126 03       		.byte	0x3
 2066 0127 5D01     		.2byte	0x15d
 2067 0129 33010000 		.4byte	0x133
 2068 012d 05       		.uleb128 0x5
 2069 012e 03       		.byte	0x3
 2070 012f 00000000 		.4byte	cy_metadata
 2071 0133 07       		.uleb128 0x7
 2072 0134 11010000 		.4byte	0x111
 2073 0138 00       		.byte	0
 2074              		.section	.debug_abbrev,"",%progbits
 2075              	.Ldebug_abbrev0:
 2076 0000 01       		.uleb128 0x1
 2077 0001 11       		.uleb128 0x11
 2078 0002 01       		.byte	0x1
 2079 0003 25       		.uleb128 0x25
 2080 0004 0E       		.uleb128 0xe
 2081 0005 13       		.uleb128 0x13
 2082 0006 0B       		.uleb128 0xb
 2083 0007 03       		.uleb128 0x3
 2084 0008 0E       		.uleb128 0xe
 2085 0009 1B       		.uleb128 0x1b
 2086 000a 0E       		.uleb128 0xe
 2087 000b 10       		.uleb128 0x10
 2088 000c 17       		.uleb128 0x17
 2089 000d 00       		.byte	0
 2090 000e 00       		.byte	0
 2091 000f 02       		.uleb128 0x2
 2092 0010 24       		.uleb128 0x24
 2093 0011 00       		.byte	0
 2094 0012 0B       		.uleb128 0xb
 2095 0013 0B       		.uleb128 0xb
 2096 0014 3E       		.uleb128 0x3e
 2097 0015 0B       		.uleb128 0xb
 2098 0016 03       		.uleb128 0x3
 2099 0017 0E       		.uleb128 0xe
 2100 0018 00       		.byte	0
 2101 0019 00       		.byte	0
 2102 001a 03       		.uleb128 0x3
 2103 001b 16       		.uleb128 0x16
 2104 001c 00       		.byte	0
 2105 001d 03       		.uleb128 0x3
ARM GAS  C:\Users\madse\AppData\Local\Temp\ccOe915x.s 			page 38


 2106 001e 0E       		.uleb128 0xe
 2107 001f 3A       		.uleb128 0x3a
 2108 0020 0B       		.uleb128 0xb
 2109 0021 3B       		.uleb128 0x3b
 2110 0022 0B       		.uleb128 0xb
 2111 0023 49       		.uleb128 0x49
 2112 0024 13       		.uleb128 0x13
 2113 0025 00       		.byte	0
 2114 0026 00       		.byte	0
 2115 0027 04       		.uleb128 0x4
 2116 0028 24       		.uleb128 0x24
 2117 0029 00       		.byte	0
 2118 002a 0B       		.uleb128 0xb
 2119 002b 0B       		.uleb128 0xb
 2120 002c 3E       		.uleb128 0x3e
 2121 002d 0B       		.uleb128 0xb
 2122 002e 03       		.uleb128 0x3
 2123 002f 08       		.uleb128 0x8
 2124 0030 00       		.byte	0
 2125 0031 00       		.byte	0
 2126 0032 05       		.uleb128 0x5
 2127 0033 01       		.uleb128 0x1
 2128 0034 01       		.byte	0x1
 2129 0035 49       		.uleb128 0x49
 2130 0036 13       		.uleb128 0x13
 2131 0037 01       		.uleb128 0x1
 2132 0038 13       		.uleb128 0x13
 2133 0039 00       		.byte	0
 2134 003a 00       		.byte	0
 2135 003b 06       		.uleb128 0x6
 2136 003c 21       		.uleb128 0x21
 2137 003d 00       		.byte	0
 2138 003e 49       		.uleb128 0x49
 2139 003f 13       		.uleb128 0x13
 2140 0040 2F       		.uleb128 0x2f
 2141 0041 05       		.uleb128 0x5
 2142 0042 00       		.byte	0
 2143 0043 00       		.byte	0
 2144 0044 07       		.uleb128 0x7
 2145 0045 26       		.uleb128 0x26
 2146 0046 00       		.byte	0
 2147 0047 49       		.uleb128 0x49
 2148 0048 13       		.uleb128 0x13
 2149 0049 00       		.byte	0
 2150 004a 00       		.byte	0
 2151 004b 08       		.uleb128 0x8
 2152 004c 34       		.uleb128 0x34
 2153 004d 00       		.byte	0
 2154 004e 03       		.uleb128 0x3
 2155 004f 0E       		.uleb128 0xe
 2156 0050 3A       		.uleb128 0x3a
 2157 0051 0B       		.uleb128 0xb
 2158 0052 3B       		.uleb128 0x3b
 2159 0053 0B       		.uleb128 0xb
 2160 0054 49       		.uleb128 0x49
 2161 0055 13       		.uleb128 0x13
 2162 0056 3F       		.uleb128 0x3f
ARM GAS  C:\Users\madse\AppData\Local\Temp\ccOe915x.s 			page 39


 2163 0057 19       		.uleb128 0x19
 2164 0058 02       		.uleb128 0x2
 2165 0059 18       		.uleb128 0x18
 2166 005a 00       		.byte	0
 2167 005b 00       		.byte	0
 2168 005c 09       		.uleb128 0x9
 2169 005d 21       		.uleb128 0x21
 2170 005e 00       		.byte	0
 2171 005f 49       		.uleb128 0x49
 2172 0060 13       		.uleb128 0x13
 2173 0061 2F       		.uleb128 0x2f
 2174 0062 0B       		.uleb128 0xb
 2175 0063 00       		.byte	0
 2176 0064 00       		.byte	0
 2177 0065 0A       		.uleb128 0xa
 2178 0066 34       		.uleb128 0x34
 2179 0067 00       		.byte	0
 2180 0068 03       		.uleb128 0x3
 2181 0069 0E       		.uleb128 0xe
 2182 006a 3A       		.uleb128 0x3a
 2183 006b 0B       		.uleb128 0xb
 2184 006c 3B       		.uleb128 0x3b
 2185 006d 05       		.uleb128 0x5
 2186 006e 49       		.uleb128 0x49
 2187 006f 13       		.uleb128 0x13
 2188 0070 3F       		.uleb128 0x3f
 2189 0071 19       		.uleb128 0x19
 2190 0072 02       		.uleb128 0x2
 2191 0073 18       		.uleb128 0x18
 2192 0074 00       		.byte	0
 2193 0075 00       		.byte	0
 2194 0076 00       		.byte	0
 2195              		.section	.debug_aranges,"",%progbits
 2196 0000 14000000 		.4byte	0x14
 2197 0004 0200     		.2byte	0x2
 2198 0006 00000000 		.4byte	.Ldebug_info0
 2199 000a 04       		.byte	0x4
 2200 000b 00       		.byte	0
 2201 000c 0000     		.2byte	0
 2202 000e 0000     		.2byte	0
 2203 0010 00000000 		.4byte	0
 2204 0014 00000000 		.4byte	0
 2205              		.section	.debug_line,"",%progbits
 2206              	.Ldebug_line0:
 2207 0000 3D010000 		.section	.debug_str,"MS",%progbits,1
 2207      02003701 
 2207      00000201 
 2207      FB0E0D00 
 2207      01010101 
 2208              	.LASF9:
 2209 0000 5F5F7569 		.ascii	"__uint8_t\000"
 2209      6E74385F 
 2209      7400
 2210              	.LASF19:
 2211 000a 433A5C63 		.ascii	"C:\\code\\PRJ3\\PSoC\\StepperMotorDriverSPI - Mads "
 2211      6F64655C 
 2211      50524A33 
ARM GAS  C:\Users\madse\AppData\Local\Temp\ccOe915x.s 			page 40


 2211      5C50536F 
 2211      435C5374 
 2212 0039 2D204155 		.ascii	"- AUTO\\StepperMotorDriver.cydsn\000"
 2212      544F5C53 
 2212      74657070 
 2212      65724D6F 
 2212      746F7244 
 2213              	.LASF16:
 2214 0059 63795F6D 		.ascii	"cy_metadata\000"
 2214      65746164 
 2214      61746100 
 2215              	.LASF1:
 2216 0065 756E7369 		.ascii	"unsigned char\000"
 2216      676E6564 
 2216      20636861 
 2216      7200
 2217              	.LASF17:
 2218 0073 474E5520 		.ascii	"GNU C11 5.4.1 20160609 (release) [ARM/embedded-5-br"
 2218      43313120 
 2218      352E342E 
 2218      31203230 
 2218      31363036 
 2219 00a6 616E6368 		.ascii	"anch revision 237715] -mcpu=cortex-m3 -mthumb -g -O"
 2219      20726576 
 2219      6973696F 
 2219      6E203233 
 2219      37373135 
 2220 00d9 67202D66 		.ascii	"g -ffunction-sections -ffat-lto-objects\000"
 2220      66756E63 
 2220      74696F6E 
 2220      2D736563 
 2220      74696F6E 
 2221              	.LASF5:
 2222 0101 6C6F6E67 		.ascii	"long unsigned int\000"
 2222      20756E73 
 2222      69676E65 
 2222      6420696E 
 2222      7400
 2223              	.LASF3:
 2224 0113 73686F72 		.ascii	"short unsigned int\000"
 2224      7420756E 
 2224      7369676E 
 2224      65642069 
 2224      6E7400
 2225              	.LASF13:
 2226 0126 63795F6D 		.ascii	"cy_meta_custnvl\000"
 2226      6574615F 
 2226      63757374 
 2226      6E766C00 
 2227              	.LASF12:
 2228 0136 63795F6D 		.ascii	"cy_meta_configecc\000"
 2228      6574615F 
 2228      636F6E66 
 2228      69676563 
 2228      6300
 2229              	.LASF8:
 2230 0148 756E7369 		.ascii	"unsigned int\000"
ARM GAS  C:\Users\madse\AppData\Local\Temp\ccOe915x.s 			page 41


 2230      676E6564 
 2230      20696E74 
 2230      00
 2231              	.LASF7:
 2232 0155 6C6F6E67 		.ascii	"long long unsigned int\000"
 2232      206C6F6E 
 2232      6720756E 
 2232      7369676E 
 2232      65642069 
 2233              	.LASF10:
 2234 016c 75696E74 		.ascii	"uint8_t\000"
 2234      385F7400 
 2235              	.LASF15:
 2236 0174 63795F6D 		.ascii	"cy_meta_flashprotect\000"
 2236      6574615F 
 2236      666C6173 
 2236      6870726F 
 2236      74656374 
 2237              	.LASF14:
 2238 0189 63795F6D 		.ascii	"cy_meta_wonvl\000"
 2238      6574615F 
 2238      776F6E76 
 2238      6C00
 2239              	.LASF11:
 2240 0197 73697A65 		.ascii	"sizetype\000"
 2240      74797065 
 2240      00
 2241              	.LASF6:
 2242 01a0 6C6F6E67 		.ascii	"long long int\000"
 2242      206C6F6E 
 2242      6720696E 
 2242      7400
 2243              	.LASF2:
 2244 01ae 73686F72 		.ascii	"short int\000"
 2244      7420696E 
 2244      7400
 2245              	.LASF4:
 2246 01b8 6C6F6E67 		.ascii	"long int\000"
 2246      20696E74 
 2246      00
 2247              	.LASF0:
 2248 01c1 7369676E 		.ascii	"signed char\000"
 2248      65642063 
 2248      68617200 
 2249              	.LASF18:
 2250 01cd 47656E65 		.ascii	"Generated_Source\\PSoC5\\cymetadata.c\000"
 2250      72617465 
 2250      645F536F 
 2250      75726365 
 2250      5C50536F 
 2251              		.ident	"GCC: (GNU Tools for ARM Embedded Processors) 5.4.1 20160609 (release) [ARM/embedded-5-bran
