ARM GAS  C:\Users\madse\AppData\Local\Temp\ccryAq5T.s 			page 1


   1              		.syntax unified
   2              		.cpu cortex-m3
   3              		.fpu softvfp
   4              		.eabi_attribute 20, 1
   5              		.eabi_attribute 21, 1
   6              		.eabi_attribute 23, 3
   7              		.eabi_attribute 24, 1
   8              		.eabi_attribute 25, 1
   9              		.eabi_attribute 26, 1
  10              		.eabi_attribute 30, 1
  11              		.eabi_attribute 34, 1
  12              		.eabi_attribute 18, 4
  13              		.thumb
  14              		.syntax unified
  15              		.file	"main.c"
  16              		.text
  17              	.Ltext0:
  18              		.cfi_sections	.debug_frame
  19              		.section	.text.TIMER_STEP,"ax",%progbits
  20              		.align	2
  21              		.global	TIMER_STEP
  22              		.thumb
  23              		.thumb_func
  24              		.type	TIMER_STEP, %function
  25              	TIMER_STEP:
  26              	.LFB68:
  27              		.file 1 "main.c"
   1:main.c        **** /* ========================================
   2:main.c        ****  *
   3:main.c        ****  *          Software holdet
   4:main.c        ****  *
   5:main.c        ****  * ========================================
   6:main.c        **** */
   7:main.c        **** 
   8:main.c        **** #include "project.h"
   9:main.c        **** #include "StepperMotorDriver.h"
  10:main.c        **** #include "SensorDriver.h"
  11:main.c        **** #include "BatteryDriver.h"
  12:main.c        **** 
  13:main.c        **** #include "Mode.h"
  14:main.c        **** #include <stdio.h>
  15:main.c        **** 
  16:main.c        **** volatile enum mode current_mode = AUTOMATIC;
  17:main.c        **** 
  18:main.c        **** void goHome()
  19:main.c        **** {
  20:main.c        ****     moveElevation(10000); // Go to home
  21:main.c        ****     CyDelay(5000);
  22:main.c        ****     moveElevation(-660);
  23:main.c        ****     CyDelay(2000);
  24:main.c        ****     moveAzimuth(-10000);
  25:main.c        ****     CyDelay(5000);
  26:main.c        ****     moveAzimuth(3100);
  27:main.c        ****     CyDelay(5000);
  28:main.c        ****     resetAzimuth();
  29:main.c        ****     resetElevation();
  30:main.c        **** }
ARM GAS  C:\Users\madse\AppData\Local\Temp\ccryAq5T.s 			page 2


  31:main.c        **** 
  32:main.c        **** void automaticAction() {
  33:main.c        ****     
  34:main.c        **** }
  35:main.c        **** 
  36:main.c        **** void manualAction(uint8_t command) {
  37:main.c        ****     switch (command)
  38:main.c        ****     {
  39:main.c        ****         case 1:
  40:main.c        ****             // Move 100 steps left.
  41:main.c        ****             moveAzimuth(200);
  42:main.c        ****             break;
  43:main.c        ****         case 2:
  44:main.c        ****             // Move 100 steps right.
  45:main.c        ****             moveAzimuth(-200);
  46:main.c        ****             break;
  47:main.c        ****         case 3:
  48:main.c        ****             // Move 100 steps up.
  49:main.c        ****             moveElevation(200);
  50:main.c        ****             break;
  51:main.c        ****         case 4:
  52:main.c        ****             // Move 100 steps down.
  53:main.c        ****             moveElevation(-200);
  54:main.c        ****             break;
  55:main.c        ****         case 7:
  56:main.c        ****             goHome();
  57:main.c        ****             break;
  58:main.c        ****         default:
  59:main.c        ****             // Ignore other commands.
  60:main.c        ****             break;
  61:main.c        ****     }
  62:main.c        **** }
  63:main.c        **** 
  64:main.c        **** CY_ISR(SPI_RX_HANDLER)
  65:main.c        **** { 
  66:main.c        ****     if (SPIS_1_GetRxBufferSize() == 0) {
  67:main.c        ****         return;
  68:main.c        ****     }
  69:main.c        ****     
  70:main.c        ****     // UART_1_PutString("Modtog SPI interrupt");
  71:main.c        ****     uint8_t recievedData = SPIS_1_ReadRxData();
  72:main.c        ****     
  73:main.c        ****     char buff[64];
  74:main.c        ****     snprintf(buff, sizeof(buff), "Data: %i  \r\n", recievedData);
  75:main.c        ****     UART_1_PutString(buff);
  76:main.c        ****     
  77:main.c        ****     switch (recievedData)
  78:main.c        ****     {
  79:main.c        ****         case 10:
  80:main.c        ****             current_mode = MANUAL;
  81:main.c        ****         case 11:
  82:main.c        ****             current_mode = AUTOMATIC;
  83:main.c        ****         default:
  84:main.c        ****             break;
  85:main.c        ****     }
  86:main.c        ****     
  87:main.c        ****     switch (current_mode) {
ARM GAS  C:\Users\madse\AppData\Local\Temp\ccryAq5T.s 			page 3


  88:main.c        ****         case AUTOMATIC:
  89:main.c        ****             automaticAction();
  90:main.c        ****             break;
  91:main.c        ****         case MANUAL:
  92:main.c        ****             manualAction(recievedData);
  93:main.c        ****             break;    
  94:main.c        ****     }
  95:main.c        ****     
  96:main.c        ****     MOTOR_STEP();
  97:main.c        **** }
  98:main.c        **** 
  99:main.c        **** CY_ISR(TIMER_STEP) {
  28              		.loc 1 99 0
  29              		.cfi_startproc
  30              		@ args = 0, pretend = 0, frame = 0
  31              		@ frame_needed = 0, uses_anonymous_args = 0
  32 0000 08B5     		push	{r3, lr}
  33              		.cfi_def_cfa_offset 8
  34              		.cfi_offset 3, -8
  35              		.cfi_offset 14, -4
 100:main.c        ****     UART_1_PutString("TIMER\r\n");
  36              		.loc 1 100 0
  37 0002 0348     		ldr	r0, .L3
  38 0004 FFF7FEFF 		bl	UART_1_PutString
  39              	.LVL0:
 101:main.c        ****     Timer_1_ReadStatusRegister();
  40              		.loc 1 101 0
  41 0008 FFF7FEFF 		bl	Timer_1_ReadStatusRegister
  42              	.LVL1:
  43 000c 08BD     		pop	{r3, pc}
  44              	.L4:
  45 000e 00BF     		.align	2
  46              	.L3:
  47 0010 00000000 		.word	.LC0
  48              		.cfi_endproc
  49              	.LFE68:
  50              		.size	TIMER_STEP, .-TIMER_STEP
  51              		.section	.text.goHome,"ax",%progbits
  52              		.align	2
  53              		.global	goHome
  54              		.thumb
  55              		.thumb_func
  56              		.type	goHome, %function
  57              	goHome:
  58              	.LFB64:
  19:main.c        ****     moveElevation(10000); // Go to home
  59              		.loc 1 19 0
  60              		.cfi_startproc
  61              		@ args = 0, pretend = 0, frame = 0
  62              		@ frame_needed = 0, uses_anonymous_args = 0
  63 0000 08B5     		push	{r3, lr}
  64              		.cfi_def_cfa_offset 8
  65              		.cfi_offset 3, -8
  66              		.cfi_offset 14, -4
  20:main.c        ****     CyDelay(5000);
  67              		.loc 1 20 0
  68 0002 42F21070 		movw	r0, #10000
ARM GAS  C:\Users\madse\AppData\Local\Temp\ccryAq5T.s 			page 4


  69 0006 FFF7FEFF 		bl	moveElevation
  70              	.LVL2:
  21:main.c        ****     moveElevation(-660);
  71              		.loc 1 21 0
  72 000a 41F28830 		movw	r0, #5000
  73 000e FFF7FEFF 		bl	CyDelay
  74              	.LVL3:
  22:main.c        ****     CyDelay(2000);
  75              		.loc 1 22 0
  76 0012 0D48     		ldr	r0, .L7
  77 0014 FFF7FEFF 		bl	moveElevation
  78              	.LVL4:
  23:main.c        ****     moveAzimuth(-10000);
  79              		.loc 1 23 0
  80 0018 4FF4FA60 		mov	r0, #2000
  81 001c FFF7FEFF 		bl	CyDelay
  82              	.LVL5:
  24:main.c        ****     CyDelay(5000);
  83              		.loc 1 24 0
  84 0020 0A48     		ldr	r0, .L7+4
  85 0022 FFF7FEFF 		bl	moveAzimuth
  86              	.LVL6:
  25:main.c        ****     moveAzimuth(3100);
  87              		.loc 1 25 0
  88 0026 41F28830 		movw	r0, #5000
  89 002a FFF7FEFF 		bl	CyDelay
  90              	.LVL7:
  26:main.c        ****     CyDelay(5000);
  91              		.loc 1 26 0
  92 002e 40F61C40 		movw	r0, #3100
  93 0032 FFF7FEFF 		bl	moveAzimuth
  94              	.LVL8:
  27:main.c        ****     resetAzimuth();
  95              		.loc 1 27 0
  96 0036 41F28830 		movw	r0, #5000
  97 003a FFF7FEFF 		bl	CyDelay
  98              	.LVL9:
  28:main.c        ****     resetElevation();
  99              		.loc 1 28 0
 100 003e FFF7FEFF 		bl	resetAzimuth
 101              	.LVL10:
  29:main.c        **** }
 102              		.loc 1 29 0
 103 0042 FFF7FEFF 		bl	resetElevation
 104              	.LVL11:
 105 0046 08BD     		pop	{r3, pc}
 106              	.L8:
 107              		.align	2
 108              	.L7:
 109 0048 6CFDFFFF 		.word	-660
 110 004c F0D8FFFF 		.word	-10000
 111              		.cfi_endproc
 112              	.LFE64:
 113              		.size	goHome, .-goHome
 114              		.section	.text.automaticAction,"ax",%progbits
 115              		.align	2
 116              		.global	automaticAction
ARM GAS  C:\Users\madse\AppData\Local\Temp\ccryAq5T.s 			page 5


 117              		.thumb
 118              		.thumb_func
 119              		.type	automaticAction, %function
 120              	automaticAction:
 121              	.LFB65:
  32:main.c        ****     
 122              		.loc 1 32 0
 123              		.cfi_startproc
 124              		@ args = 0, pretend = 0, frame = 0
 125              		@ frame_needed = 0, uses_anonymous_args = 0
 126              		@ link register save eliminated.
 127 0000 7047     		bx	lr
 128              		.cfi_endproc
 129              	.LFE65:
 130              		.size	automaticAction, .-automaticAction
 131 0002 00BF     		.section	.text.manualAction,"ax",%progbits
 132              		.align	2
 133              		.global	manualAction
 134              		.thumb
 135              		.thumb_func
 136              		.type	manualAction, %function
 137              	manualAction:
 138              	.LFB66:
  36:main.c        ****     switch (command)
 139              		.loc 1 36 0
 140              		.cfi_startproc
 141              		@ args = 0, pretend = 0, frame = 0
 142              		@ frame_needed = 0, uses_anonymous_args = 0
 143              	.LVL12:
  36:main.c        ****     switch (command)
 144              		.loc 1 36 0
 145 0000 08B5     		push	{r3, lr}
 146              		.cfi_def_cfa_offset 8
 147              		.cfi_offset 3, -8
 148              		.cfi_offset 14, -4
  37:main.c        ****     {
 149              		.loc 1 37 0
 150 0002 0138     		subs	r0, r0, #1
 151              	.LVL13:
 152 0004 0628     		cmp	r0, #6
 153 0006 19D8     		bhi	.L10
 154 0008 DFE800F0 		tbb	[pc, r0]
 155              	.L13:
 156 000c 04       		.byte	(.L12-.L13)/2
 157 000d 08       		.byte	(.L14-.L13)/2
 158 000e 0D       		.byte	(.L15-.L13)/2
 159 000f 11       		.byte	(.L16-.L13)/2
 160 0010 18       		.byte	(.L10-.L13)/2
 161 0011 18       		.byte	(.L10-.L13)/2
 162 0012 16       		.byte	(.L17-.L13)/2
 163 0013 00       		.p2align 1
 164              	.L12:
  41:main.c        ****             break;
 165              		.loc 1 41 0
 166 0014 C820     		movs	r0, #200
 167 0016 FFF7FEFF 		bl	moveAzimuth
 168              	.LVL14:
ARM GAS  C:\Users\madse\AppData\Local\Temp\ccryAq5T.s 			page 6


  42:main.c        ****         case 2:
 169              		.loc 1 42 0
 170 001a 08BD     		pop	{r3, pc}
 171              	.L14:
  45:main.c        ****             break;
 172              		.loc 1 45 0
 173 001c 6FF0C700 		mvn	r0, #199
 174 0020 FFF7FEFF 		bl	moveAzimuth
 175              	.LVL15:
  46:main.c        ****         case 3:
 176              		.loc 1 46 0
 177 0024 08BD     		pop	{r3, pc}
 178              	.L15:
  49:main.c        ****             break;
 179              		.loc 1 49 0
 180 0026 C820     		movs	r0, #200
 181 0028 FFF7FEFF 		bl	moveElevation
 182              	.LVL16:
  50:main.c        ****         case 4:
 183              		.loc 1 50 0
 184 002c 08BD     		pop	{r3, pc}
 185              	.L16:
  53:main.c        ****             break;
 186              		.loc 1 53 0
 187 002e 6FF0C700 		mvn	r0, #199
 188 0032 FFF7FEFF 		bl	moveElevation
 189              	.LVL17:
  54:main.c        ****         case 7:
 190              		.loc 1 54 0
 191 0036 08BD     		pop	{r3, pc}
 192              	.L17:
  56:main.c        ****             break;
 193              		.loc 1 56 0
 194 0038 FFF7FEFF 		bl	goHome
 195              	.LVL18:
 196              	.L10:
 197 003c 08BD     		pop	{r3, pc}
 198              		.cfi_endproc
 199              	.LFE66:
 200              		.size	manualAction, .-manualAction
 201 003e 00BF     		.section	.text.SPI_RX_HANDLER,"ax",%progbits
 202              		.align	2
 203              		.global	SPI_RX_HANDLER
 204              		.thumb
 205              		.thumb_func
 206              		.type	SPI_RX_HANDLER, %function
 207              	SPI_RX_HANDLER:
 208              	.LFB67:
  65:main.c        ****     if (SPIS_1_GetRxBufferSize() == 0) {
 209              		.loc 1 65 0
 210              		.cfi_startproc
 211              		@ args = 0, pretend = 0, frame = 64
 212              		@ frame_needed = 0, uses_anonymous_args = 0
 213 0000 10B5     		push	{r4, lr}
 214              		.cfi_def_cfa_offset 8
 215              		.cfi_offset 4, -8
 216              		.cfi_offset 14, -4
ARM GAS  C:\Users\madse\AppData\Local\Temp\ccryAq5T.s 			page 7


 217 0002 90B0     		sub	sp, sp, #64
 218              		.cfi_def_cfa_offset 72
  66:main.c        ****         return;
 219              		.loc 1 66 0
 220 0004 FFF7FEFF 		bl	SPIS_1_GetRxBufferSize
 221              	.LVL19:
 222 0008 00B3     		cbz	r0, .L19
  71:main.c        ****     
 223              		.loc 1 71 0
 224 000a FFF7FEFF 		bl	SPIS_1_ReadRxData
 225              	.LVL20:
 226 000e 0446     		mov	r4, r0
 227              	.LVL21:
  74:main.c        ****     UART_1_PutString(buff);
 228              		.loc 1 74 0
 229 0010 0346     		mov	r3, r0
 230 0012 0F4A     		ldr	r2, .L28
 231 0014 4021     		movs	r1, #64
 232 0016 6846     		mov	r0, sp
 233              	.LVL22:
 234 0018 FFF7FEFF 		bl	snprintf
 235              	.LVL23:
  75:main.c        ****     
 236              		.loc 1 75 0
 237 001c 6846     		mov	r0, sp
 238 001e FFF7FEFF 		bl	UART_1_PutString
 239              	.LVL24:
  77:main.c        ****     {
 240              		.loc 1 77 0
 241 0022 0A2C     		cmp	r4, #10
 242 0024 02D0     		beq	.L22
 243 0026 0B2C     		cmp	r4, #11
 244 0028 03D0     		beq	.L23
 245 002a 05E0     		b	.L21
 246              	.L22:
  80:main.c        ****         case 11:
 247              		.loc 1 80 0
 248 002c 0122     		movs	r2, #1
 249 002e 094B     		ldr	r3, .L28+4
 250 0030 1A70     		strb	r2, [r3]
 251              	.L23:
  82:main.c        ****         default:
 252              		.loc 1 82 0
 253 0032 0022     		movs	r2, #0
 254 0034 074B     		ldr	r3, .L28+4
 255 0036 1A70     		strb	r2, [r3]
 256              	.L21:
  87:main.c        ****         case AUTOMATIC:
 257              		.loc 1 87 0
 258 0038 064B     		ldr	r3, .L28+4
 259 003a 1B78     		ldrb	r3, [r3]	@ zero_extendqisi2
 260 003c DBB2     		uxtb	r3, r3
 261 003e 012B     		cmp	r3, #1
 262 0040 02D1     		bne	.L24
  92:main.c        ****             break;    
 263              		.loc 1 92 0
 264 0042 2046     		mov	r0, r4
ARM GAS  C:\Users\madse\AppData\Local\Temp\ccryAq5T.s 			page 8


 265 0044 FFF7FEFF 		bl	manualAction
 266              	.LVL25:
 267              	.L24:
  96:main.c        **** }
 268              		.loc 1 96 0
 269 0048 FFF7FEFF 		bl	MOTOR_STEP
 270              	.LVL26:
 271              	.L19:
  97:main.c        **** 
 272              		.loc 1 97 0
 273 004c 10B0     		add	sp, sp, #64
 274              		.cfi_def_cfa_offset 8
 275              		@ sp needed
 276 004e 10BD     		pop	{r4, pc}
 277              	.L29:
 278              		.align	2
 279              	.L28:
 280 0050 08000000 		.word	.LC1
 281 0054 00000000 		.word	.LANCHOR0
 282              		.cfi_endproc
 283              	.LFE67:
 284              		.size	SPI_RX_HANDLER, .-SPI_RX_HANDLER
 285              		.section	.text.main,"ax",%progbits
 286              		.align	2
 287              		.global	main
 288              		.thumb
 289              		.thumb_func
 290              		.type	main, %function
 291              	main:
 292              	.LFB69:
 102:main.c        **** }
 103:main.c        **** 
 104:main.c        **** int main(void)
 105:main.c        **** {
 293              		.loc 1 105 0
 294              		.cfi_startproc
 295              		@ args = 0, pretend = 0, frame = 0
 296              		@ frame_needed = 0, uses_anonymous_args = 0
 297 0000 F8B5     		push	{r3, r4, r5, r6, r7, lr}
 298              		.cfi_def_cfa_offset 24
 299              		.cfi_offset 3, -24
 300              		.cfi_offset 4, -20
 301              		.cfi_offset 5, -16
 302              		.cfi_offset 6, -12
 303              		.cfi_offset 7, -8
 304              		.cfi_offset 14, -4
 106:main.c        ****     CyGlobalIntEnable;
 305              		.loc 1 106 0
 306              		.syntax unified
 307              	@ 106 "main.c" 1
 308 0002 62B6     		CPSIE   i
 309              	@ 0 "" 2
 107:main.c        ****     UART_1_Start();
 310              		.loc 1 107 0
 311              		.thumb
 312              		.syntax unified
 313 0004 FFF7FEFF 		bl	UART_1_Start
ARM GAS  C:\Users\madse\AppData\Local\Temp\ccryAq5T.s 			page 9


 314              	.LVL27:
 108:main.c        ****     ADC_SAR_1_Start();
 315              		.loc 1 108 0
 316 0008 FFF7FEFF 		bl	ADC_SAR_1_Start
 317              	.LVL28:
 109:main.c        ****     ADC_SAR_1_StartConvert();
 318              		.loc 1 109 0
 319 000c FFF7FEFF 		bl	ADC_SAR_1_StartConvert
 320              	.LVL29:
 110:main.c        ****     ADC_SAR_2_Start();
 321              		.loc 1 110 0
 322 0010 FFF7FEFF 		bl	ADC_SAR_2_Start
 323              	.LVL30:
 111:main.c        ****     ADC_SAR_2_StartConvert();
 324              		.loc 1 111 0
 325 0014 FFF7FEFF 		bl	ADC_SAR_2_StartConvert
 326              	.LVL31:
 112:main.c        ****     isr_motor_StartEx(MOTOR_STEP);
 327              		.loc 1 112 0
 328 0018 2748     		ldr	r0, .L33
 329 001a FFF7FEFF 		bl	isr_motor_StartEx
 330              	.LVL32:
 113:main.c        ****     UART_1_PutString("WAM!\r\n");
 331              		.loc 1 113 0
 332 001e 2748     		ldr	r0, .L33+4
 333 0020 FFF7FEFF 		bl	UART_1_PutString
 334              	.LVL33:
 114:main.c        ****     Timer_1_Start();
 335              		.loc 1 114 0
 336 0024 FFF7FEFF 		bl	Timer_1_Start
 337              	.LVL34:
 115:main.c        ****     isr_timer_1_sek_StartEx(TIMER_STEP);
 338              		.loc 1 115 0
 339 0028 2548     		ldr	r0, .L33+8
 340 002a FFF7FEFF 		bl	isr_timer_1_sek_StartEx
 341              	.LVL35:
 116:main.c        ****     
 117:main.c        ****     // Start SPI Slave component.
 118:main.c        ****     SPIS_1_Start();
 342              		.loc 1 118 0
 343 002e FFF7FEFF 		bl	SPIS_1_Start
 344              	.LVL36:
 119:main.c        ****     isr_spis_1_rx_StartEx(SPI_RX_HANDLER);
 345              		.loc 1 119 0
 346 0032 2448     		ldr	r0, .L33+12
 347 0034 FFF7FEFF 		bl	isr_spis_1_rx_StartEx
 348              	.LVL37:
 120:main.c        ****     
 121:main.c        ****     goHome();
 349              		.loc 1 121 0
 350 0038 FFF7FEFF 		bl	goHome
 351              	.LVL38:
 352              	.L31:
 353              	.LBB2:
 122:main.c        ****     
 123:main.c        **** 
 124:main.c        ****     int16_t voltage = 0;
ARM GAS  C:\Users\madse\AppData\Local\Temp\ccryAq5T.s 			page 10


 125:main.c        ****     int16_t azimuth = 0;
 126:main.c        ****     int16_t elevation = 0;
 127:main.c        ****     for(;;) 
 128:main.c        ****     {
 129:main.c        ****         SPIS_1_WriteTxData(0xAA);
 354              		.loc 1 129 0 discriminator 1
 355 003c AA20     		movs	r0, #170
 356 003e FFF7FEFF 		bl	SPIS_1_WriteTxData
 357              	.LVL39:
 130:main.c        ****         
 131:main.c        ****         azimuth = getAzimuth();
 358              		.loc 1 131 0 discriminator 1
 359 0042 FFF7FEFF 		bl	getAzimuth
 360              	.LVL40:
 361 0046 0446     		mov	r4, r0
 362              	.LVL41:
 132:main.c        ****         int16_t azimuthUnsigned = (int16_t)azimuth;
 133:main.c        ****         int8_t azimuthHigh = (azimuthUnsigned >> 8) & 0xFF;
 134:main.c        ****         int8_t azimuthLow = azimuthUnsigned & 0xFF;
 135:main.c        ****         SPIS_1_WriteTxData(azimuthHigh);
 363              		.loc 1 135 0 discriminator 1
 364 0048 C0F30720 		ubfx	r0, r0, #8, #8
 365              	.LVL42:
 366 004c FFF7FEFF 		bl	SPIS_1_WriteTxData
 367              	.LVL43:
 136:main.c        ****         SPIS_1_WriteTxData(azimuthLow);
 368              		.loc 1 136 0 discriminator 1
 369 0050 E0B2     		uxtb	r0, r4
 370 0052 FFF7FEFF 		bl	SPIS_1_WriteTxData
 371              	.LVL44:
 137:main.c        ****         
 138:main.c        ****         elevation = getElevation();
 372              		.loc 1 138 0 discriminator 1
 373 0056 FFF7FEFF 		bl	getElevation
 374              	.LVL45:
 375 005a 0446     		mov	r4, r0
 376              	.LVL46:
 139:main.c        ****         int16_t elevationUnsigned = (int16_t)elevation;
 140:main.c        ****         int8_t elevationHigh = (elevationUnsigned >> 8) & 0xFF;
 141:main.c        ****         int8_t elevationLow = elevationUnsigned & 0xFF;
 142:main.c        ****         SPIS_1_WriteTxData(elevationHigh);
 377              		.loc 1 142 0 discriminator 1
 378 005c C0F30720 		ubfx	r0, r0, #8, #8
 379              	.LVL47:
 380 0060 FFF7FEFF 		bl	SPIS_1_WriteTxData
 381              	.LVL48:
 143:main.c        ****         SPIS_1_WriteTxData(elevationLow);
 382              		.loc 1 143 0 discriminator 1
 383 0064 E0B2     		uxtb	r0, r4
 384 0066 FFF7FEFF 		bl	SPIS_1_WriteTxData
 385              	.LVL49:
 144:main.c        ****         
 145:main.c        ****         voltage = voltageDividerToPercent();
 386              		.loc 1 145 0 discriminator 1
 387 006a FFF7FEFF 		bl	voltageDividerToPercent
 388              	.LVL50:
 389 006e 0446     		mov	r4, r0
ARM GAS  C:\Users\madse\AppData\Local\Temp\ccryAq5T.s 			page 11


 390              	.LVL51:
 146:main.c        ****         int16_t voltageUnsigned = (int16_t)voltage;
 147:main.c        ****         int8_t voltageHigh = (voltageUnsigned >> 8) & 0xFF;
 148:main.c        ****         int8_t voltageLow = voltageUnsigned & 0xFF;
 149:main.c        **** 
 150:main.c        ****         SPIS_1_WriteTxData(voltageHigh);
 391              		.loc 1 150 0 discriminator 1
 392 0070 C0F30720 		ubfx	r0, r0, #8, #8
 393              	.LVL52:
 394 0074 FFF7FEFF 		bl	SPIS_1_WriteTxData
 395              	.LVL53:
 151:main.c        ****         SPIS_1_WriteTxData(voltageLow);
 396              		.loc 1 151 0 discriminator 1
 397 0078 E0B2     		uxtb	r0, r4
 398 007a FFF7FEFF 		bl	SPIS_1_WriteTxData
 399              	.LVL54:
 152:main.c        ****         
 153:main.c        ****         int8_t left = sunLeft() ? 1 : 0;
 400              		.loc 1 153 0 discriminator 1
 401 007e FFF7FEFF 		bl	sunLeft
 402              	.LVL55:
 403 0082 0746     		mov	r7, r0
 404              	.LVL56:
 154:main.c        ****         int8_t right = sunRight() ? 1 : 0;
 405              		.loc 1 154 0 discriminator 1
 406 0084 FFF7FEFF 		bl	sunRight
 407              	.LVL57:
 408 0088 0646     		mov	r6, r0
 409              	.LVL58:
 155:main.c        ****         int8_t up = sunUp() ? 1 : 0;
 410              		.loc 1 155 0 discriminator 1
 411 008a FFF7FEFF 		bl	sunUp
 412              	.LVL59:
 413 008e 0546     		mov	r5, r0
 414              	.LVL60:
 156:main.c        ****         int8_t down = sunDown() ? 1 : 0;
 415              		.loc 1 156 0 discriminator 1
 416 0090 FFF7FEFF 		bl	sunDown
 417              	.LVL61:
 418 0094 0446     		mov	r4, r0
 419              	.LVL62:
 157:main.c        ****         SPIS_1_WriteTxData(left);
 420              		.loc 1 157 0 discriminator 1
 421 0096 3846     		mov	r0, r7
 422 0098 FFF7FEFF 		bl	SPIS_1_WriteTxData
 423              	.LVL63:
 158:main.c        ****         SPIS_1_WriteTxData(right);
 424              		.loc 1 158 0 discriminator 1
 425 009c 3046     		mov	r0, r6
 426 009e FFF7FEFF 		bl	SPIS_1_WriteTxData
 427              	.LVL64:
 159:main.c        ****         SPIS_1_WriteTxData(up);
 428              		.loc 1 159 0 discriminator 1
 429 00a2 2846     		mov	r0, r5
 430 00a4 FFF7FEFF 		bl	SPIS_1_WriteTxData
 431              	.LVL65:
 160:main.c        ****         SPIS_1_WriteTxData(down);
ARM GAS  C:\Users\madse\AppData\Local\Temp\ccryAq5T.s 			page 12


 432              		.loc 1 160 0 discriminator 1
 433 00a8 2046     		mov	r0, r4
 434 00aa FFF7FEFF 		bl	SPIS_1_WriteTxData
 435              	.LVL66:
 161:main.c        ****         SPIS_1_WriteTxData(0xBB);
 436              		.loc 1 161 0 discriminator 1
 437 00ae BB20     		movs	r0, #187
 438 00b0 FFF7FEFF 		bl	SPIS_1_WriteTxData
 439              	.LVL67:
 440 00b4 C2E7     		b	.L31
 441              	.L34:
 442 00b6 00BF     		.align	2
 443              	.L33:
 444 00b8 00000000 		.word	MOTOR_STEP
 445 00bc 18000000 		.word	.LC2
 446 00c0 00000000 		.word	TIMER_STEP
 447 00c4 00000000 		.word	SPI_RX_HANDLER
 448              	.LBE2:
 449              		.cfi_endproc
 450              	.LFE69:
 451              		.size	main, .-main
 452              		.global	current_mode
 453              		.section	.rodata.str1.4,"aMS",%progbits,1
 454              		.align	2
 455              	.LC0:
 456 0000 54494D45 		.ascii	"TIMER\015\012\000"
 456      520D0A00 
 457              	.LC1:
 458 0008 44617461 		.ascii	"Data: %i  \015\012\000"
 458      3A202569 
 458      20200D0A 
 458      00
 459 0015 000000   		.space	3
 460              	.LC2:
 461 0018 57414D21 		.ascii	"WAM!\015\012\000"
 461      0D0A00
 462              		.bss
 463              		.set	.LANCHOR0,. + 0
 464              		.type	current_mode, %object
 465              		.size	current_mode, 1
 466              	current_mode:
 467 0000 00       		.space	1
 468              		.text
 469              	.Letext0:
 470              		.file 2 "c:\\program files (x86)\\cypress\\psoc creator\\4.4\\psoc creator\\import\\gnu\\arm\\5.4.
 471              		.file 3 "c:\\program files (x86)\\cypress\\psoc creator\\4.4\\psoc creator\\import\\gnu\\arm\\5.4.
 472              		.file 4 "Generated_Source\\PSoC5/core_cm3.h"
 473              		.file 5 "Generated_Source\\PSoC5/UART_1.h"
 474              		.file 6 "Generated_Source\\PSoC5/Timer_1.h"
 475              		.file 7 "StepperMotorDriver.h"
 476              		.file 8 "Generated_Source\\PSoC5/CyLib.h"
 477              		.file 9 "Generated_Source\\PSoC5/SPIS_1.h"
 478              		.file 10 "c:\\program files (x86)\\cypress\\psoc creator\\4.4\\psoc creator\\import\\gnu\\arm\\5.4
 479              		.file 11 "BatteryDriver.h"
 480              		.file 12 "SensorDriver.h"
 481              		.file 13 "Generated_Source\\PSoC5/ADC_SAR_1.h"
 482              		.file 14 "Generated_Source\\PSoC5/ADC_SAR_2.h"
ARM GAS  C:\Users\madse\AppData\Local\Temp\ccryAq5T.s 			page 13


 483              		.file 15 "Generated_Source\\PSoC5/isr_motor.h"
 484              		.file 16 "Generated_Source\\PSoC5/isr_timer_1_sek.h"
 485              		.file 17 "Generated_Source\\PSoC5/isr_spis_1_rx.h"
 486              		.file 18 "Mode.h"
 487              		.section	.debug_info,"",%progbits
 488              	.Ldebug_info0:
 489 0000 8F070000 		.4byte	0x78f
 490 0004 0400     		.2byte	0x4
 491 0006 00000000 		.4byte	.Ldebug_abbrev0
 492 000a 04       		.byte	0x4
 493 000b 01       		.uleb128 0x1
 494 000c 61020000 		.4byte	.LASF75
 495 0010 0C       		.byte	0xc
 496 0011 BA030000 		.4byte	.LASF76
 497 0015 3F030000 		.4byte	.LASF77
 498 0019 00000000 		.4byte	.Ldebug_ranges0+0
 499 001d 00000000 		.4byte	0
 500 0021 00000000 		.4byte	.Ldebug_line0
 501 0025 02       		.uleb128 0x2
 502 0026 58020000 		.4byte	.LASF0
 503 002a 02       		.byte	0x2
 504 002b 1B       		.byte	0x1b
 505 002c 30000000 		.4byte	0x30
 506 0030 03       		.uleb128 0x3
 507 0031 01       		.byte	0x1
 508 0032 06       		.byte	0x6
 509 0033 E2010000 		.4byte	.LASF2
 510 0037 02       		.uleb128 0x2
 511 0038 29010000 		.4byte	.LASF1
 512 003c 02       		.byte	0x2
 513 003d 1D       		.byte	0x1d
 514 003e 42000000 		.4byte	0x42
 515 0042 03       		.uleb128 0x3
 516 0043 01       		.byte	0x1
 517 0044 08       		.byte	0x8
 518 0045 5F010000 		.4byte	.LASF3
 519 0049 02       		.uleb128 0x2
 520 004a 20040000 		.4byte	.LASF4
 521 004e 02       		.byte	0x2
 522 004f 29       		.byte	0x29
 523 0050 54000000 		.4byte	0x54
 524 0054 03       		.uleb128 0x3
 525 0055 02       		.byte	0x2
 526 0056 05       		.byte	0x5
 527 0057 1D000000 		.4byte	.LASF5
 528 005b 03       		.uleb128 0x3
 529 005c 02       		.byte	0x2
 530 005d 07       		.byte	0x7
 531 005e 45020000 		.4byte	.LASF6
 532 0062 02       		.uleb128 0x2
 533 0063 0A040000 		.4byte	.LASF7
 534 0067 02       		.byte	0x2
 535 0068 3F       		.byte	0x3f
 536 0069 6D000000 		.4byte	0x6d
 537 006d 03       		.uleb128 0x3
 538 006e 04       		.byte	0x4
 539 006f 05       		.byte	0x5
ARM GAS  C:\Users\madse\AppData\Local\Temp\ccryAq5T.s 			page 14


 540 0070 03010000 		.4byte	.LASF8
 541 0074 03       		.uleb128 0x3
 542 0075 04       		.byte	0x4
 543 0076 07       		.byte	0x7
 544 0077 C1030000 		.4byte	.LASF9
 545 007b 03       		.uleb128 0x3
 546 007c 08       		.byte	0x8
 547 007d 05       		.byte	0x5
 548 007e DB000000 		.4byte	.LASF10
 549 0082 03       		.uleb128 0x3
 550 0083 08       		.byte	0x8
 551 0084 07       		.byte	0x7
 552 0085 F6010000 		.4byte	.LASF11
 553 0089 04       		.uleb128 0x4
 554 008a 04       		.byte	0x4
 555 008b 05       		.byte	0x5
 556 008c 696E7400 		.ascii	"int\000"
 557 0090 03       		.uleb128 0x3
 558 0091 04       		.byte	0x4
 559 0092 07       		.byte	0x7
 560 0093 0D020000 		.4byte	.LASF12
 561 0097 02       		.uleb128 0x2
 562 0098 16000000 		.4byte	.LASF13
 563 009c 03       		.byte	0x3
 564 009d 14       		.byte	0x14
 565 009e 25000000 		.4byte	0x25
 566 00a2 02       		.uleb128 0x2
 567 00a3 8E000000 		.4byte	.LASF14
 568 00a7 03       		.byte	0x3
 569 00a8 18       		.byte	0x18
 570 00a9 37000000 		.4byte	0x37
 571 00ad 02       		.uleb128 0x2
 572 00ae 2B030000 		.4byte	.LASF15
 573 00b2 03       		.byte	0x3
 574 00b3 20       		.byte	0x20
 575 00b4 49000000 		.4byte	0x49
 576 00b8 02       		.uleb128 0x2
 577 00b9 EE010000 		.4byte	.LASF16
 578 00bd 03       		.byte	0x3
 579 00be 2C       		.byte	0x2c
 580 00bf 62000000 		.4byte	0x62
 581 00c3 03       		.uleb128 0x3
 582 00c4 04       		.byte	0x4
 583 00c5 04       		.byte	0x4
 584 00c6 C8000000 		.4byte	.LASF17
 585 00ca 03       		.uleb128 0x3
 586 00cb 08       		.byte	0x8
 587 00cc 04       		.byte	0x4
 588 00cd E3030000 		.4byte	.LASF18
 589 00d1 03       		.uleb128 0x3
 590 00d2 01       		.byte	0x1
 591 00d3 08       		.byte	0x8
 592 00d4 EF020000 		.4byte	.LASF19
 593 00d8 03       		.uleb128 0x3
 594 00d9 08       		.byte	0x8
 595 00da 04       		.byte	0x4
 596 00db 92010000 		.4byte	.LASF20
ARM GAS  C:\Users\madse\AppData\Local\Temp\ccryAq5T.s 			page 15


 597 00df 03       		.uleb128 0x3
 598 00e0 04       		.byte	0x4
 599 00e1 07       		.byte	0x7
 600 00e2 39000000 		.4byte	.LASF21
 601 00e6 05       		.uleb128 0x5
 602 00e7 26030000 		.4byte	.LASF78
 603 00eb 01       		.byte	0x1
 604 00ec 42000000 		.4byte	0x42
 605 00f0 12       		.byte	0x12
 606 00f1 0C       		.byte	0xc
 607 00f2 03010000 		.4byte	0x103
 608 00f6 06       		.uleb128 0x6
 609 00f7 35020000 		.4byte	.LASF22
 610 00fb 00       		.byte	0
 611 00fc 06       		.uleb128 0x6
 612 00fd AF000000 		.4byte	.LASF23
 613 0101 01       		.byte	0x1
 614 0102 00       		.byte	0
 615 0103 07       		.uleb128 0x7
 616 0104 A4000000 		.4byte	.LASF24
 617 0108 01       		.byte	0x1
 618 0109 63       		.byte	0x63
 619 010a 00000000 		.4byte	.LFB68
 620 010e 14000000 		.4byte	.LFE68-.LFB68
 621 0112 01       		.uleb128 0x1
 622 0113 9C       		.byte	0x9c
 623 0114 39010000 		.4byte	0x139
 624 0118 08       		.uleb128 0x8
 625 0119 08000000 		.4byte	.LVL0
 626 011d 53060000 		.4byte	0x653
 627 0121 2F010000 		.4byte	0x12f
 628 0125 09       		.uleb128 0x9
 629 0126 01       		.uleb128 0x1
 630 0127 50       		.byte	0x50
 631 0128 05       		.uleb128 0x5
 632 0129 03       		.byte	0x3
 633 012a 00000000 		.4byte	.LC0
 634 012e 00       		.byte	0
 635 012f 0A       		.uleb128 0xa
 636 0130 0C000000 		.4byte	.LVL1
 637 0134 5E060000 		.4byte	0x65e
 638 0138 00       		.byte	0
 639 0139 0B       		.uleb128 0xb
 640 013a 3C040000 		.4byte	.LASF79
 641 013e 01       		.byte	0x1
 642 013f 12       		.byte	0x12
 643 0140 00000000 		.4byte	.LFB64
 644 0144 50000000 		.4byte	.LFE64-.LFB64
 645 0148 01       		.uleb128 0x1
 646 0149 9C       		.byte	0x9c
 647 014a 09020000 		.4byte	0x209
 648 014e 08       		.uleb128 0x8
 649 014f 0A000000 		.4byte	.LVL2
 650 0153 69060000 		.4byte	0x669
 651 0157 63010000 		.4byte	0x163
 652 015b 09       		.uleb128 0x9
 653 015c 01       		.uleb128 0x1
ARM GAS  C:\Users\madse\AppData\Local\Temp\ccryAq5T.s 			page 16


 654 015d 50       		.byte	0x50
 655 015e 03       		.uleb128 0x3
 656 015f 0A       		.byte	0xa
 657 0160 1027     		.2byte	0x2710
 658 0162 00       		.byte	0
 659 0163 08       		.uleb128 0x8
 660 0164 12000000 		.4byte	.LVL3
 661 0168 74060000 		.4byte	0x674
 662 016c 78010000 		.4byte	0x178
 663 0170 09       		.uleb128 0x9
 664 0171 01       		.uleb128 0x1
 665 0172 50       		.byte	0x50
 666 0173 03       		.uleb128 0x3
 667 0174 0A       		.byte	0xa
 668 0175 8813     		.2byte	0x1388
 669 0177 00       		.byte	0
 670 0178 08       		.uleb128 0x8
 671 0179 18000000 		.4byte	.LVL4
 672 017d 69060000 		.4byte	0x669
 673 0181 8D010000 		.4byte	0x18d
 674 0185 09       		.uleb128 0x9
 675 0186 01       		.uleb128 0x1
 676 0187 50       		.byte	0x50
 677 0188 03       		.uleb128 0x3
 678 0189 0B       		.byte	0xb
 679 018a 6CFD     		.2byte	0xfd6c
 680 018c 00       		.byte	0
 681 018d 08       		.uleb128 0x8
 682 018e 20000000 		.4byte	.LVL5
 683 0192 74060000 		.4byte	0x674
 684 0196 A2010000 		.4byte	0x1a2
 685 019a 09       		.uleb128 0x9
 686 019b 01       		.uleb128 0x1
 687 019c 50       		.byte	0x50
 688 019d 03       		.uleb128 0x3
 689 019e 0A       		.byte	0xa
 690 019f D007     		.2byte	0x7d0
 691 01a1 00       		.byte	0
 692 01a2 08       		.uleb128 0x8
 693 01a3 26000000 		.4byte	.LVL6
 694 01a7 7F060000 		.4byte	0x67f
 695 01ab B7010000 		.4byte	0x1b7
 696 01af 09       		.uleb128 0x9
 697 01b0 01       		.uleb128 0x1
 698 01b1 50       		.byte	0x50
 699 01b2 03       		.uleb128 0x3
 700 01b3 0B       		.byte	0xb
 701 01b4 F0D8     		.2byte	0xd8f0
 702 01b6 00       		.byte	0
 703 01b7 08       		.uleb128 0x8
 704 01b8 2E000000 		.4byte	.LVL7
 705 01bc 74060000 		.4byte	0x674
 706 01c0 CC010000 		.4byte	0x1cc
 707 01c4 09       		.uleb128 0x9
 708 01c5 01       		.uleb128 0x1
 709 01c6 50       		.byte	0x50
 710 01c7 03       		.uleb128 0x3
ARM GAS  C:\Users\madse\AppData\Local\Temp\ccryAq5T.s 			page 17


 711 01c8 0A       		.byte	0xa
 712 01c9 8813     		.2byte	0x1388
 713 01cb 00       		.byte	0
 714 01cc 08       		.uleb128 0x8
 715 01cd 36000000 		.4byte	.LVL8
 716 01d1 7F060000 		.4byte	0x67f
 717 01d5 E1010000 		.4byte	0x1e1
 718 01d9 09       		.uleb128 0x9
 719 01da 01       		.uleb128 0x1
 720 01db 50       		.byte	0x50
 721 01dc 03       		.uleb128 0x3
 722 01dd 0A       		.byte	0xa
 723 01de 1C0C     		.2byte	0xc1c
 724 01e0 00       		.byte	0
 725 01e1 08       		.uleb128 0x8
 726 01e2 3E000000 		.4byte	.LVL9
 727 01e6 74060000 		.4byte	0x674
 728 01ea F6010000 		.4byte	0x1f6
 729 01ee 09       		.uleb128 0x9
 730 01ef 01       		.uleb128 0x1
 731 01f0 50       		.byte	0x50
 732 01f1 03       		.uleb128 0x3
 733 01f2 0A       		.byte	0xa
 734 01f3 8813     		.2byte	0x1388
 735 01f5 00       		.byte	0
 736 01f6 0A       		.uleb128 0xa
 737 01f7 42000000 		.4byte	.LVL10
 738 01fb 8A060000 		.4byte	0x68a
 739 01ff 0A       		.uleb128 0xa
 740 0200 46000000 		.4byte	.LVL11
 741 0204 95060000 		.4byte	0x695
 742 0208 00       		.byte	0
 743 0209 0C       		.uleb128 0xc
 744 020a 43040000 		.4byte	.LASF80
 745 020e 01       		.byte	0x1
 746 020f 20       		.byte	0x20
 747 0210 00000000 		.4byte	.LFB65
 748 0214 02000000 		.4byte	.LFE65-.LFB65
 749 0218 01       		.uleb128 0x1
 750 0219 9C       		.byte	0x9c
 751 021a 07       		.uleb128 0x7
 752 021b 97030000 		.4byte	.LASF25
 753 021f 01       		.byte	0x1
 754 0220 24       		.byte	0x24
 755 0221 00000000 		.4byte	.LFB66
 756 0225 3E000000 		.4byte	.LFE66-.LFB66
 757 0229 01       		.uleb128 0x1
 758 022a 9C       		.byte	0x9c
 759 022b 9A020000 		.4byte	0x29a
 760 022f 0D       		.uleb128 0xd
 761 0230 B2040000 		.4byte	.LASF81
 762 0234 01       		.byte	0x1
 763 0235 24       		.byte	0x24
 764 0236 A2000000 		.4byte	0xa2
 765 023a 00000000 		.4byte	.LLST0
 766 023e 08       		.uleb128 0x8
 767 023f 1A000000 		.4byte	.LVL14
ARM GAS  C:\Users\madse\AppData\Local\Temp\ccryAq5T.s 			page 18


 768 0243 7F060000 		.4byte	0x67f
 769 0247 52020000 		.4byte	0x252
 770 024b 09       		.uleb128 0x9
 771 024c 01       		.uleb128 0x1
 772 024d 50       		.byte	0x50
 773 024e 02       		.uleb128 0x2
 774 024f 08       		.byte	0x8
 775 0250 C8       		.byte	0xc8
 776 0251 00       		.byte	0
 777 0252 08       		.uleb128 0x8
 778 0253 24000000 		.4byte	.LVL15
 779 0257 7F060000 		.4byte	0x67f
 780 025b 67020000 		.4byte	0x267
 781 025f 09       		.uleb128 0x9
 782 0260 01       		.uleb128 0x1
 783 0261 50       		.byte	0x50
 784 0262 03       		.uleb128 0x3
 785 0263 0B       		.byte	0xb
 786 0264 38FF     		.2byte	0xff38
 787 0266 00       		.byte	0
 788 0267 08       		.uleb128 0x8
 789 0268 2C000000 		.4byte	.LVL16
 790 026c 69060000 		.4byte	0x669
 791 0270 7B020000 		.4byte	0x27b
 792 0274 09       		.uleb128 0x9
 793 0275 01       		.uleb128 0x1
 794 0276 50       		.byte	0x50
 795 0277 02       		.uleb128 0x2
 796 0278 08       		.byte	0x8
 797 0279 C8       		.byte	0xc8
 798 027a 00       		.byte	0
 799 027b 08       		.uleb128 0x8
 800 027c 36000000 		.4byte	.LVL17
 801 0280 69060000 		.4byte	0x669
 802 0284 90020000 		.4byte	0x290
 803 0288 09       		.uleb128 0x9
 804 0289 01       		.uleb128 0x1
 805 028a 50       		.byte	0x50
 806 028b 03       		.uleb128 0x3
 807 028c 0B       		.byte	0xb
 808 028d 38FF     		.2byte	0xff38
 809 028f 00       		.byte	0
 810 0290 0A       		.uleb128 0xa
 811 0291 3C000000 		.4byte	.LVL18
 812 0295 39010000 		.4byte	0x139
 813 0299 00       		.byte	0
 814 029a 07       		.uleb128 0x7
 815 029b 9E010000 		.4byte	.LASF26
 816 029f 01       		.byte	0x1
 817 02a0 40       		.byte	0x40
 818 02a1 00000000 		.4byte	.LFB67
 819 02a5 58000000 		.4byte	.LFE67-.LFB67
 820 02a9 01       		.uleb128 0x1
 821 02aa 9C       		.byte	0x9c
 822 02ab 3A030000 		.4byte	0x33a
 823 02af 0E       		.uleb128 0xe
 824 02b0 CE000000 		.4byte	.LASF27
ARM GAS  C:\Users\madse\AppData\Local\Temp\ccryAq5T.s 			page 19


 825 02b4 01       		.byte	0x1
 826 02b5 47       		.byte	0x47
 827 02b6 A2000000 		.4byte	0xa2
 828 02ba 21000000 		.4byte	.LLST1
 829 02be 0F       		.uleb128 0xf
 830 02bf 54000000 		.4byte	.LASF28
 831 02c3 01       		.byte	0x1
 832 02c4 49       		.byte	0x49
 833 02c5 3A030000 		.4byte	0x33a
 834 02c9 03       		.uleb128 0x3
 835 02ca 91       		.byte	0x91
 836 02cb B87F     		.sleb128 -72
 837 02cd 0A       		.uleb128 0xa
 838 02ce 08000000 		.4byte	.LVL19
 839 02d2 A0060000 		.4byte	0x6a0
 840 02d6 0A       		.uleb128 0xa
 841 02d7 0E000000 		.4byte	.LVL20
 842 02db AB060000 		.4byte	0x6ab
 843 02df 08       		.uleb128 0x8
 844 02e0 1C000000 		.4byte	.LVL23
 845 02e4 B6060000 		.4byte	0x6b6
 846 02e8 08030000 		.4byte	0x308
 847 02ec 09       		.uleb128 0x9
 848 02ed 01       		.uleb128 0x1
 849 02ee 50       		.byte	0x50
 850 02ef 02       		.uleb128 0x2
 851 02f0 7D       		.byte	0x7d
 852 02f1 00       		.sleb128 0
 853 02f2 09       		.uleb128 0x9
 854 02f3 01       		.uleb128 0x1
 855 02f4 51       		.byte	0x51
 856 02f5 02       		.uleb128 0x2
 857 02f6 08       		.byte	0x8
 858 02f7 40       		.byte	0x40
 859 02f8 09       		.uleb128 0x9
 860 02f9 01       		.uleb128 0x1
 861 02fa 52       		.byte	0x52
 862 02fb 05       		.uleb128 0x5
 863 02fc 03       		.byte	0x3
 864 02fd 08000000 		.4byte	.LC1
 865 0301 09       		.uleb128 0x9
 866 0302 01       		.uleb128 0x1
 867 0303 53       		.byte	0x53
 868 0304 02       		.uleb128 0x2
 869 0305 74       		.byte	0x74
 870 0306 00       		.sleb128 0
 871 0307 00       		.byte	0
 872 0308 08       		.uleb128 0x8
 873 0309 22000000 		.4byte	.LVL24
 874 030d 53060000 		.4byte	0x653
 875 0311 1C030000 		.4byte	0x31c
 876 0315 09       		.uleb128 0x9
 877 0316 01       		.uleb128 0x1
 878 0317 50       		.byte	0x50
 879 0318 02       		.uleb128 0x2
 880 0319 7D       		.byte	0x7d
 881 031a 00       		.sleb128 0
ARM GAS  C:\Users\madse\AppData\Local\Temp\ccryAq5T.s 			page 20


 882 031b 00       		.byte	0
 883 031c 08       		.uleb128 0x8
 884 031d 48000000 		.4byte	.LVL25
 885 0321 1A020000 		.4byte	0x21a
 886 0325 30030000 		.4byte	0x330
 887 0329 09       		.uleb128 0x9
 888 032a 01       		.uleb128 0x1
 889 032b 50       		.byte	0x50
 890 032c 02       		.uleb128 0x2
 891 032d 74       		.byte	0x74
 892 032e 00       		.sleb128 0
 893 032f 00       		.byte	0
 894 0330 0A       		.uleb128 0xa
 895 0331 4C000000 		.4byte	.LVL26
 896 0335 C1060000 		.4byte	0x6c1
 897 0339 00       		.byte	0
 898 033a 10       		.uleb128 0x10
 899 033b D1000000 		.4byte	0xd1
 900 033f 4A030000 		.4byte	0x34a
 901 0343 11       		.uleb128 0x11
 902 0344 DF000000 		.4byte	0xdf
 903 0348 3F       		.byte	0x3f
 904 0349 00       		.byte	0
 905 034a 12       		.uleb128 0x12
 906 034b 4F000000 		.4byte	.LASF82
 907 034f 01       		.byte	0x1
 908 0350 68       		.byte	0x68
 909 0351 89000000 		.4byte	0x89
 910 0355 00000000 		.4byte	.LFB69
 911 0359 C8000000 		.4byte	.LFE69-.LFB69
 912 035d 01       		.uleb128 0x1
 913 035e 9C       		.byte	0x9c
 914 035f 2C060000 		.4byte	0x62c
 915 0363 0E       		.uleb128 0xe
 916 0364 0C010000 		.4byte	.LASF29
 917 0368 01       		.byte	0x1
 918 0369 7C       		.byte	0x7c
 919 036a AD000000 		.4byte	0xad
 920 036e 34000000 		.4byte	.LLST2
 921 0372 0E       		.uleb128 0xe
 922 0373 B2030000 		.4byte	.LASF30
 923 0377 01       		.byte	0x1
 924 0378 7D       		.byte	0x7d
 925 0379 AD000000 		.4byte	0xad
 926 037d 47000000 		.4byte	.LLST3
 927 0381 0E       		.uleb128 0xe
 928 0382 E9000000 		.4byte	.LASF31
 929 0386 01       		.byte	0x1
 930 0387 7E       		.byte	0x7e
 931 0388 AD000000 		.4byte	0xad
 932 038c 5A000000 		.4byte	.LLST4
 933 0390 13       		.uleb128 0x13
 934 0391 3C000000 		.4byte	.LBB2
 935 0395 8C000000 		.4byte	.LBE2-.LBB2
 936 0399 95050000 		.4byte	0x595
 937 039d 0E       		.uleb128 0xe
 938 039e D3030000 		.4byte	.LASF32
ARM GAS  C:\Users\madse\AppData\Local\Temp\ccryAq5T.s 			page 21


 939 03a2 01       		.byte	0x1
 940 03a3 84       		.byte	0x84
 941 03a4 AD000000 		.4byte	0xad
 942 03a8 47000000 		.4byte	.LLST3
 943 03ac 0E       		.uleb128 0xe
 944 03ad 33030000 		.4byte	.LASF33
 945 03b1 01       		.byte	0x1
 946 03b2 85       		.byte	0x85
 947 03b3 97000000 		.4byte	0x97
 948 03b7 6D000000 		.4byte	.LLST6
 949 03bb 0E       		.uleb128 0xe
 950 03bc 60040000 		.4byte	.LASF34
 951 03c0 01       		.byte	0x1
 952 03c1 86       		.byte	0x86
 953 03c2 97000000 		.4byte	0x97
 954 03c6 47000000 		.4byte	.LLST3
 955 03ca 0E       		.uleb128 0xe
 956 03cb 2A040000 		.4byte	.LASF35
 957 03cf 01       		.byte	0x1
 958 03d0 8B       		.byte	0x8b
 959 03d1 AD000000 		.4byte	0xad
 960 03d5 5A000000 		.4byte	.LLST4
 961 03d9 0E       		.uleb128 0xe
 962 03da 10030000 		.4byte	.LASF36
 963 03de 01       		.byte	0x1
 964 03df 8C       		.byte	0x8c
 965 03e0 97000000 		.4byte	0x97
 966 03e4 9B000000 		.4byte	.LLST9
 967 03e8 0E       		.uleb128 0xe
 968 03e9 1C010000 		.4byte	.LASF37
 969 03ed 01       		.byte	0x1
 970 03ee 8D       		.byte	0x8d
 971 03ef 97000000 		.4byte	0x97
 972 03f3 5A000000 		.4byte	.LLST4
 973 03f7 0E       		.uleb128 0xe
 974 03f8 F3000000 		.4byte	.LASF38
 975 03fc 01       		.byte	0x1
 976 03fd 92       		.byte	0x92
 977 03fe AD000000 		.4byte	0xad
 978 0402 34000000 		.4byte	.LLST2
 979 0406 0E       		.uleb128 0xe
 980 0407 14040000 		.4byte	.LASF39
 981 040b 01       		.byte	0x1
 982 040c 93       		.byte	0x93
 983 040d 97000000 		.4byte	0x97
 984 0411 C9000000 		.4byte	.LLST12
 985 0415 0E       		.uleb128 0xe
 986 0416 1A020000 		.4byte	.LASF40
 987 041a 01       		.byte	0x1
 988 041b 94       		.byte	0x94
 989 041c 97000000 		.4byte	0x97
 990 0420 34000000 		.4byte	.LLST2
 991 0424 0F       		.uleb128 0xf
 992 0425 0B030000 		.4byte	.LASF41
 993 0429 01       		.byte	0x1
 994 042a 99       		.byte	0x99
 995 042b 97000000 		.4byte	0x97
ARM GAS  C:\Users\madse\AppData\Local\Temp\ccryAq5T.s 			page 22


 996 042f 01       		.uleb128 0x1
 997 0430 57       		.byte	0x57
 998 0431 0F       		.uleb128 0xf
 999 0432 10000000 		.4byte	.LASF42
 1000 0436 01       		.byte	0x1
 1001 0437 9A       		.byte	0x9a
 1002 0438 97000000 		.4byte	0x97
 1003 043c 01       		.uleb128 0x1
 1004 043d 56       		.byte	0x56
 1005 043e 14       		.uleb128 0x14
 1006 043f 757000   		.ascii	"up\000"
 1007 0442 01       		.byte	0x1
 1008 0443 9B       		.byte	0x9b
 1009 0444 97000000 		.4byte	0x97
 1010 0448 01       		.uleb128 0x1
 1011 0449 55       		.byte	0x55
 1012 044a 0F       		.uleb128 0xf
 1013 044b 73040000 		.4byte	.LASF43
 1014 044f 01       		.byte	0x1
 1015 0450 9C       		.byte	0x9c
 1016 0451 97000000 		.4byte	0x97
 1017 0455 01       		.uleb128 0x1
 1018 0456 54       		.byte	0x54
 1019 0457 08       		.uleb128 0x8
 1020 0458 42000000 		.4byte	.LVL39
 1021 045c CC060000 		.4byte	0x6cc
 1022 0460 6B040000 		.4byte	0x46b
 1023 0464 09       		.uleb128 0x9
 1024 0465 01       		.uleb128 0x1
 1025 0466 50       		.byte	0x50
 1026 0467 02       		.uleb128 0x2
 1027 0468 09       		.byte	0x9
 1028 0469 AA       		.byte	0xaa
 1029 046a 00       		.byte	0
 1030 046b 0A       		.uleb128 0xa
 1031 046c 46000000 		.4byte	.LVL40
 1032 0470 D7060000 		.4byte	0x6d7
 1033 0474 08       		.uleb128 0x8
 1034 0475 50000000 		.4byte	.LVL43
 1035 0479 CC060000 		.4byte	0x6cc
 1036 047d 8E040000 		.4byte	0x48e
 1037 0481 09       		.uleb128 0x9
 1038 0482 01       		.uleb128 0x1
 1039 0483 50       		.byte	0x50
 1040 0484 08       		.uleb128 0x8
 1041 0485 74       		.byte	0x74
 1042 0486 00       		.sleb128 0
 1043 0487 09       		.byte	0x9
 1044 0488 F4       		.byte	0xf4
 1045 0489 24       		.byte	0x24
 1046 048a 09       		.byte	0x9
 1047 048b FC       		.byte	0xfc
 1048 048c 25       		.byte	0x25
 1049 048d 00       		.byte	0
 1050 048e 08       		.uleb128 0x8
 1051 048f 56000000 		.4byte	.LVL44
 1052 0493 CC060000 		.4byte	0x6cc
ARM GAS  C:\Users\madse\AppData\Local\Temp\ccryAq5T.s 			page 23


 1053 0497 A2040000 		.4byte	0x4a2
 1054 049b 09       		.uleb128 0x9
 1055 049c 01       		.uleb128 0x1
 1056 049d 50       		.byte	0x50
 1057 049e 02       		.uleb128 0x2
 1058 049f 74       		.byte	0x74
 1059 04a0 00       		.sleb128 0
 1060 04a1 00       		.byte	0
 1061 04a2 0A       		.uleb128 0xa
 1062 04a3 5A000000 		.4byte	.LVL45
 1063 04a7 E2060000 		.4byte	0x6e2
 1064 04ab 08       		.uleb128 0x8
 1065 04ac 64000000 		.4byte	.LVL48
 1066 04b0 CC060000 		.4byte	0x6cc
 1067 04b4 C5040000 		.4byte	0x4c5
 1068 04b8 09       		.uleb128 0x9
 1069 04b9 01       		.uleb128 0x1
 1070 04ba 50       		.byte	0x50
 1071 04bb 08       		.uleb128 0x8
 1072 04bc 74       		.byte	0x74
 1073 04bd 00       		.sleb128 0
 1074 04be 09       		.byte	0x9
 1075 04bf F4       		.byte	0xf4
 1076 04c0 24       		.byte	0x24
 1077 04c1 09       		.byte	0x9
 1078 04c2 FC       		.byte	0xfc
 1079 04c3 25       		.byte	0x25
 1080 04c4 00       		.byte	0
 1081 04c5 08       		.uleb128 0x8
 1082 04c6 6A000000 		.4byte	.LVL49
 1083 04ca CC060000 		.4byte	0x6cc
 1084 04ce D9040000 		.4byte	0x4d9
 1085 04d2 09       		.uleb128 0x9
 1086 04d3 01       		.uleb128 0x1
 1087 04d4 50       		.byte	0x50
 1088 04d5 02       		.uleb128 0x2
 1089 04d6 74       		.byte	0x74
 1090 04d7 00       		.sleb128 0
 1091 04d8 00       		.byte	0
 1092 04d9 0A       		.uleb128 0xa
 1093 04da 6E000000 		.4byte	.LVL50
 1094 04de ED060000 		.4byte	0x6ed
 1095 04e2 08       		.uleb128 0x8
 1096 04e3 78000000 		.4byte	.LVL53
 1097 04e7 CC060000 		.4byte	0x6cc
 1098 04eb FC040000 		.4byte	0x4fc
 1099 04ef 09       		.uleb128 0x9
 1100 04f0 01       		.uleb128 0x1
 1101 04f1 50       		.byte	0x50
 1102 04f2 08       		.uleb128 0x8
 1103 04f3 74       		.byte	0x74
 1104 04f4 00       		.sleb128 0
 1105 04f5 09       		.byte	0x9
 1106 04f6 F4       		.byte	0xf4
 1107 04f7 24       		.byte	0x24
 1108 04f8 09       		.byte	0x9
 1109 04f9 FC       		.byte	0xfc
ARM GAS  C:\Users\madse\AppData\Local\Temp\ccryAq5T.s 			page 24


 1110 04fa 25       		.byte	0x25
 1111 04fb 00       		.byte	0
 1112 04fc 08       		.uleb128 0x8
 1113 04fd 7E000000 		.4byte	.LVL54
 1114 0501 CC060000 		.4byte	0x6cc
 1115 0505 10050000 		.4byte	0x510
 1116 0509 09       		.uleb128 0x9
 1117 050a 01       		.uleb128 0x1
 1118 050b 50       		.byte	0x50
 1119 050c 02       		.uleb128 0x2
 1120 050d 74       		.byte	0x74
 1121 050e 00       		.sleb128 0
 1122 050f 00       		.byte	0
 1123 0510 0A       		.uleb128 0xa
 1124 0511 82000000 		.4byte	.LVL55
 1125 0515 F8060000 		.4byte	0x6f8
 1126 0519 0A       		.uleb128 0xa
 1127 051a 88000000 		.4byte	.LVL57
 1128 051e 03070000 		.4byte	0x703
 1129 0522 0A       		.uleb128 0xa
 1130 0523 8E000000 		.4byte	.LVL59
 1131 0527 0E070000 		.4byte	0x70e
 1132 052b 0A       		.uleb128 0xa
 1133 052c 94000000 		.4byte	.LVL61
 1134 0530 19070000 		.4byte	0x719
 1135 0534 08       		.uleb128 0x8
 1136 0535 9C000000 		.4byte	.LVL63
 1137 0539 CC060000 		.4byte	0x6cc
 1138 053d 48050000 		.4byte	0x548
 1139 0541 09       		.uleb128 0x9
 1140 0542 01       		.uleb128 0x1
 1141 0543 50       		.byte	0x50
 1142 0544 02       		.uleb128 0x2
 1143 0545 77       		.byte	0x77
 1144 0546 00       		.sleb128 0
 1145 0547 00       		.byte	0
 1146 0548 08       		.uleb128 0x8
 1147 0549 A2000000 		.4byte	.LVL64
 1148 054d CC060000 		.4byte	0x6cc
 1149 0551 5C050000 		.4byte	0x55c
 1150 0555 09       		.uleb128 0x9
 1151 0556 01       		.uleb128 0x1
 1152 0557 50       		.byte	0x50
 1153 0558 02       		.uleb128 0x2
 1154 0559 76       		.byte	0x76
 1155 055a 00       		.sleb128 0
 1156 055b 00       		.byte	0
 1157 055c 08       		.uleb128 0x8
 1158 055d A8000000 		.4byte	.LVL65
 1159 0561 CC060000 		.4byte	0x6cc
 1160 0565 70050000 		.4byte	0x570
 1161 0569 09       		.uleb128 0x9
 1162 056a 01       		.uleb128 0x1
 1163 056b 50       		.byte	0x50
 1164 056c 02       		.uleb128 0x2
 1165 056d 75       		.byte	0x75
 1166 056e 00       		.sleb128 0
ARM GAS  C:\Users\madse\AppData\Local\Temp\ccryAq5T.s 			page 25


 1167 056f 00       		.byte	0
 1168 0570 08       		.uleb128 0x8
 1169 0571 AE000000 		.4byte	.LVL66
 1170 0575 CC060000 		.4byte	0x6cc
 1171 0579 84050000 		.4byte	0x584
 1172 057d 09       		.uleb128 0x9
 1173 057e 01       		.uleb128 0x1
 1174 057f 50       		.byte	0x50
 1175 0580 02       		.uleb128 0x2
 1176 0581 74       		.byte	0x74
 1177 0582 00       		.sleb128 0
 1178 0583 00       		.byte	0
 1179 0584 15       		.uleb128 0x15
 1180 0585 B4000000 		.4byte	.LVL67
 1181 0589 CC060000 		.4byte	0x6cc
 1182 058d 09       		.uleb128 0x9
 1183 058e 01       		.uleb128 0x1
 1184 058f 50       		.byte	0x50
 1185 0590 02       		.uleb128 0x2
 1186 0591 09       		.byte	0x9
 1187 0592 BB       		.byte	0xbb
 1188 0593 00       		.byte	0
 1189 0594 00       		.byte	0
 1190 0595 0A       		.uleb128 0xa
 1191 0596 08000000 		.4byte	.LVL27
 1192 059a 24070000 		.4byte	0x724
 1193 059e 0A       		.uleb128 0xa
 1194 059f 0C000000 		.4byte	.LVL28
 1195 05a3 2F070000 		.4byte	0x72f
 1196 05a7 0A       		.uleb128 0xa
 1197 05a8 10000000 		.4byte	.LVL29
 1198 05ac 3A070000 		.4byte	0x73a
 1199 05b0 0A       		.uleb128 0xa
 1200 05b1 14000000 		.4byte	.LVL30
 1201 05b5 45070000 		.4byte	0x745
 1202 05b9 0A       		.uleb128 0xa
 1203 05ba 18000000 		.4byte	.LVL31
 1204 05be 50070000 		.4byte	0x750
 1205 05c2 0A       		.uleb128 0xa
 1206 05c3 1E000000 		.4byte	.LVL32
 1207 05c7 5B070000 		.4byte	0x75b
 1208 05cb 08       		.uleb128 0x8
 1209 05cc 24000000 		.4byte	.LVL33
 1210 05d0 53060000 		.4byte	0x653
 1211 05d4 E2050000 		.4byte	0x5e2
 1212 05d8 09       		.uleb128 0x9
 1213 05d9 01       		.uleb128 0x1
 1214 05da 50       		.byte	0x50
 1215 05db 05       		.uleb128 0x5
 1216 05dc 03       		.byte	0x3
 1217 05dd 18000000 		.4byte	.LC2
 1218 05e1 00       		.byte	0
 1219 05e2 0A       		.uleb128 0xa
 1220 05e3 28000000 		.4byte	.LVL34
 1221 05e7 66070000 		.4byte	0x766
 1222 05eb 08       		.uleb128 0x8
 1223 05ec 2E000000 		.4byte	.LVL35
ARM GAS  C:\Users\madse\AppData\Local\Temp\ccryAq5T.s 			page 26


 1224 05f0 71070000 		.4byte	0x771
 1225 05f4 02060000 		.4byte	0x602
 1226 05f8 09       		.uleb128 0x9
 1227 05f9 01       		.uleb128 0x1
 1228 05fa 50       		.byte	0x50
 1229 05fb 05       		.uleb128 0x5
 1230 05fc 03       		.byte	0x3
 1231 05fd 00000000 		.4byte	TIMER_STEP
 1232 0601 00       		.byte	0
 1233 0602 0A       		.uleb128 0xa
 1234 0603 32000000 		.4byte	.LVL36
 1235 0607 7C070000 		.4byte	0x77c
 1236 060b 08       		.uleb128 0x8
 1237 060c 38000000 		.4byte	.LVL37
 1238 0610 87070000 		.4byte	0x787
 1239 0614 22060000 		.4byte	0x622
 1240 0618 09       		.uleb128 0x9
 1241 0619 01       		.uleb128 0x1
 1242 061a 50       		.byte	0x50
 1243 061b 05       		.uleb128 0x5
 1244 061c 03       		.byte	0x3
 1245 061d 00000000 		.4byte	SPI_RX_HANDLER
 1246 0621 00       		.byte	0
 1247 0622 0A       		.uleb128 0xa
 1248 0623 3C000000 		.4byte	.LVL38
 1249 0627 39010000 		.4byte	0x139
 1250 062b 00       		.byte	0
 1251 062c 16       		.uleb128 0x16
 1252 062d 53040000 		.4byte	.LASF44
 1253 0631 04       		.byte	0x4
 1254 0632 1207     		.2byte	0x712
 1255 0634 38060000 		.4byte	0x638
 1256 0638 17       		.uleb128 0x17
 1257 0639 B8000000 		.4byte	0xb8
 1258 063d 18       		.uleb128 0x18
 1259 063e 59000000 		.4byte	.LASF45
 1260 0642 01       		.byte	0x1
 1261 0643 10       		.byte	0x10
 1262 0644 4E060000 		.4byte	0x64e
 1263 0648 05       		.uleb128 0x5
 1264 0649 03       		.byte	0x3
 1265 064a 00000000 		.4byte	current_mode
 1266 064e 17       		.uleb128 0x17
 1267 064f E6000000 		.4byte	0xe6
 1268 0653 19       		.uleb128 0x19
 1269 0654 EA030000 		.4byte	.LASF46
 1270 0658 EA030000 		.4byte	.LASF46
 1271 065c 05       		.byte	0x5
 1272 065d 8B       		.byte	0x8b
 1273 065e 19       		.uleb128 0x19
 1274 065f 66000000 		.4byte	.LASF47
 1275 0663 66000000 		.4byte	.LASF47
 1276 0667 06       		.byte	0x6
 1277 0668 5E       		.byte	0x5e
 1278 0669 19       		.uleb128 0x19
 1279 066a 96000000 		.4byte	.LASF48
 1280 066e 96000000 		.4byte	.LASF48
ARM GAS  C:\Users\madse\AppData\Local\Temp\ccryAq5T.s 			page 27


 1281 0672 07       		.byte	0x7
 1282 0673 19       		.byte	0x19
 1283 0674 19       		.uleb128 0x19
 1284 0675 6B040000 		.4byte	.LASF49
 1285 0679 6B040000 		.4byte	.LASF49
 1286 067d 08       		.byte	0x8
 1287 067e 76       		.byte	0x76
 1288 067f 19       		.uleb128 0x19
 1289 0680 BA040000 		.4byte	.LASF50
 1290 0684 BA040000 		.4byte	.LASF50
 1291 0688 07       		.byte	0x7
 1292 0689 14       		.byte	0x14
 1293 068a 19       		.uleb128 0x19
 1294 068b 85010000 		.4byte	.LASF51
 1295 068f 85010000 		.4byte	.LASF51
 1296 0693 07       		.byte	0x7
 1297 0694 10       		.byte	0x10
 1298 0695 19       		.uleb128 0x19
 1299 0696 FB030000 		.4byte	.LASF52
 1300 069a FB030000 		.4byte	.LASF52
 1301 069e 07       		.byte	0x7
 1302 069f 11       		.byte	0x11
 1303 06a0 19       		.uleb128 0x19
 1304 06a1 9B040000 		.4byte	.LASF53
 1305 06a5 9B040000 		.4byte	.LASF53
 1306 06a9 09       		.byte	0x9
 1307 06aa 58       		.byte	0x58
 1308 06ab 19       		.uleb128 0x19
 1309 06ac B6000000 		.4byte	.LASF54
 1310 06b0 B6000000 		.4byte	.LASF54
 1311 06b4 09       		.byte	0x9
 1312 06b5 57       		.byte	0x57
 1313 06b6 19       		.uleb128 0x19
 1314 06b7 56010000 		.4byte	.LASF55
 1315 06bb 56010000 		.4byte	.LASF55
 1316 06bf 0A       		.byte	0xa
 1317 06c0 FD       		.byte	0xfd
 1318 06c1 19       		.uleb128 0x19
 1319 06c2 D7010000 		.4byte	.LASF56
 1320 06c6 D7010000 		.4byte	.LASF56
 1321 06ca 07       		.byte	0x7
 1322 06cb 0C       		.byte	0xc
 1323 06cc 19       		.uleb128 0x19
 1324 06cd AD010000 		.4byte	.LASF57
 1325 06d1 AD010000 		.4byte	.LASF57
 1326 06d5 09       		.byte	0x9
 1327 06d6 50       		.byte	0x50
 1328 06d7 19       		.uleb128 0x19
 1329 06d8 78040000 		.4byte	.LASF58
 1330 06dc 78040000 		.4byte	.LASF58
 1331 06e0 07       		.byte	0x7
 1332 06e1 0E       		.byte	0xe
 1333 06e2 19       		.uleb128 0x19
 1334 06e3 81000000 		.4byte	.LASF59
 1335 06e7 81000000 		.4byte	.LASF59
 1336 06eb 07       		.byte	0x7
 1337 06ec 0F       		.byte	0xf
ARM GAS  C:\Users\madse\AppData\Local\Temp\ccryAq5T.s 			page 28


 1338 06ed 19       		.uleb128 0x19
 1339 06ee 6D010000 		.4byte	.LASF60
 1340 06f2 6D010000 		.4byte	.LASF60
 1341 06f6 0B       		.byte	0xb
 1342 06f7 15       		.byte	0x15
 1343 06f8 19       		.uleb128 0x19
 1344 06f9 14010000 		.4byte	.LASF61
 1345 06fd 14010000 		.4byte	.LASF61
 1346 0701 0C       		.byte	0xc
 1347 0702 04       		.byte	0x4
 1348 0703 19       		.uleb128 0x19
 1349 0704 8E030000 		.4byte	.LASF62
 1350 0708 8E030000 		.4byte	.LASF62
 1351 070c 0C       		.byte	0xc
 1352 070d 05       		.byte	0x5
 1353 070e 19       		.uleb128 0x19
 1354 070f 3F020000 		.4byte	.LASF63
 1355 0713 3F020000 		.4byte	.LASF63
 1356 0717 0C       		.byte	0xc
 1357 0718 06       		.byte	0x6
 1358 0719 19       		.uleb128 0x19
 1359 071a 1E030000 		.4byte	.LASF64
 1360 071e 1E030000 		.4byte	.LASF64
 1361 0722 0C       		.byte	0xc
 1362 0723 07       		.byte	0x7
 1363 0724 19       		.uleb128 0x19
 1364 0725 49010000 		.4byte	.LASF65
 1365 0729 49010000 		.4byte	.LASF65
 1366 072d 05       		.byte	0x5
 1367 072e 54       		.byte	0x54
 1368 072f 19       		.uleb128 0x19
 1369 0730 00000000 		.4byte	.LASF66
 1370 0734 00000000 		.4byte	.LASF66
 1371 0738 0D       		.byte	0xd
 1372 0739 34       		.byte	0x34
 1373 073a 19       		.uleb128 0x19
 1374 073b F4020000 		.4byte	.LASF67
 1375 073f F4020000 		.4byte	.LASF67
 1376 0743 0D       		.byte	0xd
 1377 0744 D1       		.byte	0xd1
 1378 0745 19       		.uleb128 0x19
 1379 0746 25020000 		.4byte	.LASF68
 1380 074a 25020000 		.4byte	.LASF68
 1381 074e 0E       		.byte	0xe
 1382 074f 34       		.byte	0x34
 1383 0750 19       		.uleb128 0x19
 1384 0751 C0010000 		.4byte	.LASF69
 1385 0755 C0010000 		.4byte	.LASF69
 1386 0759 0E       		.byte	0xe
 1387 075a D1       		.byte	0xd1
 1388 075b 19       		.uleb128 0x19
 1389 075c 27000000 		.4byte	.LASF70
 1390 0760 27000000 		.4byte	.LASF70
 1391 0764 0F       		.byte	0xf
 1392 0765 18       		.byte	0x18
 1393 0766 19       		.uleb128 0x19
 1394 0767 A4030000 		.4byte	.LASF71
ARM GAS  C:\Users\madse\AppData\Local\Temp\ccryAq5T.s 			page 29


 1395 076b A4030000 		.4byte	.LASF71
 1396 076f 06       		.byte	0x6
 1397 0770 5A       		.byte	0x5a
 1398 0771 19       		.uleb128 0x19
 1399 0772 83040000 		.4byte	.LASF72
 1400 0776 83040000 		.4byte	.LASF72
 1401 077a 10       		.byte	0x10
 1402 077b 18       		.byte	0x18
 1403 077c 19       		.uleb128 0x19
 1404 077d 42000000 		.4byte	.LASF73
 1405 0781 42000000 		.4byte	.LASF73
 1406 0785 09       		.byte	0x9
 1407 0786 46       		.byte	0x46
 1408 0787 19       		.uleb128 0x19
 1409 0788 33010000 		.4byte	.LASF74
 1410 078c 33010000 		.4byte	.LASF74
 1411 0790 11       		.byte	0x11
 1412 0791 18       		.byte	0x18
 1413 0792 00       		.byte	0
 1414              		.section	.debug_abbrev,"",%progbits
 1415              	.Ldebug_abbrev0:
 1416 0000 01       		.uleb128 0x1
 1417 0001 11       		.uleb128 0x11
 1418 0002 01       		.byte	0x1
 1419 0003 25       		.uleb128 0x25
 1420 0004 0E       		.uleb128 0xe
 1421 0005 13       		.uleb128 0x13
 1422 0006 0B       		.uleb128 0xb
 1423 0007 03       		.uleb128 0x3
 1424 0008 0E       		.uleb128 0xe
 1425 0009 1B       		.uleb128 0x1b
 1426 000a 0E       		.uleb128 0xe
 1427 000b 55       		.uleb128 0x55
 1428 000c 17       		.uleb128 0x17
 1429 000d 11       		.uleb128 0x11
 1430 000e 01       		.uleb128 0x1
 1431 000f 10       		.uleb128 0x10
 1432 0010 17       		.uleb128 0x17
 1433 0011 00       		.byte	0
 1434 0012 00       		.byte	0
 1435 0013 02       		.uleb128 0x2
 1436 0014 16       		.uleb128 0x16
 1437 0015 00       		.byte	0
 1438 0016 03       		.uleb128 0x3
 1439 0017 0E       		.uleb128 0xe
 1440 0018 3A       		.uleb128 0x3a
 1441 0019 0B       		.uleb128 0xb
 1442 001a 3B       		.uleb128 0x3b
 1443 001b 0B       		.uleb128 0xb
 1444 001c 49       		.uleb128 0x49
 1445 001d 13       		.uleb128 0x13
 1446 001e 00       		.byte	0
 1447 001f 00       		.byte	0
 1448 0020 03       		.uleb128 0x3
 1449 0021 24       		.uleb128 0x24
 1450 0022 00       		.byte	0
 1451 0023 0B       		.uleb128 0xb
ARM GAS  C:\Users\madse\AppData\Local\Temp\ccryAq5T.s 			page 30


 1452 0024 0B       		.uleb128 0xb
 1453 0025 3E       		.uleb128 0x3e
 1454 0026 0B       		.uleb128 0xb
 1455 0027 03       		.uleb128 0x3
 1456 0028 0E       		.uleb128 0xe
 1457 0029 00       		.byte	0
 1458 002a 00       		.byte	0
 1459 002b 04       		.uleb128 0x4
 1460 002c 24       		.uleb128 0x24
 1461 002d 00       		.byte	0
 1462 002e 0B       		.uleb128 0xb
 1463 002f 0B       		.uleb128 0xb
 1464 0030 3E       		.uleb128 0x3e
 1465 0031 0B       		.uleb128 0xb
 1466 0032 03       		.uleb128 0x3
 1467 0033 08       		.uleb128 0x8
 1468 0034 00       		.byte	0
 1469 0035 00       		.byte	0
 1470 0036 05       		.uleb128 0x5
 1471 0037 04       		.uleb128 0x4
 1472 0038 01       		.byte	0x1
 1473 0039 03       		.uleb128 0x3
 1474 003a 0E       		.uleb128 0xe
 1475 003b 0B       		.uleb128 0xb
 1476 003c 0B       		.uleb128 0xb
 1477 003d 49       		.uleb128 0x49
 1478 003e 13       		.uleb128 0x13
 1479 003f 3A       		.uleb128 0x3a
 1480 0040 0B       		.uleb128 0xb
 1481 0041 3B       		.uleb128 0x3b
 1482 0042 0B       		.uleb128 0xb
 1483 0043 01       		.uleb128 0x1
 1484 0044 13       		.uleb128 0x13
 1485 0045 00       		.byte	0
 1486 0046 00       		.byte	0
 1487 0047 06       		.uleb128 0x6
 1488 0048 28       		.uleb128 0x28
 1489 0049 00       		.byte	0
 1490 004a 03       		.uleb128 0x3
 1491 004b 0E       		.uleb128 0xe
 1492 004c 1C       		.uleb128 0x1c
 1493 004d 0B       		.uleb128 0xb
 1494 004e 00       		.byte	0
 1495 004f 00       		.byte	0
 1496 0050 07       		.uleb128 0x7
 1497 0051 2E       		.uleb128 0x2e
 1498 0052 01       		.byte	0x1
 1499 0053 3F       		.uleb128 0x3f
 1500 0054 19       		.uleb128 0x19
 1501 0055 03       		.uleb128 0x3
 1502 0056 0E       		.uleb128 0xe
 1503 0057 3A       		.uleb128 0x3a
 1504 0058 0B       		.uleb128 0xb
 1505 0059 3B       		.uleb128 0x3b
 1506 005a 0B       		.uleb128 0xb
 1507 005b 27       		.uleb128 0x27
 1508 005c 19       		.uleb128 0x19
ARM GAS  C:\Users\madse\AppData\Local\Temp\ccryAq5T.s 			page 31


 1509 005d 11       		.uleb128 0x11
 1510 005e 01       		.uleb128 0x1
 1511 005f 12       		.uleb128 0x12
 1512 0060 06       		.uleb128 0x6
 1513 0061 40       		.uleb128 0x40
 1514 0062 18       		.uleb128 0x18
 1515 0063 9742     		.uleb128 0x2117
 1516 0065 19       		.uleb128 0x19
 1517 0066 01       		.uleb128 0x1
 1518 0067 13       		.uleb128 0x13
 1519 0068 00       		.byte	0
 1520 0069 00       		.byte	0
 1521 006a 08       		.uleb128 0x8
 1522 006b 898201   		.uleb128 0x4109
 1523 006e 01       		.byte	0x1
 1524 006f 11       		.uleb128 0x11
 1525 0070 01       		.uleb128 0x1
 1526 0071 31       		.uleb128 0x31
 1527 0072 13       		.uleb128 0x13
 1528 0073 01       		.uleb128 0x1
 1529 0074 13       		.uleb128 0x13
 1530 0075 00       		.byte	0
 1531 0076 00       		.byte	0
 1532 0077 09       		.uleb128 0x9
 1533 0078 8A8201   		.uleb128 0x410a
 1534 007b 00       		.byte	0
 1535 007c 02       		.uleb128 0x2
 1536 007d 18       		.uleb128 0x18
 1537 007e 9142     		.uleb128 0x2111
 1538 0080 18       		.uleb128 0x18
 1539 0081 00       		.byte	0
 1540 0082 00       		.byte	0
 1541 0083 0A       		.uleb128 0xa
 1542 0084 898201   		.uleb128 0x4109
 1543 0087 00       		.byte	0
 1544 0088 11       		.uleb128 0x11
 1545 0089 01       		.uleb128 0x1
 1546 008a 31       		.uleb128 0x31
 1547 008b 13       		.uleb128 0x13
 1548 008c 00       		.byte	0
 1549 008d 00       		.byte	0
 1550 008e 0B       		.uleb128 0xb
 1551 008f 2E       		.uleb128 0x2e
 1552 0090 01       		.byte	0x1
 1553 0091 3F       		.uleb128 0x3f
 1554 0092 19       		.uleb128 0x19
 1555 0093 03       		.uleb128 0x3
 1556 0094 0E       		.uleb128 0xe
 1557 0095 3A       		.uleb128 0x3a
 1558 0096 0B       		.uleb128 0xb
 1559 0097 3B       		.uleb128 0x3b
 1560 0098 0B       		.uleb128 0xb
 1561 0099 11       		.uleb128 0x11
 1562 009a 01       		.uleb128 0x1
 1563 009b 12       		.uleb128 0x12
 1564 009c 06       		.uleb128 0x6
 1565 009d 40       		.uleb128 0x40
ARM GAS  C:\Users\madse\AppData\Local\Temp\ccryAq5T.s 			page 32


 1566 009e 18       		.uleb128 0x18
 1567 009f 9742     		.uleb128 0x2117
 1568 00a1 19       		.uleb128 0x19
 1569 00a2 01       		.uleb128 0x1
 1570 00a3 13       		.uleb128 0x13
 1571 00a4 00       		.byte	0
 1572 00a5 00       		.byte	0
 1573 00a6 0C       		.uleb128 0xc
 1574 00a7 2E       		.uleb128 0x2e
 1575 00a8 00       		.byte	0
 1576 00a9 3F       		.uleb128 0x3f
 1577 00aa 19       		.uleb128 0x19
 1578 00ab 03       		.uleb128 0x3
 1579 00ac 0E       		.uleb128 0xe
 1580 00ad 3A       		.uleb128 0x3a
 1581 00ae 0B       		.uleb128 0xb
 1582 00af 3B       		.uleb128 0x3b
 1583 00b0 0B       		.uleb128 0xb
 1584 00b1 11       		.uleb128 0x11
 1585 00b2 01       		.uleb128 0x1
 1586 00b3 12       		.uleb128 0x12
 1587 00b4 06       		.uleb128 0x6
 1588 00b5 40       		.uleb128 0x40
 1589 00b6 18       		.uleb128 0x18
 1590 00b7 9742     		.uleb128 0x2117
 1591 00b9 19       		.uleb128 0x19
 1592 00ba 00       		.byte	0
 1593 00bb 00       		.byte	0
 1594 00bc 0D       		.uleb128 0xd
 1595 00bd 05       		.uleb128 0x5
 1596 00be 00       		.byte	0
 1597 00bf 03       		.uleb128 0x3
 1598 00c0 0E       		.uleb128 0xe
 1599 00c1 3A       		.uleb128 0x3a
 1600 00c2 0B       		.uleb128 0xb
 1601 00c3 3B       		.uleb128 0x3b
 1602 00c4 0B       		.uleb128 0xb
 1603 00c5 49       		.uleb128 0x49
 1604 00c6 13       		.uleb128 0x13
 1605 00c7 02       		.uleb128 0x2
 1606 00c8 17       		.uleb128 0x17
 1607 00c9 00       		.byte	0
 1608 00ca 00       		.byte	0
 1609 00cb 0E       		.uleb128 0xe
 1610 00cc 34       		.uleb128 0x34
 1611 00cd 00       		.byte	0
 1612 00ce 03       		.uleb128 0x3
 1613 00cf 0E       		.uleb128 0xe
 1614 00d0 3A       		.uleb128 0x3a
 1615 00d1 0B       		.uleb128 0xb
 1616 00d2 3B       		.uleb128 0x3b
 1617 00d3 0B       		.uleb128 0xb
 1618 00d4 49       		.uleb128 0x49
 1619 00d5 13       		.uleb128 0x13
 1620 00d6 02       		.uleb128 0x2
 1621 00d7 17       		.uleb128 0x17
 1622 00d8 00       		.byte	0
ARM GAS  C:\Users\madse\AppData\Local\Temp\ccryAq5T.s 			page 33


 1623 00d9 00       		.byte	0
 1624 00da 0F       		.uleb128 0xf
 1625 00db 34       		.uleb128 0x34
 1626 00dc 00       		.byte	0
 1627 00dd 03       		.uleb128 0x3
 1628 00de 0E       		.uleb128 0xe
 1629 00df 3A       		.uleb128 0x3a
 1630 00e0 0B       		.uleb128 0xb
 1631 00e1 3B       		.uleb128 0x3b
 1632 00e2 0B       		.uleb128 0xb
 1633 00e3 49       		.uleb128 0x49
 1634 00e4 13       		.uleb128 0x13
 1635 00e5 02       		.uleb128 0x2
 1636 00e6 18       		.uleb128 0x18
 1637 00e7 00       		.byte	0
 1638 00e8 00       		.byte	0
 1639 00e9 10       		.uleb128 0x10
 1640 00ea 01       		.uleb128 0x1
 1641 00eb 01       		.byte	0x1
 1642 00ec 49       		.uleb128 0x49
 1643 00ed 13       		.uleb128 0x13
 1644 00ee 01       		.uleb128 0x1
 1645 00ef 13       		.uleb128 0x13
 1646 00f0 00       		.byte	0
 1647 00f1 00       		.byte	0
 1648 00f2 11       		.uleb128 0x11
 1649 00f3 21       		.uleb128 0x21
 1650 00f4 00       		.byte	0
 1651 00f5 49       		.uleb128 0x49
 1652 00f6 13       		.uleb128 0x13
 1653 00f7 2F       		.uleb128 0x2f
 1654 00f8 0B       		.uleb128 0xb
 1655 00f9 00       		.byte	0
 1656 00fa 00       		.byte	0
 1657 00fb 12       		.uleb128 0x12
 1658 00fc 2E       		.uleb128 0x2e
 1659 00fd 01       		.byte	0x1
 1660 00fe 3F       		.uleb128 0x3f
 1661 00ff 19       		.uleb128 0x19
 1662 0100 03       		.uleb128 0x3
 1663 0101 0E       		.uleb128 0xe
 1664 0102 3A       		.uleb128 0x3a
 1665 0103 0B       		.uleb128 0xb
 1666 0104 3B       		.uleb128 0x3b
 1667 0105 0B       		.uleb128 0xb
 1668 0106 27       		.uleb128 0x27
 1669 0107 19       		.uleb128 0x19
 1670 0108 49       		.uleb128 0x49
 1671 0109 13       		.uleb128 0x13
 1672 010a 8701     		.uleb128 0x87
 1673 010c 19       		.uleb128 0x19
 1674 010d 11       		.uleb128 0x11
 1675 010e 01       		.uleb128 0x1
 1676 010f 12       		.uleb128 0x12
 1677 0110 06       		.uleb128 0x6
 1678 0111 40       		.uleb128 0x40
 1679 0112 18       		.uleb128 0x18
ARM GAS  C:\Users\madse\AppData\Local\Temp\ccryAq5T.s 			page 34


 1680 0113 9742     		.uleb128 0x2117
 1681 0115 19       		.uleb128 0x19
 1682 0116 01       		.uleb128 0x1
 1683 0117 13       		.uleb128 0x13
 1684 0118 00       		.byte	0
 1685 0119 00       		.byte	0
 1686 011a 13       		.uleb128 0x13
 1687 011b 0B       		.uleb128 0xb
 1688 011c 01       		.byte	0x1
 1689 011d 11       		.uleb128 0x11
 1690 011e 01       		.uleb128 0x1
 1691 011f 12       		.uleb128 0x12
 1692 0120 06       		.uleb128 0x6
 1693 0121 01       		.uleb128 0x1
 1694 0122 13       		.uleb128 0x13
 1695 0123 00       		.byte	0
 1696 0124 00       		.byte	0
 1697 0125 14       		.uleb128 0x14
 1698 0126 34       		.uleb128 0x34
 1699 0127 00       		.byte	0
 1700 0128 03       		.uleb128 0x3
 1701 0129 08       		.uleb128 0x8
 1702 012a 3A       		.uleb128 0x3a
 1703 012b 0B       		.uleb128 0xb
 1704 012c 3B       		.uleb128 0x3b
 1705 012d 0B       		.uleb128 0xb
 1706 012e 49       		.uleb128 0x49
 1707 012f 13       		.uleb128 0x13
 1708 0130 02       		.uleb128 0x2
 1709 0131 18       		.uleb128 0x18
 1710 0132 00       		.byte	0
 1711 0133 00       		.byte	0
 1712 0134 15       		.uleb128 0x15
 1713 0135 898201   		.uleb128 0x4109
 1714 0138 01       		.byte	0x1
 1715 0139 11       		.uleb128 0x11
 1716 013a 01       		.uleb128 0x1
 1717 013b 31       		.uleb128 0x31
 1718 013c 13       		.uleb128 0x13
 1719 013d 00       		.byte	0
 1720 013e 00       		.byte	0
 1721 013f 16       		.uleb128 0x16
 1722 0140 34       		.uleb128 0x34
 1723 0141 00       		.byte	0
 1724 0142 03       		.uleb128 0x3
 1725 0143 0E       		.uleb128 0xe
 1726 0144 3A       		.uleb128 0x3a
 1727 0145 0B       		.uleb128 0xb
 1728 0146 3B       		.uleb128 0x3b
 1729 0147 05       		.uleb128 0x5
 1730 0148 49       		.uleb128 0x49
 1731 0149 13       		.uleb128 0x13
 1732 014a 3F       		.uleb128 0x3f
 1733 014b 19       		.uleb128 0x19
 1734 014c 3C       		.uleb128 0x3c
 1735 014d 19       		.uleb128 0x19
 1736 014e 00       		.byte	0
ARM GAS  C:\Users\madse\AppData\Local\Temp\ccryAq5T.s 			page 35


 1737 014f 00       		.byte	0
 1738 0150 17       		.uleb128 0x17
 1739 0151 35       		.uleb128 0x35
 1740 0152 00       		.byte	0
 1741 0153 49       		.uleb128 0x49
 1742 0154 13       		.uleb128 0x13
 1743 0155 00       		.byte	0
 1744 0156 00       		.byte	0
 1745 0157 18       		.uleb128 0x18
 1746 0158 34       		.uleb128 0x34
 1747 0159 00       		.byte	0
 1748 015a 03       		.uleb128 0x3
 1749 015b 0E       		.uleb128 0xe
 1750 015c 3A       		.uleb128 0x3a
 1751 015d 0B       		.uleb128 0xb
 1752 015e 3B       		.uleb128 0x3b
 1753 015f 0B       		.uleb128 0xb
 1754 0160 49       		.uleb128 0x49
 1755 0161 13       		.uleb128 0x13
 1756 0162 3F       		.uleb128 0x3f
 1757 0163 19       		.uleb128 0x19
 1758 0164 02       		.uleb128 0x2
 1759 0165 18       		.uleb128 0x18
 1760 0166 00       		.byte	0
 1761 0167 00       		.byte	0
 1762 0168 19       		.uleb128 0x19
 1763 0169 2E       		.uleb128 0x2e
 1764 016a 00       		.byte	0
 1765 016b 3F       		.uleb128 0x3f
 1766 016c 19       		.uleb128 0x19
 1767 016d 3C       		.uleb128 0x3c
 1768 016e 19       		.uleb128 0x19
 1769 016f 6E       		.uleb128 0x6e
 1770 0170 0E       		.uleb128 0xe
 1771 0171 03       		.uleb128 0x3
 1772 0172 0E       		.uleb128 0xe
 1773 0173 3A       		.uleb128 0x3a
 1774 0174 0B       		.uleb128 0xb
 1775 0175 3B       		.uleb128 0x3b
 1776 0176 0B       		.uleb128 0xb
 1777 0177 00       		.byte	0
 1778 0178 00       		.byte	0
 1779 0179 00       		.byte	0
 1780              		.section	.debug_loc,"",%progbits
 1781              	.Ldebug_loc0:
 1782              	.LLST0:
 1783 0000 00000000 		.4byte	.LVL12
 1784 0004 04000000 		.4byte	.LVL13
 1785 0008 0100     		.2byte	0x1
 1786 000a 50       		.byte	0x50
 1787 000b 04000000 		.4byte	.LVL13
 1788 000f 3E000000 		.4byte	.LFE66
 1789 0013 0400     		.2byte	0x4
 1790 0015 F3       		.byte	0xf3
 1791 0016 01       		.uleb128 0x1
 1792 0017 50       		.byte	0x50
 1793 0018 9F       		.byte	0x9f
ARM GAS  C:\Users\madse\AppData\Local\Temp\ccryAq5T.s 			page 36


 1794 0019 00000000 		.4byte	0
 1795 001d 00000000 		.4byte	0
 1796              	.LLST1:
 1797 0021 10000000 		.4byte	.LVL21
 1798 0025 18000000 		.4byte	.LVL22
 1799 0029 0100     		.2byte	0x1
 1800 002b 50       		.byte	0x50
 1801 002c 00000000 		.4byte	0
 1802 0030 00000000 		.4byte	0
 1803              	.LLST2:
 1804 0034 70000000 		.4byte	.LVL51
 1805 0038 74000000 		.4byte	.LVL52
 1806 003c 0100     		.2byte	0x1
 1807 003e 50       		.byte	0x50
 1808 003f 00000000 		.4byte	0
 1809 0043 00000000 		.4byte	0
 1810              	.LLST3:
 1811 0047 48000000 		.4byte	.LVL41
 1812 004b 4C000000 		.4byte	.LVL42
 1813 004f 0100     		.2byte	0x1
 1814 0051 50       		.byte	0x50
 1815 0052 00000000 		.4byte	0
 1816 0056 00000000 		.4byte	0
 1817              	.LLST4:
 1818 005a 5C000000 		.4byte	.LVL46
 1819 005e 60000000 		.4byte	.LVL47
 1820 0062 0100     		.2byte	0x1
 1821 0064 50       		.byte	0x50
 1822 0065 00000000 		.4byte	0
 1823 0069 00000000 		.4byte	0
 1824              	.LLST6:
 1825 006d 48000000 		.4byte	.LVL41
 1826 0071 4C000000 		.4byte	.LVL42
 1827 0075 0900     		.2byte	0x9
 1828 0077 70       		.byte	0x70
 1829 0078 00       		.sleb128 0
 1830 0079 09       		.byte	0x9
 1831 007a EC       		.byte	0xec
 1832 007b 24       		.byte	0x24
 1833 007c 09       		.byte	0x9
 1834 007d F4       		.byte	0xf4
 1835 007e 26       		.byte	0x26
 1836 007f 9F       		.byte	0x9f
 1837 0080 4C000000 		.4byte	.LVL42
 1838 0084 5C000000 		.4byte	.LVL46
 1839 0088 0900     		.2byte	0x9
 1840 008a 74       		.byte	0x74
 1841 008b 00       		.sleb128 0
 1842 008c 09       		.byte	0x9
 1843 008d EC       		.byte	0xec
 1844 008e 24       		.byte	0x24
 1845 008f 09       		.byte	0x9
 1846 0090 F4       		.byte	0xf4
 1847 0091 26       		.byte	0x26
 1848 0092 9F       		.byte	0x9f
 1849 0093 00000000 		.4byte	0
 1850 0097 00000000 		.4byte	0
ARM GAS  C:\Users\madse\AppData\Local\Temp\ccryAq5T.s 			page 37


 1851              	.LLST9:
 1852 009b 5C000000 		.4byte	.LVL46
 1853 009f 60000000 		.4byte	.LVL47
 1854 00a3 0900     		.2byte	0x9
 1855 00a5 70       		.byte	0x70
 1856 00a6 00       		.sleb128 0
 1857 00a7 09       		.byte	0x9
 1858 00a8 EC       		.byte	0xec
 1859 00a9 24       		.byte	0x24
 1860 00aa 09       		.byte	0x9
 1861 00ab F4       		.byte	0xf4
 1862 00ac 26       		.byte	0x26
 1863 00ad 9F       		.byte	0x9f
 1864 00ae 60000000 		.4byte	.LVL47
 1865 00b2 70000000 		.4byte	.LVL51
 1866 00b6 0900     		.2byte	0x9
 1867 00b8 74       		.byte	0x74
 1868 00b9 00       		.sleb128 0
 1869 00ba 09       		.byte	0x9
 1870 00bb EC       		.byte	0xec
 1871 00bc 24       		.byte	0x24
 1872 00bd 09       		.byte	0x9
 1873 00be F4       		.byte	0xf4
 1874 00bf 26       		.byte	0x26
 1875 00c0 9F       		.byte	0x9f
 1876 00c1 00000000 		.4byte	0
 1877 00c5 00000000 		.4byte	0
 1878              	.LLST12:
 1879 00c9 70000000 		.4byte	.LVL51
 1880 00cd 74000000 		.4byte	.LVL52
 1881 00d1 0900     		.2byte	0x9
 1882 00d3 70       		.byte	0x70
 1883 00d4 00       		.sleb128 0
 1884 00d5 09       		.byte	0x9
 1885 00d6 EC       		.byte	0xec
 1886 00d7 24       		.byte	0x24
 1887 00d8 09       		.byte	0x9
 1888 00d9 F4       		.byte	0xf4
 1889 00da 26       		.byte	0x26
 1890 00db 9F       		.byte	0x9f
 1891 00dc 74000000 		.4byte	.LVL52
 1892 00e0 96000000 		.4byte	.LVL62
 1893 00e4 0900     		.2byte	0x9
 1894 00e6 74       		.byte	0x74
 1895 00e7 00       		.sleb128 0
 1896 00e8 09       		.byte	0x9
 1897 00e9 EC       		.byte	0xec
 1898 00ea 24       		.byte	0x24
 1899 00eb 09       		.byte	0x9
 1900 00ec F4       		.byte	0xf4
 1901 00ed 26       		.byte	0x26
 1902 00ee 9F       		.byte	0x9f
 1903 00ef 00000000 		.4byte	0
 1904 00f3 00000000 		.4byte	0
 1905              		.section	.debug_aranges,"",%progbits
 1906 0000 44000000 		.4byte	0x44
 1907 0004 0200     		.2byte	0x2
ARM GAS  C:\Users\madse\AppData\Local\Temp\ccryAq5T.s 			page 38


 1908 0006 00000000 		.4byte	.Ldebug_info0
 1909 000a 04       		.byte	0x4
 1910 000b 00       		.byte	0
 1911 000c 0000     		.2byte	0
 1912 000e 0000     		.2byte	0
 1913 0010 00000000 		.4byte	.LFB68
 1914 0014 14000000 		.4byte	.LFE68-.LFB68
 1915 0018 00000000 		.4byte	.LFB64
 1916 001c 50000000 		.4byte	.LFE64-.LFB64
 1917 0020 00000000 		.4byte	.LFB65
 1918 0024 02000000 		.4byte	.LFE65-.LFB65
 1919 0028 00000000 		.4byte	.LFB66
 1920 002c 3E000000 		.4byte	.LFE66-.LFB66
 1921 0030 00000000 		.4byte	.LFB67
 1922 0034 58000000 		.4byte	.LFE67-.LFB67
 1923 0038 00000000 		.4byte	.LFB69
 1924 003c C8000000 		.4byte	.LFE69-.LFB69
 1925 0040 00000000 		.4byte	0
 1926 0044 00000000 		.4byte	0
 1927              		.section	.debug_ranges,"",%progbits
 1928              	.Ldebug_ranges0:
 1929 0000 00000000 		.4byte	.LFB68
 1930 0004 14000000 		.4byte	.LFE68
 1931 0008 00000000 		.4byte	.LFB64
 1932 000c 50000000 		.4byte	.LFE64
 1933 0010 00000000 		.4byte	.LFB65
 1934 0014 02000000 		.4byte	.LFE65
 1935 0018 00000000 		.4byte	.LFB66
 1936 001c 3E000000 		.4byte	.LFE66
 1937 0020 00000000 		.4byte	.LFB67
 1938 0024 58000000 		.4byte	.LFE67
 1939 0028 00000000 		.4byte	.LFB69
 1940 002c C8000000 		.4byte	.LFE69
 1941 0030 00000000 		.4byte	0
 1942 0034 00000000 		.4byte	0
 1943              		.section	.debug_line,"",%progbits
 1944              	.Ldebug_line0:
 1945 0000 6F030000 		.section	.debug_str,"MS",%progbits,1
 1945      02007E02 
 1945      00000201 
 1945      FB0E0D00 
 1945      01010101 
 1946              	.LASF66:
 1947 0000 4144435F 		.ascii	"ADC_SAR_1_Start\000"
 1947      5341525F 
 1947      315F5374 
 1947      61727400 
 1948              	.LASF42:
 1949 0010 72696768 		.ascii	"right\000"
 1949      7400
 1950              	.LASF13:
 1951 0016 696E7438 		.ascii	"int8_t\000"
 1951      5F7400
 1952              	.LASF5:
 1953 001d 73686F72 		.ascii	"short int\000"
 1953      7420696E 
 1953      7400
ARM GAS  C:\Users\madse\AppData\Local\Temp\ccryAq5T.s 			page 39


 1954              	.LASF70:
 1955 0027 6973725F 		.ascii	"isr_motor_StartEx\000"
 1955      6D6F746F 
 1955      725F5374 
 1955      61727445 
 1955      7800
 1956              	.LASF21:
 1957 0039 73697A65 		.ascii	"sizetype\000"
 1957      74797065 
 1957      00
 1958              	.LASF73:
 1959 0042 53504953 		.ascii	"SPIS_1_Start\000"
 1959      5F315F53 
 1959      74617274 
 1959      00
 1960              	.LASF82:
 1961 004f 6D61696E 		.ascii	"main\000"
 1961      00
 1962              	.LASF28:
 1963 0054 62756666 		.ascii	"buff\000"
 1963      00
 1964              	.LASF45:
 1965 0059 63757272 		.ascii	"current_mode\000"
 1965      656E745F 
 1965      6D6F6465 
 1965      00
 1966              	.LASF47:
 1967 0066 54696D65 		.ascii	"Timer_1_ReadStatusRegister\000"
 1967      725F315F 
 1967      52656164 
 1967      53746174 
 1967      75735265 
 1968              	.LASF59:
 1969 0081 67657445 		.ascii	"getElevation\000"
 1969      6C657661 
 1969      74696F6E 
 1969      00
 1970              	.LASF14:
 1971 008e 75696E74 		.ascii	"uint8_t\000"
 1971      385F7400 
 1972              	.LASF48:
 1973 0096 6D6F7665 		.ascii	"moveElevation\000"
 1973      456C6576 
 1973      6174696F 
 1973      6E00
 1974              	.LASF24:
 1975 00a4 54494D45 		.ascii	"TIMER_STEP\000"
 1975      525F5354 
 1975      455000
 1976              	.LASF23:
 1977 00af 4D414E55 		.ascii	"MANUAL\000"
 1977      414C00
 1978              	.LASF54:
 1979 00b6 53504953 		.ascii	"SPIS_1_ReadRxData\000"
 1979      5F315F52 
 1979      65616452 
 1979      78446174 
ARM GAS  C:\Users\madse\AppData\Local\Temp\ccryAq5T.s 			page 40


 1979      6100
 1980              	.LASF17:
 1981 00c8 666C6F61 		.ascii	"float\000"
 1981      7400
 1982              	.LASF27:
 1983 00ce 72656369 		.ascii	"recievedData\000"
 1983      65766564 
 1983      44617461 
 1983      00
 1984              	.LASF10:
 1985 00db 6C6F6E67 		.ascii	"long long int\000"
 1985      206C6F6E 
 1985      6720696E 
 1985      7400
 1986              	.LASF31:
 1987 00e9 656C6576 		.ascii	"elevation\000"
 1987      6174696F 
 1987      6E00
 1988              	.LASF38:
 1989 00f3 766F6C74 		.ascii	"voltageUnsigned\000"
 1989      61676555 
 1989      6E736967 
 1989      6E656400 
 1990              	.LASF8:
 1991 0103 6C6F6E67 		.ascii	"long int\000"
 1991      20696E74 
 1991      00
 1992              	.LASF29:
 1993 010c 766F6C74 		.ascii	"voltage\000"
 1993      61676500 
 1994              	.LASF61:
 1995 0114 73756E4C 		.ascii	"sunLeft\000"
 1995      65667400 
 1996              	.LASF37:
 1997 011c 656C6576 		.ascii	"elevationLow\000"
 1997      6174696F 
 1997      6E4C6F77 
 1997      00
 1998              	.LASF1:
 1999 0129 5F5F7569 		.ascii	"__uint8_t\000"
 1999      6E74385F 
 1999      7400
 2000              	.LASF74:
 2001 0133 6973725F 		.ascii	"isr_spis_1_rx_StartEx\000"
 2001      73706973 
 2001      5F315F72 
 2001      785F5374 
 2001      61727445 
 2002              	.LASF65:
 2003 0149 55415254 		.ascii	"UART_1_Start\000"
 2003      5F315F53 
 2003      74617274 
 2003      00
 2004              	.LASF55:
 2005 0156 736E7072 		.ascii	"snprintf\000"
 2005      696E7466 
 2005      00
ARM GAS  C:\Users\madse\AppData\Local\Temp\ccryAq5T.s 			page 41


 2006              	.LASF3:
 2007 015f 756E7369 		.ascii	"unsigned char\000"
 2007      676E6564 
 2007      20636861 
 2007      7200
 2008              	.LASF60:
 2009 016d 766F6C74 		.ascii	"voltageDividerToPercent\000"
 2009      61676544 
 2009      69766964 
 2009      6572546F 
 2009      50657263 
 2010              	.LASF51:
 2011 0185 72657365 		.ascii	"resetAzimuth\000"
 2011      74417A69 
 2011      6D757468 
 2011      00
 2012              	.LASF20:
 2013 0192 6C6F6E67 		.ascii	"long double\000"
 2013      20646F75 
 2013      626C6500 
 2014              	.LASF26:
 2015 019e 5350495F 		.ascii	"SPI_RX_HANDLER\000"
 2015      52585F48 
 2015      414E444C 
 2015      455200
 2016              	.LASF57:
 2017 01ad 53504953 		.ascii	"SPIS_1_WriteTxData\000"
 2017      5F315F57 
 2017      72697465 
 2017      54784461 
 2017      746100
 2018              	.LASF69:
 2019 01c0 4144435F 		.ascii	"ADC_SAR_2_StartConvert\000"
 2019      5341525F 
 2019      325F5374 
 2019      61727443 
 2019      6F6E7665 
 2020              	.LASF56:
 2021 01d7 4D4F544F 		.ascii	"MOTOR_STEP\000"
 2021      525F5354 
 2021      455000
 2022              	.LASF2:
 2023 01e2 7369676E 		.ascii	"signed char\000"
 2023      65642063 
 2023      68617200 
 2024              	.LASF16:
 2025 01ee 696E7433 		.ascii	"int32_t\000"
 2025      325F7400 
 2026              	.LASF11:
 2027 01f6 6C6F6E67 		.ascii	"long long unsigned int\000"
 2027      206C6F6E 
 2027      6720756E 
 2027      7369676E 
 2027      65642069 
 2028              	.LASF12:
 2029 020d 756E7369 		.ascii	"unsigned int\000"
 2029      676E6564 
ARM GAS  C:\Users\madse\AppData\Local\Temp\ccryAq5T.s 			page 42


 2029      20696E74 
 2029      00
 2030              	.LASF40:
 2031 021a 766F6C74 		.ascii	"voltageLow\000"
 2031      6167654C 
 2031      6F7700
 2032              	.LASF68:
 2033 0225 4144435F 		.ascii	"ADC_SAR_2_Start\000"
 2033      5341525F 
 2033      325F5374 
 2033      61727400 
 2034              	.LASF22:
 2035 0235 4155544F 		.ascii	"AUTOMATIC\000"
 2035      4D415449 
 2035      4300
 2036              	.LASF63:
 2037 023f 73756E55 		.ascii	"sunUp\000"
 2037      7000
 2038              	.LASF6:
 2039 0245 73686F72 		.ascii	"short unsigned int\000"
 2039      7420756E 
 2039      7369676E 
 2039      65642069 
 2039      6E7400
 2040              	.LASF0:
 2041 0258 5F5F696E 		.ascii	"__int8_t\000"
 2041      74385F74 
 2041      00
 2042              	.LASF75:
 2043 0261 474E5520 		.ascii	"GNU C11 5.4.1 20160609 (release) [ARM/embedded-5-br"
 2043      43313120 
 2043      352E342E 
 2043      31203230 
 2043      31363036 
 2044 0294 616E6368 		.ascii	"anch revision 237715] -mcpu=cortex-m3 -mthumb -g -O"
 2044      20726576 
 2044      6973696F 
 2044      6E203233 
 2044      37373135 
 2045 02c7 67202D66 		.ascii	"g -ffunction-sections -ffat-lto-objects\000"
 2045      66756E63 
 2045      74696F6E 
 2045      2D736563 
 2045      74696F6E 
 2046              	.LASF19:
 2047 02ef 63686172 		.ascii	"char\000"
 2047      00
 2048              	.LASF67:
 2049 02f4 4144435F 		.ascii	"ADC_SAR_1_StartConvert\000"
 2049      5341525F 
 2049      315F5374 
 2049      61727443 
 2049      6F6E7665 
 2050              	.LASF41:
 2051 030b 6C656674 		.ascii	"left\000"
 2051      00
 2052              	.LASF36:
ARM GAS  C:\Users\madse\AppData\Local\Temp\ccryAq5T.s 			page 43


 2053 0310 656C6576 		.ascii	"elevationHigh\000"
 2053      6174696F 
 2053      6E486967 
 2053      6800
 2054              	.LASF64:
 2055 031e 73756E44 		.ascii	"sunDown\000"
 2055      6F776E00 
 2056              	.LASF78:
 2057 0326 6D6F6465 		.ascii	"mode\000"
 2057      00
 2058              	.LASF15:
 2059 032b 696E7431 		.ascii	"int16_t\000"
 2059      365F7400 
 2060              	.LASF33:
 2061 0333 617A696D 		.ascii	"azimuthHigh\000"
 2061      75746848 
 2061      69676800 
 2062              	.LASF77:
 2063 033f 433A5C63 		.ascii	"C:\\code\\PRJ3\\PSoC\\StepperMotorDriverSPI - Mads "
 2063      6F64655C 
 2063      50524A33 
 2063      5C50536F 
 2063      435C5374 
 2064 036e 2D204155 		.ascii	"- AUTO\\StepperMotorDriver.cydsn\000"
 2064      544F5C53 
 2064      74657070 
 2064      65724D6F 
 2064      746F7244 
 2065              	.LASF62:
 2066 038e 73756E52 		.ascii	"sunRight\000"
 2066      69676874 
 2066      00
 2067              	.LASF25:
 2068 0397 6D616E75 		.ascii	"manualAction\000"
 2068      616C4163 
 2068      74696F6E 
 2068      00
 2069              	.LASF71:
 2070 03a4 54696D65 		.ascii	"Timer_1_Start\000"
 2070      725F315F 
 2070      53746172 
 2070      7400
 2071              	.LASF30:
 2072 03b2 617A696D 		.ascii	"azimuth\000"
 2072      75746800 
 2073              	.LASF76:
 2074 03ba 6D61696E 		.ascii	"main.c\000"
 2074      2E6300
 2075              	.LASF9:
 2076 03c1 6C6F6E67 		.ascii	"long unsigned int\000"
 2076      20756E73 
 2076      69676E65 
 2076      6420696E 
 2076      7400
 2077              	.LASF32:
 2078 03d3 617A696D 		.ascii	"azimuthUnsigned\000"
 2078      75746855 
ARM GAS  C:\Users\madse\AppData\Local\Temp\ccryAq5T.s 			page 44


 2078      6E736967 
 2078      6E656400 
 2079              	.LASF18:
 2080 03e3 646F7562 		.ascii	"double\000"
 2080      6C6500
 2081              	.LASF46:
 2082 03ea 55415254 		.ascii	"UART_1_PutString\000"
 2082      5F315F50 
 2082      75745374 
 2082      72696E67 
 2082      00
 2083              	.LASF52:
 2084 03fb 72657365 		.ascii	"resetElevation\000"
 2084      74456C65 
 2084      76617469 
 2084      6F6E00
 2085              	.LASF7:
 2086 040a 5F5F696E 		.ascii	"__int32_t\000"
 2086      7433325F 
 2086      7400
 2087              	.LASF39:
 2088 0414 766F6C74 		.ascii	"voltageHigh\000"
 2088      61676548 
 2088      69676800 
 2089              	.LASF4:
 2090 0420 5F5F696E 		.ascii	"__int16_t\000"
 2090      7431365F 
 2090      7400
 2091              	.LASF35:
 2092 042a 656C6576 		.ascii	"elevationUnsigned\000"
 2092      6174696F 
 2092      6E556E73 
 2092      69676E65 
 2092      6400
 2093              	.LASF79:
 2094 043c 676F486F 		.ascii	"goHome\000"
 2094      6D6500
 2095              	.LASF80:
 2096 0443 6175746F 		.ascii	"automaticAction\000"
 2096      6D617469 
 2096      63416374 
 2096      696F6E00 
 2097              	.LASF44:
 2098 0453 49544D5F 		.ascii	"ITM_RxBuffer\000"
 2098      52784275 
 2098      66666572 
 2098      00
 2099              	.LASF34:
 2100 0460 617A696D 		.ascii	"azimuthLow\000"
 2100      7574684C 
 2100      6F7700
 2101              	.LASF49:
 2102 046b 43794465 		.ascii	"CyDelay\000"
 2102      6C617900 
 2103              	.LASF43:
 2104 0473 646F776E 		.ascii	"down\000"
 2104      00
ARM GAS  C:\Users\madse\AppData\Local\Temp\ccryAq5T.s 			page 45


 2105              	.LASF58:
 2106 0478 67657441 		.ascii	"getAzimuth\000"
 2106      7A696D75 
 2106      746800
 2107              	.LASF72:
 2108 0483 6973725F 		.ascii	"isr_timer_1_sek_StartEx\000"
 2108      74696D65 
 2108      725F315F 
 2108      73656B5F 
 2108      53746172 
 2109              	.LASF53:
 2110 049b 53504953 		.ascii	"SPIS_1_GetRxBufferSize\000"
 2110      5F315F47 
 2110      65745278 
 2110      42756666 
 2110      65725369 
 2111              	.LASF81:
 2112 04b2 636F6D6D 		.ascii	"command\000"
 2112      616E6400 
 2113              	.LASF50:
 2114 04ba 6D6F7665 		.ascii	"moveAzimuth\000"
 2114      417A696D 
 2114      75746800 
 2115              		.ident	"GCC: (GNU Tools for ARM Embedded Processors) 5.4.1 20160609 (release) [ARM/embedded-5-bran
