--------------- Clean Started: 05/21/2024 21:21:32 Project: StepperMotorDriver, Configuration: ARM GCC 5.4-2016-q2-update Debug ---------------
Deleting file ".\CortexM3\ARM_GCC_541\Debug\main.o"
Deleting file ".\CortexM3\ARM_GCC_541\Debug\StepperMotorDriver.o"
Deleting file ".\CortexM3\ARM_GCC_541\Debug\SensorDriver.o"
Deleting file ".\CortexM3\ARM_GCC_541\Debug\BatteryDriver.o"
Deleting file ".\CortexM3\ARM_GCC_541\Debug\cyfitter_cfg.o"
Deleting file ".\CortexM3\ARM_GCC_541\Debug\cymetadata.o"
Deleting file ".\CortexM3\ARM_GCC_541\Debug\UART_1.o"
Deleting file ".\CortexM3\ARM_GCC_541\Debug\UART_1_PM.o"
Deleting file ".\CortexM3\ARM_GCC_541\Debug\UART_1_INT.o"
Deleting file ".\CortexM3\ARM_GCC_541\Debug\UART_1_BOOT.o"
Deleting file ".\CortexM3\ARM_GCC_541\Debug\UART_1_IntClock.o"
Deleting file ".\CortexM3\ARM_GCC_541\Debug\Cm3Start.o"
Deleting file ".\CortexM3\ARM_GCC_541\Debug\CyBootAsmGnu.o"
Deleting file ".\CortexM3\ARM_GCC_541\Debug\CyDmac.o"
Deleting file ".\CortexM3\ARM_GCC_541\Debug\CyFlash.o"
Deleting file ".\CortexM3\ARM_GCC_541\Debug\CyLib.o"
Deleting file ".\CortexM3\ARM_GCC_541\Debug\cyPm.o"
Deleting file ".\CortexM3\ARM_GCC_541\Debug\CySpc.o"
Deleting file ".\CortexM3\ARM_GCC_541\Debug\cyutils.o"
Deleting file ".\CortexM3\ARM_GCC_541\Debug\cy_em_eeprom.o"
Deleting file ".\CortexM3\ARM_GCC_541\Debug\Azimuth_Pin_1.o"
Deleting file ".\CortexM3\ARM_GCC_541\Debug\Azimuth_Pin_4.o"
Deleting file ".\CortexM3\ARM_GCC_541\Debug\Azimuth_Pin_3.o"
Deleting file ".\CortexM3\ARM_GCC_541\Debug\Azimuth_Pin_2.o"
Deleting file ".\CortexM3\ARM_GCC_541\Debug\Limit_Up.o"
Deleting file ".\CortexM3\ARM_GCC_541\Debug\Limit_Down.o"
Deleting file ".\CortexM3\ARM_GCC_541\Debug\Limit_Right.o"
Deleting file ".\CortexM3\ARM_GCC_541\Debug\Limit_Left.o"
Deleting file ".\CortexM3\ARM_GCC_541\Debug\Elevation_Pin_1.o"
Deleting file ".\CortexM3\ARM_GCC_541\Debug\Elevation_Pin_2.o"
Deleting file ".\CortexM3\ARM_GCC_541\Debug\Elevation_Pin_3.o"
Deleting file ".\CortexM3\ARM_GCC_541\Debug\Elevation_Pin_4.o"
Deleting file ".\CortexM3\ARM_GCC_541\Debug\Clock_1.o"
Deleting file ".\CortexM3\ARM_GCC_541\Debug\isr_motor.o"
Deleting file ".\CortexM3\ARM_GCC_541\Debug\MOSI_1.o"
Deleting file ".\CortexM3\ARM_GCC_541\Debug\SCLK_1.o"
Deleting file ".\CortexM3\ARM_GCC_541\Debug\MISO_1.o"
Deleting file ".\CortexM3\ARM_GCC_541\Debug\SPIS_1.o"
Deleting file ".\CortexM3\ARM_GCC_541\Debug\SPIS_1_PM.o"
Deleting file ".\CortexM3\ARM_GCC_541\Debug\SPIS_1_INT.o"
Deleting file ".\CortexM3\ARM_GCC_541\Debug\SPIS_1_BOOT.o"
Deleting file ".\CortexM3\ARM_GCC_541\Debug\SPIS_1_IntClock.o"
Deleting file ".\CortexM3\ARM_GCC_541\Debug\isr_spis_1_rx.o"
Deleting file ".\CortexM3\ARM_GCC_541\Debug\sunLeft.o"
Deleting file ".\CortexM3\ARM_GCC_541\Debug\sunRight.o"
Deleting file ".\CortexM3\ARM_GCC_541\Debug\sunUp.o"
Deleting file ".\CortexM3\ARM_GCC_541\Debug\sunDown.o"
Deleting file ".\CortexM3\ARM_GCC_541\Debug\ADC_SAR_2.o"
Deleting file ".\CortexM3\ARM_GCC_541\Debug\ADC_SAR_2_INT.o"
Deleting file ".\CortexM3\ARM_GCC_541\Debug\ADC_SAR_2_PM.o"
Deleting file ".\CortexM3\ARM_GCC_541\Debug\ADC_SAR_1.o"
Deleting file ".\CortexM3\ARM_GCC_541\Debug\ADC_SAR_1_INT.o"
Deleting file ".\CortexM3\ARM_GCC_541\Debug\ADC_SAR_1_PM.o"
Deleting file ".\CortexM3\ARM_GCC_541\Debug\Current_Hall_In.o"
Deleting file ".\CortexM3\ARM_GCC_541\Debug\Voltage_Divider_In.o"
Deleting file ".\CortexM3\ARM_GCC_541\Debug\ADC_SAR_2_IRQ.o"
Deleting file ".\CortexM3\ARM_GCC_541\Debug\ADC_SAR_2_theACLK.o"
Deleting file ".\CortexM3\ARM_GCC_541\Debug\ADC_SAR_2_ExtVref.o"
Deleting file ".\CortexM3\ARM_GCC_541\Debug\ADC_SAR_1_IRQ.o"
Deleting file ".\CortexM3\ARM_GCC_541\Debug\ADC_SAR_1_theACLK.o"
Deleting file ".\CortexM3\ARM_GCC_541\Debug\ADC_SAR_1_ExtVref.o"
Deleting file ".\CortexM3\ARM_GCC_541\Debug\isr_timer_1_sek.o"
Deleting file ".\CortexM3\ARM_GCC_541\Debug\Timer_1.o"
Deleting file ".\CortexM3\ARM_GCC_541\Debug\Timer_1_PM.o"
Deleting file ".\CortexM3\ARM_GCC_541\Debug\StepperMotorDriver.hex"
Deleting file ".\CortexM3\ARM_GCC_541\Debug\StepperMotorDriver.elf"
Deleting file ".\CortexM3\ARM_GCC_541\Debug\StepperMotorDriver.map"
Deleting file ".\StepperMotorDriver.cycdx"
Deleting file ".\StepperMotorDriver.svd"
Deleting file ".\StepperMotorDriver.rpt"
Deleting file ".\StepperMotorDriver_timing.html"
Deleting file ".\CortexM3\ARM_GCC_541\Debug\.deps\SOURCE_C__ARM_GCC_GENERIC.P"
Deleting file ".\CortexM3\ARM_GCC_541\Debug\.deps\SOURCE_ASM__ARM_GCC_GENERIC.P"
--------------- Clean Succeeded: 05/21/2024 21:21:32 ---------------
