ARM GAS  C:\Users\degn\AppData\Local\Temp\cclja6cZ.s 			page 1


   1              		.syntax unified
   2              		.cpu cortex-m3
   3              		.fpu softvfp
   4              		.eabi_attribute 20, 1
   5              		.eabi_attribute 21, 1
   6              		.eabi_attribute 23, 3
   7              		.eabi_attribute 24, 1
   8              		.eabi_attribute 25, 1
   9              		.eabi_attribute 26, 1
  10              		.eabi_attribute 30, 1
  11              		.eabi_attribute 34, 1
  12              		.eabi_attribute 18, 4
  13              		.thumb
  14              		.syntax unified
  15              		.file	"currentCalculation.c"
  16              		.text
  17              	.Ltext0:
  18              		.cfi_sections	.debug_frame
  19              		.global	__aeabi_i2d
  20              		.global	__aeabi_ddiv
  21              		.global	__aeabi_d2f
  22              		.global	__aeabi_fadd
  23              		.global	__aeabi_fdiv
  24              		.section	.text.currentWAM,"ax",%progbits
  25              		.align	2
  26              		.global	currentWAM
  27              		.thumb
  28              		.thumb_func
  29              		.type	currentWAM, %function
  30              	currentWAM:
  31              	.LFB64:
  32              		.file 1 "currentCalculation.c"
   1:currentCalculation.c **** /* ========================================
   2:currentCalculation.c ****  *
   3:currentCalculation.c ****  * Copyright YOUR COMPANY, THE YEAR
   4:currentCalculation.c ****  * All Rights Reserved
   5:currentCalculation.c ****  * UNPUBLISHED, LICENSED SOFTWARE.
   6:currentCalculation.c ****  *
   7:currentCalculation.c ****  * CONFIDENTIAL AND PROPRIETARY INFORMATION
   8:currentCalculation.c ****  * WHICH IS THE PROPERTY OF your company.
   9:currentCalculation.c ****  *
  10:currentCalculation.c ****  * ========================================
  11:currentCalculation.c **** */
  12:currentCalculation.c **** #include "currentCalculation.h"
  13:currentCalculation.c **** 
  14:currentCalculation.c **** float currentWAM()
  15:currentCalculation.c **** {
  33              		.loc 1 15 0
  34              		.cfi_startproc
  35              		@ args = 0, pretend = 0, frame = 0
  36              		@ frame_needed = 0, uses_anonymous_args = 0
  37 0000 38B5     		push	{r3, r4, r5, lr}
  38              		.cfi_def_cfa_offset 16
  39              		.cfi_offset 3, -16
  40              		.cfi_offset 4, -12
  41              		.cfi_offset 5, -8
  42              		.cfi_offset 14, -4
ARM GAS  C:\Users\degn\AppData\Local\Temp\cclja6cZ.s 			page 2


  43              	.LVL0:
  44              	.LBB2:
  16:currentCalculation.c ****     float sum = 0;
  17:currentCalculation.c ****     
  18:currentCalculation.c ****     for (int i = 0; i < 30000; i++)
  45              		.loc 1 18 0
  46 0002 0024     		movs	r4, #0
  47              	.LBE2:
  16:currentCalculation.c ****     float sum = 0;
  48              		.loc 1 16 0
  49 0004 0025     		movs	r5, #0
  50              	.LBB4:
  51              		.loc 1 18 0
  52 0006 14E0     		b	.L2
  53              	.LVL1:
  54              	.L3:
  55              	.LBB3:
  19:currentCalculation.c ****     {
  20:currentCalculation.c ****         //This iteration summarizes 1000 measurements, with the purpose of returning a mean value.
  21:currentCalculation.c ****         int16_t result = ADC_SAR_1_CountsTo_mVolts(ADC_SAR_1_GetResult16());
  56              		.loc 1 21 0 discriminator 3
  57 0008 FFF7FEFF 		bl	ADC_SAR_1_GetResult16
  58              	.LVL2:
  59 000c FFF7FEFF 		bl	ADC_SAR_1_CountsTo_mVolts
  60              	.LVL3:
  22:currentCalculation.c ****         float convToAmps = ((result-2502)/0.3339);  
  61              		.loc 1 22 0 discriminator 3
  62 0010 A0F6C610 		subw	r0, r0, #2502
  63              	.LVL4:
  64 0014 FFF7FEFF 		bl	__aeabi_i2d
  65              	.LVL5:
  66 0018 0BA3     		adr	r3, .L5
  67 001a D3E90023 		ldrd	r2, [r3]
  68 001e FFF7FEFF 		bl	__aeabi_ddiv
  69              	.LVL6:
  70 0022 FFF7FEFF 		bl	__aeabi_d2f
  71              	.LVL7:
  23:currentCalculation.c ****         
  24:currentCalculation.c ****         sum = sum + convToAmps;
  72              		.loc 1 24 0 discriminator 3
  73 0026 0146     		mov	r1, r0
  74 0028 2846     		mov	r0, r5
  75              	.LVL8:
  76 002a FFF7FEFF 		bl	__aeabi_fadd
  77              	.LVL9:
  78 002e 0546     		mov	r5, r0
  79              	.LVL10:
  80              	.LBE3:
  18:currentCalculation.c ****     {
  81              		.loc 1 18 0 discriminator 3
  82 0030 0134     		adds	r4, r4, #1
  83              	.LVL11:
  84              	.L2:
  18:currentCalculation.c ****     {
  85              		.loc 1 18 0 is_stmt 0 discriminator 1
  86 0032 47F22F53 		movw	r3, #29999
  87 0036 9C42     		cmp	r4, r3
ARM GAS  C:\Users\degn\AppData\Local\Temp\cclja6cZ.s 			page 3


  88 0038 E6DD     		ble	.L3
  89              	.LBE4:
  25:currentCalculation.c ****     }
  26:currentCalculation.c ****     //Returns the summarization divided with the amount of samples
  27:currentCalculation.c ****     return -(sum/30000);
  90              		.loc 1 27 0 is_stmt 1
  91 003a 0549     		ldr	r1, .L5+8
  92 003c 2846     		mov	r0, r5
  93 003e FFF7FEFF 		bl	__aeabi_fdiv
  94              	.LVL12:
  95 0042 00F10040 		add	r0, r0, #-2147483648
  28:currentCalculation.c **** }
  96              		.loc 1 28 0
  97 0046 38BD     		pop	{r3, r4, r5, pc}
  98              	.LVL13:
  99              	.L6:
 100              		.align	3
 101              	.L5:
 102 0048 029A081B 		.word	453548546
 103 004c 9E5ED53F 		.word	1070947998
 104 0050 0060EA46 		.word	1189765120
 105              		.cfi_endproc
 106              	.LFE64:
 107              		.size	currentWAM, .-currentWAM
 108              		.section	.text.currentSolar,"ax",%progbits
 109              		.align	2
 110              		.global	currentSolar
 111              		.thumb
 112              		.thumb_func
 113              		.type	currentSolar, %function
 114              	currentSolar:
 115              	.LFB65:
  29:currentCalculation.c **** float currentSolar()
  30:currentCalculation.c **** {
 116              		.loc 1 30 0
 117              		.cfi_startproc
 118              		@ args = 0, pretend = 0, frame = 0
 119              		@ frame_needed = 0, uses_anonymous_args = 0
 120 0000 38B5     		push	{r3, r4, r5, lr}
 121              		.cfi_def_cfa_offset 16
 122              		.cfi_offset 3, -16
 123              		.cfi_offset 4, -12
 124              		.cfi_offset 5, -8
 125              		.cfi_offset 14, -4
 126              	.LVL14:
 127              	.LBB5:
  31:currentCalculation.c ****     float sum = 0;
  32:currentCalculation.c ****     
  33:currentCalculation.c ****     for (int i = 0; i < 30000; i++)
 128              		.loc 1 33 0
 129 0002 0024     		movs	r4, #0
 130              	.LBE5:
  31:currentCalculation.c ****     float sum = 0;
 131              		.loc 1 31 0
 132 0004 0025     		movs	r5, #0
 133              	.LBB7:
 134              		.loc 1 33 0
ARM GAS  C:\Users\degn\AppData\Local\Temp\cclja6cZ.s 			page 4


 135 0006 14E0     		b	.L8
 136              	.LVL15:
 137              	.L9:
 138              	.LBB6:
  34:currentCalculation.c ****     {
  35:currentCalculation.c ****         //This iteration summarizes 1000 measurements, with the purpose of returning a mean value.
  36:currentCalculation.c ****         int16_t result = ADC_SAR_2_CountsTo_mVolts(ADC_SAR_2_GetResult16());
 139              		.loc 1 36 0 discriminator 3
 140 0008 FFF7FEFF 		bl	ADC_SAR_2_GetResult16
 141              	.LVL16:
 142 000c FFF7FEFF 		bl	ADC_SAR_2_CountsTo_mVolts
 143              	.LVL17:
  37:currentCalculation.c ****         float convToAmps = ((result-2500)/0.3339);
 144              		.loc 1 37 0 discriminator 3
 145 0010 A0F6C410 		subw	r0, r0, #2500
 146              	.LVL18:
 147 0014 FFF7FEFF 		bl	__aeabi_i2d
 148              	.LVL19:
 149 0018 0BA3     		adr	r3, .L11
 150 001a D3E90023 		ldrd	r2, [r3]
 151 001e FFF7FEFF 		bl	__aeabi_ddiv
 152              	.LVL20:
 153 0022 FFF7FEFF 		bl	__aeabi_d2f
 154              	.LVL21:
  38:currentCalculation.c ****         
  39:currentCalculation.c ****         sum = sum + convToAmps;
 155              		.loc 1 39 0 discriminator 3
 156 0026 0146     		mov	r1, r0
 157 0028 2846     		mov	r0, r5
 158              	.LVL22:
 159 002a FFF7FEFF 		bl	__aeabi_fadd
 160              	.LVL23:
 161 002e 0546     		mov	r5, r0
 162              	.LVL24:
 163              	.LBE6:
  33:currentCalculation.c ****     {
 164              		.loc 1 33 0 discriminator 3
 165 0030 0134     		adds	r4, r4, #1
 166              	.LVL25:
 167              	.L8:
  33:currentCalculation.c ****     {
 168              		.loc 1 33 0 is_stmt 0 discriminator 1
 169 0032 47F22F53 		movw	r3, #29999
 170 0036 9C42     		cmp	r4, r3
 171 0038 E6DD     		ble	.L9
 172              	.LBE7:
  40:currentCalculation.c ****     }
  41:currentCalculation.c ****     //Returns the summarization divided with the amount of samples
  42:currentCalculation.c ****     return -(sum/30000);
 173              		.loc 1 42 0 is_stmt 1
 174 003a 0549     		ldr	r1, .L11+8
 175 003c 2846     		mov	r0, r5
 176 003e FFF7FEFF 		bl	__aeabi_fdiv
 177              	.LVL26:
 178 0042 00F10040 		add	r0, r0, #-2147483648
  43:currentCalculation.c **** }
 179              		.loc 1 43 0
ARM GAS  C:\Users\degn\AppData\Local\Temp\cclja6cZ.s 			page 5


 180 0046 38BD     		pop	{r3, r4, r5, pc}
 181              	.LVL27:
 182              	.L12:
 183              		.align	3
 184              	.L11:
 185 0048 029A081B 		.word	453548546
 186 004c 9E5ED53F 		.word	1070947998
 187 0050 0060EA46 		.word	1189765120
 188              		.cfi_endproc
 189              	.LFE65:
 190              		.size	currentSolar, .-currentSolar
 191              		.text
 192              	.Letext0:
 193              		.file 2 "c:\\program files (x86)\\cypress\\psoc creator\\4.4\\psoc creator\\import\\gnu\\arm\\5.4.
 194              		.file 3 "c:\\program files (x86)\\cypress\\psoc creator\\4.4\\psoc creator\\import\\gnu\\arm\\5.4.
 195              		.file 4 "Generated_Source\\PSoC5/ADC_SAR_1.h"
 196              		.file 5 "Generated_Source\\PSoC5/ADC_SAR_2.h"
 197              		.file 6 "Generated_Source\\PSoC5/core_cm3.h"
 198              		.section	.debug_info,"",%progbits
 199              	.Ldebug_info0:
 200 0000 E0010000 		.4byte	0x1e0
 201 0004 0400     		.2byte	0x4
 202 0006 00000000 		.4byte	.Ldebug_abbrev0
 203 000a 04       		.byte	0x4
 204 000b 01       		.uleb128 0x1
 205 000c 49000000 		.4byte	.LASF26
 206 0010 0C       		.byte	0xc
 207 0011 5D020000 		.4byte	.LASF27
 208 0015 2A010000 		.4byte	.LASF28
 209 0019 30000000 		.4byte	.Ldebug_ranges0+0x30
 210 001d 00000000 		.4byte	0
 211 0021 00000000 		.4byte	.Ldebug_line0
 212 0025 02       		.uleb128 0x2
 213 0026 01       		.byte	0x1
 214 0027 06       		.byte	0x6
 215 0028 51020000 		.4byte	.LASF0
 216 002c 02       		.uleb128 0x2
 217 002d 01       		.byte	0x1
 218 002e 08       		.byte	0x8
 219 002f 3B000000 		.4byte	.LASF1
 220 0033 03       		.uleb128 0x3
 221 0034 00000000 		.4byte	.LASF4
 222 0038 02       		.byte	0x2
 223 0039 29       		.byte	0x29
 224 003a 3E000000 		.4byte	0x3e
 225 003e 02       		.uleb128 0x2
 226 003f 02       		.byte	0x2
 227 0040 05       		.byte	0x5
 228 0041 25020000 		.4byte	.LASF2
 229 0045 02       		.uleb128 0x2
 230 0046 02       		.byte	0x2
 231 0047 07       		.byte	0x7
 232 0048 E9000000 		.4byte	.LASF3
 233 004c 03       		.uleb128 0x3
 234 004d 0A000000 		.4byte	.LASF5
 235 0051 02       		.byte	0x2
 236 0052 3F       		.byte	0x3f
ARM GAS  C:\Users\degn\AppData\Local\Temp\cclja6cZ.s 			page 6


 237 0053 57000000 		.4byte	0x57
 238 0057 02       		.uleb128 0x2
 239 0058 04       		.byte	0x4
 240 0059 05       		.byte	0x5
 241 005a 2F020000 		.4byte	.LASF6
 242 005e 02       		.uleb128 0x2
 243 005f 04       		.byte	0x4
 244 0060 07       		.byte	0x7
 245 0061 D7000000 		.4byte	.LASF7
 246 0065 02       		.uleb128 0x2
 247 0066 08       		.byte	0x8
 248 0067 05       		.byte	0x5
 249 0068 F8010000 		.4byte	.LASF8
 250 006c 02       		.uleb128 0x2
 251 006d 08       		.byte	0x8
 252 006e 07       		.byte	0x7
 253 006f AB010000 		.4byte	.LASF9
 254 0073 04       		.uleb128 0x4
 255 0074 04       		.byte	0x4
 256 0075 05       		.byte	0x5
 257 0076 696E7400 		.ascii	"int\000"
 258 007a 02       		.uleb128 0x2
 259 007b 04       		.byte	0x4
 260 007c 07       		.byte	0x7
 261 007d 9E010000 		.4byte	.LASF10
 262 0081 03       		.uleb128 0x3
 263 0082 C9010000 		.4byte	.LASF11
 264 0086 03       		.byte	0x3
 265 0087 20       		.byte	0x20
 266 0088 33000000 		.4byte	0x33
 267 008c 03       		.uleb128 0x3
 268 008d D1010000 		.4byte	.LASF12
 269 0091 03       		.byte	0x3
 270 0092 2C       		.byte	0x2c
 271 0093 4C000000 		.4byte	0x4c
 272 0097 02       		.uleb128 0x2
 273 0098 04       		.byte	0x4
 274 0099 04       		.byte	0x4
 275 009a 35000000 		.4byte	.LASF13
 276 009e 02       		.uleb128 0x2
 277 009f 08       		.byte	0x8
 278 00a0 04       		.byte	0x4
 279 00a1 2E000000 		.4byte	.LASF14
 280 00a5 02       		.uleb128 0x2
 281 00a6 01       		.byte	0x1
 282 00a7 08       		.byte	0x8
 283 00a8 06020000 		.4byte	.LASF15
 284 00ac 02       		.uleb128 0x2
 285 00ad 08       		.byte	0x8
 286 00ae 04       		.byte	0x4
 287 00af 45020000 		.4byte	.LASF16
 288 00b3 02       		.uleb128 0x2
 289 00b4 04       		.byte	0x4
 290 00b5 07       		.byte	0x7
 291 00b6 D9010000 		.4byte	.LASF17
 292 00ba 05       		.uleb128 0x5
 293 00bb 72020000 		.4byte	.LASF20
ARM GAS  C:\Users\degn\AppData\Local\Temp\cclja6cZ.s 			page 7


 294 00bf 01       		.byte	0x1
 295 00c0 0E       		.byte	0xe
 296 00c1 97000000 		.4byte	0x97
 297 00c5 00000000 		.4byte	.LFB64
 298 00c9 54000000 		.4byte	.LFE64-.LFB64
 299 00cd 01       		.uleb128 0x1
 300 00ce 9C       		.byte	0x9c
 301 00cf 30010000 		.4byte	0x130
 302 00d3 06       		.uleb128 0x6
 303 00d4 73756D00 		.ascii	"sum\000"
 304 00d8 01       		.byte	0x1
 305 00d9 10       		.byte	0x10
 306 00da 97000000 		.4byte	0x97
 307 00de 00000000 		.4byte	.LLST0
 308 00e2 07       		.uleb128 0x7
 309 00e3 00000000 		.4byte	.Ldebug_ranges0+0
 310 00e7 06       		.uleb128 0x6
 311 00e8 6900     		.ascii	"i\000"
 312 00ea 01       		.byte	0x1
 313 00eb 12       		.byte	0x12
 314 00ec 73000000 		.4byte	0x73
 315 00f0 39000000 		.4byte	.LLST1
 316 00f4 08       		.uleb128 0x8
 317 00f5 08000000 		.4byte	.LBB3
 318 00f9 28000000 		.4byte	.LBE3-.LBB3
 319 00fd 09       		.uleb128 0x9
 320 00fe C2010000 		.4byte	.LASF18
 321 0102 01       		.byte	0x1
 322 0103 15       		.byte	0x15
 323 0104 81000000 		.4byte	0x81
 324 0108 58000000 		.4byte	.LLST2
 325 010c 09       		.uleb128 0x9
 326 010d 1F010000 		.4byte	.LASF19
 327 0111 01       		.byte	0x1
 328 0112 16       		.byte	0x16
 329 0113 97000000 		.4byte	0x97
 330 0117 6B000000 		.4byte	.LLST3
 331 011b 0A       		.uleb128 0xa
 332 011c 0C000000 		.4byte	.LVL2
 333 0120 B7010000 		.4byte	0x1b7
 334 0124 0A       		.uleb128 0xa
 335 0125 10000000 		.4byte	.LVL3
 336 0129 C2010000 		.4byte	0x1c2
 337 012d 00       		.byte	0
 338 012e 00       		.byte	0
 339 012f 00       		.byte	0
 340 0130 05       		.uleb128 0x5
 341 0131 38020000 		.4byte	.LASF21
 342 0135 01       		.byte	0x1
 343 0136 1D       		.byte	0x1d
 344 0137 97000000 		.4byte	0x97
 345 013b 00000000 		.4byte	.LFB65
 346 013f 54000000 		.4byte	.LFE65-.LFB65
 347 0143 01       		.uleb128 0x1
 348 0144 9C       		.byte	0x9c
 349 0145 A6010000 		.4byte	0x1a6
 350 0149 06       		.uleb128 0x6
ARM GAS  C:\Users\degn\AppData\Local\Temp\cclja6cZ.s 			page 8


 351 014a 73756D00 		.ascii	"sum\000"
 352 014e 01       		.byte	0x1
 353 014f 1F       		.byte	0x1f
 354 0150 97000000 		.4byte	0x97
 355 0154 89000000 		.4byte	.LLST4
 356 0158 07       		.uleb128 0x7
 357 0159 18000000 		.4byte	.Ldebug_ranges0+0x18
 358 015d 06       		.uleb128 0x6
 359 015e 6900     		.ascii	"i\000"
 360 0160 01       		.byte	0x1
 361 0161 21       		.byte	0x21
 362 0162 73000000 		.4byte	0x73
 363 0166 C2000000 		.4byte	.LLST5
 364 016a 08       		.uleb128 0x8
 365 016b 08000000 		.4byte	.LBB6
 366 016f 28000000 		.4byte	.LBE6-.LBB6
 367 0173 09       		.uleb128 0x9
 368 0174 C2010000 		.4byte	.LASF18
 369 0178 01       		.byte	0x1
 370 0179 24       		.byte	0x24
 371 017a 81000000 		.4byte	0x81
 372 017e E1000000 		.4byte	.LLST6
 373 0182 09       		.uleb128 0x9
 374 0183 1F010000 		.4byte	.LASF19
 375 0187 01       		.byte	0x1
 376 0188 25       		.byte	0x25
 377 0189 97000000 		.4byte	0x97
 378 018d F4000000 		.4byte	.LLST7
 379 0191 0A       		.uleb128 0xa
 380 0192 0C000000 		.4byte	.LVL16
 381 0196 CD010000 		.4byte	0x1cd
 382 019a 0A       		.uleb128 0xa
 383 019b 10000000 		.4byte	.LVL17
 384 019f D8010000 		.4byte	0x1d8
 385 01a3 00       		.byte	0
 386 01a4 00       		.byte	0
 387 01a5 00       		.byte	0
 388 01a6 0B       		.uleb128 0xb
 389 01a7 FC000000 		.4byte	.LASF29
 390 01ab 06       		.byte	0x6
 391 01ac 1207     		.2byte	0x712
 392 01ae B2010000 		.4byte	0x1b2
 393 01b2 0C       		.uleb128 0xc
 394 01b3 8C000000 		.4byte	0x8c
 395 01b7 0D       		.uleb128 0xd
 396 01b8 E2010000 		.4byte	.LASF22
 397 01bc E2010000 		.4byte	.LASF22
 398 01c0 04       		.byte	0x4
 399 01c1 3B       		.byte	0x3b
 400 01c2 0D       		.uleb128 0xd
 401 01c3 14000000 		.4byte	.LASF23
 402 01c7 14000000 		.4byte	.LASF23
 403 01cb 04       		.byte	0x4
 404 01cc 3F       		.byte	0x3f
 405 01cd 0D       		.uleb128 0xd
 406 01ce 09010000 		.4byte	.LASF24
 407 01d2 09010000 		.4byte	.LASF24
ARM GAS  C:\Users\degn\AppData\Local\Temp\cclja6cZ.s 			page 9


 408 01d6 05       		.byte	0x5
 409 01d7 3B       		.byte	0x3b
 410 01d8 0D       		.uleb128 0xd
 411 01d9 0B020000 		.4byte	.LASF25
 412 01dd 0B020000 		.4byte	.LASF25
 413 01e1 05       		.byte	0x5
 414 01e2 3F       		.byte	0x3f
 415 01e3 00       		.byte	0
 416              		.section	.debug_abbrev,"",%progbits
 417              	.Ldebug_abbrev0:
 418 0000 01       		.uleb128 0x1
 419 0001 11       		.uleb128 0x11
 420 0002 01       		.byte	0x1
 421 0003 25       		.uleb128 0x25
 422 0004 0E       		.uleb128 0xe
 423 0005 13       		.uleb128 0x13
 424 0006 0B       		.uleb128 0xb
 425 0007 03       		.uleb128 0x3
 426 0008 0E       		.uleb128 0xe
 427 0009 1B       		.uleb128 0x1b
 428 000a 0E       		.uleb128 0xe
 429 000b 55       		.uleb128 0x55
 430 000c 17       		.uleb128 0x17
 431 000d 11       		.uleb128 0x11
 432 000e 01       		.uleb128 0x1
 433 000f 10       		.uleb128 0x10
 434 0010 17       		.uleb128 0x17
 435 0011 00       		.byte	0
 436 0012 00       		.byte	0
 437 0013 02       		.uleb128 0x2
 438 0014 24       		.uleb128 0x24
 439 0015 00       		.byte	0
 440 0016 0B       		.uleb128 0xb
 441 0017 0B       		.uleb128 0xb
 442 0018 3E       		.uleb128 0x3e
 443 0019 0B       		.uleb128 0xb
 444 001a 03       		.uleb128 0x3
 445 001b 0E       		.uleb128 0xe
 446 001c 00       		.byte	0
 447 001d 00       		.byte	0
 448 001e 03       		.uleb128 0x3
 449 001f 16       		.uleb128 0x16
 450 0020 00       		.byte	0
 451 0021 03       		.uleb128 0x3
 452 0022 0E       		.uleb128 0xe
 453 0023 3A       		.uleb128 0x3a
 454 0024 0B       		.uleb128 0xb
 455 0025 3B       		.uleb128 0x3b
 456 0026 0B       		.uleb128 0xb
 457 0027 49       		.uleb128 0x49
 458 0028 13       		.uleb128 0x13
 459 0029 00       		.byte	0
 460 002a 00       		.byte	0
 461 002b 04       		.uleb128 0x4
 462 002c 24       		.uleb128 0x24
 463 002d 00       		.byte	0
 464 002e 0B       		.uleb128 0xb
ARM GAS  C:\Users\degn\AppData\Local\Temp\cclja6cZ.s 			page 10


 465 002f 0B       		.uleb128 0xb
 466 0030 3E       		.uleb128 0x3e
 467 0031 0B       		.uleb128 0xb
 468 0032 03       		.uleb128 0x3
 469 0033 08       		.uleb128 0x8
 470 0034 00       		.byte	0
 471 0035 00       		.byte	0
 472 0036 05       		.uleb128 0x5
 473 0037 2E       		.uleb128 0x2e
 474 0038 01       		.byte	0x1
 475 0039 3F       		.uleb128 0x3f
 476 003a 19       		.uleb128 0x19
 477 003b 03       		.uleb128 0x3
 478 003c 0E       		.uleb128 0xe
 479 003d 3A       		.uleb128 0x3a
 480 003e 0B       		.uleb128 0xb
 481 003f 3B       		.uleb128 0x3b
 482 0040 0B       		.uleb128 0xb
 483 0041 49       		.uleb128 0x49
 484 0042 13       		.uleb128 0x13
 485 0043 11       		.uleb128 0x11
 486 0044 01       		.uleb128 0x1
 487 0045 12       		.uleb128 0x12
 488 0046 06       		.uleb128 0x6
 489 0047 40       		.uleb128 0x40
 490 0048 18       		.uleb128 0x18
 491 0049 9642     		.uleb128 0x2116
 492 004b 19       		.uleb128 0x19
 493 004c 01       		.uleb128 0x1
 494 004d 13       		.uleb128 0x13
 495 004e 00       		.byte	0
 496 004f 00       		.byte	0
 497 0050 06       		.uleb128 0x6
 498 0051 34       		.uleb128 0x34
 499 0052 00       		.byte	0
 500 0053 03       		.uleb128 0x3
 501 0054 08       		.uleb128 0x8
 502 0055 3A       		.uleb128 0x3a
 503 0056 0B       		.uleb128 0xb
 504 0057 3B       		.uleb128 0x3b
 505 0058 0B       		.uleb128 0xb
 506 0059 49       		.uleb128 0x49
 507 005a 13       		.uleb128 0x13
 508 005b 02       		.uleb128 0x2
 509 005c 17       		.uleb128 0x17
 510 005d 00       		.byte	0
 511 005e 00       		.byte	0
 512 005f 07       		.uleb128 0x7
 513 0060 0B       		.uleb128 0xb
 514 0061 01       		.byte	0x1
 515 0062 55       		.uleb128 0x55
 516 0063 17       		.uleb128 0x17
 517 0064 00       		.byte	0
 518 0065 00       		.byte	0
 519 0066 08       		.uleb128 0x8
 520 0067 0B       		.uleb128 0xb
 521 0068 01       		.byte	0x1
ARM GAS  C:\Users\degn\AppData\Local\Temp\cclja6cZ.s 			page 11


 522 0069 11       		.uleb128 0x11
 523 006a 01       		.uleb128 0x1
 524 006b 12       		.uleb128 0x12
 525 006c 06       		.uleb128 0x6
 526 006d 00       		.byte	0
 527 006e 00       		.byte	0
 528 006f 09       		.uleb128 0x9
 529 0070 34       		.uleb128 0x34
 530 0071 00       		.byte	0
 531 0072 03       		.uleb128 0x3
 532 0073 0E       		.uleb128 0xe
 533 0074 3A       		.uleb128 0x3a
 534 0075 0B       		.uleb128 0xb
 535 0076 3B       		.uleb128 0x3b
 536 0077 0B       		.uleb128 0xb
 537 0078 49       		.uleb128 0x49
 538 0079 13       		.uleb128 0x13
 539 007a 02       		.uleb128 0x2
 540 007b 17       		.uleb128 0x17
 541 007c 00       		.byte	0
 542 007d 00       		.byte	0
 543 007e 0A       		.uleb128 0xa
 544 007f 898201   		.uleb128 0x4109
 545 0082 00       		.byte	0
 546 0083 11       		.uleb128 0x11
 547 0084 01       		.uleb128 0x1
 548 0085 31       		.uleb128 0x31
 549 0086 13       		.uleb128 0x13
 550 0087 00       		.byte	0
 551 0088 00       		.byte	0
 552 0089 0B       		.uleb128 0xb
 553 008a 34       		.uleb128 0x34
 554 008b 00       		.byte	0
 555 008c 03       		.uleb128 0x3
 556 008d 0E       		.uleb128 0xe
 557 008e 3A       		.uleb128 0x3a
 558 008f 0B       		.uleb128 0xb
 559 0090 3B       		.uleb128 0x3b
 560 0091 05       		.uleb128 0x5
 561 0092 49       		.uleb128 0x49
 562 0093 13       		.uleb128 0x13
 563 0094 3F       		.uleb128 0x3f
 564 0095 19       		.uleb128 0x19
 565 0096 3C       		.uleb128 0x3c
 566 0097 19       		.uleb128 0x19
 567 0098 00       		.byte	0
 568 0099 00       		.byte	0
 569 009a 0C       		.uleb128 0xc
 570 009b 35       		.uleb128 0x35
 571 009c 00       		.byte	0
 572 009d 49       		.uleb128 0x49
 573 009e 13       		.uleb128 0x13
 574 009f 00       		.byte	0
 575 00a0 00       		.byte	0
 576 00a1 0D       		.uleb128 0xd
 577 00a2 2E       		.uleb128 0x2e
 578 00a3 00       		.byte	0
ARM GAS  C:\Users\degn\AppData\Local\Temp\cclja6cZ.s 			page 12


 579 00a4 3F       		.uleb128 0x3f
 580 00a5 19       		.uleb128 0x19
 581 00a6 3C       		.uleb128 0x3c
 582 00a7 19       		.uleb128 0x19
 583 00a8 6E       		.uleb128 0x6e
 584 00a9 0E       		.uleb128 0xe
 585 00aa 03       		.uleb128 0x3
 586 00ab 0E       		.uleb128 0xe
 587 00ac 3A       		.uleb128 0x3a
 588 00ad 0B       		.uleb128 0xb
 589 00ae 3B       		.uleb128 0x3b
 590 00af 0B       		.uleb128 0xb
 591 00b0 00       		.byte	0
 592 00b1 00       		.byte	0
 593 00b2 00       		.byte	0
 594              		.section	.debug_loc,"",%progbits
 595              	.Ldebug_loc0:
 596              	.LLST0:
 597 0000 02000000 		.4byte	.LVL0
 598 0004 08000000 		.4byte	.LVL1
 599 0008 0600     		.2byte	0x6
 600 000a 9E       		.byte	0x9e
 601 000b 04       		.uleb128 0x4
 602 000c 00000000 		.4byte	0
 603 0010 08000000 		.4byte	.LVL1
 604 0014 30000000 		.4byte	.LVL10
 605 0018 0100     		.2byte	0x1
 606 001a 55       		.byte	0x55
 607 001b 30000000 		.4byte	.LVL10
 608 001f 32000000 		.4byte	.LVL11
 609 0023 0100     		.2byte	0x1
 610 0025 50       		.byte	0x50
 611 0026 32000000 		.4byte	.LVL11
 612 002a 48000000 		.4byte	.LVL13
 613 002e 0100     		.2byte	0x1
 614 0030 55       		.byte	0x55
 615 0031 00000000 		.4byte	0
 616 0035 00000000 		.4byte	0
 617              	.LLST1:
 618 0039 02000000 		.4byte	.LVL0
 619 003d 08000000 		.4byte	.LVL1
 620 0041 0200     		.2byte	0x2
 621 0043 30       		.byte	0x30
 622 0044 9F       		.byte	0x9f
 623 0045 08000000 		.4byte	.LVL1
 624 0049 48000000 		.4byte	.LVL13
 625 004d 0100     		.2byte	0x1
 626 004f 54       		.byte	0x54
 627 0050 00000000 		.4byte	0
 628 0054 00000000 		.4byte	0
 629              	.LLST2:
 630 0058 10000000 		.4byte	.LVL3
 631 005c 14000000 		.4byte	.LVL4
 632 0060 0100     		.2byte	0x1
 633 0062 50       		.byte	0x50
 634 0063 00000000 		.4byte	0
 635 0067 00000000 		.4byte	0
ARM GAS  C:\Users\degn\AppData\Local\Temp\cclja6cZ.s 			page 13


 636              	.LLST3:
 637 006b 26000000 		.4byte	.LVL7
 638 006f 2A000000 		.4byte	.LVL8
 639 0073 0100     		.2byte	0x1
 640 0075 50       		.byte	0x50
 641 0076 2A000000 		.4byte	.LVL8
 642 007a 2D000000 		.4byte	.LVL9-1
 643 007e 0100     		.2byte	0x1
 644 0080 51       		.byte	0x51
 645 0081 00000000 		.4byte	0
 646 0085 00000000 		.4byte	0
 647              	.LLST4:
 648 0089 02000000 		.4byte	.LVL14
 649 008d 08000000 		.4byte	.LVL15
 650 0091 0600     		.2byte	0x6
 651 0093 9E       		.byte	0x9e
 652 0094 04       		.uleb128 0x4
 653 0095 00000000 		.4byte	0
 654 0099 08000000 		.4byte	.LVL15
 655 009d 30000000 		.4byte	.LVL24
 656 00a1 0100     		.2byte	0x1
 657 00a3 55       		.byte	0x55
 658 00a4 30000000 		.4byte	.LVL24
 659 00a8 32000000 		.4byte	.LVL25
 660 00ac 0100     		.2byte	0x1
 661 00ae 50       		.byte	0x50
 662 00af 32000000 		.4byte	.LVL25
 663 00b3 48000000 		.4byte	.LVL27
 664 00b7 0100     		.2byte	0x1
 665 00b9 55       		.byte	0x55
 666 00ba 00000000 		.4byte	0
 667 00be 00000000 		.4byte	0
 668              	.LLST5:
 669 00c2 02000000 		.4byte	.LVL14
 670 00c6 08000000 		.4byte	.LVL15
 671 00ca 0200     		.2byte	0x2
 672 00cc 30       		.byte	0x30
 673 00cd 9F       		.byte	0x9f
 674 00ce 08000000 		.4byte	.LVL15
 675 00d2 48000000 		.4byte	.LVL27
 676 00d6 0100     		.2byte	0x1
 677 00d8 54       		.byte	0x54
 678 00d9 00000000 		.4byte	0
 679 00dd 00000000 		.4byte	0
 680              	.LLST6:
 681 00e1 10000000 		.4byte	.LVL17
 682 00e5 14000000 		.4byte	.LVL18
 683 00e9 0100     		.2byte	0x1
 684 00eb 50       		.byte	0x50
 685 00ec 00000000 		.4byte	0
 686 00f0 00000000 		.4byte	0
 687              	.LLST7:
 688 00f4 26000000 		.4byte	.LVL21
 689 00f8 2A000000 		.4byte	.LVL22
 690 00fc 0100     		.2byte	0x1
 691 00fe 50       		.byte	0x50
 692 00ff 2A000000 		.4byte	.LVL22
ARM GAS  C:\Users\degn\AppData\Local\Temp\cclja6cZ.s 			page 14


 693 0103 2D000000 		.4byte	.LVL23-1
 694 0107 0100     		.2byte	0x1
 695 0109 51       		.byte	0x51
 696 010a 00000000 		.4byte	0
 697 010e 00000000 		.4byte	0
 698              		.section	.debug_aranges,"",%progbits
 699 0000 24000000 		.4byte	0x24
 700 0004 0200     		.2byte	0x2
 701 0006 00000000 		.4byte	.Ldebug_info0
 702 000a 04       		.byte	0x4
 703 000b 00       		.byte	0
 704 000c 0000     		.2byte	0
 705 000e 0000     		.2byte	0
 706 0010 00000000 		.4byte	.LFB64
 707 0014 54000000 		.4byte	.LFE64-.LFB64
 708 0018 00000000 		.4byte	.LFB65
 709 001c 54000000 		.4byte	.LFE65-.LFB65
 710 0020 00000000 		.4byte	0
 711 0024 00000000 		.4byte	0
 712              		.section	.debug_ranges,"",%progbits
 713              	.Ldebug_ranges0:
 714 0000 02000000 		.4byte	.LBB2
 715 0004 04000000 		.4byte	.LBE2
 716 0008 06000000 		.4byte	.LBB4
 717 000c 3A000000 		.4byte	.LBE4
 718 0010 00000000 		.4byte	0
 719 0014 00000000 		.4byte	0
 720 0018 02000000 		.4byte	.LBB5
 721 001c 04000000 		.4byte	.LBE5
 722 0020 06000000 		.4byte	.LBB7
 723 0024 3A000000 		.4byte	.LBE7
 724 0028 00000000 		.4byte	0
 725 002c 00000000 		.4byte	0
 726 0030 00000000 		.4byte	.LFB64
 727 0034 54000000 		.4byte	.LFE64
 728 0038 00000000 		.4byte	.LFB65
 729 003c 54000000 		.4byte	.LFE65
 730 0040 00000000 		.4byte	0
 731 0044 00000000 		.4byte	0
 732              		.section	.debug_line,"",%progbits
 733              	.Ldebug_line0:
 734 0000 D7010000 		.section	.debug_str,"MS",%progbits,1
 734      02006B01 
 734      00000201 
 734      FB0E0D00 
 734      01010101 
 735              	.LASF4:
 736 0000 5F5F696E 		.ascii	"__int16_t\000"
 736      7431365F 
 736      7400
 737              	.LASF5:
 738 000a 5F5F696E 		.ascii	"__int32_t\000"
 738      7433325F 
 738      7400
 739              	.LASF23:
 740 0014 4144435F 		.ascii	"ADC_SAR_1_CountsTo_mVolts\000"
 740      5341525F 
ARM GAS  C:\Users\degn\AppData\Local\Temp\cclja6cZ.s 			page 15


 740      315F436F 
 740      756E7473 
 740      546F5F6D 
 741              	.LASF14:
 742 002e 646F7562 		.ascii	"double\000"
 742      6C6500
 743              	.LASF13:
 744 0035 666C6F61 		.ascii	"float\000"
 744      7400
 745              	.LASF1:
 746 003b 756E7369 		.ascii	"unsigned char\000"
 746      676E6564 
 746      20636861 
 746      7200
 747              	.LASF26:
 748 0049 474E5520 		.ascii	"GNU C11 5.4.1 20160609 (release) [ARM/embedded-5-br"
 748      43313120 
 748      352E342E 
 748      31203230 
 748      31363036 
 749 007c 616E6368 		.ascii	"anch revision 237715] -mcpu=cortex-m3 -mthumb -g -O"
 749      20726576 
 749      6973696F 
 749      6E203233 
 749      37373135 
 750 00af 67202D66 		.ascii	"g -ffunction-sections -ffat-lto-objects\000"
 750      66756E63 
 750      74696F6E 
 750      2D736563 
 750      74696F6E 
 751              	.LASF7:
 752 00d7 6C6F6E67 		.ascii	"long unsigned int\000"
 752      20756E73 
 752      69676E65 
 752      6420696E 
 752      7400
 753              	.LASF3:
 754 00e9 73686F72 		.ascii	"short unsigned int\000"
 754      7420756E 
 754      7369676E 
 754      65642069 
 754      6E7400
 755              	.LASF29:
 756 00fc 49544D5F 		.ascii	"ITM_RxBuffer\000"
 756      52784275 
 756      66666572 
 756      00
 757              	.LASF24:
 758 0109 4144435F 		.ascii	"ADC_SAR_2_GetResult16\000"
 758      5341525F 
 758      325F4765 
 758      74526573 
 758      756C7431 
 759              	.LASF19:
 760 011f 636F6E76 		.ascii	"convToAmps\000"
 760      546F416D 
 760      707300
ARM GAS  C:\Users\degn\AppData\Local\Temp\cclja6cZ.s 			page 16


 761              	.LASF28:
 762 012a 433A5C55 		.ascii	"C:\\Users\\degn\\OneDrive - Aarhus universitet\\Skr"
 762      73657273 
 762      5C646567 
 762      6E5C4F6E 
 762      65447269 
 763 0159 69766562 		.ascii	"ivebord\\AU\\E3\\PRJ3\\Git\\PRJ3\\PSoC\\Dataindsaml"
 763      6F72645C 
 763      41555C45 
 763      335C5052 
 763      4A335C47 
 764 0185 696E675C 		.ascii	"ing\\Dataindsamling.cydsn\000"
 764      44617461 
 764      696E6473 
 764      616D6C69 
 764      6E672E63 
 765              	.LASF10:
 766 019e 756E7369 		.ascii	"unsigned int\000"
 766      676E6564 
 766      20696E74 
 766      00
 767              	.LASF9:
 768 01ab 6C6F6E67 		.ascii	"long long unsigned int\000"
 768      206C6F6E 
 768      6720756E 
 768      7369676E 
 768      65642069 
 769              	.LASF18:
 770 01c2 72657375 		.ascii	"result\000"
 770      6C7400
 771              	.LASF11:
 772 01c9 696E7431 		.ascii	"int16_t\000"
 772      365F7400 
 773              	.LASF12:
 774 01d1 696E7433 		.ascii	"int32_t\000"
 774      325F7400 
 775              	.LASF17:
 776 01d9 73697A65 		.ascii	"sizetype\000"
 776      74797065 
 776      00
 777              	.LASF22:
 778 01e2 4144435F 		.ascii	"ADC_SAR_1_GetResult16\000"
 778      5341525F 
 778      315F4765 
 778      74526573 
 778      756C7431 
 779              	.LASF8:
 780 01f8 6C6F6E67 		.ascii	"long long int\000"
 780      206C6F6E 
 780      6720696E 
 780      7400
 781              	.LASF15:
 782 0206 63686172 		.ascii	"char\000"
 782      00
 783              	.LASF25:
 784 020b 4144435F 		.ascii	"ADC_SAR_2_CountsTo_mVolts\000"
 784      5341525F 
ARM GAS  C:\Users\degn\AppData\Local\Temp\cclja6cZ.s 			page 17


 784      325F436F 
 784      756E7473 
 784      546F5F6D 
 785              	.LASF2:
 786 0225 73686F72 		.ascii	"short int\000"
 786      7420696E 
 786      7400
 787              	.LASF6:
 788 022f 6C6F6E67 		.ascii	"long int\000"
 788      20696E74 
 788      00
 789              	.LASF21:
 790 0238 63757272 		.ascii	"currentSolar\000"
 790      656E7453 
 790      6F6C6172 
 790      00
 791              	.LASF16:
 792 0245 6C6F6E67 		.ascii	"long double\000"
 792      20646F75 
 792      626C6500 
 793              	.LASF0:
 794 0251 7369676E 		.ascii	"signed char\000"
 794      65642063 
 794      68617200 
 795              	.LASF27:
 796 025d 63757272 		.ascii	"currentCalculation.c\000"
 796      656E7443 
 796      616C6375 
 796      6C617469 
 796      6F6E2E63 
 797              	.LASF20:
 798 0272 63757272 		.ascii	"currentWAM\000"
 798      656E7457 
 798      414D00
 799              		.ident	"GCC: (GNU Tools for ARM Embedded Processors) 5.4.1 20160609 (release) [ARM/embedded-5-bran
