ARM GAS  C:\Users\degn\AppData\Local\Temp\ccXEuyKh.s 			page 1


   1              		.syntax unified
   2              		.cpu cortex-m3
   3              		.fpu softvfp
   4              		.eabi_attribute 20, 1
   5              		.eabi_attribute 21, 1
   6              		.eabi_attribute 23, 3
   7              		.eabi_attribute 24, 1
   8              		.eabi_attribute 25, 1
   9              		.eabi_attribute 26, 1
  10              		.eabi_attribute 30, 1
  11              		.eabi_attribute 34, 1
  12              		.eabi_attribute 18, 4
  13              		.thumb
  14              		.syntax unified
  15              		.file	"cymetadata.c"
  16              		.text
  17              	.Ltext0:
  18              		.cfi_sections	.debug_frame
  19              		.global	cy_metadata
  20              		.global	cy_meta_flashprotect
  21              		.global	cy_meta_wonvl
  22              		.global	cy_meta_custnvl
  23              		.global	cy_meta_configecc
  24              		.section	.cyconfigecc,"a",%progbits
  25              		.align	2
  26              		.type	cy_meta_configecc, %object
  27              		.size	cy_meta_configecc, 916
  28              	cy_meta_configecc:
  29 0000 02       		.byte	2
  30 0001 52       		.byte	82
  31 0002 00       		.byte	0
  32 0003 40       		.byte	64
  33 0004 01       		.byte	1
  34 0005 5B       		.byte	91
  35 0006 00       		.byte	0
  36 0007 40       		.byte	64
  37 0008 03       		.byte	3
  38 0009 65       		.byte	101
  39 000a 00       		.byte	0
  40 000b 40       		.byte	64
  41 000c 01       		.byte	1
  42 000d 07       		.byte	7
  43 000e 01       		.byte	1
  44 000f 40       		.byte	64
  45 0010 01       		.byte	1
  46 0011 09       		.byte	9
  47 0012 01       		.byte	1
  48 0013 40       		.byte	64
  49 0014 01       		.byte	1
  50 0015 15       		.byte	21
  51 0016 01       		.byte	1
  52 0017 40       		.byte	64
  53 0018 14       		.byte	20
  54 0019 18       		.byte	24
  55 001a 01       		.byte	1
  56 001b 40       		.byte	64
  57 001c 44       		.byte	68
ARM GAS  C:\Users\degn\AppData\Local\Temp\ccXEuyKh.s 			page 2


  58 001d 19       		.byte	25
  59 001e 01       		.byte	1
  60 001f 40       		.byte	64
  61 0020 71       		.byte	113
  62 0021 1A       		.byte	26
  63 0022 01       		.byte	1
  64 0023 40       		.byte	64
  65 0024 54       		.byte	84
  66 0025 1B       		.byte	27
  67 0026 01       		.byte	1
  68 0027 40       		.byte	64
  69 0028 03       		.byte	3
  70 0029 40       		.byte	64
  71 002a 01       		.byte	1
  72 002b 40       		.byte	64
  73 002c 02       		.byte	2
  74 002d 41       		.byte	65
  75 002e 01       		.byte	1
  76 002f 40       		.byte	64
  77 0030 02       		.byte	2
  78 0031 42       		.byte	66
  79 0032 01       		.byte	1
  80 0033 40       		.byte	64
  81 0034 03       		.byte	3
  82 0035 43       		.byte	67
  83 0036 01       		.byte	1
  84 0037 40       		.byte	64
  85 0038 02       		.byte	2
  86 0039 46       		.byte	70
  87 003a 01       		.byte	1
  88 003b 40       		.byte	64
  89 003c 01       		.byte	1
  90 003d 47       		.byte	71
  91 003e 01       		.byte	1
  92 003f 40       		.byte	64
  93 0040 01       		.byte	1
  94 0041 48       		.byte	72
  95 0042 01       		.byte	1
  96 0043 40       		.byte	64
  97 0044 02       		.byte	2
  98 0045 49       		.byte	73
  99 0046 01       		.byte	1
 100 0047 40       		.byte	64
 101 0048 03       		.byte	3
 102 0049 4C       		.byte	76
 103 004a 01       		.byte	1
 104 004b 40       		.byte	64
 105 004c 08       		.byte	8
 106 004d 4D       		.byte	77
 107 004e 01       		.byte	1
 108 004f 40       		.byte	64
 109 0050 02       		.byte	2
 110 0051 50       		.byte	80
 111 0052 01       		.byte	1
 112 0053 40       		.byte	64
 113 0054 01       		.byte	1
 114 0055 51       		.byte	81
ARM GAS  C:\Users\degn\AppData\Local\Temp\ccXEuyKh.s 			page 3


 115 0056 01       		.byte	1
 116 0057 40       		.byte	64
 117 0058 61       		.byte	97
 118 0059 80       		.byte	-128
 119 005a 64       		.byte	100
 120 005b 40       		.byte	64
 121 005c 2F       		.byte	47
 122 005d 21       		.byte	33
 123 005e 88       		.byte	-120
 124 005f 72       		.byte	114
 125 0060 89       		.byte	-119
 126 0061 38       		.byte	56
 127 0062 8B       		.byte	-117
 128 0063 0F       		.byte	15
 129 0064 EE       		.byte	-18
 130 0065 04       		.byte	4
 131 0066 EE       		.byte	-18
 132 0067 04       		.byte	4
 133 0068 EE       		.byte	-18
 134 0069 08       		.byte	8
 135 006a 86       		.byte	-122
 136 006b 02       		.byte	2
 137 006c 88       		.byte	-120
 138 006d 04       		.byte	4
 139 006e 95       		.byte	-107
 140 006f 01       		.byte	1
 141 0070 9A       		.byte	-102
 142 0071 08       		.byte	8
 143 0072 A2       		.byte	-94
 144 0073 02       		.byte	2
 145 0074 A4       		.byte	-92
 146 0075 01       		.byte	1
 147 0076 A8       		.byte	-88
 148 0077 01       		.byte	1
 149 0078 AC       		.byte	-84
 150 0079 01       		.byte	1
 151 007a B0       		.byte	-80
 152 007b 02       		.byte	2
 153 007c B2       		.byte	-78
 154 007d 08       		.byte	8
 155 007e B4       		.byte	-76
 156 007f 01       		.byte	1
 157 0080 B5       		.byte	-75
 158 0081 01       		.byte	1
 159 0082 B6       		.byte	-74
 160 0083 04       		.byte	4
 161 0084 BE       		.byte	-66
 162 0085 41       		.byte	65
 163 0086 BF       		.byte	-65
 164 0087 10       		.byte	16
 165 0088 D4       		.byte	-44
 166 0089 18       		.byte	24
 167 008a D8       		.byte	-40
 168 008b 04       		.byte	4
 169 008c D9       		.byte	-39
 170 008d 04       		.byte	4
 171 008e DB       		.byte	-37
ARM GAS  C:\Users\degn\AppData\Local\Temp\ccXEuyKh.s 			page 4


 172 008f 04       		.byte	4
 173 0090 DF       		.byte	-33
 174 0091 01       		.byte	1
 175 0092 01       		.byte	1
 176 0093 20       		.byte	32
 177 0094 02       		.byte	2
 178 0095 20       		.byte	32
 179 0096 05       		.byte	5
 180 0097 01       		.byte	1
 181 0098 06       		.byte	6
 182 0099 06       		.byte	6
 183 009a 07       		.byte	7
 184 009b 10       		.byte	16
 185 009c 08       		.byte	8
 186 009d 20       		.byte	32
 187 009e 0C       		.byte	12
 188 009f 40       		.byte	64
 189 00a0 0E       		.byte	14
 190 00a1 0A       		.byte	10
 191 00a2 0F       		.byte	15
 192 00a3 20       		.byte	32
 193 00a4 10       		.byte	16
 194 00a5 A2       		.byte	-94
 195 00a6 11       		.byte	17
 196 00a7 10       		.byte	16
 197 00a8 14       		.byte	20
 198 00a9 80       		.byte	-128
 199 00aa 16       		.byte	22
 200 00ab 01       		.byte	1
 201 00ac 17       		.byte	23
 202 00ad 28       		.byte	40
 203 00ae 19       		.byte	25
 204 00af 08       		.byte	8
 205 00b0 1A       		.byte	26
 206 00b1 01       		.byte	1
 207 00b2 1B       		.byte	27
 208 00b3 11       		.byte	17
 209 00b4 1C       		.byte	28
 210 00b5 10       		.byte	16
 211 00b6 1D       		.byte	29
 212 00b7 21       		.byte	33
 213 00b8 1E       		.byte	30
 214 00b9 0A       		.byte	10
 215 00ba 1F       		.byte	31
 216 00bb 02       		.byte	2
 217 00bc 23       		.byte	35
 218 00bd 04       		.byte	4
 219 00be 26       		.byte	38
 220 00bf 20       		.byte	32
 221 00c0 27       		.byte	39
 222 00c1 11       		.byte	17
 223 00c2 2D       		.byte	45
 224 00c3 08       		.byte	8
 225 00c4 2E       		.byte	46
 226 00c5 02       		.byte	2
 227 00c6 2F       		.byte	47
 228 00c7 05       		.byte	5
ARM GAS  C:\Users\degn\AppData\Local\Temp\ccXEuyKh.s 			page 5


 229 00c8 30       		.byte	48
 230 00c9 08       		.byte	8
 231 00ca 34       		.byte	52
 232 00cb 80       		.byte	-128
 233 00cc 35       		.byte	53
 234 00cd 05       		.byte	5
 235 00ce 37       		.byte	55
 236 00cf 10       		.byte	16
 237 00d0 3A       		.byte	58
 238 00d1 05       		.byte	5
 239 00d2 3B       		.byte	59
 240 00d3 09       		.byte	9
 241 00d4 3E       		.byte	62
 242 00d5 88       		.byte	-120
 243 00d6 3F       		.byte	63
 244 00d7 21       		.byte	33
 245 00d8 44       		.byte	68
 246 00d9 40       		.byte	64
 247 00da 45       		.byte	69
 248 00db 20       		.byte	32
 249 00dc 46       		.byte	70
 250 00dd 80       		.byte	-128
 251 00de 47       		.byte	71
 252 00df 40       		.byte	64
 253 00e0 4C       		.byte	76
 254 00e1 80       		.byte	-128
 255 00e2 4F       		.byte	79
 256 00e3 60       		.byte	96
 257 00e4 57       		.byte	87
 258 00e5 40       		.byte	64
 259 00e6 5B       		.byte	91
 260 00e7 01       		.byte	1
 261 00e8 5C       		.byte	92
 262 00e9 10       		.byte	16
 263 00ea 60       		.byte	96
 264 00eb 04       		.byte	4
 265 00ec 63       		.byte	99
 266 00ed 02       		.byte	2
 267 00ee 6C       		.byte	108
 268 00ef 22       		.byte	34
 269 00f0 6D       		.byte	109
 270 00f1 10       		.byte	16
 271 00f2 6E       		.byte	110
 272 00f3 04       		.byte	4
 273 00f4 75       		.byte	117
 274 00f5 04       		.byte	4
 275 00f6 76       		.byte	118
 276 00f7 09       		.byte	9
 277 00f8 77       		.byte	119
 278 00f9 28       		.byte	40
 279 00fa 86       		.byte	-122
 280 00fb 01       		.byte	1
 281 00fc 8A       		.byte	-118
 282 00fd 20       		.byte	32
 283 00fe 8B       		.byte	-117
 284 00ff 40       		.byte	64
 285 0100 8E       		.byte	-114
ARM GAS  C:\Users\degn\AppData\Local\Temp\ccXEuyKh.s 			page 6


 286 0101 04       		.byte	4
 287 0102 8F       		.byte	-113
 288 0103 01       		.byte	1
 289 0104 C0       		.byte	-64
 290 0105 F6       		.byte	-10
 291 0106 C2       		.byte	-62
 292 0107 E2       		.byte	-30
 293 0108 C4       		.byte	-60
 294 0109 FF       		.byte	-1
 295 010a CA       		.byte	-54
 296 010b F0       		.byte	-16
 297 010c CC       		.byte	-52
 298 010d F2       		.byte	-14
 299 010e CE       		.byte	-50
 300 010f F0       		.byte	-16
 301 0110 D0       		.byte	-48
 302 0111 B0       		.byte	-80
 303 0112 D2       		.byte	-46
 304 0113 30       		.byte	48
 305 0114 D6       		.byte	-42
 306 0115 21       		.byte	33
 307 0116 D8       		.byte	-40
 308 0117 0C       		.byte	12
 309 0118 E0       		.byte	-32
 310 0119 08       		.byte	8
 311 011a 00       		.byte	0
 312 011b 0C       		.byte	12
 313 011c 02       		.byte	2
 314 011d 71       		.byte	113
 315 011e 05       		.byte	5
 316 011f 80       		.byte	-128
 317 0120 06       		.byte	6
 318 0121 03       		.byte	3
 319 0122 07       		.byte	7
 320 0123 13       		.byte	19
 321 0124 0F       		.byte	15
 322 0125 0C       		.byte	12
 323 0126 10       		.byte	16
 324 0127 09       		.byte	9
 325 0128 12       		.byte	18
 326 0129 D0       		.byte	-48
 327 012a 14       		.byte	20
 328 012b 14       		.byte	20
 329 012c 15       		.byte	21
 330 012d 2C       		.byte	44
 331 012e 17       		.byte	23
 332 012f 43       		.byte	67
 333 0130 18       		.byte	24
 334 0131 10       		.byte	16
 335 0132 19       		.byte	25
 336 0133 71       		.byte	113
 337 0134 1A       		.byte	26
 338 0135 AC       		.byte	-84
 339 0136 1B       		.byte	27
 340 0137 06       		.byte	6
 341 0138 1F       		.byte	31
 342 0139 08       		.byte	8
ARM GAS  C:\Users\degn\AppData\Local\Temp\ccXEuyKh.s 			page 7


 343 013a 20       		.byte	32
 344 013b 10       		.byte	16
 345 013c 21       		.byte	33
 346 013d 71       		.byte	113
 347 013e 22       		.byte	34
 348 013f 40       		.byte	64
 349 0140 23       		.byte	35
 350 0141 0E       		.byte	14
 351 0142 26       		.byte	38
 352 0143 20       		.byte	32
 353 0144 28       		.byte	40
 354 0145 DC       		.byte	-36
 355 0146 2A       		.byte	42
 356 0147 22       		.byte	34
 357 0148 30       		.byte	48
 358 0149 E0       		.byte	-32
 359 014a 31       		.byte	49
 360 014b C0       		.byte	-64
 361 014c 33       		.byte	51
 362 014d 0F       		.byte	15
 363 014e 34       		.byte	52
 364 014f 1F       		.byte	31
 365 0150 35       		.byte	53
 366 0151 30       		.byte	48
 367 0152 39       		.byte	57
 368 0153 22       		.byte	34
 369 0154 3A       		.byte	58
 370 0155 02       		.byte	2
 371 0156 3B       		.byte	59
 372 0157 08       		.byte	8
 373 0158 3F       		.byte	63
 374 0159 10       		.byte	16
 375 015a 40       		.byte	64
 376 015b 02       		.byte	2
 377 015c 46       		.byte	70
 378 015d 04       		.byte	4
 379 015e 49       		.byte	73
 380 015f FF       		.byte	-1
 381 0160 4A       		.byte	74
 382 0161 07       		.byte	7
 383 0162 4B       		.byte	75
 384 0163 FF       		.byte	-1
 385 0164 4C       		.byte	76
 386 0165 40       		.byte	64
 387 0166 4D       		.byte	77
 388 0167 20       		.byte	32
 389 0168 4E       		.byte	78
 390 0169 F0       		.byte	-16
 391 016a 4F       		.byte	79
 392 016b 05       		.byte	5
 393 016c 50       		.byte	80
 394 016d 08       		.byte	8
 395 016e 58       		.byte	88
 396 016f 04       		.byte	4
 397 0170 59       		.byte	89
 398 0171 04       		.byte	4
 399 0172 5A       		.byte	90
ARM GAS  C:\Users\degn\AppData\Local\Temp\ccXEuyKh.s 			page 8


 400 0173 04       		.byte	4
 401 0174 5F       		.byte	95
 402 0175 01       		.byte	1
 403 0176 60       		.byte	96
 404 0177 40       		.byte	64
 405 0178 61       		.byte	97
 406 0179 A8       		.byte	-88
 407 017a 62       		.byte	98
 408 017b 40       		.byte	64
 409 017c 63       		.byte	99
 410 017d 20       		.byte	32
 411 017e 80       		.byte	-128
 412 017f 13       		.byte	19
 413 0180 81       		.byte	-127
 414 0181 08       		.byte	8
 415 0182 82       		.byte	-126
 416 0183 04       		.byte	4
 417 0184 83       		.byte	-125
 418 0185 14       		.byte	20
 419 0186 84       		.byte	-124
 420 0187 20       		.byte	32
 421 0188 86       		.byte	-122
 422 0189 C0       		.byte	-64
 423 018a 87       		.byte	-121
 424 018b 20       		.byte	32
 425 018c 88       		.byte	-120
 426 018d 13       		.byte	19
 427 018e 89       		.byte	-119
 428 018f 18       		.byte	24
 429 0190 8A       		.byte	-118
 430 0191 0C       		.byte	12
 431 0192 8F       		.byte	-113
 432 0193 20       		.byte	32
 433 0194 92       		.byte	-110
 434 0195 08       		.byte	8
 435 0196 94       		.byte	-108
 436 0197 0A       		.byte	10
 437 0198 95       		.byte	-107
 438 0199 01       		.byte	1
 439 019a 96       		.byte	-106
 440 019b 14       		.byte	20
 441 019c 98       		.byte	-104
 442 019d E0       		.byte	-32
 443 019e 9B       		.byte	-101
 444 019f 01       		.byte	1
 445 01a0 9C       		.byte	-100
 446 01a1 03       		.byte	3
 447 01a2 9D       		.byte	-99
 448 01a3 10       		.byte	16
 449 01a4 9E       		.byte	-98
 450 01a5 14       		.byte	20
 451 01a6 9F       		.byte	-97
 452 01a7 0C       		.byte	12
 453 01a8 A0       		.byte	-96
 454 01a9 80       		.byte	-128
 455 01aa A1       		.byte	-95
 456 01ab 01       		.byte	1
ARM GAS  C:\Users\degn\AppData\Local\Temp\ccXEuyKh.s 			page 9


 457 01ac A2       		.byte	-94
 458 01ad 20       		.byte	32
 459 01ae A5       		.byte	-91
 460 01af 18       		.byte	24
 461 01b0 A6       		.byte	-90
 462 01b1 15       		.byte	21
 463 01b2 A8       		.byte	-88
 464 01b3 E0       		.byte	-32
 465 01b4 AB       		.byte	-85
 466 01b5 02       		.byte	2
 467 01b6 AC       		.byte	-84
 468 01b7 40       		.byte	64
 469 01b8 AE       		.byte	-82
 470 01b9 20       		.byte	32
 471 01ba AF       		.byte	-81
 472 01bb 01       		.byte	1
 473 01bc B0       		.byte	-80
 474 01bd 10       		.byte	16
 475 01be B1       		.byte	-79
 476 01bf 06       		.byte	6
 477 01c0 B2       		.byte	-78
 478 01c1 E0       		.byte	-32
 479 01c2 B3       		.byte	-77
 480 01c3 01       		.byte	1
 481 01c4 B4       		.byte	-76
 482 01c5 0F       		.byte	15
 483 01c6 B5       		.byte	-75
 484 01c7 20       		.byte	32
 485 01c8 B7       		.byte	-73
 486 01c9 18       		.byte	24
 487 01ca B9       		.byte	-71
 488 01cb 08       		.byte	8
 489 01cc BA       		.byte	-70
 490 01cd 20       		.byte	32
 491 01ce BE       		.byte	-66
 492 01cf 01       		.byte	1
 493 01d0 BF       		.byte	-65
 494 01d1 11       		.byte	17
 495 01d2 C0       		.byte	-64
 496 01d3 36       		.byte	54
 497 01d4 C1       		.byte	-63
 498 01d5 01       		.byte	1
 499 01d6 C5       		.byte	-59
 500 01d7 0B       		.byte	11
 501 01d8 C6       		.byte	-58
 502 01d9 0C       		.byte	12
 503 01da C7       		.byte	-57
 504 01db 0E       		.byte	14
 505 01dc C8       		.byte	-56
 506 01dd 15       		.byte	21
 507 01de C9       		.byte	-55
 508 01df FF       		.byte	-1
 509 01e0 CA       		.byte	-54
 510 01e1 FF       		.byte	-1
 511 01e2 CB       		.byte	-53
 512 01e3 FF       		.byte	-1
 513 01e4 CE       		.byte	-50
ARM GAS  C:\Users\degn\AppData\Local\Temp\ccXEuyKh.s 			page 10


 514 01e5 F0       		.byte	-16
 515 01e6 CF       		.byte	-49
 516 01e7 44       		.byte	68
 517 01e8 D0       		.byte	-48
 518 01e9 0C       		.byte	12
 519 01ea D4       		.byte	-44
 520 01eb 01       		.byte	1
 521 01ec D8       		.byte	-40
 522 01ed 04       		.byte	4
 523 01ee D9       		.byte	-39
 524 01ef 04       		.byte	4
 525 01f0 DA       		.byte	-38
 526 01f1 04       		.byte	4
 527 01f2 DB       		.byte	-37
 528 01f3 04       		.byte	4
 529 01f4 DF       		.byte	-33
 530 01f5 01       		.byte	1
 531 01f6 E6       		.byte	-26
 532 01f7 C0       		.byte	-64
 533 01f8 EA       		.byte	-22
 534 01f9 40       		.byte	64
 535 01fa EB       		.byte	-21
 536 01fb 02       		.byte	2
 537 01fc 01       		.byte	1
 538 01fd 02       		.byte	2
 539 01fe 03       		.byte	3
 540 01ff 20       		.byte	32
 541 0200 05       		.byte	5
 542 0201 16       		.byte	22
 543 0202 08       		.byte	8
 544 0203 10       		.byte	16
 545 0204 0A       		.byte	10
 546 0205 20       		.byte	32
 547 0206 0B       		.byte	11
 548 0207 40       		.byte	64
 549 0208 0D       		.byte	13
 550 0209 88       		.byte	-120
 551 020a 0E       		.byte	14
 552 020b 04       		.byte	4
 553 020c 0F       		.byte	15
 554 020d 40       		.byte	64
 555 020e 10       		.byte	16
 556 020f 80       		.byte	-128
 557 0210 11       		.byte	17
 558 0211 04       		.byte	4
 559 0212 12       		.byte	18
 560 0213 08       		.byte	8
 561 0214 14       		.byte	20
 562 0215 80       		.byte	-128
 563 0216 15       		.byte	21
 564 0217 14       		.byte	20
 565 0218 16       		.byte	22
 566 0219 02       		.byte	2
 567 021a 19       		.byte	25
 568 021b 22       		.byte	34
 569 021c 1B       		.byte	27
 570 021d 20       		.byte	32
ARM GAS  C:\Users\degn\AppData\Local\Temp\ccXEuyKh.s 			page 11


 571 021e 1D       		.byte	29
 572 021f 14       		.byte	20
 573 0220 1E       		.byte	30
 574 0221 40       		.byte	64
 575 0222 1F       		.byte	31
 576 0223 04       		.byte	4
 577 0224 21       		.byte	33
 578 0225 18       		.byte	24
 579 0226 22       		.byte	34
 580 0227 08       		.byte	8
 581 0228 23       		.byte	35
 582 0229 40       		.byte	64
 583 022a 24       		.byte	36
 584 022b 04       		.byte	4
 585 022c 25       		.byte	37
 586 022d 04       		.byte	4
 587 022e 26       		.byte	38
 588 022f 80       		.byte	-128
 589 0230 27       		.byte	39
 590 0231 40       		.byte	64
 591 0232 29       		.byte	41
 592 0233 02       		.byte	2
 593 0234 2A       		.byte	42
 594 0235 01       		.byte	1
 595 0236 2C       		.byte	44
 596 0237 40       		.byte	64
 597 0238 2E       		.byte	46
 598 0239 04       		.byte	4
 599 023a 2F       		.byte	47
 600 023b 06       		.byte	6
 601 023c 30       		.byte	48
 602 023d 90       		.byte	-112
 603 023e 31       		.byte	49
 604 023f 18       		.byte	24
 605 0240 34       		.byte	52
 606 0241 80       		.byte	-128
 607 0242 36       		.byte	54
 608 0243 84       		.byte	-124
 609 0244 37       		.byte	55
 610 0245 10       		.byte	16
 611 0246 38       		.byte	56
 612 0247 08       		.byte	8
 613 0248 39       		.byte	57
 614 0249 04       		.byte	4
 615 024a 3B       		.byte	59
 616 024b 40       		.byte	64
 617 024c 3D       		.byte	61
 618 024d 18       		.byte	24
 619 024e 3E       		.byte	62
 620 024f 02       		.byte	2
 621 0250 3F       		.byte	63
 622 0251 80       		.byte	-128
 623 0252 41       		.byte	65
 624 0253 10       		.byte	16
 625 0254 44       		.byte	68
 626 0255 10       		.byte	16
 627 0256 46       		.byte	70
ARM GAS  C:\Users\degn\AppData\Local\Temp\ccXEuyKh.s 			page 12


 628 0257 01       		.byte	1
 629 0258 4C       		.byte	76
 630 0259 04       		.byte	4
 631 025a 4E       		.byte	78
 632 025b 10       		.byte	16
 633 025c 50       		.byte	80
 634 025d 84       		.byte	-124
 635 025e 54       		.byte	84
 636 025f 08       		.byte	8
 637 0260 55       		.byte	85
 638 0261 80       		.byte	-128
 639 0262 56       		.byte	86
 640 0263 40       		.byte	64
 641 0264 5E       		.byte	94
 642 0265 40       		.byte	64
 643 0266 5F       		.byte	95
 644 0267 15       		.byte	21
 645 0268 86       		.byte	-122
 646 0269 40       		.byte	64
 647 026a 87       		.byte	-121
 648 026b 10       		.byte	16
 649 026c 88       		.byte	-120
 650 026d 20       		.byte	32
 651 026e 8A       		.byte	-118
 652 026f 02       		.byte	2
 653 0270 8C       		.byte	-116
 654 0271 08       		.byte	8
 655 0272 8F       		.byte	-113
 656 0273 01       		.byte	1
 657 0274 91       		.byte	-111
 658 0275 10       		.byte	16
 659 0276 92       		.byte	-110
 660 0277 04       		.byte	4
 661 0278 93       		.byte	-109
 662 0279 04       		.byte	4
 663 027a 94       		.byte	-108
 664 027b 04       		.byte	4
 665 027c 97       		.byte	-105
 666 027d 08       		.byte	8
 667 027e 98       		.byte	-104
 668 027f 40       		.byte	64
 669 0280 9B       		.byte	-101
 670 0281 10       		.byte	16
 671 0282 9C       		.byte	-100
 672 0283 A0       		.byte	-96
 673 0284 9D       		.byte	-99
 674 0285 20       		.byte	32
 675 0286 9E       		.byte	-98
 676 0287 02       		.byte	2
 677 0288 9F       		.byte	-97
 678 0289 40       		.byte	64
 679 028a A2       		.byte	-94
 680 028b 04       		.byte	4
 681 028c A3       		.byte	-93
 682 028d 42       		.byte	66
 683 028e A4       		.byte	-92
 684 028f 08       		.byte	8
ARM GAS  C:\Users\degn\AppData\Local\Temp\ccXEuyKh.s 			page 13


 685 0290 C0       		.byte	-64
 686 0291 7C       		.byte	124
 687 0292 C2       		.byte	-62
 688 0293 FE       		.byte	-2
 689 0294 C4       		.byte	-60
 690 0295 FE       		.byte	-2
 691 0296 CA       		.byte	-54
 692 0297 F1       		.byte	-15
 693 0298 CC       		.byte	-52
 694 0299 7E       		.byte	126
 695 029a CE       		.byte	-50
 696 029b FA       		.byte	-6
 697 029c D0       		.byte	-48
 698 029d 54       		.byte	84
 699 029e D2       		.byte	-46
 700 029f 20       		.byte	32
 701 02a0 D6       		.byte	-42
 702 02a1 F0       		.byte	-16
 703 02a2 EE       		.byte	-18
 704 02a3 08       		.byte	8
 705 02a4 33       		.byte	51
 706 02a5 20       		.byte	32
 707 02a6 36       		.byte	54
 708 02a7 80       		.byte	-128
 709 02a8 CC       		.byte	-52
 710 02a9 30       		.byte	48
 711 02aa A6       		.byte	-90
 712 02ab 80       		.byte	-128
 713 02ac A7       		.byte	-89
 714 02ad 20       		.byte	32
 715 02ae A6       		.byte	-90
 716 02af 80       		.byte	-128
 717 02b0 A7       		.byte	-89
 718 02b1 20       		.byte	32
 719 02b2 A6       		.byte	-90
 720 02b3 80       		.byte	-128
 721 02b4 AB       		.byte	-85
 722 02b5 20       		.byte	32
 723 02b6 EE       		.byte	-18
 724 02b7 20       		.byte	32
 725 02b8 1B       		.byte	27
 726 02b9 04       		.byte	4
 727 02ba C6       		.byte	-58
 728 02bb 08       		.byte	8
 729 02bc AB       		.byte	-85
 730 02bd 04       		.byte	4
 731 02be A6       		.byte	-90
 732 02bf 80       		.byte	-128
 733 02c0 AE       		.byte	-82
 734 02c1 80       		.byte	-128
 735 02c2 EE       		.byte	-18
 736 02c3 10       		.byte	16
 737 02c4 1F       		.byte	31
 738 02c5 80       		.byte	-128
 739 02c6 87       		.byte	-121
 740 02c7 10       		.byte	16
 741 02c8 C6       		.byte	-58
ARM GAS  C:\Users\degn\AppData\Local\Temp\ccXEuyKh.s 			page 14


 742 02c9 01       		.byte	1
 743 02ca 10       		.byte	16
 744 02cb 40       		.byte	64
 745 02cc 73       		.byte	115
 746 02cd 10       		.byte	16
 747 02ce 88       		.byte	-120
 748 02cf 40       		.byte	64
 749 02d0 93       		.byte	-109
 750 02d1 10       		.byte	16
 751 02d2 AF       		.byte	-81
 752 02d3 80       		.byte	-128
 753 02d4 C4       		.byte	-60
 754 02d5 08       		.byte	8
 755 02d6 DC       		.byte	-36
 756 02d7 01       		.byte	1
 757 02d8 E2       		.byte	-30
 758 02d9 01       		.byte	1
 759 02da 10       		.byte	16
 760 02db 01       		.byte	1
 761 02dc 1C       		.byte	28
 762 02dd 01       		.byte	1
 763 02de 00       		.byte	0
 764 02df 0F       		.byte	15
 765 02e0 1F       		.byte	31
 766 02e1 10       		.byte	16
 767 02e2 20       		.byte	32
 768 02e3 00       		.byte	0
 769 02e4 1C       		.byte	28
 770 02e5 08       		.byte	8
 771 02e6 23       		.byte	35
 772 02e7 00       		.byte	0
 773 02e8 03       		.byte	3
 774 02e9 00       		.byte	0
 775 02ea 00       		.byte	0
 776 02eb E3       		.byte	-29
 777 02ec 01       		.byte	1
 778 02ed FF       		.byte	-1
 779 02ee 00       		.byte	0
 780 02ef 00       		.byte	0
 781 02f0 00       		.byte	0
 782 02f1 1C       		.byte	28
 783 02f2 00       		.byte	0
 784 02f3 E1       		.byte	-31
 785 02f4 00       		.byte	0
 786 02f5 18       		.byte	24
 787 02f6 23       		.byte	35
 788 02f7 00       		.byte	0
 789 02f8 33       		.byte	51
 790 02f9 3C       		.byte	60
 791 02fa 0C       		.byte	12
 792 02fb C2       		.byte	-62
 793 02fc 3F       		.byte	63
 794 02fd 80       		.byte	-128
 795 02fe 00       		.byte	0
 796 02ff 00       		.byte	0
 797 0300 02       		.byte	2
 798 0301 44       		.byte	68
ARM GAS  C:\Users\degn\AppData\Local\Temp\ccXEuyKh.s 			page 15


 799 0302 00       		.byte	0
 800 0303 00       		.byte	0
 801 0304 04       		.byte	4
 802 0305 00       		.byte	0
 803 0306 00       		.byte	0
 804 0307 04       		.byte	4
 805 0308 0C       		.byte	12
 806 0309 C0       		.byte	-64
 807 030a 00       		.byte	0
 808 030b 00       		.byte	0
 809 030c 08       		.byte	8
 810 030d E7       		.byte	-25
 811 030e 00       		.byte	0
 812 030f 18       		.byte	24
 813 0310 2C       		.byte	44
 814 0311 00       		.byte	0
 815 0312 10       		.byte	16
 816 0313 1F       		.byte	31
 817 0314 0F       		.byte	15
 818 0315 38       		.byte	56
 819 0316 00       		.byte	0
 820 0317 C0       		.byte	-64
 821 0318 00       		.byte	0
 822 0319 00       		.byte	0
 823 031a A2       		.byte	-94
 824 031b 08       		.byte	8
 825 031c 00       		.byte	0
 826 031d 00       		.byte	0
 827 031e 04       		.byte	4
 828 031f 00       		.byte	0
 829 0320 26       		.byte	38
 830 0321 04       		.byte	4
 831 0322 05       		.byte	5
 832 0323 00       		.byte	0
 833 0324 01       		.byte	1
 834 0325 C0       		.byte	-64
 835 0326 0E       		.byte	14
 836 0327 00       		.byte	0
 837 0328 06       		.byte	6
 838 0329 FF       		.byte	-1
 839 032a FF       		.byte	-1
 840 032b FF       		.byte	-1
 841 032c 62       		.byte	98
 842 032d A0       		.byte	-96
 843 032e F0       		.byte	-16
 844 032f 41       		.byte	65
 845 0330 0C       		.byte	12
 846 0331 00       		.byte	0
 847 0332 00       		.byte	0
 848 0333 00       		.byte	0
 849 0334 00       		.byte	0
 850 0335 00       		.byte	0
 851 0336 02       		.byte	2
 852 0337 11       		.byte	17
 853 0338 04       		.byte	4
 854 0339 04       		.byte	4
 855 033a 04       		.byte	4
ARM GAS  C:\Users\degn\AppData\Local\Temp\ccXEuyKh.s 			page 16


 856 033b 04       		.byte	4
 857 033c 00       		.byte	0
 858 033d 00       		.byte	0
 859 033e 00       		.byte	0
 860 033f 01       		.byte	1
 861 0340 00       		.byte	0
 862 0341 00       		.byte	0
 863 0342 00       		.byte	0
 864 0343 00       		.byte	0
 865 0344 00       		.byte	0
 866 0345 00       		.byte	0
 867 0346 40       		.byte	64
 868 0347 02       		.byte	2
 869 0348 00       		.byte	0
 870 0349 10       		.byte	16
 871 034a 30       		.byte	48
 872 034b 10       		.byte	16
 873 034c 00       		.byte	0
 874 034d 10       		.byte	16
 875 034e 10       		.byte	16
 876 034f 12       		.byte	18
 877 0350 00       		.byte	0
 878 0351 00       		.byte	0
 879 0352 00       		.byte	0
 880 0353 00       		.byte	0
 881 0354 00       		.byte	0
 882 0355 00       		.byte	0
 883 0356 00       		.byte	0
 884 0357 00       		.byte	0
 885 0358 00       		.byte	0
 886 0359 00       		.byte	0
 887 035a 00       		.byte	0
 888 035b 00       		.byte	0
 889 035c 00       		.byte	0
 890 035d 00       		.byte	0
 891 035e 00       		.byte	0
 892 035f 00       		.byte	0
 893 0360 00       		.byte	0
 894 0361 41       		.byte	65
 895 0362 41       		.byte	65
 896 0363 00       		.byte	0
 897 0364 00       		.byte	0
 898 0365 00       		.byte	0
 899 0366 00       		.byte	0
 900 0367 00       		.byte	0
 901 0368 80       		.byte	-128
 902 0369 00       		.byte	0
 903 036a 40       		.byte	64
 904 036b 80       		.byte	-128
 905 036c 80       		.byte	-128
 906 036d 00       		.byte	0
 907 036e 80       		.byte	-128
 908 036f 00       		.byte	0
 909 0370 00       		.byte	0
 910 0371 00       		.byte	0
 911 0372 00       		.byte	0
 912 0373 00       		.byte	0
ARM GAS  C:\Users\degn\AppData\Local\Temp\ccXEuyKh.s 			page 17


 913 0374 00       		.byte	0
 914 0375 00       		.byte	0
 915 0376 00       		.byte	0
 916 0377 00       		.byte	0
 917 0378 00       		.byte	0
 918 0379 00       		.byte	0
 919 037a 10       		.byte	16
 920 037b 00       		.byte	0
 921 037c 00       		.byte	0
 922 037d 0B       		.byte	11
 923 037e 0B       		.byte	11
 924 037f 00       		.byte	0
 925 0380 00       		.byte	0
 926 0381 00       		.byte	0
 927 0382 00       		.byte	0
 928 0383 00       		.byte	0
 929 0384 00       		.byte	0
 930 0385 00       		.byte	0
 931 0386 00       		.byte	0
 932 0387 00       		.byte	0
 933 0388 00       		.byte	0
 934 0389 00       		.byte	0
 935 038a 80       		.byte	-128
 936 038b 00       		.byte	0
 937 038c 0E       		.byte	14
 938 038d 00       		.byte	0
 939 038e 18       		.byte	24
 940 038f 01       		.byte	1
 941 0390 0E       		.byte	14
 942 0391 00       		.byte	0
 943 0392 18       		.byte	24
 944 0393 01       		.byte	1
 945              		.section	.cywolatch,"a",%progbits
 946              		.align	2
 947              		.type	cy_meta_wonvl, %object
 948              		.size	cy_meta_wonvl, 4
 949              	cy_meta_wonvl:
 950 0000 BC       		.byte	-68
 951 0001 90       		.byte	-112
 952 0002 AC       		.byte	-84
 953 0003 AF       		.byte	-81
 954              		.section	.cycustnvl,"a",%progbits
 955              		.align	2
 956              		.type	cy_meta_custnvl, %object
 957              		.size	cy_meta_custnvl, 4
 958              	cy_meta_custnvl:
 959 0000 00       		.byte	0
 960 0001 00       		.byte	0
 961 0002 40       		.byte	64
 962 0003 05       		.byte	5
 963              		.section	.cymeta,"a",%progbits
 964              		.align	2
 965              		.type	cy_metadata, %object
 966              		.size	cy_metadata, 12
 967              	cy_metadata:
 968 0000 00       		.byte	0
 969 0001 01       		.byte	1
ARM GAS  C:\Users\degn\AppData\Local\Temp\ccXEuyKh.s 			page 18


 970 0002 2E       		.byte	46
 971 0003 16       		.byte	22
 972 0004 10       		.byte	16
 973 0005 69       		.byte	105
 974 0006 00       		.byte	0
 975 0007 01       		.byte	1
 976 0008 00       		.byte	0
 977 0009 00       		.byte	0
 978 000a 00       		.byte	0
 979 000b 00       		.byte	0
 980              		.section	.cyflashprotect,"a",%progbits
 981              		.align	2
 982              		.type	cy_meta_flashprotect, %object
 983              		.size	cy_meta_flashprotect, 256
 984              	cy_meta_flashprotect:
 985 0000 00000000 		.space	256
 985      00000000 
 985      00000000 
 985      00000000 
 985      00000000 
 986              		.text
 987              	.Letext0:
 988              		.file 1 "c:\\program files (x86)\\cypress\\psoc creator\\4.4\\psoc creator\\import\\gnu\\arm\\5.4.
 989              		.file 2 "c:\\program files (x86)\\cypress\\psoc creator\\4.4\\psoc creator\\import\\gnu\\arm\\5.4.
 990              		.file 3 "Generated_Source\\PSoC5\\cymetadata.c"
 991              		.section	.debug_info,"",%progbits
 992              	.Ldebug_info0:
 993 0000 31010000 		.4byte	0x131
 994 0004 0400     		.2byte	0x4
 995 0006 00000000 		.4byte	.Ldebug_abbrev0
 996 000a 04       		.byte	0x4
 997 000b 01       		.uleb128 0x1
 998 000c 24000000 		.4byte	.LASF17
 999 0010 0C       		.byte	0xc
 1000 0011 F2010000 		.4byte	.LASF18
 1001 0015 E7000000 		.4byte	.LASF19
 1002 0019 00000000 		.4byte	.Ldebug_line0
 1003 001d 02       		.uleb128 0x2
 1004 001e 01       		.byte	0x1
 1005 001f 06       		.byte	0x6
 1006 0020 E6010000 		.4byte	.LASF0
 1007 0024 03       		.uleb128 0x3
 1008 0025 00000000 		.4byte	.LASF9
 1009 0029 01       		.byte	0x1
 1010 002a 1D       		.byte	0x1d
 1011 002b 2F000000 		.4byte	0x2f
 1012 002f 02       		.uleb128 0x2
 1013 0030 01       		.byte	0x1
 1014 0031 08       		.byte	0x8
 1015 0032 16000000 		.4byte	.LASF1
 1016 0036 02       		.uleb128 0x2
 1017 0037 02       		.byte	0x2
 1018 0038 05       		.byte	0x5
 1019 0039 D3010000 		.4byte	.LASF2
 1020 003d 02       		.uleb128 0x2
 1021 003e 02       		.byte	0x2
 1022 003f 07       		.byte	0x7
ARM GAS  C:\Users\degn\AppData\Local\Temp\ccXEuyKh.s 			page 19


 1023 0040 C4000000 		.4byte	.LASF3
 1024 0044 02       		.uleb128 0x2
 1025 0045 04       		.byte	0x4
 1026 0046 05       		.byte	0x5
 1027 0047 DD010000 		.4byte	.LASF4
 1028 004b 02       		.uleb128 0x2
 1029 004c 04       		.byte	0x4
 1030 004d 07       		.byte	0x7
 1031 004e B2000000 		.4byte	.LASF5
 1032 0052 02       		.uleb128 0x2
 1033 0053 08       		.byte	0x8
 1034 0054 05       		.byte	0x5
 1035 0055 C5010000 		.4byte	.LASF6
 1036 0059 02       		.uleb128 0x2
 1037 005a 08       		.byte	0x8
 1038 005b 07       		.byte	0x7
 1039 005c 68010000 		.4byte	.LASF7
 1040 0060 04       		.uleb128 0x4
 1041 0061 04       		.byte	0x4
 1042 0062 05       		.byte	0x5
 1043 0063 696E7400 		.ascii	"int\000"
 1044 0067 02       		.uleb128 0x2
 1045 0068 04       		.byte	0x4
 1046 0069 07       		.byte	0x7
 1047 006a 5B010000 		.4byte	.LASF8
 1048 006e 03       		.uleb128 0x3
 1049 006f 7F010000 		.4byte	.LASF10
 1050 0073 02       		.byte	0x2
 1051 0074 18       		.byte	0x18
 1052 0075 24000000 		.4byte	0x24
 1053 0079 05       		.uleb128 0x5
 1054 007a 91000000 		.4byte	0x91
 1055 007e 8A000000 		.4byte	0x8a
 1056 0082 06       		.uleb128 0x6
 1057 0083 8A000000 		.4byte	0x8a
 1058 0087 9303     		.2byte	0x393
 1059 0089 00       		.byte	0
 1060 008a 02       		.uleb128 0x2
 1061 008b 04       		.byte	0x4
 1062 008c 07       		.byte	0x7
 1063 008d AA010000 		.4byte	.LASF11
 1064 0091 07       		.uleb128 0x7
 1065 0092 6E000000 		.4byte	0x6e
 1066 0096 08       		.uleb128 0x8
 1067 0097 B3010000 		.4byte	.LASF12
 1068 009b 03       		.byte	0x3
 1069 009c 1F       		.byte	0x1f
 1070 009d A7000000 		.4byte	0xa7
 1071 00a1 05       		.uleb128 0x5
 1072 00a2 03       		.byte	0x3
 1073 00a3 00000000 		.4byte	cy_meta_configecc
 1074 00a7 07       		.uleb128 0x7
 1075 00a8 79000000 		.4byte	0x79
 1076 00ac 05       		.uleb128 0x5
 1077 00ad 91000000 		.4byte	0x91
 1078 00b1 BC000000 		.4byte	0xbc
 1079 00b5 09       		.uleb128 0x9
ARM GAS  C:\Users\degn\AppData\Local\Temp\ccXEuyKh.s 			page 20


 1080 00b6 8A000000 		.4byte	0x8a
 1081 00ba 03       		.byte	0x3
 1082 00bb 00       		.byte	0
 1083 00bc 08       		.uleb128 0x8
 1084 00bd D7000000 		.4byte	.LASF13
 1085 00c1 03       		.byte	0x3
 1086 00c2 9F       		.byte	0x9f
 1087 00c3 CD000000 		.4byte	0xcd
 1088 00c7 05       		.uleb128 0x5
 1089 00c8 03       		.byte	0x3
 1090 00c9 00000000 		.4byte	cy_meta_custnvl
 1091 00cd 07       		.uleb128 0x7
 1092 00ce AC000000 		.4byte	0xac
 1093 00d2 08       		.uleb128 0x8
 1094 00d3 9C010000 		.4byte	.LASF14
 1095 00d7 03       		.byte	0x3
 1096 00d8 AD       		.byte	0xad
 1097 00d9 E3000000 		.4byte	0xe3
 1098 00dd 05       		.uleb128 0x5
 1099 00de 03       		.byte	0x3
 1100 00df 00000000 		.4byte	cy_meta_wonvl
 1101 00e3 07       		.uleb128 0x7
 1102 00e4 AC000000 		.4byte	0xac
 1103 00e8 05       		.uleb128 0x5
 1104 00e9 91000000 		.4byte	0x91
 1105 00ed F8000000 		.4byte	0xf8
 1106 00f1 09       		.uleb128 0x9
 1107 00f2 8A000000 		.4byte	0x8a
 1108 00f6 FF       		.byte	0xff
 1109 00f7 00       		.byte	0
 1110 00f8 08       		.uleb128 0x8
 1111 00f9 87010000 		.4byte	.LASF15
 1112 00fd 03       		.byte	0x3
 1113 00fe BB       		.byte	0xbb
 1114 00ff 09010000 		.4byte	0x109
 1115 0103 05       		.uleb128 0x5
 1116 0104 03       		.byte	0x3
 1117 0105 00000000 		.4byte	cy_meta_flashprotect
 1118 0109 07       		.uleb128 0x7
 1119 010a E8000000 		.4byte	0xe8
 1120 010e 05       		.uleb128 0x5
 1121 010f 91000000 		.4byte	0x91
 1122 0113 1E010000 		.4byte	0x11e
 1123 0117 09       		.uleb128 0x9
 1124 0118 8A000000 		.4byte	0x8a
 1125 011c 0B       		.byte	0xb
 1126 011d 00       		.byte	0
 1127 011e 08       		.uleb128 0x8
 1128 011f 0A000000 		.4byte	.LASF16
 1129 0123 03       		.byte	0x3
 1130 0124 E8       		.byte	0xe8
 1131 0125 2F010000 		.4byte	0x12f
 1132 0129 05       		.uleb128 0x5
 1133 012a 03       		.byte	0x3
 1134 012b 00000000 		.4byte	cy_metadata
 1135 012f 07       		.uleb128 0x7
 1136 0130 0E010000 		.4byte	0x10e
ARM GAS  C:\Users\degn\AppData\Local\Temp\ccXEuyKh.s 			page 21


 1137 0134 00       		.byte	0
 1138              		.section	.debug_abbrev,"",%progbits
 1139              	.Ldebug_abbrev0:
 1140 0000 01       		.uleb128 0x1
 1141 0001 11       		.uleb128 0x11
 1142 0002 01       		.byte	0x1
 1143 0003 25       		.uleb128 0x25
 1144 0004 0E       		.uleb128 0xe
 1145 0005 13       		.uleb128 0x13
 1146 0006 0B       		.uleb128 0xb
 1147 0007 03       		.uleb128 0x3
 1148 0008 0E       		.uleb128 0xe
 1149 0009 1B       		.uleb128 0x1b
 1150 000a 0E       		.uleb128 0xe
 1151 000b 10       		.uleb128 0x10
 1152 000c 17       		.uleb128 0x17
 1153 000d 00       		.byte	0
 1154 000e 00       		.byte	0
 1155 000f 02       		.uleb128 0x2
 1156 0010 24       		.uleb128 0x24
 1157 0011 00       		.byte	0
 1158 0012 0B       		.uleb128 0xb
 1159 0013 0B       		.uleb128 0xb
 1160 0014 3E       		.uleb128 0x3e
 1161 0015 0B       		.uleb128 0xb
 1162 0016 03       		.uleb128 0x3
 1163 0017 0E       		.uleb128 0xe
 1164 0018 00       		.byte	0
 1165 0019 00       		.byte	0
 1166 001a 03       		.uleb128 0x3
 1167 001b 16       		.uleb128 0x16
 1168 001c 00       		.byte	0
 1169 001d 03       		.uleb128 0x3
 1170 001e 0E       		.uleb128 0xe
 1171 001f 3A       		.uleb128 0x3a
 1172 0020 0B       		.uleb128 0xb
 1173 0021 3B       		.uleb128 0x3b
 1174 0022 0B       		.uleb128 0xb
 1175 0023 49       		.uleb128 0x49
 1176 0024 13       		.uleb128 0x13
 1177 0025 00       		.byte	0
 1178 0026 00       		.byte	0
 1179 0027 04       		.uleb128 0x4
 1180 0028 24       		.uleb128 0x24
 1181 0029 00       		.byte	0
 1182 002a 0B       		.uleb128 0xb
 1183 002b 0B       		.uleb128 0xb
 1184 002c 3E       		.uleb128 0x3e
 1185 002d 0B       		.uleb128 0xb
 1186 002e 03       		.uleb128 0x3
 1187 002f 08       		.uleb128 0x8
 1188 0030 00       		.byte	0
 1189 0031 00       		.byte	0
 1190 0032 05       		.uleb128 0x5
 1191 0033 01       		.uleb128 0x1
 1192 0034 01       		.byte	0x1
 1193 0035 49       		.uleb128 0x49
ARM GAS  C:\Users\degn\AppData\Local\Temp\ccXEuyKh.s 			page 22


 1194 0036 13       		.uleb128 0x13
 1195 0037 01       		.uleb128 0x1
 1196 0038 13       		.uleb128 0x13
 1197 0039 00       		.byte	0
 1198 003a 00       		.byte	0
 1199 003b 06       		.uleb128 0x6
 1200 003c 21       		.uleb128 0x21
 1201 003d 00       		.byte	0
 1202 003e 49       		.uleb128 0x49
 1203 003f 13       		.uleb128 0x13
 1204 0040 2F       		.uleb128 0x2f
 1205 0041 05       		.uleb128 0x5
 1206 0042 00       		.byte	0
 1207 0043 00       		.byte	0
 1208 0044 07       		.uleb128 0x7
 1209 0045 26       		.uleb128 0x26
 1210 0046 00       		.byte	0
 1211 0047 49       		.uleb128 0x49
 1212 0048 13       		.uleb128 0x13
 1213 0049 00       		.byte	0
 1214 004a 00       		.byte	0
 1215 004b 08       		.uleb128 0x8
 1216 004c 34       		.uleb128 0x34
 1217 004d 00       		.byte	0
 1218 004e 03       		.uleb128 0x3
 1219 004f 0E       		.uleb128 0xe
 1220 0050 3A       		.uleb128 0x3a
 1221 0051 0B       		.uleb128 0xb
 1222 0052 3B       		.uleb128 0x3b
 1223 0053 0B       		.uleb128 0xb
 1224 0054 49       		.uleb128 0x49
 1225 0055 13       		.uleb128 0x13
 1226 0056 3F       		.uleb128 0x3f
 1227 0057 19       		.uleb128 0x19
 1228 0058 02       		.uleb128 0x2
 1229 0059 18       		.uleb128 0x18
 1230 005a 00       		.byte	0
 1231 005b 00       		.byte	0
 1232 005c 09       		.uleb128 0x9
 1233 005d 21       		.uleb128 0x21
 1234 005e 00       		.byte	0
 1235 005f 49       		.uleb128 0x49
 1236 0060 13       		.uleb128 0x13
 1237 0061 2F       		.uleb128 0x2f
 1238 0062 0B       		.uleb128 0xb
 1239 0063 00       		.byte	0
 1240 0064 00       		.byte	0
 1241 0065 00       		.byte	0
 1242              		.section	.debug_aranges,"",%progbits
 1243 0000 14000000 		.4byte	0x14
 1244 0004 0200     		.2byte	0x2
 1245 0006 00000000 		.4byte	.Ldebug_info0
 1246 000a 04       		.byte	0x4
 1247 000b 00       		.byte	0
 1248 000c 0000     		.2byte	0
 1249 000e 0000     		.2byte	0
 1250 0010 00000000 		.4byte	0
ARM GAS  C:\Users\degn\AppData\Local\Temp\ccXEuyKh.s 			page 23


 1251 0014 00000000 		.4byte	0
 1252              		.section	.debug_line,"",%progbits
 1253              	.Ldebug_line0:
 1254 0000 3D010000 		.section	.debug_str,"MS",%progbits,1
 1254      02003701 
 1254      00000201 
 1254      FB0E0D00 
 1254      01010101 
 1255              	.LASF9:
 1256 0000 5F5F7569 		.ascii	"__uint8_t\000"
 1256      6E74385F 
 1256      7400
 1257              	.LASF16:
 1258 000a 63795F6D 		.ascii	"cy_metadata\000"
 1258      65746164 
 1258      61746100 
 1259              	.LASF1:
 1260 0016 756E7369 		.ascii	"unsigned char\000"
 1260      676E6564 
 1260      20636861 
 1260      7200
 1261              	.LASF17:
 1262 0024 474E5520 		.ascii	"GNU C11 5.4.1 20160609 (release) [ARM/embedded-5-br"
 1262      43313120 
 1262      352E342E 
 1262      31203230 
 1262      31363036 
 1263 0057 616E6368 		.ascii	"anch revision 237715] -mcpu=cortex-m3 -mthumb -g -O"
 1263      20726576 
 1263      6973696F 
 1263      6E203233 
 1263      37373135 
 1264 008a 67202D66 		.ascii	"g -ffunction-sections -ffat-lto-objects\000"
 1264      66756E63 
 1264      74696F6E 
 1264      2D736563 
 1264      74696F6E 
 1265              	.LASF5:
 1266 00b2 6C6F6E67 		.ascii	"long unsigned int\000"
 1266      20756E73 
 1266      69676E65 
 1266      6420696E 
 1266      7400
 1267              	.LASF3:
 1268 00c4 73686F72 		.ascii	"short unsigned int\000"
 1268      7420756E 
 1268      7369676E 
 1268      65642069 
 1268      6E7400
 1269              	.LASF13:
 1270 00d7 63795F6D 		.ascii	"cy_meta_custnvl\000"
 1270      6574615F 
 1270      63757374 
 1270      6E766C00 
 1271              	.LASF19:
 1272 00e7 433A5C55 		.ascii	"C:\\Users\\degn\\OneDrive - Aarhus universitet\\Skr"
 1272      73657273 
ARM GAS  C:\Users\degn\AppData\Local\Temp\ccXEuyKh.s 			page 24


 1272      5C646567 
 1272      6E5C4F6E 
 1272      65447269 
 1273 0116 69766562 		.ascii	"ivebord\\AU\\E3\\PRJ3\\Git\\PRJ3\\PSoC\\Dataindsaml"
 1273      6F72645C 
 1273      41555C45 
 1273      335C5052 
 1273      4A335C47 
 1274 0142 696E675C 		.ascii	"ing\\Dataindsamling.cydsn\000"
 1274      44617461 
 1274      696E6473 
 1274      616D6C69 
 1274      6E672E63 
 1275              	.LASF8:
 1276 015b 756E7369 		.ascii	"unsigned int\000"
 1276      676E6564 
 1276      20696E74 
 1276      00
 1277              	.LASF7:
 1278 0168 6C6F6E67 		.ascii	"long long unsigned int\000"
 1278      206C6F6E 
 1278      6720756E 
 1278      7369676E 
 1278      65642069 
 1279              	.LASF10:
 1280 017f 75696E74 		.ascii	"uint8_t\000"
 1280      385F7400 
 1281              	.LASF15:
 1282 0187 63795F6D 		.ascii	"cy_meta_flashprotect\000"
 1282      6574615F 
 1282      666C6173 
 1282      6870726F 
 1282      74656374 
 1283              	.LASF14:
 1284 019c 63795F6D 		.ascii	"cy_meta_wonvl\000"
 1284      6574615F 
 1284      776F6E76 
 1284      6C00
 1285              	.LASF11:
 1286 01aa 73697A65 		.ascii	"sizetype\000"
 1286      74797065 
 1286      00
 1287              	.LASF12:
 1288 01b3 63795F6D 		.ascii	"cy_meta_configecc\000"
 1288      6574615F 
 1288      636F6E66 
 1288      69676563 
 1288      6300
 1289              	.LASF6:
 1290 01c5 6C6F6E67 		.ascii	"long long int\000"
 1290      206C6F6E 
 1290      6720696E 
 1290      7400
 1291              	.LASF2:
 1292 01d3 73686F72 		.ascii	"short int\000"
 1292      7420696E 
 1292      7400
ARM GAS  C:\Users\degn\AppData\Local\Temp\ccXEuyKh.s 			page 25


 1293              	.LASF4:
 1294 01dd 6C6F6E67 		.ascii	"long int\000"
 1294      20696E74 
 1294      00
 1295              	.LASF0:
 1296 01e6 7369676E 		.ascii	"signed char\000"
 1296      65642063 
 1296      68617200 
 1297              	.LASF18:
 1298 01f2 47656E65 		.ascii	"Generated_Source\\PSoC5\\cymetadata.c\000"
 1298      72617465 
 1298      645F536F 
 1298      75726365 
 1298      5C50536F 
 1299              		.ident	"GCC: (GNU Tools for ARM Embedded Processors) 5.4.1 20160609 (release) [ARM/embedded-5-bran
