ARM GAS  C:\Users\degn\AppData\Local\Temp\ccW83bAY.s 			page 1


   1              		.syntax unified
   2              		.cpu cortex-m3
   3              		.fpu softvfp
   4              		.eabi_attribute 20, 1
   5              		.eabi_attribute 21, 1
   6              		.eabi_attribute 23, 3
   7              		.eabi_attribute 24, 1
   8              		.eabi_attribute 25, 1
   9              		.eabi_attribute 26, 1
  10              		.eabi_attribute 30, 1
  11              		.eabi_attribute 34, 1
  12              		.eabi_attribute 18, 4
  13              		.thumb
  14              		.syntax unified
  15              		.file	"main.c"
  16              		.text
  17              	.Ltext0:
  18              		.cfi_sections	.debug_frame
  19              		.global	__aeabi_f2d
  20              		.section	.text.main,"ax",%progbits
  21              		.align	2
  22              		.global	main
  23              		.thumb
  24              		.thumb_func
  25              		.type	main, %function
  26              	main:
  27              	.LFB64:
  28              		.file 1 "main.c"
   1:main.c        **** /* ========================================
   2:main.c        ****  *
   3:main.c        ****  * Copyright YOUR COMPANY, THE YEAR
   4:main.c        ****  * All Rights Reserved
   5:main.c        ****  * UNPUBLISHED, LICENSED SOFTWARE.
   6:main.c        ****  *
   7:main.c        ****  * CONFIDENTIAL AND PROPRIETARY INFORMATION
   8:main.c        ****  * WHICH IS THE PROPERTY OF your company.
   9:main.c        ****  *
  10:main.c        ****  * ========================================
  11:main.c        **** */
  12:main.c        **** #include <stdio.h>
  13:main.c        **** #include "project.h"
  14:main.c        **** #include "currentCalculation.h"
  15:main.c        **** 
  16:main.c        **** static char buff[256];
  17:main.c        **** 
  18:main.c        **** int main(void)
  19:main.c        **** {
  29              		.loc 1 19 0
  30              		.cfi_startproc
  31              		@ Volatile: function does not return.
  32              		@ args = 0, pretend = 0, frame = 0
  33              		@ frame_needed = 0, uses_anonymous_args = 0
  34 0000 00B5     		push	{lr}
  35              		.cfi_def_cfa_offset 4
  36              		.cfi_offset 14, -4
  37 0002 85B0     		sub	sp, sp, #20
  38              		.cfi_def_cfa_offset 24
ARM GAS  C:\Users\degn\AppData\Local\Temp\ccW83bAY.s 			page 2


  20:main.c        ****     CyGlobalIntEnable; /* Enable global interrupts. */
  39              		.loc 1 20 0
  40              		.syntax unified
  41              	@ 20 "main.c" 1
  42 0004 62B6     		CPSIE   i
  43              	@ 0 "" 2
  21:main.c        ****     UART_1_Start();
  44              		.loc 1 21 0
  45              		.thumb
  46              		.syntax unified
  47 0006 FFF7FEFF 		bl	UART_1_Start
  48              	.LVL0:
  22:main.c        ****     ADC_SAR_1_Start();
  49              		.loc 1 22 0
  50 000a FFF7FEFF 		bl	ADC_SAR_1_Start
  51              	.LVL1:
  23:main.c        ****     ADC_SAR_1_StartConvert();
  52              		.loc 1 23 0
  53 000e FFF7FEFF 		bl	ADC_SAR_1_StartConvert
  54              	.LVL2:
  24:main.c        ****     ADC_SAR_2_Start();
  55              		.loc 1 24 0
  56 0012 FFF7FEFF 		bl	ADC_SAR_2_Start
  57              	.LVL3:
  25:main.c        ****     ADC_SAR_2_StartConvert();
  58              		.loc 1 25 0
  59 0016 FFF7FEFF 		bl	ADC_SAR_2_StartConvert
  60              	.LVL4:
  61              	.L2:
  26:main.c        ****     
  27:main.c        ****     for(;;)
  28:main.c        ****     {   
  29:main.c        ****         snprintf(buff, sizeof(buff), "%f, %f \r\n", currentWAM(), currentSolar());
  62              		.loc 1 29 0 discriminator 1
  63 001a FFF7FEFF 		bl	currentWAM
  64              	.LVL5:
  65 001e 0546     		mov	r5, r0
  66 0020 FFF7FEFF 		bl	currentSolar
  67              	.LVL6:
  68 0024 0B4C     		ldr	r4, .L4
  69 0026 FFF7FEFF 		bl	__aeabi_f2d
  70              	.LVL7:
  71 002a CDE90201 		strd	r0, [sp, #8]
  72 002e 2846     		mov	r0, r5
  73 0030 FFF7FEFF 		bl	__aeabi_f2d
  74              	.LVL8:
  75 0034 CDE90001 		strd	r0, [sp]
  76 0038 074A     		ldr	r2, .L4+4
  77 003a 4FF48071 		mov	r1, #256
  78 003e 2046     		mov	r0, r4
  79 0040 FFF7FEFF 		bl	snprintf
  80              	.LVL9:
  30:main.c        ****         UART_1_PutString(buff);
  81              		.loc 1 30 0 discriminator 1
  82 0044 2046     		mov	r0, r4
  83 0046 FFF7FEFF 		bl	UART_1_PutString
  84              	.LVL10:
ARM GAS  C:\Users\degn\AppData\Local\Temp\ccW83bAY.s 			page 3


  31:main.c        ****         CyDelay(1000);
  85              		.loc 1 31 0 discriminator 1
  86 004a 4FF47A70 		mov	r0, #1000
  87 004e FFF7FEFF 		bl	CyDelay
  88              	.LVL11:
  89 0052 E2E7     		b	.L2
  90              	.L5:
  91              		.align	2
  92              	.L4:
  93 0054 00000000 		.word	.LANCHOR0
  94 0058 00000000 		.word	.LC0
  95              		.cfi_endproc
  96              	.LFE64:
  97              		.size	main, .-main
  98              		.section	.rodata.str1.4,"aMS",%progbits,1
  99              		.align	2
 100              	.LC0:
 101 0000 25662C20 		.ascii	"%f, %f \015\012\000"
 101      2566200D 
 101      0A00
 102              		.bss
 103              		.align	2
 104              		.set	.LANCHOR0,. + 0
 105              		.type	buff, %object
 106              		.size	buff, 256
 107              	buff:
 108 0000 00000000 		.space	256
 108      00000000 
 108      00000000 
 108      00000000 
 108      00000000 
 109              		.text
 110              	.Letext0:
 111              		.file 2 "c:\\program files (x86)\\cypress\\psoc creator\\4.4\\psoc creator\\import\\gnu\\arm\\5.4.
 112              		.file 3 "c:\\program files (x86)\\cypress\\psoc creator\\4.4\\psoc creator\\import\\gnu\\arm\\5.4.
 113              		.file 4 "Generated_Source\\PSoC5/UART_1.h"
 114              		.file 5 "Generated_Source\\PSoC5/ADC_SAR_1.h"
 115              		.file 6 "Generated_Source\\PSoC5/ADC_SAR_2.h"
 116              		.file 7 "currentCalculation.h"
 117              		.file 8 "c:\\program files (x86)\\cypress\\psoc creator\\4.4\\psoc creator\\import\\gnu\\arm\\5.4.
 118              		.file 9 "Generated_Source\\PSoC5/CyLib.h"
 119              		.file 10 "Generated_Source\\PSoC5/core_cm3.h"
 120              		.section	.debug_info,"",%progbits
 121              	.Ldebug_info0:
 122 0000 E3010000 		.4byte	0x1e3
 123 0004 0400     		.2byte	0x4
 124 0006 00000000 		.4byte	.Ldebug_abbrev0
 125 000a 04       		.byte	0x4
 126 000b 01       		.uleb128 0x1
 127 000c 57000000 		.4byte	.LASF26
 128 0010 0C       		.byte	0xc
 129 0011 E3010000 		.4byte	.LASF27
 130 0015 2C010000 		.4byte	.LASF28
 131 0019 00000000 		.4byte	.Ldebug_ranges0+0
 132 001d 00000000 		.4byte	0
 133 0021 00000000 		.4byte	.Ldebug_line0
 134 0025 02       		.uleb128 0x2
ARM GAS  C:\Users\degn\AppData\Local\Temp\ccW83bAY.s 			page 4


 135 0026 01       		.byte	0x1
 136 0027 06       		.byte	0x6
 137 0028 32020000 		.4byte	.LASF0
 138 002c 02       		.uleb128 0x2
 139 002d 01       		.byte	0x1
 140 002e 08       		.byte	0x8
 141 002f 49000000 		.4byte	.LASF1
 142 0033 02       		.uleb128 0x2
 143 0034 02       		.byte	0x2
 144 0035 05       		.byte	0x5
 145 0036 EF010000 		.4byte	.LASF2
 146 003a 02       		.uleb128 0x2
 147 003b 02       		.byte	0x2
 148 003c 07       		.byte	0x7
 149 003d 30000000 		.4byte	.LASF3
 150 0041 03       		.uleb128 0x3
 151 0042 1D000000 		.4byte	.LASF12
 152 0046 02       		.byte	0x2
 153 0047 3F       		.byte	0x3f
 154 0048 4C000000 		.4byte	0x4c
 155 004c 02       		.uleb128 0x2
 156 004d 04       		.byte	0x4
 157 004e 05       		.byte	0x5
 158 004f F9010000 		.4byte	.LASF4
 159 0053 02       		.uleb128 0x2
 160 0054 04       		.byte	0x4
 161 0055 07       		.byte	0x7
 162 0056 E5000000 		.4byte	.LASF5
 163 005a 02       		.uleb128 0x2
 164 005b 08       		.byte	0x8
 165 005c 05       		.byte	0x5
 166 005d D5010000 		.4byte	.LASF6
 167 0061 02       		.uleb128 0x2
 168 0062 08       		.byte	0x8
 169 0063 07       		.byte	0x7
 170 0064 AD010000 		.4byte	.LASF7
 171 0068 04       		.uleb128 0x4
 172 0069 04       		.byte	0x4
 173 006a 05       		.byte	0x5
 174 006b 696E7400 		.ascii	"int\000"
 175 006f 02       		.uleb128 0x2
 176 0070 04       		.byte	0x4
 177 0071 07       		.byte	0x7
 178 0072 A0010000 		.4byte	.LASF8
 179 0076 02       		.uleb128 0x2
 180 0077 08       		.byte	0x8
 181 0078 04       		.byte	0x4
 182 0079 26020000 		.4byte	.LASF9
 183 007d 02       		.uleb128 0x2
 184 007e 04       		.byte	0x4
 185 007f 07       		.byte	0x7
 186 0080 CC010000 		.4byte	.LASF10
 187 0084 02       		.uleb128 0x2
 188 0085 01       		.byte	0x1
 189 0086 08       		.byte	0x8
 190 0087 EA010000 		.4byte	.LASF11
 191 008b 03       		.uleb128 0x3
ARM GAS  C:\Users\degn\AppData\Local\Temp\ccW83bAY.s 			page 5


 192 008c C4010000 		.4byte	.LASF13
 193 0090 03       		.byte	0x3
 194 0091 2C       		.byte	0x2c
 195 0092 41000000 		.4byte	0x41
 196 0096 02       		.uleb128 0x2
 197 0097 04       		.byte	0x4
 198 0098 04       		.byte	0x4
 199 0099 43000000 		.4byte	.LASF14
 200 009d 02       		.uleb128 0x2
 201 009e 08       		.byte	0x8
 202 009f 04       		.byte	0x4
 203 00a0 20010000 		.4byte	.LASF15
 204 00a4 05       		.uleb128 0x5
 205 00a5 27010000 		.4byte	.LASF29
 206 00a9 01       		.byte	0x1
 207 00aa 12       		.byte	0x12
 208 00ab 68000000 		.4byte	0x68
 209 00af 00000000 		.4byte	.LFB64
 210 00b3 5C000000 		.4byte	.LFE64-.LFB64
 211 00b7 01       		.uleb128 0x1
 212 00b8 9C       		.byte	0x9c
 213 00b9 46010000 		.4byte	0x146
 214 00bd 06       		.uleb128 0x6
 215 00be 0A000000 		.4byte	.LVL0
 216 00c2 78010000 		.4byte	0x178
 217 00c6 06       		.uleb128 0x6
 218 00c7 0E000000 		.4byte	.LVL1
 219 00cb 83010000 		.4byte	0x183
 220 00cf 06       		.uleb128 0x6
 221 00d0 12000000 		.4byte	.LVL2
 222 00d4 8E010000 		.4byte	0x18e
 223 00d8 06       		.uleb128 0x6
 224 00d9 16000000 		.4byte	.LVL3
 225 00dd 99010000 		.4byte	0x199
 226 00e1 06       		.uleb128 0x6
 227 00e2 1A000000 		.4byte	.LVL4
 228 00e6 A4010000 		.4byte	0x1a4
 229 00ea 06       		.uleb128 0x6
 230 00eb 1E000000 		.4byte	.LVL5
 231 00ef AF010000 		.4byte	0x1af
 232 00f3 06       		.uleb128 0x6
 233 00f4 24000000 		.4byte	.LVL6
 234 00f8 BA010000 		.4byte	0x1ba
 235 00fc 07       		.uleb128 0x7
 236 00fd 44000000 		.4byte	.LVL9
 237 0101 C5010000 		.4byte	0x1c5
 238 0105 20010000 		.4byte	0x120
 239 0109 08       		.uleb128 0x8
 240 010a 01       		.uleb128 0x1
 241 010b 50       		.byte	0x50
 242 010c 02       		.uleb128 0x2
 243 010d 74       		.byte	0x74
 244 010e 00       		.sleb128 0
 245 010f 08       		.uleb128 0x8
 246 0110 01       		.uleb128 0x1
 247 0111 51       		.byte	0x51
 248 0112 03       		.uleb128 0x3
ARM GAS  C:\Users\degn\AppData\Local\Temp\ccW83bAY.s 			page 6


 249 0113 0A       		.byte	0xa
 250 0114 0001     		.2byte	0x100
 251 0116 08       		.uleb128 0x8
 252 0117 01       		.uleb128 0x1
 253 0118 52       		.byte	0x52
 254 0119 05       		.uleb128 0x5
 255 011a 03       		.byte	0x3
 256 011b 00000000 		.4byte	.LC0
 257 011f 00       		.byte	0
 258 0120 07       		.uleb128 0x7
 259 0121 4A000000 		.4byte	.LVL10
 260 0125 D0010000 		.4byte	0x1d0
 261 0129 34010000 		.4byte	0x134
 262 012d 08       		.uleb128 0x8
 263 012e 01       		.uleb128 0x1
 264 012f 50       		.byte	0x50
 265 0130 02       		.uleb128 0x2
 266 0131 74       		.byte	0x74
 267 0132 00       		.sleb128 0
 268 0133 00       		.byte	0
 269 0134 09       		.uleb128 0x9
 270 0135 52000000 		.4byte	.LVL11
 271 0139 DB010000 		.4byte	0x1db
 272 013d 08       		.uleb128 0x8
 273 013e 01       		.uleb128 0x1
 274 013f 50       		.byte	0x50
 275 0140 03       		.uleb128 0x3
 276 0141 0A       		.byte	0xa
 277 0142 E803     		.2byte	0x3e8
 278 0144 00       		.byte	0
 279 0145 00       		.byte	0
 280 0146 0A       		.uleb128 0xa
 281 0147 84000000 		.4byte	0x84
 282 014b 56010000 		.4byte	0x156
 283 014f 0B       		.uleb128 0xb
 284 0150 7D000000 		.4byte	0x7d
 285 0154 FF       		.byte	0xff
 286 0155 00       		.byte	0
 287 0156 0C       		.uleb128 0xc
 288 0157 1B010000 		.4byte	.LASF30
 289 015b 01       		.byte	0x1
 290 015c 10       		.byte	0x10
 291 015d 46010000 		.4byte	0x146
 292 0161 05       		.uleb128 0x5
 293 0162 03       		.byte	0x3
 294 0163 00000000 		.4byte	buff
 295 0167 0D       		.uleb128 0xd
 296 0168 0E010000 		.4byte	.LASF31
 297 016c 0A       		.byte	0xa
 298 016d 1207     		.2byte	0x712
 299 016f 73010000 		.4byte	0x173
 300 0173 0E       		.uleb128 0xe
 301 0174 8B000000 		.4byte	0x8b
 302 0178 0F       		.uleb128 0xf
 303 0179 10000000 		.4byte	.LASF16
 304 017d 10000000 		.4byte	.LASF16
 305 0181 04       		.byte	0x4
ARM GAS  C:\Users\degn\AppData\Local\Temp\ccW83bAY.s 			page 7


 306 0182 54       		.byte	0x54
 307 0183 0F       		.uleb128 0xf
 308 0184 3E020000 		.4byte	.LASF17
 309 0188 3E020000 		.4byte	.LASF17
 310 018c 05       		.byte	0x5
 311 018d 34       		.byte	0x34
 312 018e 0F       		.uleb128 0xf
 313 018f F7000000 		.4byte	.LASF18
 314 0193 F7000000 		.4byte	.LASF18
 315 0197 05       		.byte	0x5
 316 0198 D1       		.byte	0xd1
 317 0199 0F       		.uleb128 0xf
 318 019a 00000000 		.4byte	.LASF19
 319 019e 00000000 		.4byte	.LASF19
 320 01a2 06       		.byte	0x6
 321 01a3 34       		.byte	0x34
 322 01a4 0F       		.uleb128 0xf
 323 01a5 02020000 		.4byte	.LASF20
 324 01a9 02020000 		.4byte	.LASF20
 325 01ad 06       		.byte	0x6
 326 01ae D1       		.byte	0xd1
 327 01af 0F       		.uleb128 0xf
 328 01b0 67020000 		.4byte	.LASF21
 329 01b4 67020000 		.4byte	.LASF21
 330 01b8 07       		.byte	0x7
 331 01b9 0F       		.byte	0xf
 332 01ba 0F       		.uleb128 0xf
 333 01bb 19020000 		.4byte	.LASF22
 334 01bf 19020000 		.4byte	.LASF22
 335 01c3 07       		.byte	0x7
 336 01c4 10       		.byte	0x10
 337 01c5 0F       		.uleb128 0xf
 338 01c6 27000000 		.4byte	.LASF23
 339 01ca 27000000 		.4byte	.LASF23
 340 01ce 08       		.byte	0x8
 341 01cf FD       		.byte	0xfd
 342 01d0 0F       		.uleb128 0xf
 343 01d1 4E020000 		.4byte	.LASF24
 344 01d5 4E020000 		.4byte	.LASF24
 345 01d9 04       		.byte	0x4
 346 01da 8B       		.byte	0x8b
 347 01db 0F       		.uleb128 0xf
 348 01dc 5F020000 		.4byte	.LASF25
 349 01e0 5F020000 		.4byte	.LASF25
 350 01e4 09       		.byte	0x9
 351 01e5 76       		.byte	0x76
 352 01e6 00       		.byte	0
 353              		.section	.debug_abbrev,"",%progbits
 354              	.Ldebug_abbrev0:
 355 0000 01       		.uleb128 0x1
 356 0001 11       		.uleb128 0x11
 357 0002 01       		.byte	0x1
 358 0003 25       		.uleb128 0x25
 359 0004 0E       		.uleb128 0xe
 360 0005 13       		.uleb128 0x13
 361 0006 0B       		.uleb128 0xb
 362 0007 03       		.uleb128 0x3
ARM GAS  C:\Users\degn\AppData\Local\Temp\ccW83bAY.s 			page 8


 363 0008 0E       		.uleb128 0xe
 364 0009 1B       		.uleb128 0x1b
 365 000a 0E       		.uleb128 0xe
 366 000b 55       		.uleb128 0x55
 367 000c 17       		.uleb128 0x17
 368 000d 11       		.uleb128 0x11
 369 000e 01       		.uleb128 0x1
 370 000f 10       		.uleb128 0x10
 371 0010 17       		.uleb128 0x17
 372 0011 00       		.byte	0
 373 0012 00       		.byte	0
 374 0013 02       		.uleb128 0x2
 375 0014 24       		.uleb128 0x24
 376 0015 00       		.byte	0
 377 0016 0B       		.uleb128 0xb
 378 0017 0B       		.uleb128 0xb
 379 0018 3E       		.uleb128 0x3e
 380 0019 0B       		.uleb128 0xb
 381 001a 03       		.uleb128 0x3
 382 001b 0E       		.uleb128 0xe
 383 001c 00       		.byte	0
 384 001d 00       		.byte	0
 385 001e 03       		.uleb128 0x3
 386 001f 16       		.uleb128 0x16
 387 0020 00       		.byte	0
 388 0021 03       		.uleb128 0x3
 389 0022 0E       		.uleb128 0xe
 390 0023 3A       		.uleb128 0x3a
 391 0024 0B       		.uleb128 0xb
 392 0025 3B       		.uleb128 0x3b
 393 0026 0B       		.uleb128 0xb
 394 0027 49       		.uleb128 0x49
 395 0028 13       		.uleb128 0x13
 396 0029 00       		.byte	0
 397 002a 00       		.byte	0
 398 002b 04       		.uleb128 0x4
 399 002c 24       		.uleb128 0x24
 400 002d 00       		.byte	0
 401 002e 0B       		.uleb128 0xb
 402 002f 0B       		.uleb128 0xb
 403 0030 3E       		.uleb128 0x3e
 404 0031 0B       		.uleb128 0xb
 405 0032 03       		.uleb128 0x3
 406 0033 08       		.uleb128 0x8
 407 0034 00       		.byte	0
 408 0035 00       		.byte	0
 409 0036 05       		.uleb128 0x5
 410 0037 2E       		.uleb128 0x2e
 411 0038 01       		.byte	0x1
 412 0039 3F       		.uleb128 0x3f
 413 003a 19       		.uleb128 0x19
 414 003b 03       		.uleb128 0x3
 415 003c 0E       		.uleb128 0xe
 416 003d 3A       		.uleb128 0x3a
 417 003e 0B       		.uleb128 0xb
 418 003f 3B       		.uleb128 0x3b
 419 0040 0B       		.uleb128 0xb
ARM GAS  C:\Users\degn\AppData\Local\Temp\ccW83bAY.s 			page 9


 420 0041 27       		.uleb128 0x27
 421 0042 19       		.uleb128 0x19
 422 0043 49       		.uleb128 0x49
 423 0044 13       		.uleb128 0x13
 424 0045 8701     		.uleb128 0x87
 425 0047 19       		.uleb128 0x19
 426 0048 11       		.uleb128 0x11
 427 0049 01       		.uleb128 0x1
 428 004a 12       		.uleb128 0x12
 429 004b 06       		.uleb128 0x6
 430 004c 40       		.uleb128 0x40
 431 004d 18       		.uleb128 0x18
 432 004e 9642     		.uleb128 0x2116
 433 0050 19       		.uleb128 0x19
 434 0051 01       		.uleb128 0x1
 435 0052 13       		.uleb128 0x13
 436 0053 00       		.byte	0
 437 0054 00       		.byte	0
 438 0055 06       		.uleb128 0x6
 439 0056 898201   		.uleb128 0x4109
 440 0059 00       		.byte	0
 441 005a 11       		.uleb128 0x11
 442 005b 01       		.uleb128 0x1
 443 005c 31       		.uleb128 0x31
 444 005d 13       		.uleb128 0x13
 445 005e 00       		.byte	0
 446 005f 00       		.byte	0
 447 0060 07       		.uleb128 0x7
 448 0061 898201   		.uleb128 0x4109
 449 0064 01       		.byte	0x1
 450 0065 11       		.uleb128 0x11
 451 0066 01       		.uleb128 0x1
 452 0067 31       		.uleb128 0x31
 453 0068 13       		.uleb128 0x13
 454 0069 01       		.uleb128 0x1
 455 006a 13       		.uleb128 0x13
 456 006b 00       		.byte	0
 457 006c 00       		.byte	0
 458 006d 08       		.uleb128 0x8
 459 006e 8A8201   		.uleb128 0x410a
 460 0071 00       		.byte	0
 461 0072 02       		.uleb128 0x2
 462 0073 18       		.uleb128 0x18
 463 0074 9142     		.uleb128 0x2111
 464 0076 18       		.uleb128 0x18
 465 0077 00       		.byte	0
 466 0078 00       		.byte	0
 467 0079 09       		.uleb128 0x9
 468 007a 898201   		.uleb128 0x4109
 469 007d 01       		.byte	0x1
 470 007e 11       		.uleb128 0x11
 471 007f 01       		.uleb128 0x1
 472 0080 31       		.uleb128 0x31
 473 0081 13       		.uleb128 0x13
 474 0082 00       		.byte	0
 475 0083 00       		.byte	0
 476 0084 0A       		.uleb128 0xa
ARM GAS  C:\Users\degn\AppData\Local\Temp\ccW83bAY.s 			page 10


 477 0085 01       		.uleb128 0x1
 478 0086 01       		.byte	0x1
 479 0087 49       		.uleb128 0x49
 480 0088 13       		.uleb128 0x13
 481 0089 01       		.uleb128 0x1
 482 008a 13       		.uleb128 0x13
 483 008b 00       		.byte	0
 484 008c 00       		.byte	0
 485 008d 0B       		.uleb128 0xb
 486 008e 21       		.uleb128 0x21
 487 008f 00       		.byte	0
 488 0090 49       		.uleb128 0x49
 489 0091 13       		.uleb128 0x13
 490 0092 2F       		.uleb128 0x2f
 491 0093 0B       		.uleb128 0xb
 492 0094 00       		.byte	0
 493 0095 00       		.byte	0
 494 0096 0C       		.uleb128 0xc
 495 0097 34       		.uleb128 0x34
 496 0098 00       		.byte	0
 497 0099 03       		.uleb128 0x3
 498 009a 0E       		.uleb128 0xe
 499 009b 3A       		.uleb128 0x3a
 500 009c 0B       		.uleb128 0xb
 501 009d 3B       		.uleb128 0x3b
 502 009e 0B       		.uleb128 0xb
 503 009f 49       		.uleb128 0x49
 504 00a0 13       		.uleb128 0x13
 505 00a1 02       		.uleb128 0x2
 506 00a2 18       		.uleb128 0x18
 507 00a3 00       		.byte	0
 508 00a4 00       		.byte	0
 509 00a5 0D       		.uleb128 0xd
 510 00a6 34       		.uleb128 0x34
 511 00a7 00       		.byte	0
 512 00a8 03       		.uleb128 0x3
 513 00a9 0E       		.uleb128 0xe
 514 00aa 3A       		.uleb128 0x3a
 515 00ab 0B       		.uleb128 0xb
 516 00ac 3B       		.uleb128 0x3b
 517 00ad 05       		.uleb128 0x5
 518 00ae 49       		.uleb128 0x49
 519 00af 13       		.uleb128 0x13
 520 00b0 3F       		.uleb128 0x3f
 521 00b1 19       		.uleb128 0x19
 522 00b2 3C       		.uleb128 0x3c
 523 00b3 19       		.uleb128 0x19
 524 00b4 00       		.byte	0
 525 00b5 00       		.byte	0
 526 00b6 0E       		.uleb128 0xe
 527 00b7 35       		.uleb128 0x35
 528 00b8 00       		.byte	0
 529 00b9 49       		.uleb128 0x49
 530 00ba 13       		.uleb128 0x13
 531 00bb 00       		.byte	0
 532 00bc 00       		.byte	0
 533 00bd 0F       		.uleb128 0xf
ARM GAS  C:\Users\degn\AppData\Local\Temp\ccW83bAY.s 			page 11


 534 00be 2E       		.uleb128 0x2e
 535 00bf 00       		.byte	0
 536 00c0 3F       		.uleb128 0x3f
 537 00c1 19       		.uleb128 0x19
 538 00c2 3C       		.uleb128 0x3c
 539 00c3 19       		.uleb128 0x19
 540 00c4 6E       		.uleb128 0x6e
 541 00c5 0E       		.uleb128 0xe
 542 00c6 03       		.uleb128 0x3
 543 00c7 0E       		.uleb128 0xe
 544 00c8 3A       		.uleb128 0x3a
 545 00c9 0B       		.uleb128 0xb
 546 00ca 3B       		.uleb128 0x3b
 547 00cb 0B       		.uleb128 0xb
 548 00cc 00       		.byte	0
 549 00cd 00       		.byte	0
 550 00ce 00       		.byte	0
 551              		.section	.debug_aranges,"",%progbits
 552 0000 1C000000 		.4byte	0x1c
 553 0004 0200     		.2byte	0x2
 554 0006 00000000 		.4byte	.Ldebug_info0
 555 000a 04       		.byte	0x4
 556 000b 00       		.byte	0
 557 000c 0000     		.2byte	0
 558 000e 0000     		.2byte	0
 559 0010 00000000 		.4byte	.LFB64
 560 0014 5C000000 		.4byte	.LFE64-.LFB64
 561 0018 00000000 		.4byte	0
 562 001c 00000000 		.4byte	0
 563              		.section	.debug_ranges,"",%progbits
 564              	.Ldebug_ranges0:
 565 0000 00000000 		.4byte	.LFB64
 566 0004 5C000000 		.4byte	.LFE64
 567 0008 00000000 		.4byte	0
 568 000c 00000000 		.4byte	0
 569              		.section	.debug_line,"",%progbits
 570              	.Ldebug_line0:
 571 0000 2A020000 		.section	.debug_str,"MS",%progbits,1
 571      0200FF01 
 571      00000201 
 571      FB0E0D00 
 571      01010101 
 572              	.LASF19:
 573 0000 4144435F 		.ascii	"ADC_SAR_2_Start\000"
 573      5341525F 
 573      325F5374 
 573      61727400 
 574              	.LASF16:
 575 0010 55415254 		.ascii	"UART_1_Start\000"
 575      5F315F53 
 575      74617274 
 575      00
 576              	.LASF12:
 577 001d 5F5F696E 		.ascii	"__int32_t\000"
 577      7433325F 
 577      7400
 578              	.LASF23:
ARM GAS  C:\Users\degn\AppData\Local\Temp\ccW83bAY.s 			page 12


 579 0027 736E7072 		.ascii	"snprintf\000"
 579      696E7466 
 579      00
 580              	.LASF3:
 581 0030 73686F72 		.ascii	"short unsigned int\000"
 581      7420756E 
 581      7369676E 
 581      65642069 
 581      6E7400
 582              	.LASF14:
 583 0043 666C6F61 		.ascii	"float\000"
 583      7400
 584              	.LASF1:
 585 0049 756E7369 		.ascii	"unsigned char\000"
 585      676E6564 
 585      20636861 
 585      7200
 586              	.LASF26:
 587 0057 474E5520 		.ascii	"GNU C11 5.4.1 20160609 (release) [ARM/embedded-5-br"
 587      43313120 
 587      352E342E 
 587      31203230 
 587      31363036 
 588 008a 616E6368 		.ascii	"anch revision 237715] -mcpu=cortex-m3 -mthumb -g -O"
 588      20726576 
 588      6973696F 
 588      6E203233 
 588      37373135 
 589 00bd 67202D66 		.ascii	"g -ffunction-sections -ffat-lto-objects\000"
 589      66756E63 
 589      74696F6E 
 589      2D736563 
 589      74696F6E 
 590              	.LASF5:
 591 00e5 6C6F6E67 		.ascii	"long unsigned int\000"
 591      20756E73 
 591      69676E65 
 591      6420696E 
 591      7400
 592              	.LASF18:
 593 00f7 4144435F 		.ascii	"ADC_SAR_1_StartConvert\000"
 593      5341525F 
 593      315F5374 
 593      61727443 
 593      6F6E7665 
 594              	.LASF31:
 595 010e 49544D5F 		.ascii	"ITM_RxBuffer\000"
 595      52784275 
 595      66666572 
 595      00
 596              	.LASF30:
 597 011b 62756666 		.ascii	"buff\000"
 597      00
 598              	.LASF15:
 599 0120 646F7562 		.ascii	"double\000"
 599      6C6500
 600              	.LASF29:
ARM GAS  C:\Users\degn\AppData\Local\Temp\ccW83bAY.s 			page 13


 601 0127 6D61696E 		.ascii	"main\000"
 601      00
 602              	.LASF28:
 603 012c 433A5C55 		.ascii	"C:\\Users\\degn\\OneDrive - Aarhus universitet\\Skr"
 603      73657273 
 603      5C646567 
 603      6E5C4F6E 
 603      65447269 
 604 015b 69766562 		.ascii	"ivebord\\AU\\E3\\PRJ3\\Git\\PRJ3\\PSoC\\Dataindsaml"
 604      6F72645C 
 604      41555C45 
 604      335C5052 
 604      4A335C47 
 605 0187 696E675C 		.ascii	"ing\\Dataindsamling.cydsn\000"
 605      44617461 
 605      696E6473 
 605      616D6C69 
 605      6E672E63 
 606              	.LASF8:
 607 01a0 756E7369 		.ascii	"unsigned int\000"
 607      676E6564 
 607      20696E74 
 607      00
 608              	.LASF7:
 609 01ad 6C6F6E67 		.ascii	"long long unsigned int\000"
 609      206C6F6E 
 609      6720756E 
 609      7369676E 
 609      65642069 
 610              	.LASF13:
 611 01c4 696E7433 		.ascii	"int32_t\000"
 611      325F7400 
 612              	.LASF10:
 613 01cc 73697A65 		.ascii	"sizetype\000"
 613      74797065 
 613      00
 614              	.LASF6:
 615 01d5 6C6F6E67 		.ascii	"long long int\000"
 615      206C6F6E 
 615      6720696E 
 615      7400
 616              	.LASF27:
 617 01e3 6D61696E 		.ascii	"main.c\000"
 617      2E6300
 618              	.LASF11:
 619 01ea 63686172 		.ascii	"char\000"
 619      00
 620              	.LASF2:
 621 01ef 73686F72 		.ascii	"short int\000"
 621      7420696E 
 621      7400
 622              	.LASF4:
 623 01f9 6C6F6E67 		.ascii	"long int\000"
 623      20696E74 
 623      00
 624              	.LASF20:
 625 0202 4144435F 		.ascii	"ADC_SAR_2_StartConvert\000"
ARM GAS  C:\Users\degn\AppData\Local\Temp\ccW83bAY.s 			page 14


 625      5341525F 
 625      325F5374 
 625      61727443 
 625      6F6E7665 
 626              	.LASF22:
 627 0219 63757272 		.ascii	"currentSolar\000"
 627      656E7453 
 627      6F6C6172 
 627      00
 628              	.LASF9:
 629 0226 6C6F6E67 		.ascii	"long double\000"
 629      20646F75 
 629      626C6500 
 630              	.LASF0:
 631 0232 7369676E 		.ascii	"signed char\000"
 631      65642063 
 631      68617200 
 632              	.LASF17:
 633 023e 4144435F 		.ascii	"ADC_SAR_1_Start\000"
 633      5341525F 
 633      315F5374 
 633      61727400 
 634              	.LASF24:
 635 024e 55415254 		.ascii	"UART_1_PutString\000"
 635      5F315F50 
 635      75745374 
 635      72696E67 
 635      00
 636              	.LASF25:
 637 025f 43794465 		.ascii	"CyDelay\000"
 637      6C617900 
 638              	.LASF21:
 639 0267 63757272 		.ascii	"currentWAM\000"
 639      656E7457 
 639      414D00
 640              		.ident	"GCC: (GNU Tools for ARM Embedded Processors) 5.4.1 20160609 (release) [ARM/embedded-5-bran
