ARM GAS  C:\Users\degn\AppData\Local\Temp\cc8cuPUN.s 			page 1


   1              		.syntax unified
   2              		.cpu cortex-m3
   3              		.fpu softvfp
   4              		.eabi_attribute 20, 1
   5              		.eabi_attribute 21, 1
   6              		.eabi_attribute 23, 3
   7              		.eabi_attribute 24, 1
   8              		.eabi_attribute 25, 1
   9              		.eabi_attribute 26, 1
  10              		.eabi_attribute 30, 1
  11              		.eabi_attribute 34, 1
  12              		.eabi_attribute 18, 4
  13              		.thumb
  14              		.syntax unified
  15              		.file	"cymetadata.c"
  16              		.text
  17              	.Ltext0:
  18              		.cfi_sections	.debug_frame
  19              		.global	cy_metadata
  20              		.global	cy_meta_flashprotect
  21              		.global	cy_meta_wonvl
  22              		.global	cy_meta_custnvl
  23              		.global	cy_meta_configecc
  24              		.section	.cyconfigecc,"a",%progbits
  25              		.align	2
  26              		.type	cy_meta_configecc, %object
  27              		.size	cy_meta_configecc, 840
  28              	cy_meta_configecc:
  29 0000 03       		.byte	3
  30 0001 65       		.byte	101
  31 0002 00       		.byte	0
  32 0003 40       		.byte	64
  33 0004 01       		.byte	1
  34 0005 17       		.byte	23
  35 0006 01       		.byte	1
  36 0007 40       		.byte	64
  37 0008 1D       		.byte	29
  38 0009 18       		.byte	24
  39 000a 01       		.byte	1
  40 000b 40       		.byte	64
  41 000c 40       		.byte	64
  42 000d 19       		.byte	25
  43 000e 01       		.byte	1
  44 000f 40       		.byte	64
  45 0010 69       		.byte	105
  46 0011 1A       		.byte	26
  47 0012 01       		.byte	1
  48 0013 40       		.byte	64
  49 0014 4B       		.byte	75
  50 0015 1B       		.byte	27
  51 0016 01       		.byte	1
  52 0017 40       		.byte	64
  53 0018 03       		.byte	3
  54 0019 40       		.byte	64
  55 001a 01       		.byte	1
  56 001b 40       		.byte	64
  57 001c 02       		.byte	2
ARM GAS  C:\Users\degn\AppData\Local\Temp\cc8cuPUN.s 			page 2


  58 001d 41       		.byte	65
  59 001e 01       		.byte	1
  60 001f 40       		.byte	64
  61 0020 02       		.byte	2
  62 0021 42       		.byte	66
  63 0022 01       		.byte	1
  64 0023 40       		.byte	64
  65 0024 02       		.byte	2
  66 0025 43       		.byte	67
  67 0026 01       		.byte	1
  68 0027 40       		.byte	64
  69 0028 06       		.byte	6
  70 0029 48       		.byte	72
  71 002a 01       		.byte	1
  72 002b 40       		.byte	64
  73 002c 01       		.byte	1
  74 002d 49       		.byte	73
  75 002e 01       		.byte	1
  76 002f 40       		.byte	64
  77 0030 08       		.byte	8
  78 0031 4D       		.byte	77
  79 0032 01       		.byte	1
  80 0033 40       		.byte	64
  81 0034 02       		.byte	2
  82 0035 50       		.byte	80
  83 0036 01       		.byte	1
  84 0037 40       		.byte	64
  85 0038 01       		.byte	1
  86 0039 51       		.byte	81
  87 003a 01       		.byte	1
  88 003b 40       		.byte	64
  89 003c 88       		.byte	-120
  90 003d 72       		.byte	114
  91 003e 89       		.byte	-119
  92 003f 38       		.byte	56
  93 0040 8B       		.byte	-117
  94 0041 0F       		.byte	15
  95 0042 E2       		.byte	-30
  96 0043 04       		.byte	4
  97 0044 80       		.byte	-128
  98 0045 04       		.byte	4
  99 0046 83       		.byte	-125
 100 0047 02       		.byte	2
 101 0048 8A       		.byte	-118
 102 0049 02       		.byte	2
 103 004a 8B       		.byte	-117
 104 004b 02       		.byte	2
 105 004c 8E       		.byte	-114
 106 004d 08       		.byte	8
 107 004e 92       		.byte	-110
 108 004f 08       		.byte	8
 109 0050 94       		.byte	-108
 110 0051 08       		.byte	8
 111 0052 98       		.byte	-104
 112 0053 08       		.byte	8
 113 0054 A2       		.byte	-94
 114 0055 02       		.byte	2
ARM GAS  C:\Users\degn\AppData\Local\Temp\cc8cuPUN.s 			page 3


 115 0056 A4       		.byte	-92
 116 0057 01       		.byte	1
 117 0058 A8       		.byte	-88
 118 0059 01       		.byte	1
 119 005a A9       		.byte	-87
 120 005b 01       		.byte	1
 121 005c AC       		.byte	-84
 122 005d 01       		.byte	1
 123 005e B0       		.byte	-80
 124 005f 02       		.byte	2
 125 0060 B1       		.byte	-79
 126 0061 01       		.byte	1
 127 0062 B2       		.byte	-78
 128 0063 04       		.byte	4
 129 0064 B4       		.byte	-76
 130 0065 01       		.byte	1
 131 0066 B5       		.byte	-75
 132 0067 02       		.byte	2
 133 0068 B6       		.byte	-74
 134 0069 08       		.byte	8
 135 006a B8       		.byte	-72
 136 006b 80       		.byte	-128
 137 006c BB       		.byte	-69
 138 006d 08       		.byte	8
 139 006e BE       		.byte	-66
 140 006f 05       		.byte	5
 141 0070 BF       		.byte	-65
 142 0071 11       		.byte	17
 143 0072 D4       		.byte	-44
 144 0073 18       		.byte	24
 145 0074 D6       		.byte	-42
 146 0075 04       		.byte	4
 147 0076 D8       		.byte	-40
 148 0077 04       		.byte	4
 149 0078 D9       		.byte	-39
 150 0079 04       		.byte	4
 151 007a DB       		.byte	-37
 152 007b 04       		.byte	4
 153 007c DF       		.byte	-33
 154 007d 01       		.byte	1
 155 007e 02       		.byte	2
 156 007f 42       		.byte	66
 157 0080 03       		.byte	3
 158 0081 04       		.byte	4
 159 0082 04       		.byte	4
 160 0083 10       		.byte	16
 161 0084 05       		.byte	5
 162 0085 03       		.byte	3
 163 0086 06       		.byte	6
 164 0087 20       		.byte	32
 165 0088 07       		.byte	7
 166 0089 02       		.byte	2
 167 008a 09       		.byte	9
 168 008b 2A       		.byte	42
 169 008c 0C       		.byte	12
 170 008d 40       		.byte	64
 171 008e 0D       		.byte	13
ARM GAS  C:\Users\degn\AppData\Local\Temp\cc8cuPUN.s 			page 4


 172 008f 20       		.byte	32
 173 0090 0E       		.byte	14
 174 0091 02       		.byte	2
 175 0092 0F       		.byte	15
 176 0093 20       		.byte	32
 177 0094 10       		.byte	16
 178 0095 A2       		.byte	-94
 179 0096 11       		.byte	17
 180 0097 10       		.byte	16
 181 0098 14       		.byte	20
 182 0099 80       		.byte	-128
 183 009a 16       		.byte	22
 184 009b 82       		.byte	-126
 185 009c 17       		.byte	23
 186 009d 28       		.byte	40
 187 009e 18       		.byte	24
 188 009f 01       		.byte	1
 189 00a0 19       		.byte	25
 190 00a1 08       		.byte	8
 191 00a2 1B       		.byte	27
 192 00a3 11       		.byte	17
 193 00a4 1D       		.byte	29
 194 00a5 23       		.byte	35
 195 00a6 1E       		.byte	30
 196 00a7 20       		.byte	32
 197 00a8 1F       		.byte	31
 198 00a9 10       		.byte	16
 199 00aa 20       		.byte	32
 200 00ab 10       		.byte	16
 201 00ac 21       		.byte	33
 202 00ad 0C       		.byte	12
 203 00ae 22       		.byte	34
 204 00af 01       		.byte	1
 205 00b0 23       		.byte	35
 206 00b1 04       		.byte	4
 207 00b2 26       		.byte	38
 208 00b3 03       		.byte	3
 209 00b4 27       		.byte	39
 210 00b5 05       		.byte	5
 211 00b6 29       		.byte	41
 212 00b7 20       		.byte	32
 213 00b8 2D       		.byte	45
 214 00b9 82       		.byte	-126
 215 00ba 2E       		.byte	46
 216 00bb 20       		.byte	32
 217 00bc 2F       		.byte	47
 218 00bd 14       		.byte	20
 219 00be 34       		.byte	52
 220 00bf 40       		.byte	64
 221 00c0 36       		.byte	54
 222 00c1 04       		.byte	4
 223 00c2 37       		.byte	55
 224 00c3 22       		.byte	34
 225 00c4 38       		.byte	56
 226 00c5 01       		.byte	1
 227 00c6 3A       		.byte	58
 228 00c7 10       		.byte	16
ARM GAS  C:\Users\degn\AppData\Local\Temp\cc8cuPUN.s 			page 5


 229 00c8 3E       		.byte	62
 230 00c9 8A       		.byte	-118
 231 00ca 3F       		.byte	63
 232 00cb 20       		.byte	32
 233 00cc 45       		.byte	69
 234 00cd 20       		.byte	32
 235 00ce 47       		.byte	71
 236 00cf 44       		.byte	68
 237 00d0 4C       		.byte	76
 238 00d1 80       		.byte	-128
 239 00d2 4D       		.byte	77
 240 00d3 80       		.byte	-128
 241 00d4 4F       		.byte	79
 242 00d5 20       		.byte	32
 243 00d6 56       		.byte	86
 244 00d7 10       		.byte	16
 245 00d8 5B       		.byte	91
 246 00d9 01       		.byte	1
 247 00da 5E       		.byte	94
 248 00db 20       		.byte	32
 249 00dc 63       		.byte	99
 250 00dd 86       		.byte	-122
 251 00de 6C       		.byte	108
 252 00df 22       		.byte	34
 253 00e0 6D       		.byte	109
 254 00e1 10       		.byte	16
 255 00e2 6E       		.byte	110
 256 00e3 04       		.byte	4
 257 00e4 76       		.byte	118
 258 00e5 08       		.byte	8
 259 00e6 77       		.byte	119
 260 00e7 2A       		.byte	42
 261 00e8 83       		.byte	-125
 262 00e9 40       		.byte	64
 263 00ea C0       		.byte	-64
 264 00eb FB       		.byte	-5
 265 00ec C2       		.byte	-62
 266 00ed EE       		.byte	-18
 267 00ee C4       		.byte	-60
 268 00ef FF       		.byte	-1
 269 00f0 CA       		.byte	-54
 270 00f1 F4       		.byte	-12
 271 00f2 CC       		.byte	-52
 272 00f3 F0       		.byte	-16
 273 00f4 CE       		.byte	-50
 274 00f5 F5       		.byte	-11
 275 00f6 D0       		.byte	-48
 276 00f7 70       		.byte	112
 277 00f8 D2       		.byte	-46
 278 00f9 30       		.byte	48
 279 00fa D6       		.byte	-42
 280 00fb 21       		.byte	33
 281 00fc D8       		.byte	-40
 282 00fd 0D       		.byte	13
 283 00fe 04       		.byte	4
 284 00ff 10       		.byte	16
 285 0100 05       		.byte	5
ARM GAS  C:\Users\degn\AppData\Local\Temp\cc8cuPUN.s 			page 6


 286 0101 80       		.byte	-128
 287 0102 06       		.byte	6
 288 0103 AC       		.byte	-84
 289 0104 07       		.byte	7
 290 0105 13       		.byte	19
 291 0106 0A       		.byte	10
 292 0107 03       		.byte	3
 293 0108 0C       		.byte	12
 294 0109 0C       		.byte	12
 295 010a 0E       		.byte	14
 296 010b 71       		.byte	113
 297 010c 0F       		.byte	15
 298 010d 0C       		.byte	12
 299 010e 10       		.byte	16
 300 010f 09       		.byte	9
 301 0110 12       		.byte	18
 302 0111 D0       		.byte	-48
 303 0112 14       		.byte	20
 304 0113 14       		.byte	20
 305 0114 15       		.byte	21
 306 0115 2C       		.byte	44
 307 0116 17       		.byte	23
 308 0117 43       		.byte	67
 309 0118 19       		.byte	25
 310 0119 71       		.byte	113
 311 011a 1B       		.byte	27
 312 011b 06       		.byte	6
 313 011c 1F       		.byte	31
 314 011d 08       		.byte	8
 315 011e 20       		.byte	32
 316 011f 10       		.byte	16
 317 0120 21       		.byte	33
 318 0121 71       		.byte	113
 319 0122 22       		.byte	34
 320 0123 40       		.byte	64
 321 0124 23       		.byte	35
 322 0125 0E       		.byte	14
 323 0126 26       		.byte	38
 324 0127 20       		.byte	32
 325 0128 28       		.byte	40
 326 0129 DC       		.byte	-36
 327 012a 2A       		.byte	42
 328 012b 22       		.byte	34
 329 012c 30       		.byte	48
 330 012d E0       		.byte	-32
 331 012e 31       		.byte	49
 332 012f C0       		.byte	-64
 333 0130 33       		.byte	51
 334 0131 0F       		.byte	15
 335 0132 34       		.byte	52
 336 0133 1F       		.byte	31
 337 0134 35       		.byte	53
 338 0135 30       		.byte	48
 339 0136 39       		.byte	57
 340 0137 22       		.byte	34
 341 0138 3A       		.byte	58
 342 0139 02       		.byte	2
ARM GAS  C:\Users\degn\AppData\Local\Temp\cc8cuPUN.s 			page 7


 343 013a 3B       		.byte	59
 344 013b 08       		.byte	8
 345 013c 3F       		.byte	63
 346 013d 10       		.byte	16
 347 013e 40       		.byte	64
 348 013f 02       		.byte	2
 349 0140 46       		.byte	70
 350 0141 04       		.byte	4
 351 0142 49       		.byte	73
 352 0143 FF       		.byte	-1
 353 0144 4A       		.byte	74
 354 0145 07       		.byte	7
 355 0146 4B       		.byte	75
 356 0147 FF       		.byte	-1
 357 0148 4C       		.byte	76
 358 0149 40       		.byte	64
 359 014a 4D       		.byte	77
 360 014b 20       		.byte	32
 361 014c 4E       		.byte	78
 362 014d F0       		.byte	-16
 363 014e 4F       		.byte	79
 364 014f 05       		.byte	5
 365 0150 50       		.byte	80
 366 0151 08       		.byte	8
 367 0152 58       		.byte	88
 368 0153 04       		.byte	4
 369 0154 59       		.byte	89
 370 0155 04       		.byte	4
 371 0156 5A       		.byte	90
 372 0157 04       		.byte	4
 373 0158 5F       		.byte	95
 374 0159 01       		.byte	1
 375 015a 60       		.byte	96
 376 015b 40       		.byte	64
 377 015c 61       		.byte	97
 378 015d A8       		.byte	-88
 379 015e 62       		.byte	98
 380 015f 40       		.byte	64
 381 0160 63       		.byte	99
 382 0161 20       		.byte	32
 383 0162 80       		.byte	-128
 384 0163 13       		.byte	19
 385 0164 81       		.byte	-127
 386 0165 08       		.byte	8
 387 0166 82       		.byte	-126
 388 0167 04       		.byte	4
 389 0168 83       		.byte	-125
 390 0169 15       		.byte	21
 391 016a 84       		.byte	-124
 392 016b 20       		.byte	32
 393 016c 85       		.byte	-123
 394 016d 18       		.byte	24
 395 016e 86       		.byte	-122
 396 016f C0       		.byte	-64
 397 0170 88       		.byte	-120
 398 0171 13       		.byte	19
 399 0172 89       		.byte	-119
ARM GAS  C:\Users\degn\AppData\Local\Temp\cc8cuPUN.s 			page 8


 400 0173 18       		.byte	24
 401 0174 8A       		.byte	-118
 402 0175 0C       		.byte	12
 403 0176 92       		.byte	-110
 404 0177 08       		.byte	8
 405 0178 94       		.byte	-108
 406 0179 0A       		.byte	10
 407 017a 96       		.byte	-106
 408 017b 14       		.byte	20
 409 017c 98       		.byte	-104
 410 017d E0       		.byte	-32
 411 017e 9C       		.byte	-100
 412 017f 03       		.byte	3
 413 0180 9D       		.byte	-99
 414 0181 10       		.byte	16
 415 0182 9E       		.byte	-98
 416 0183 14       		.byte	20
 417 0184 9F       		.byte	-97
 418 0185 0C       		.byte	12
 419 0186 A0       		.byte	-96
 420 0187 80       		.byte	-128
 421 0188 A2       		.byte	-94
 422 0189 20       		.byte	32
 423 018a A6       		.byte	-90
 424 018b 15       		.byte	21
 425 018c A8       		.byte	-88
 426 018d E0       		.byte	-32
 427 018e AB       		.byte	-85
 428 018f 02       		.byte	2
 429 0190 AC       		.byte	-84
 430 0191 40       		.byte	64
 431 0192 AE       		.byte	-82
 432 0193 20       		.byte	32
 433 0194 B0       		.byte	-80
 434 0195 10       		.byte	16
 435 0196 B1       		.byte	-79
 436 0197 06       		.byte	6
 437 0198 B2       		.byte	-78
 438 0199 E0       		.byte	-32
 439 019a B3       		.byte	-77
 440 019b 01       		.byte	1
 441 019c B4       		.byte	-76
 442 019d 0F       		.byte	15
 443 019e B7       		.byte	-73
 444 019f 18       		.byte	24
 445 01a0 BA       		.byte	-70
 446 01a1 20       		.byte	32
 447 01a2 BE       		.byte	-66
 448 01a3 01       		.byte	1
 449 01a4 BF       		.byte	-65
 450 01a5 01       		.byte	1
 451 01a6 C0       		.byte	-64
 452 01a7 26       		.byte	38
 453 01a8 C1       		.byte	-63
 454 01a9 01       		.byte	1
 455 01aa C5       		.byte	-59
 456 01ab 0B       		.byte	11
ARM GAS  C:\Users\degn\AppData\Local\Temp\cc8cuPUN.s 			page 9


 457 01ac C6       		.byte	-58
 458 01ad 0E       		.byte	14
 459 01ae C7       		.byte	-57
 460 01af C0       		.byte	-64
 461 01b0 C8       		.byte	-56
 462 01b1 25       		.byte	37
 463 01b2 C9       		.byte	-55
 464 01b3 FF       		.byte	-1
 465 01b4 CA       		.byte	-54
 466 01b5 FF       		.byte	-1
 467 01b6 CB       		.byte	-53
 468 01b7 FF       		.byte	-1
 469 01b8 CE       		.byte	-50
 470 01b9 F0       		.byte	-16
 471 01ba CF       		.byte	-49
 472 01bb 44       		.byte	68
 473 01bc D0       		.byte	-48
 474 01bd 0C       		.byte	12
 475 01be D4       		.byte	-44
 476 01bf 01       		.byte	1
 477 01c0 D8       		.byte	-40
 478 01c1 04       		.byte	4
 479 01c2 D9       		.byte	-39
 480 01c3 04       		.byte	4
 481 01c4 DA       		.byte	-38
 482 01c5 04       		.byte	4
 483 01c6 DB       		.byte	-37
 484 01c7 04       		.byte	4
 485 01c8 DF       		.byte	-33
 486 01c9 01       		.byte	1
 487 01ca E6       		.byte	-26
 488 01cb C0       		.byte	-64
 489 01cc EA       		.byte	-22
 490 01cd 40       		.byte	64
 491 01ce EB       		.byte	-21
 492 01cf 02       		.byte	2
 493 01d0 01       		.byte	1
 494 01d1 20       		.byte	32
 495 01d2 02       		.byte	2
 496 01d3 01       		.byte	1
 497 01d4 03       		.byte	3
 498 01d5 10       		.byte	16
 499 01d6 05       		.byte	5
 500 01d7 15       		.byte	21
 501 01d8 0A       		.byte	10
 502 01d9 20       		.byte	32
 503 01da 0B       		.byte	11
 504 01db 40       		.byte	64
 505 01dc 0D       		.byte	13
 506 01dd 08       		.byte	8
 507 01de 0E       		.byte	14
 508 01df 04       		.byte	4
 509 01e0 0F       		.byte	15
 510 01e1 42       		.byte	66
 511 01e2 10       		.byte	16
 512 01e3 80       		.byte	-128
 513 01e4 11       		.byte	17
ARM GAS  C:\Users\degn\AppData\Local\Temp\cc8cuPUN.s 			page 10


 514 01e5 04       		.byte	4
 515 01e6 12       		.byte	18
 516 01e7 08       		.byte	8
 517 01e8 14       		.byte	20
 518 01e9 80       		.byte	-128
 519 01ea 15       		.byte	21
 520 01eb 14       		.byte	20
 521 01ec 16       		.byte	22
 522 01ed 02       		.byte	2
 523 01ee 19       		.byte	25
 524 01ef 21       		.byte	33
 525 01f0 1D       		.byte	29
 526 01f1 14       		.byte	20
 527 01f2 1E       		.byte	30
 528 01f3 40       		.byte	64
 529 01f4 1F       		.byte	31
 530 01f5 04       		.byte	4
 531 01f6 20       		.byte	32
 532 01f7 04       		.byte	4
 533 01f8 21       		.byte	33
 534 01f9 08       		.byte	8
 535 01fa 22       		.byte	34
 536 01fb 08       		.byte	8
 537 01fc 23       		.byte	35
 538 01fd 40       		.byte	64
 539 01fe 26       		.byte	38
 540 01ff 84       		.byte	-124
 541 0200 27       		.byte	39
 542 0201 40       		.byte	64
 543 0202 29       		.byte	41
 544 0203 01       		.byte	1
 545 0204 2A       		.byte	42
 546 0205 01       		.byte	1
 547 0206 2F       		.byte	47
 548 0207 04       		.byte	4
 549 0208 30       		.byte	48
 550 0209 80       		.byte	-128
 551 020a 31       		.byte	49
 552 020b 18       		.byte	24
 553 020c 33       		.byte	51
 554 020d 10       		.byte	16
 555 020e 34       		.byte	52
 556 020f 80       		.byte	-128
 557 0210 36       		.byte	54
 558 0211 80       		.byte	-128
 559 0212 38       		.byte	56
 560 0213 08       		.byte	8
 561 0214 39       		.byte	57
 562 0215 04       		.byte	4
 563 0216 3B       		.byte	59
 564 0217 40       		.byte	64
 565 0218 3D       		.byte	61
 566 0219 10       		.byte	16
 567 021a 3E       		.byte	62
 568 021b 06       		.byte	6
 569 021c 40       		.byte	64
 570 021d 04       		.byte	4
ARM GAS  C:\Users\degn\AppData\Local\Temp\cc8cuPUN.s 			page 11


 571 021e 46       		.byte	70
 572 021f 01       		.byte	1
 573 0220 47       		.byte	71
 574 0221 10       		.byte	16
 575 0222 4C       		.byte	76
 576 0223 04       		.byte	4
 577 0224 4E       		.byte	78
 578 0225 10       		.byte	16
 579 0226 50       		.byte	80
 580 0227 84       		.byte	-124
 581 0228 56       		.byte	86
 582 0229 40       		.byte	64
 583 022a 57       		.byte	87
 584 022b 03       		.byte	3
 585 022c 5C       		.byte	92
 586 022d 01       		.byte	1
 587 022e 5D       		.byte	93
 588 022f 08       		.byte	8
 589 0230 5E       		.byte	94
 590 0231 40       		.byte	64
 591 0232 5F       		.byte	95
 592 0233 10       		.byte	16
 593 0234 60       		.byte	96
 594 0235 01       		.byte	1
 595 0236 62       		.byte	98
 596 0237 40       		.byte	64
 597 0238 87       		.byte	-121
 598 0239 12       		.byte	18
 599 023a 8A       		.byte	-118
 600 023b 02       		.byte	2
 601 023c 91       		.byte	-111
 602 023d 10       		.byte	16
 603 023e 92       		.byte	-110
 604 023f 04       		.byte	4
 605 0240 97       		.byte	-105
 606 0241 08       		.byte	8
 607 0242 99       		.byte	-103
 608 0243 08       		.byte	8
 609 0244 9C       		.byte	-100
 610 0245 80       		.byte	-128
 611 0246 9D       		.byte	-99
 612 0247 20       		.byte	32
 613 0248 9E       		.byte	-98
 614 0249 42       		.byte	66
 615 024a 9F       		.byte	-97
 616 024b 40       		.byte	64
 617 024c A6       		.byte	-90
 618 024d 04       		.byte	4
 619 024e AE       		.byte	-82
 620 024f 01       		.byte	1
 621 0250 B1       		.byte	-79
 622 0251 84       		.byte	-124
 623 0252 C0       		.byte	-64
 624 0253 77       		.byte	119
 625 0254 C2       		.byte	-62
 626 0255 FC       		.byte	-4
 627 0256 C4       		.byte	-60
ARM GAS  C:\Users\degn\AppData\Local\Temp\cc8cuPUN.s 			page 12


 628 0257 FE       		.byte	-2
 629 0258 CA       		.byte	-54
 630 0259 21       		.byte	33
 631 025a CC       		.byte	-52
 632 025b 1E       		.byte	30
 633 025c CE       		.byte	-50
 634 025d EA       		.byte	-22
 635 025e D0       		.byte	-48
 636 025f 34       		.byte	52
 637 0260 D2       		.byte	-46
 638 0261 20       		.byte	32
 639 0262 D6       		.byte	-42
 640 0263 F0       		.byte	-16
 641 0264 EC       		.byte	-20
 642 0265 02       		.byte	2
 643 0266 32       		.byte	50
 644 0267 20       		.byte	32
 645 0268 35       		.byte	53
 646 0269 80       		.byte	-128
 647 026a CC       		.byte	-52
 648 026b 30       		.byte	48
 649 026c 9D       		.byte	-99
 650 026d 80       		.byte	-128
 651 026e A6       		.byte	-90
 652 026f 20       		.byte	32
 653 0270 9D       		.byte	-99
 654 0271 80       		.byte	-128
 655 0272 A6       		.byte	-90
 656 0273 20       		.byte	32
 657 0274 9D       		.byte	-99
 658 0275 80       		.byte	-128
 659 0276 A6       		.byte	-90
 660 0277 20       		.byte	32
 661 0278 22       		.byte	34
 662 0279 01       		.byte	1
 663 027a 81       		.byte	-127
 664 027b 80       		.byte	-128
 665 027c 9D       		.byte	-99
 666 027d 80       		.byte	-128
 667 027e A6       		.byte	-90
 668 027f 20       		.byte	32
 669 0280 C8       		.byte	-56
 670 0281 40       		.byte	64
 671 0282 E2       		.byte	-30
 672 0283 20       		.byte	32
 673 0284 AE       		.byte	-82
 674 0285 21       		.byte	33
 675 0286 10       		.byte	16
 676 0287 40       		.byte	64
 677 0288 74       		.byte	116
 678 0289 04       		.byte	4
 679 028a 88       		.byte	-120
 680 028b 40       		.byte	64
 681 028c A0       		.byte	-96
 682 028d 04       		.byte	4
 683 028e AC       		.byte	-84
 684 028f 04       		.byte	4
ARM GAS  C:\Users\degn\AppData\Local\Temp\cc8cuPUN.s 			page 13


 685 0290 C4       		.byte	-60
 686 0291 08       		.byte	8
 687 0292 DE       		.byte	-34
 688 0293 04       		.byte	4
 689 0294 E2       		.byte	-30
 690 0295 01       		.byte	1
 691 0296 10       		.byte	16
 692 0297 01       		.byte	1
 693 0298 1C       		.byte	28
 694 0299 01       		.byte	1
 695 029a 00       		.byte	0
 696 029b 0F       		.byte	15
 697 029c 80       		.byte	-128
 698 029d 80       		.byte	-128
 699 029e 00       		.byte	0
 700 029f 00       		.byte	0
 701 02a0 40       		.byte	64
 702 02a1 00       		.byte	0
 703 02a2 00       		.byte	0
 704 02a3 00       		.byte	0
 705 02a4 1F       		.byte	31
 706 02a5 44       		.byte	68
 707 02a6 20       		.byte	32
 708 02a7 00       		.byte	0
 709 02a8 03       		.byte	3
 710 02a9 08       		.byte	8
 711 02aa 00       		.byte	0
 712 02ab 00       		.byte	0
 713 02ac 3F       		.byte	63
 714 02ad 00       		.byte	0
 715 02ae 00       		.byte	0
 716 02af E3       		.byte	-29
 717 02b0 08       		.byte	8
 718 02b1 80       		.byte	-128
 719 02b2 00       		.byte	0
 720 02b3 00       		.byte	0
 721 02b4 00       		.byte	0
 722 02b5 10       		.byte	16
 723 02b6 00       		.byte	0
 724 02b7 00       		.byte	0
 725 02b8 00       		.byte	0
 726 02b9 00       		.byte	0
 727 02ba 23       		.byte	35
 728 02bb 04       		.byte	4
 729 02bc 33       		.byte	51
 730 02bd 18       		.byte	24
 731 02be 0C       		.byte	12
 732 02bf 00       		.byte	0
 733 02c0 1C       		.byte	28
 734 02c1 3C       		.byte	60
 735 02c2 23       		.byte	35
 736 02c3 C2       		.byte	-62
 737 02c4 02       		.byte	2
 738 02c5 1C       		.byte	28
 739 02c6 00       		.byte	0
 740 02c7 E1       		.byte	-31
 741 02c8 04       		.byte	4
ARM GAS  C:\Users\degn\AppData\Local\Temp\cc8cuPUN.s 			page 14


 742 02c9 E7       		.byte	-25
 743 02ca 00       		.byte	0
 744 02cb 18       		.byte	24
 745 02cc 0C       		.byte	12
 746 02cd C0       		.byte	-64
 747 02ce 00       		.byte	0
 748 02cf 00       		.byte	0
 749 02d0 01       		.byte	1
 750 02d1 FF       		.byte	-1
 751 02d2 00       		.byte	0
 752 02d3 00       		.byte	0
 753 02d4 2C       		.byte	44
 754 02d5 1F       		.byte	31
 755 02d6 10       		.byte	16
 756 02d7 00       		.byte	0
 757 02d8 0F       		.byte	15
 758 02d9 38       		.byte	56
 759 02da 00       		.byte	0
 760 02db C0       		.byte	-64
 761 02dc 00       		.byte	0
 762 02dd 00       		.byte	0
 763 02de 22       		.byte	34
 764 02df 02       		.byte	2
 765 02e0 00       		.byte	0
 766 02e1 00       		.byte	0
 767 02e2 04       		.byte	4
 768 02e3 00       		.byte	0
 769 02e4 26       		.byte	38
 770 02e5 05       		.byte	5
 771 02e6 03       		.byte	3
 772 02e7 00       		.byte	0
 773 02e8 01       		.byte	1
 774 02e9 C0       		.byte	-64
 775 02ea E0       		.byte	-32
 776 02eb 00       		.byte	0
 777 02ec 0A       		.byte	10
 778 02ed FF       		.byte	-1
 779 02ee FF       		.byte	-1
 780 02ef FF       		.byte	-1
 781 02f0 62       		.byte	98
 782 02f1 A0       		.byte	-96
 783 02f2 F0       		.byte	-16
 784 02f3 41       		.byte	65
 785 02f4 0C       		.byte	12
 786 02f5 00       		.byte	0
 787 02f6 00       		.byte	0
 788 02f7 00       		.byte	0
 789 02f8 00       		.byte	0
 790 02f9 00       		.byte	0
 791 02fa 02       		.byte	2
 792 02fb 11       		.byte	17
 793 02fc 04       		.byte	4
 794 02fd 04       		.byte	4
 795 02fe 04       		.byte	4
 796 02ff 04       		.byte	4
 797 0300 00       		.byte	0
 798 0301 00       		.byte	0
ARM GAS  C:\Users\degn\AppData\Local\Temp\cc8cuPUN.s 			page 15


 799 0302 00       		.byte	0
 800 0303 01       		.byte	1
 801 0304 00       		.byte	0
 802 0305 00       		.byte	0
 803 0306 00       		.byte	0
 804 0307 00       		.byte	0
 805 0308 00       		.byte	0
 806 0309 00       		.byte	0
 807 030a 40       		.byte	64
 808 030b 02       		.byte	2
 809 030c 00       		.byte	0
 810 030d 10       		.byte	16
 811 030e 30       		.byte	48
 812 030f 10       		.byte	16
 813 0310 00       		.byte	0
 814 0311 10       		.byte	16
 815 0312 10       		.byte	16
 816 0313 12       		.byte	18
 817 0314 00       		.byte	0
 818 0315 00       		.byte	0
 819 0316 00       		.byte	0
 820 0317 00       		.byte	0
 821 0318 00       		.byte	0
 822 0319 00       		.byte	0
 823 031a 00       		.byte	0
 824 031b 00       		.byte	0
 825 031c 00       		.byte	0
 826 031d 00       		.byte	0
 827 031e 00       		.byte	0
 828 031f 00       		.byte	0
 829 0320 00       		.byte	0
 830 0321 00       		.byte	0
 831 0322 00       		.byte	0
 832 0323 00       		.byte	0
 833 0324 80       		.byte	-128
 834 0325 00       		.byte	0
 835 0326 40       		.byte	64
 836 0327 80       		.byte	-128
 837 0328 80       		.byte	-128
 838 0329 00       		.byte	0
 839 032a 80       		.byte	-128
 840 032b 00       		.byte	0
 841 032c 00       		.byte	0
 842 032d 00       		.byte	0
 843 032e 00       		.byte	0
 844 032f 00       		.byte	0
 845 0330 07       		.byte	7
 846 0331 00       		.byte	0
 847 0332 00       		.byte	0
 848 0333 00       		.byte	0
 849 0334 00       		.byte	0
 850 0335 00       		.byte	0
 851 0336 00       		.byte	0
 852 0337 00       		.byte	0
 853 0338 04       		.byte	4
 854 0339 FF       		.byte	-1
 855 033a FB       		.byte	-5
ARM GAS  C:\Users\degn\AppData\Local\Temp\cc8cuPUN.s 			page 16


 856 033b 00       		.byte	0
 857 033c 00       		.byte	0
 858 033d 00       		.byte	0
 859 033e 00       		.byte	0
 860 033f 00       		.byte	0
 861 0340 00       		.byte	0
 862 0341 0F       		.byte	15
 863 0342 0F       		.byte	15
 864 0343 00       		.byte	0
 865 0344 00       		.byte	0
 866 0345 00       		.byte	0
 867 0346 00       		.byte	0
 868 0347 00       		.byte	0
 869              		.section	.cywolatch,"a",%progbits
 870              		.align	2
 871              		.type	cy_meta_wonvl, %object
 872              		.size	cy_meta_wonvl, 4
 873              	cy_meta_wonvl:
 874 0000 BC       		.byte	-68
 875 0001 90       		.byte	-112
 876 0002 AC       		.byte	-84
 877 0003 AF       		.byte	-81
 878              		.section	.cycustnvl,"a",%progbits
 879              		.align	2
 880              		.type	cy_meta_custnvl, %object
 881              		.size	cy_meta_custnvl, 4
 882              	cy_meta_custnvl:
 883 0000 00       		.byte	0
 884 0001 00       		.byte	0
 885 0002 40       		.byte	64
 886 0003 05       		.byte	5
 887              		.section	.cymeta,"a",%progbits
 888              		.align	2
 889              		.type	cy_metadata, %object
 890              		.size	cy_metadata, 12
 891              	cy_metadata:
 892 0000 00       		.byte	0
 893 0001 01       		.byte	1
 894 0002 2E       		.byte	46
 895 0003 16       		.byte	22
 896 0004 10       		.byte	16
 897 0005 69       		.byte	105
 898 0006 00       		.byte	0
 899 0007 01       		.byte	1
 900 0008 00       		.byte	0
 901 0009 00       		.byte	0
 902 000a 00       		.byte	0
 903 000b 00       		.byte	0
 904              		.section	.cyflashprotect,"a",%progbits
 905              		.align	2
 906              		.type	cy_meta_flashprotect, %object
 907              		.size	cy_meta_flashprotect, 256
 908              	cy_meta_flashprotect:
 909 0000 00000000 		.space	256
 909      00000000 
 909      00000000 
 909      00000000 
ARM GAS  C:\Users\degn\AppData\Local\Temp\cc8cuPUN.s 			page 17


 909      00000000 
 910              		.text
 911              	.Letext0:
 912              		.file 1 "c:\\program files (x86)\\cypress\\psoc creator\\4.4\\psoc creator\\import\\gnu\\arm\\5.4.
 913              		.file 2 "c:\\program files (x86)\\cypress\\psoc creator\\4.4\\psoc creator\\import\\gnu\\arm\\5.4.
 914              		.file 3 "Generated_Source\\PSoC5\\cymetadata.c"
 915              		.section	.debug_info,"",%progbits
 916              	.Ldebug_info0:
 917 0000 31010000 		.4byte	0x131
 918 0004 0400     		.2byte	0x4
 919 0006 00000000 		.4byte	.Ldebug_abbrev0
 920 000a 04       		.byte	0x4
 921 000b 01       		.uleb128 0x1
 922 000c 97000000 		.4byte	.LASF17
 923 0010 0C       		.byte	0xc
 924 0011 F1010000 		.4byte	.LASF18
 925 0015 0A000000 		.4byte	.LASF19
 926 0019 00000000 		.4byte	.Ldebug_line0
 927 001d 02       		.uleb128 0x2
 928 001e 01       		.byte	0x1
 929 001f 06       		.byte	0x6
 930 0020 E5010000 		.4byte	.LASF0
 931 0024 03       		.uleb128 0x3
 932 0025 00000000 		.4byte	.LASF9
 933 0029 01       		.byte	0x1
 934 002a 1D       		.byte	0x1d
 935 002b 2F000000 		.4byte	0x2f
 936 002f 02       		.uleb128 0x2
 937 0030 01       		.byte	0x1
 938 0031 08       		.byte	0x8
 939 0032 89000000 		.4byte	.LASF1
 940 0036 02       		.uleb128 0x2
 941 0037 02       		.byte	0x2
 942 0038 05       		.byte	0x5
 943 0039 D2010000 		.4byte	.LASF2
 944 003d 02       		.uleb128 0x2
 945 003e 02       		.byte	0x2
 946 003f 07       		.byte	0x7
 947 0040 37010000 		.4byte	.LASF3
 948 0044 02       		.uleb128 0x2
 949 0045 04       		.byte	0x4
 950 0046 05       		.byte	0x5
 951 0047 DC010000 		.4byte	.LASF4
 952 004b 02       		.uleb128 0x2
 953 004c 04       		.byte	0x4
 954 004d 07       		.byte	0x7
 955 004e 25010000 		.4byte	.LASF5
 956 0052 02       		.uleb128 0x2
 957 0053 08       		.byte	0x8
 958 0054 05       		.byte	0x5
 959 0055 C4010000 		.4byte	.LASF6
 960 0059 02       		.uleb128 0x2
 961 005a 08       		.byte	0x8
 962 005b 07       		.byte	0x7
 963 005c 79010000 		.4byte	.LASF7
 964 0060 04       		.uleb128 0x4
 965 0061 04       		.byte	0x4
ARM GAS  C:\Users\degn\AppData\Local\Temp\cc8cuPUN.s 			page 18


 966 0062 05       		.byte	0x5
 967 0063 696E7400 		.ascii	"int\000"
 968 0067 02       		.uleb128 0x2
 969 0068 04       		.byte	0x4
 970 0069 07       		.byte	0x7
 971 006a 6C010000 		.4byte	.LASF8
 972 006e 03       		.uleb128 0x3
 973 006f 90010000 		.4byte	.LASF10
 974 0073 02       		.byte	0x2
 975 0074 18       		.byte	0x18
 976 0075 24000000 		.4byte	0x24
 977 0079 05       		.uleb128 0x5
 978 007a 91000000 		.4byte	0x91
 979 007e 8A000000 		.4byte	0x8a
 980 0082 06       		.uleb128 0x6
 981 0083 8A000000 		.4byte	0x8a
 982 0087 4703     		.2byte	0x347
 983 0089 00       		.byte	0
 984 008a 02       		.uleb128 0x2
 985 008b 04       		.byte	0x4
 986 008c 07       		.byte	0x7
 987 008d BB010000 		.4byte	.LASF11
 988 0091 07       		.uleb128 0x7
 989 0092 6E000000 		.4byte	0x6e
 990 0096 08       		.uleb128 0x8
 991 0097 5A010000 		.4byte	.LASF12
 992 009b 03       		.byte	0x3
 993 009c 1F       		.byte	0x1f
 994 009d A7000000 		.4byte	0xa7
 995 00a1 05       		.uleb128 0x5
 996 00a2 03       		.byte	0x3
 997 00a3 00000000 		.4byte	cy_meta_configecc
 998 00a7 07       		.uleb128 0x7
 999 00a8 79000000 		.4byte	0x79
 1000 00ac 05       		.uleb128 0x5
 1001 00ad 91000000 		.4byte	0x91
 1002 00b1 BC000000 		.4byte	0xbc
 1003 00b5 09       		.uleb128 0x9
 1004 00b6 8A000000 		.4byte	0x8a
 1005 00ba 03       		.byte	0x3
 1006 00bb 00       		.byte	0
 1007 00bc 08       		.uleb128 0x8
 1008 00bd 4A010000 		.4byte	.LASF13
 1009 00c1 03       		.byte	0x3
 1010 00c2 95       		.byte	0x95
 1011 00c3 CD000000 		.4byte	0xcd
 1012 00c7 05       		.uleb128 0x5
 1013 00c8 03       		.byte	0x3
 1014 00c9 00000000 		.4byte	cy_meta_custnvl
 1015 00cd 07       		.uleb128 0x7
 1016 00ce AC000000 		.4byte	0xac
 1017 00d2 08       		.uleb128 0x8
 1018 00d3 AD010000 		.4byte	.LASF14
 1019 00d7 03       		.byte	0x3
 1020 00d8 A3       		.byte	0xa3
 1021 00d9 E3000000 		.4byte	0xe3
 1022 00dd 05       		.uleb128 0x5
ARM GAS  C:\Users\degn\AppData\Local\Temp\cc8cuPUN.s 			page 19


 1023 00de 03       		.byte	0x3
 1024 00df 00000000 		.4byte	cy_meta_wonvl
 1025 00e3 07       		.uleb128 0x7
 1026 00e4 AC000000 		.4byte	0xac
 1027 00e8 05       		.uleb128 0x5
 1028 00e9 91000000 		.4byte	0x91
 1029 00ed F8000000 		.4byte	0xf8
 1030 00f1 09       		.uleb128 0x9
 1031 00f2 8A000000 		.4byte	0x8a
 1032 00f6 FF       		.byte	0xff
 1033 00f7 00       		.byte	0
 1034 00f8 08       		.uleb128 0x8
 1035 00f9 98010000 		.4byte	.LASF15
 1036 00fd 03       		.byte	0x3
 1037 00fe B1       		.byte	0xb1
 1038 00ff 09010000 		.4byte	0x109
 1039 0103 05       		.uleb128 0x5
 1040 0104 03       		.byte	0x3
 1041 0105 00000000 		.4byte	cy_meta_flashprotect
 1042 0109 07       		.uleb128 0x7
 1043 010a E8000000 		.4byte	0xe8
 1044 010e 05       		.uleb128 0x5
 1045 010f 91000000 		.4byte	0x91
 1046 0113 1E010000 		.4byte	0x11e
 1047 0117 09       		.uleb128 0x9
 1048 0118 8A000000 		.4byte	0x8a
 1049 011c 0B       		.byte	0xb
 1050 011d 00       		.byte	0
 1051 011e 08       		.uleb128 0x8
 1052 011f 7D000000 		.4byte	.LASF16
 1053 0123 03       		.byte	0x3
 1054 0124 DE       		.byte	0xde
 1055 0125 2F010000 		.4byte	0x12f
 1056 0129 05       		.uleb128 0x5
 1057 012a 03       		.byte	0x3
 1058 012b 00000000 		.4byte	cy_metadata
 1059 012f 07       		.uleb128 0x7
 1060 0130 0E010000 		.4byte	0x10e
 1061 0134 00       		.byte	0
 1062              		.section	.debug_abbrev,"",%progbits
 1063              	.Ldebug_abbrev0:
 1064 0000 01       		.uleb128 0x1
 1065 0001 11       		.uleb128 0x11
 1066 0002 01       		.byte	0x1
 1067 0003 25       		.uleb128 0x25
 1068 0004 0E       		.uleb128 0xe
 1069 0005 13       		.uleb128 0x13
 1070 0006 0B       		.uleb128 0xb
 1071 0007 03       		.uleb128 0x3
 1072 0008 0E       		.uleb128 0xe
 1073 0009 1B       		.uleb128 0x1b
 1074 000a 0E       		.uleb128 0xe
 1075 000b 10       		.uleb128 0x10
 1076 000c 17       		.uleb128 0x17
 1077 000d 00       		.byte	0
 1078 000e 00       		.byte	0
 1079 000f 02       		.uleb128 0x2
ARM GAS  C:\Users\degn\AppData\Local\Temp\cc8cuPUN.s 			page 20


 1080 0010 24       		.uleb128 0x24
 1081 0011 00       		.byte	0
 1082 0012 0B       		.uleb128 0xb
 1083 0013 0B       		.uleb128 0xb
 1084 0014 3E       		.uleb128 0x3e
 1085 0015 0B       		.uleb128 0xb
 1086 0016 03       		.uleb128 0x3
 1087 0017 0E       		.uleb128 0xe
 1088 0018 00       		.byte	0
 1089 0019 00       		.byte	0
 1090 001a 03       		.uleb128 0x3
 1091 001b 16       		.uleb128 0x16
 1092 001c 00       		.byte	0
 1093 001d 03       		.uleb128 0x3
 1094 001e 0E       		.uleb128 0xe
 1095 001f 3A       		.uleb128 0x3a
 1096 0020 0B       		.uleb128 0xb
 1097 0021 3B       		.uleb128 0x3b
 1098 0022 0B       		.uleb128 0xb
 1099 0023 49       		.uleb128 0x49
 1100 0024 13       		.uleb128 0x13
 1101 0025 00       		.byte	0
 1102 0026 00       		.byte	0
 1103 0027 04       		.uleb128 0x4
 1104 0028 24       		.uleb128 0x24
 1105 0029 00       		.byte	0
 1106 002a 0B       		.uleb128 0xb
 1107 002b 0B       		.uleb128 0xb
 1108 002c 3E       		.uleb128 0x3e
 1109 002d 0B       		.uleb128 0xb
 1110 002e 03       		.uleb128 0x3
 1111 002f 08       		.uleb128 0x8
 1112 0030 00       		.byte	0
 1113 0031 00       		.byte	0
 1114 0032 05       		.uleb128 0x5
 1115 0033 01       		.uleb128 0x1
 1116 0034 01       		.byte	0x1
 1117 0035 49       		.uleb128 0x49
 1118 0036 13       		.uleb128 0x13
 1119 0037 01       		.uleb128 0x1
 1120 0038 13       		.uleb128 0x13
 1121 0039 00       		.byte	0
 1122 003a 00       		.byte	0
 1123 003b 06       		.uleb128 0x6
 1124 003c 21       		.uleb128 0x21
 1125 003d 00       		.byte	0
 1126 003e 49       		.uleb128 0x49
 1127 003f 13       		.uleb128 0x13
 1128 0040 2F       		.uleb128 0x2f
 1129 0041 05       		.uleb128 0x5
 1130 0042 00       		.byte	0
 1131 0043 00       		.byte	0
 1132 0044 07       		.uleb128 0x7
 1133 0045 26       		.uleb128 0x26
 1134 0046 00       		.byte	0
 1135 0047 49       		.uleb128 0x49
 1136 0048 13       		.uleb128 0x13
ARM GAS  C:\Users\degn\AppData\Local\Temp\cc8cuPUN.s 			page 21


 1137 0049 00       		.byte	0
 1138 004a 00       		.byte	0
 1139 004b 08       		.uleb128 0x8
 1140 004c 34       		.uleb128 0x34
 1141 004d 00       		.byte	0
 1142 004e 03       		.uleb128 0x3
 1143 004f 0E       		.uleb128 0xe
 1144 0050 3A       		.uleb128 0x3a
 1145 0051 0B       		.uleb128 0xb
 1146 0052 3B       		.uleb128 0x3b
 1147 0053 0B       		.uleb128 0xb
 1148 0054 49       		.uleb128 0x49
 1149 0055 13       		.uleb128 0x13
 1150 0056 3F       		.uleb128 0x3f
 1151 0057 19       		.uleb128 0x19
 1152 0058 02       		.uleb128 0x2
 1153 0059 18       		.uleb128 0x18
 1154 005a 00       		.byte	0
 1155 005b 00       		.byte	0
 1156 005c 09       		.uleb128 0x9
 1157 005d 21       		.uleb128 0x21
 1158 005e 00       		.byte	0
 1159 005f 49       		.uleb128 0x49
 1160 0060 13       		.uleb128 0x13
 1161 0061 2F       		.uleb128 0x2f
 1162 0062 0B       		.uleb128 0xb
 1163 0063 00       		.byte	0
 1164 0064 00       		.byte	0
 1165 0065 00       		.byte	0
 1166              		.section	.debug_aranges,"",%progbits
 1167 0000 14000000 		.4byte	0x14
 1168 0004 0200     		.2byte	0x2
 1169 0006 00000000 		.4byte	.Ldebug_info0
 1170 000a 04       		.byte	0x4
 1171 000b 00       		.byte	0
 1172 000c 0000     		.2byte	0
 1173 000e 0000     		.2byte	0
 1174 0010 00000000 		.4byte	0
 1175 0014 00000000 		.4byte	0
 1176              		.section	.debug_line,"",%progbits
 1177              	.Ldebug_line0:
 1178 0000 3D010000 		.section	.debug_str,"MS",%progbits,1
 1178      02003701 
 1178      00000201 
 1178      FB0E0D00 
 1178      01010101 
 1179              	.LASF9:
 1180 0000 5F5F7569 		.ascii	"__uint8_t\000"
 1180      6E74385F 
 1180      7400
 1181              	.LASF19:
 1182 000a 433A5C55 		.ascii	"C:\\Users\\degn\\OneDrive - Aarhus universitet\\Skr"
 1182      73657273 
 1182      5C646567 
 1182      6E5C4F6E 
 1182      65447269 
 1183 0039 69766562 		.ascii	"ivebord\\AU\\E3\\PRJ3\\Kode\\StepperMotorDriver\\St"
ARM GAS  C:\Users\degn\AppData\Local\Temp\cc8cuPUN.s 			page 22


 1183      6F72645C 
 1183      41555C45 
 1183      335C5052 
 1183      4A335C4B 
 1184 0066 65707065 		.ascii	"epperMotorDriver.cydsn\000"
 1184      724D6F74 
 1184      6F724472 
 1184      69766572 
 1184      2E637964 
 1185              	.LASF16:
 1186 007d 63795F6D 		.ascii	"cy_metadata\000"
 1186      65746164 
 1186      61746100 
 1187              	.LASF1:
 1188 0089 756E7369 		.ascii	"unsigned char\000"
 1188      676E6564 
 1188      20636861 
 1188      7200
 1189              	.LASF17:
 1190 0097 474E5520 		.ascii	"GNU C11 5.4.1 20160609 (release) [ARM/embedded-5-br"
 1190      43313120 
 1190      352E342E 
 1190      31203230 
 1190      31363036 
 1191 00ca 616E6368 		.ascii	"anch revision 237715] -mcpu=cortex-m3 -mthumb -g -O"
 1191      20726576 
 1191      6973696F 
 1191      6E203233 
 1191      37373135 
 1192 00fd 67202D66 		.ascii	"g -ffunction-sections -ffat-lto-objects\000"
 1192      66756E63 
 1192      74696F6E 
 1192      2D736563 
 1192      74696F6E 
 1193              	.LASF5:
 1194 0125 6C6F6E67 		.ascii	"long unsigned int\000"
 1194      20756E73 
 1194      69676E65 
 1194      6420696E 
 1194      7400
 1195              	.LASF3:
 1196 0137 73686F72 		.ascii	"short unsigned int\000"
 1196      7420756E 
 1196      7369676E 
 1196      65642069 
 1196      6E7400
 1197              	.LASF13:
 1198 014a 63795F6D 		.ascii	"cy_meta_custnvl\000"
 1198      6574615F 
 1198      63757374 
 1198      6E766C00 
 1199              	.LASF12:
 1200 015a 63795F6D 		.ascii	"cy_meta_configecc\000"
 1200      6574615F 
 1200      636F6E66 
 1200      69676563 
 1200      6300
ARM GAS  C:\Users\degn\AppData\Local\Temp\cc8cuPUN.s 			page 23


 1201              	.LASF8:
 1202 016c 756E7369 		.ascii	"unsigned int\000"
 1202      676E6564 
 1202      20696E74 
 1202      00
 1203              	.LASF7:
 1204 0179 6C6F6E67 		.ascii	"long long unsigned int\000"
 1204      206C6F6E 
 1204      6720756E 
 1204      7369676E 
 1204      65642069 
 1205              	.LASF10:
 1206 0190 75696E74 		.ascii	"uint8_t\000"
 1206      385F7400 
 1207              	.LASF15:
 1208 0198 63795F6D 		.ascii	"cy_meta_flashprotect\000"
 1208      6574615F 
 1208      666C6173 
 1208      6870726F 
 1208      74656374 
 1209              	.LASF14:
 1210 01ad 63795F6D 		.ascii	"cy_meta_wonvl\000"
 1210      6574615F 
 1210      776F6E76 
 1210      6C00
 1211              	.LASF11:
 1212 01bb 73697A65 		.ascii	"sizetype\000"
 1212      74797065 
 1212      00
 1213              	.LASF6:
 1214 01c4 6C6F6E67 		.ascii	"long long int\000"
 1214      206C6F6E 
 1214      6720696E 
 1214      7400
 1215              	.LASF2:
 1216 01d2 73686F72 		.ascii	"short int\000"
 1216      7420696E 
 1216      7400
 1217              	.LASF4:
 1218 01dc 6C6F6E67 		.ascii	"long int\000"
 1218      20696E74 
 1218      00
 1219              	.LASF0:
 1220 01e5 7369676E 		.ascii	"signed char\000"
 1220      65642063 
 1220      68617200 
 1221              	.LASF18:
 1222 01f1 47656E65 		.ascii	"Generated_Source\\PSoC5\\cymetadata.c\000"
 1222      72617465 
 1222      645F536F 
 1222      75726365 
 1222      5C50536F 
 1223              		.ident	"GCC: (GNU Tools for ARM Embedded Processors) 5.4.1 20160609 (release) [ARM/embedded-5-bran
