ARM GAS  C:\Users\degn\AppData\Local\Temp\ccypWP3d.s 			page 1


   1              		.syntax unified
   2              		.cpu cortex-m3
   3              		.fpu softvfp
   4              		.eabi_attribute 20, 1
   5              		.eabi_attribute 21, 1
   6              		.eabi_attribute 23, 3
   7              		.eabi_attribute 24, 1
   8              		.eabi_attribute 25, 1
   9              		.eabi_attribute 26, 1
  10              		.eabi_attribute 30, 1
  11              		.eabi_attribute 34, 1
  12              		.eabi_attribute 18, 4
  13              		.thumb
  14              		.syntax unified
  15              		.file	"main.c"
  16              		.text
  17              	.Ltext0:
  18              		.cfi_sections	.debug_frame
  19              		.section	.text.main,"ax",%progbits
  20              		.align	2
  21              		.global	main
  22              		.thumb
  23              		.thumb_func
  24              		.type	main, %function
  25              	main:
  26              	.LFB64:
  27              		.file 1 "main.c"
   1:main.c        **** /* ========================================
   2:main.c        ****  *
   3:main.c        ****  *          Thomas Degn Larsen
   4:main.c        ****  *
   5:main.c        ****  * ========================================
   6:main.c        **** */
   7:main.c        **** 
   8:main.c        **** #include "project.h"
   9:main.c        **** #include "StepperMotorDriver.h"
  10:main.c        **** #include <stdio.h>
  11:main.c        **** 
  12:main.c        **** int main(void)
  13:main.c        **** {
  28              		.loc 1 13 0
  29              		.cfi_startproc
  30              		@ args = 0, pretend = 0, frame = 64
  31              		@ frame_needed = 0, uses_anonymous_args = 0
  32 0000 70B5     		push	{r4, r5, r6, lr}
  33              		.cfi_def_cfa_offset 16
  34              		.cfi_offset 4, -16
  35              		.cfi_offset 5, -12
  36              		.cfi_offset 6, -8
  37              		.cfi_offset 14, -4
  38 0002 94B0     		sub	sp, sp, #80
  39              		.cfi_def_cfa_offset 96
  14:main.c        ****     CyGlobalIntEnable;                                                      // Enable global interr
  40              		.loc 1 14 0
  41              		.syntax unified
  42              	@ 14 "main.c" 1
  43 0004 62B6     		CPSIE   i
ARM GAS  C:\Users\degn\AppData\Local\Temp\ccypWP3d.s 			page 2


  44              	@ 0 "" 2
  15:main.c        ****     UART_1_Start();                                                         // Enable UART
  45              		.loc 1 15 0
  46              		.thumb
  47              		.syntax unified
  48 0006 FFF7FEFF 		bl	UART_1_Start
  49              	.LVL0:
  16:main.c        ****     isr_uart_rx_StartEx(UART_HANDLER);                                      // Enable UART ISR
  50              		.loc 1 16 0
  51 000a 1048     		ldr	r0, .L4
  52 000c FFF7FEFF 		bl	isr_uart_rx_StartEx
  53              	.LVL1:
  17:main.c        ****     isr_motor_StartEx(MOTOR_STEP);                                          // Enable ISR for motor
  54              		.loc 1 17 0
  55 0010 0F48     		ldr	r0, .L4+4
  56 0012 FFF7FEFF 		bl	isr_motor_StartEx
  57              	.LVL2:
  18:main.c        ****     UART_1_PutString("Ready to test new ideas that doesn't work!\r\n");     // Show message on UART
  58              		.loc 1 18 0
  59 0016 0F48     		ldr	r0, .L4+8
  60 0018 FFF7FEFF 		bl	UART_1_PutString
  61              	.LVL3:
  62              	.L2:
  63              	.LBB2:
  19:main.c        ****    
  20:main.c        ****     for(;;) 
  21:main.c        ****     {
  22:main.c        ****         char buff[64];
  23:main.c        ****         snprintf(buff, sizeof(buff), "Up: %i, Down: %i, Right: %i, Left: %i  \r\n", limitUp(), limi
  64              		.loc 1 23 0 discriminator 1
  65 001c FFF7FEFF 		bl	limitUp
  66              	.LVL4:
  67 0020 0446     		mov	r4, r0
  68 0022 FFF7FEFF 		bl	limitDown
  69              	.LVL5:
  70 0026 0546     		mov	r5, r0
  71 0028 FFF7FEFF 		bl	limitRight
  72              	.LVL6:
  73 002c 0646     		mov	r6, r0
  74 002e FFF7FEFF 		bl	limitLeft
  75              	.LVL7:
  76 0032 0290     		str	r0, [sp, #8]
  77 0034 0196     		str	r6, [sp, #4]
  78 0036 0095     		str	r5, [sp]
  79 0038 2346     		mov	r3, r4
  80 003a 074A     		ldr	r2, .L4+12
  81 003c 4021     		movs	r1, #64
  82 003e 04A8     		add	r0, sp, #16
  83 0040 FFF7FEFF 		bl	snprintf
  84              	.LVL8:
  24:main.c        ****         UART_1_PutString(buff);
  85              		.loc 1 24 0 discriminator 1
  86 0044 04A8     		add	r0, sp, #16
  87 0046 FFF7FEFF 		bl	UART_1_PutString
  88              	.LVL9:
  89 004a E7E7     		b	.L2
  90              	.L5:
ARM GAS  C:\Users\degn\AppData\Local\Temp\ccypWP3d.s 			page 3


  91              		.align	2
  92              	.L4:
  93 004c 00000000 		.word	UART_HANDLER
  94 0050 00000000 		.word	MOTOR_STEP
  95 0054 00000000 		.word	.LC0
  96 0058 30000000 		.word	.LC1
  97              	.LBE2:
  98              		.cfi_endproc
  99              	.LFE64:
 100              		.size	main, .-main
 101              		.section	.rodata.str1.4,"aMS",%progbits,1
 102              		.align	2
 103              	.LC0:
 104 0000 52656164 		.ascii	"Ready to test new ideas that doesn't work!\015\012\000"
 104      7920746F 
 104      20746573 
 104      74206E65 
 104      77206964 
 105 002d 000000   		.space	3
 106              	.LC1:
 107 0030 55703A20 		.ascii	"Up: %i, Down: %i, Right: %i, Left: %i  \015\012\000"
 107      25692C20 
 107      446F776E 
 107      3A202569 
 107      2C205269 
 108              		.text
 109              	.Letext0:
 110              		.file 2 "c:\\program files (x86)\\cypress\\psoc creator\\4.4\\psoc creator\\import\\gnu\\arm\\5.4.
 111              		.file 3 "c:\\program files (x86)\\cypress\\psoc creator\\4.4\\psoc creator\\import\\gnu\\arm\\5.4.
 112              		.file 4 "StepperMotorDriver.h"
 113              		.file 5 "c:\\program files (x86)\\cypress\\psoc creator\\4.4\\psoc creator\\import\\gnu\\arm\\5.4.
 114              		.file 6 "Generated_Source\\PSoC5/UART_1.h"
 115              		.file 7 "Generated_Source\\PSoC5/isr_uart_rx.h"
 116              		.file 8 "Generated_Source\\PSoC5/isr_motor.h"
 117              		.file 9 "Generated_Source\\PSoC5/core_cm3.h"
 118              		.section	.debug_info,"",%progbits
 119              	.Ldebug_info0:
 120 0000 F7010000 		.4byte	0x1f7
 121 0004 0400     		.2byte	0x4
 122 0006 00000000 		.4byte	.Ldebug_abbrev0
 123 000a 04       		.byte	0x4
 124 000b 01       		.uleb128 0x1
 125 000c C6000000 		.4byte	.LASF25
 126 0010 0C       		.byte	0xc
 127 0011 08020000 		.4byte	.LASF26
 128 0015 34000000 		.4byte	.LASF27
 129 0019 00000000 		.4byte	.Ldebug_ranges0+0
 130 001d 00000000 		.4byte	0
 131 0021 00000000 		.4byte	.Ldebug_line0
 132 0025 02       		.uleb128 0x2
 133 0026 01       		.byte	0x1
 134 0027 06       		.byte	0x6
 135 0028 33020000 		.4byte	.LASF0
 136 002c 02       		.uleb128 0x2
 137 002d 01       		.byte	0x1
 138 002e 08       		.byte	0x8
 139 002f B8000000 		.4byte	.LASF1
ARM GAS  C:\Users\degn\AppData\Local\Temp\ccypWP3d.s 			page 4


 140 0033 02       		.uleb128 0x2
 141 0034 02       		.byte	0x2
 142 0035 05       		.byte	0x5
 143 0036 14020000 		.4byte	.LASF2
 144 003a 02       		.uleb128 0x2
 145 003b 02       		.byte	0x2
 146 003c 07       		.byte	0x7
 147 003d 70010000 		.4byte	.LASF3
 148 0041 03       		.uleb128 0x3
 149 0042 21000000 		.4byte	.LASF9
 150 0046 02       		.byte	0x2
 151 0047 3F       		.byte	0x3f
 152 0048 4C000000 		.4byte	0x4c
 153 004c 02       		.uleb128 0x2
 154 004d 04       		.byte	0x4
 155 004e 05       		.byte	0x5
 156 004f 1E020000 		.4byte	.LASF4
 157 0053 02       		.uleb128 0x2
 158 0054 04       		.byte	0x4
 159 0055 07       		.byte	0x7
 160 0056 54010000 		.4byte	.LASF5
 161 005a 02       		.uleb128 0x2
 162 005b 08       		.byte	0x8
 163 005c 05       		.byte	0x5
 164 005d FA010000 		.4byte	.LASF6
 165 0061 02       		.uleb128 0x2
 166 0062 08       		.byte	0x8
 167 0063 07       		.byte	0x7
 168 0064 AE010000 		.4byte	.LASF7
 169 0068 04       		.uleb128 0x4
 170 0069 04       		.byte	0x4
 171 006a 05       		.byte	0x5
 172 006b 696E7400 		.ascii	"int\000"
 173 006f 02       		.uleb128 0x2
 174 0070 04       		.byte	0x4
 175 0071 07       		.byte	0x7
 176 0072 A1010000 		.4byte	.LASF8
 177 0076 03       		.uleb128 0x3
 178 0077 D7010000 		.4byte	.LASF10
 179 007b 03       		.byte	0x3
 180 007c 2C       		.byte	0x2c
 181 007d 41000000 		.4byte	0x41
 182 0081 02       		.uleb128 0x2
 183 0082 04       		.byte	0x4
 184 0083 04       		.byte	0x4
 185 0084 B2000000 		.4byte	.LASF11
 186 0088 02       		.uleb128 0x2
 187 0089 08       		.byte	0x8
 188 008a 04       		.byte	0x4
 189 008b 95010000 		.4byte	.LASF12
 190 008f 02       		.uleb128 0x2
 191 0090 01       		.byte	0x1
 192 0091 08       		.byte	0x8
 193 0092 0F020000 		.4byte	.LASF13
 194 0096 02       		.uleb128 0x2
 195 0097 08       		.byte	0x8
 196 0098 04       		.byte	0x4
ARM GAS  C:\Users\degn\AppData\Local\Temp\ccypWP3d.s 			page 5


 197 0099 27020000 		.4byte	.LASF14
 198 009d 02       		.uleb128 0x2
 199 009e 04       		.byte	0x4
 200 009f 07       		.byte	0x7
 201 00a0 F1010000 		.4byte	.LASF15
 202 00a4 05       		.uleb128 0x5
 203 00a5 9C010000 		.4byte	.LASF28
 204 00a9 01       		.byte	0x1
 205 00aa 0C       		.byte	0xc
 206 00ab 68000000 		.4byte	0x68
 207 00af 00000000 		.4byte	.LFB64
 208 00b3 5C000000 		.4byte	.LFE64-.LFB64
 209 00b7 01       		.uleb128 0x1
 210 00b8 9C       		.byte	0x9c
 211 00b9 76010000 		.4byte	0x176
 212 00bd 06       		.uleb128 0x6
 213 00be 1C000000 		.4byte	.LBB2
 214 00c2 40000000 		.4byte	.LBE2-.LBB2
 215 00c6 47010000 		.4byte	0x147
 216 00ca 07       		.uleb128 0x7
 217 00cb 90010000 		.4byte	.LASF29
 218 00cf 01       		.byte	0x1
 219 00d0 16       		.byte	0x16
 220 00d1 76010000 		.4byte	0x176
 221 00d5 03       		.uleb128 0x3
 222 00d6 91       		.byte	0x91
 223 00d7 B07F     		.sleb128 -80
 224 00d9 08       		.uleb128 0x8
 225 00da 20000000 		.4byte	.LVL4
 226 00de 97010000 		.4byte	0x197
 227 00e2 08       		.uleb128 0x8
 228 00e3 26000000 		.4byte	.LVL5
 229 00e7 A2010000 		.4byte	0x1a2
 230 00eb 08       		.uleb128 0x8
 231 00ec 2C000000 		.4byte	.LVL6
 232 00f0 AD010000 		.4byte	0x1ad
 233 00f4 08       		.uleb128 0x8
 234 00f5 32000000 		.4byte	.LVL7
 235 00f9 B8010000 		.4byte	0x1b8
 236 00fd 09       		.uleb128 0x9
 237 00fe 44000000 		.4byte	.LVL8
 238 0102 C3010000 		.4byte	0x1c3
 239 0106 35010000 		.4byte	0x135
 240 010a 0A       		.uleb128 0xa
 241 010b 01       		.uleb128 0x1
 242 010c 50       		.byte	0x50
 243 010d 03       		.uleb128 0x3
 244 010e 91       		.byte	0x91
 245 010f B07F     		.sleb128 -80
 246 0111 0A       		.uleb128 0xa
 247 0112 01       		.uleb128 0x1
 248 0113 51       		.byte	0x51
 249 0114 02       		.uleb128 0x2
 250 0115 08       		.byte	0x8
 251 0116 40       		.byte	0x40
 252 0117 0A       		.uleb128 0xa
 253 0118 01       		.uleb128 0x1
ARM GAS  C:\Users\degn\AppData\Local\Temp\ccypWP3d.s 			page 6


 254 0119 52       		.byte	0x52
 255 011a 05       		.uleb128 0x5
 256 011b 03       		.byte	0x3
 257 011c 30000000 		.4byte	.LC1
 258 0120 0A       		.uleb128 0xa
 259 0121 01       		.uleb128 0x1
 260 0122 53       		.byte	0x53
 261 0123 02       		.uleb128 0x2
 262 0124 74       		.byte	0x74
 263 0125 00       		.sleb128 0
 264 0126 0A       		.uleb128 0xa
 265 0127 02       		.uleb128 0x2
 266 0128 7D       		.byte	0x7d
 267 0129 00       		.sleb128 0
 268 012a 02       		.uleb128 0x2
 269 012b 75       		.byte	0x75
 270 012c 00       		.sleb128 0
 271 012d 0A       		.uleb128 0xa
 272 012e 02       		.uleb128 0x2
 273 012f 7D       		.byte	0x7d
 274 0130 04       		.sleb128 4
 275 0131 02       		.uleb128 0x2
 276 0132 76       		.byte	0x76
 277 0133 00       		.sleb128 0
 278 0134 00       		.byte	0
 279 0135 0B       		.uleb128 0xb
 280 0136 4A000000 		.4byte	.LVL9
 281 013a CE010000 		.4byte	0x1ce
 282 013e 0A       		.uleb128 0xa
 283 013f 01       		.uleb128 0x1
 284 0140 50       		.byte	0x50
 285 0141 03       		.uleb128 0x3
 286 0142 91       		.byte	0x91
 287 0143 B07F     		.sleb128 -80
 288 0145 00       		.byte	0
 289 0146 00       		.byte	0
 290 0147 08       		.uleb128 0x8
 291 0148 0A000000 		.4byte	.LVL0
 292 014c D9010000 		.4byte	0x1d9
 293 0150 08       		.uleb128 0x8
 294 0151 10000000 		.4byte	.LVL1
 295 0155 E4010000 		.4byte	0x1e4
 296 0159 08       		.uleb128 0x8
 297 015a 16000000 		.4byte	.LVL2
 298 015e EF010000 		.4byte	0x1ef
 299 0162 0B       		.uleb128 0xb
 300 0163 1C000000 		.4byte	.LVL3
 301 0167 CE010000 		.4byte	0x1ce
 302 016b 0A       		.uleb128 0xa
 303 016c 01       		.uleb128 0x1
 304 016d 50       		.byte	0x50
 305 016e 05       		.uleb128 0x5
 306 016f 03       		.byte	0x3
 307 0170 00000000 		.4byte	.LC0
 308 0174 00       		.byte	0
 309 0175 00       		.byte	0
 310 0176 0C       		.uleb128 0xc
ARM GAS  C:\Users\degn\AppData\Local\Temp\ccypWP3d.s 			page 7


 311 0177 8F000000 		.4byte	0x8f
 312 017b 86010000 		.4byte	0x186
 313 017f 0D       		.uleb128 0xd
 314 0180 9D000000 		.4byte	0x9d
 315 0184 3F       		.byte	0x3f
 316 0185 00       		.byte	0
 317 0186 0E       		.uleb128 0xe
 318 0187 83010000 		.4byte	.LASF30
 319 018b 09       		.byte	0x9
 320 018c 1207     		.2byte	0x712
 321 018e 92010000 		.4byte	0x192
 322 0192 0F       		.uleb128 0xf
 323 0193 76000000 		.4byte	0x76
 324 0197 10       		.uleb128 0x10
 325 0198 C5010000 		.4byte	.LASF16
 326 019c C5010000 		.4byte	.LASF16
 327 01a0 04       		.byte	0x4
 328 01a1 1C       		.byte	0x1c
 329 01a2 10       		.uleb128 0x10
 330 01a3 66010000 		.4byte	.LASF17
 331 01a7 66010000 		.4byte	.LASF17
 332 01ab 04       		.byte	0x4
 333 01ac 1D       		.byte	0x1d
 334 01ad 10       		.uleb128 0x10
 335 01ae A7000000 		.4byte	.LASF18
 336 01b2 A7000000 		.4byte	.LASF18
 337 01b6 04       		.byte	0x4
 338 01b7 1B       		.byte	0x1b
 339 01b8 10       		.uleb128 0x10
 340 01b9 CD010000 		.4byte	.LASF19
 341 01bd CD010000 		.4byte	.LASF19
 342 01c1 04       		.byte	0x4
 343 01c2 1A       		.byte	0x1a
 344 01c3 10       		.uleb128 0x10
 345 01c4 2B000000 		.4byte	.LASF20
 346 01c8 2B000000 		.4byte	.LASF20
 347 01cc 05       		.byte	0x5
 348 01cd FD       		.byte	0xfd
 349 01ce 10       		.uleb128 0x10
 350 01cf 3F020000 		.4byte	.LASF21
 351 01d3 3F020000 		.4byte	.LASF21
 352 01d7 06       		.byte	0x6
 353 01d8 8B       		.byte	0x8b
 354 01d9 10       		.uleb128 0x10
 355 01da 14000000 		.4byte	.LASF22
 356 01de 14000000 		.4byte	.LASF22
 357 01e2 06       		.byte	0x6
 358 01e3 54       		.byte	0x54
 359 01e4 10       		.uleb128 0x10
 360 01e5 00000000 		.4byte	.LASF23
 361 01e9 00000000 		.4byte	.LASF23
 362 01ed 07       		.byte	0x7
 363 01ee 18       		.byte	0x18
 364 01ef 10       		.uleb128 0x10
 365 01f0 DF010000 		.4byte	.LASF24
 366 01f4 DF010000 		.4byte	.LASF24
 367 01f8 08       		.byte	0x8
ARM GAS  C:\Users\degn\AppData\Local\Temp\ccypWP3d.s 			page 8


 368 01f9 18       		.byte	0x18
 369 01fa 00       		.byte	0
 370              		.section	.debug_abbrev,"",%progbits
 371              	.Ldebug_abbrev0:
 372 0000 01       		.uleb128 0x1
 373 0001 11       		.uleb128 0x11
 374 0002 01       		.byte	0x1
 375 0003 25       		.uleb128 0x25
 376 0004 0E       		.uleb128 0xe
 377 0005 13       		.uleb128 0x13
 378 0006 0B       		.uleb128 0xb
 379 0007 03       		.uleb128 0x3
 380 0008 0E       		.uleb128 0xe
 381 0009 1B       		.uleb128 0x1b
 382 000a 0E       		.uleb128 0xe
 383 000b 55       		.uleb128 0x55
 384 000c 17       		.uleb128 0x17
 385 000d 11       		.uleb128 0x11
 386 000e 01       		.uleb128 0x1
 387 000f 10       		.uleb128 0x10
 388 0010 17       		.uleb128 0x17
 389 0011 00       		.byte	0
 390 0012 00       		.byte	0
 391 0013 02       		.uleb128 0x2
 392 0014 24       		.uleb128 0x24
 393 0015 00       		.byte	0
 394 0016 0B       		.uleb128 0xb
 395 0017 0B       		.uleb128 0xb
 396 0018 3E       		.uleb128 0x3e
 397 0019 0B       		.uleb128 0xb
 398 001a 03       		.uleb128 0x3
 399 001b 0E       		.uleb128 0xe
 400 001c 00       		.byte	0
 401 001d 00       		.byte	0
 402 001e 03       		.uleb128 0x3
 403 001f 16       		.uleb128 0x16
 404 0020 00       		.byte	0
 405 0021 03       		.uleb128 0x3
 406 0022 0E       		.uleb128 0xe
 407 0023 3A       		.uleb128 0x3a
 408 0024 0B       		.uleb128 0xb
 409 0025 3B       		.uleb128 0x3b
 410 0026 0B       		.uleb128 0xb
 411 0027 49       		.uleb128 0x49
 412 0028 13       		.uleb128 0x13
 413 0029 00       		.byte	0
 414 002a 00       		.byte	0
 415 002b 04       		.uleb128 0x4
 416 002c 24       		.uleb128 0x24
 417 002d 00       		.byte	0
 418 002e 0B       		.uleb128 0xb
 419 002f 0B       		.uleb128 0xb
 420 0030 3E       		.uleb128 0x3e
 421 0031 0B       		.uleb128 0xb
 422 0032 03       		.uleb128 0x3
 423 0033 08       		.uleb128 0x8
 424 0034 00       		.byte	0
ARM GAS  C:\Users\degn\AppData\Local\Temp\ccypWP3d.s 			page 9


 425 0035 00       		.byte	0
 426 0036 05       		.uleb128 0x5
 427 0037 2E       		.uleb128 0x2e
 428 0038 01       		.byte	0x1
 429 0039 3F       		.uleb128 0x3f
 430 003a 19       		.uleb128 0x19
 431 003b 03       		.uleb128 0x3
 432 003c 0E       		.uleb128 0xe
 433 003d 3A       		.uleb128 0x3a
 434 003e 0B       		.uleb128 0xb
 435 003f 3B       		.uleb128 0x3b
 436 0040 0B       		.uleb128 0xb
 437 0041 27       		.uleb128 0x27
 438 0042 19       		.uleb128 0x19
 439 0043 49       		.uleb128 0x49
 440 0044 13       		.uleb128 0x13
 441 0045 8701     		.uleb128 0x87
 442 0047 19       		.uleb128 0x19
 443 0048 11       		.uleb128 0x11
 444 0049 01       		.uleb128 0x1
 445 004a 12       		.uleb128 0x12
 446 004b 06       		.uleb128 0x6
 447 004c 40       		.uleb128 0x40
 448 004d 18       		.uleb128 0x18
 449 004e 9742     		.uleb128 0x2117
 450 0050 19       		.uleb128 0x19
 451 0051 01       		.uleb128 0x1
 452 0052 13       		.uleb128 0x13
 453 0053 00       		.byte	0
 454 0054 00       		.byte	0
 455 0055 06       		.uleb128 0x6
 456 0056 0B       		.uleb128 0xb
 457 0057 01       		.byte	0x1
 458 0058 11       		.uleb128 0x11
 459 0059 01       		.uleb128 0x1
 460 005a 12       		.uleb128 0x12
 461 005b 06       		.uleb128 0x6
 462 005c 01       		.uleb128 0x1
 463 005d 13       		.uleb128 0x13
 464 005e 00       		.byte	0
 465 005f 00       		.byte	0
 466 0060 07       		.uleb128 0x7
 467 0061 34       		.uleb128 0x34
 468 0062 00       		.byte	0
 469 0063 03       		.uleb128 0x3
 470 0064 0E       		.uleb128 0xe
 471 0065 3A       		.uleb128 0x3a
 472 0066 0B       		.uleb128 0xb
 473 0067 3B       		.uleb128 0x3b
 474 0068 0B       		.uleb128 0xb
 475 0069 49       		.uleb128 0x49
 476 006a 13       		.uleb128 0x13
 477 006b 02       		.uleb128 0x2
 478 006c 18       		.uleb128 0x18
 479 006d 00       		.byte	0
 480 006e 00       		.byte	0
 481 006f 08       		.uleb128 0x8
ARM GAS  C:\Users\degn\AppData\Local\Temp\ccypWP3d.s 			page 10


 482 0070 898201   		.uleb128 0x4109
 483 0073 00       		.byte	0
 484 0074 11       		.uleb128 0x11
 485 0075 01       		.uleb128 0x1
 486 0076 31       		.uleb128 0x31
 487 0077 13       		.uleb128 0x13
 488 0078 00       		.byte	0
 489 0079 00       		.byte	0
 490 007a 09       		.uleb128 0x9
 491 007b 898201   		.uleb128 0x4109
 492 007e 01       		.byte	0x1
 493 007f 11       		.uleb128 0x11
 494 0080 01       		.uleb128 0x1
 495 0081 31       		.uleb128 0x31
 496 0082 13       		.uleb128 0x13
 497 0083 01       		.uleb128 0x1
 498 0084 13       		.uleb128 0x13
 499 0085 00       		.byte	0
 500 0086 00       		.byte	0
 501 0087 0A       		.uleb128 0xa
 502 0088 8A8201   		.uleb128 0x410a
 503 008b 00       		.byte	0
 504 008c 02       		.uleb128 0x2
 505 008d 18       		.uleb128 0x18
 506 008e 9142     		.uleb128 0x2111
 507 0090 18       		.uleb128 0x18
 508 0091 00       		.byte	0
 509 0092 00       		.byte	0
 510 0093 0B       		.uleb128 0xb
 511 0094 898201   		.uleb128 0x4109
 512 0097 01       		.byte	0x1
 513 0098 11       		.uleb128 0x11
 514 0099 01       		.uleb128 0x1
 515 009a 31       		.uleb128 0x31
 516 009b 13       		.uleb128 0x13
 517 009c 00       		.byte	0
 518 009d 00       		.byte	0
 519 009e 0C       		.uleb128 0xc
 520 009f 01       		.uleb128 0x1
 521 00a0 01       		.byte	0x1
 522 00a1 49       		.uleb128 0x49
 523 00a2 13       		.uleb128 0x13
 524 00a3 01       		.uleb128 0x1
 525 00a4 13       		.uleb128 0x13
 526 00a5 00       		.byte	0
 527 00a6 00       		.byte	0
 528 00a7 0D       		.uleb128 0xd
 529 00a8 21       		.uleb128 0x21
 530 00a9 00       		.byte	0
 531 00aa 49       		.uleb128 0x49
 532 00ab 13       		.uleb128 0x13
 533 00ac 2F       		.uleb128 0x2f
 534 00ad 0B       		.uleb128 0xb
 535 00ae 00       		.byte	0
 536 00af 00       		.byte	0
 537 00b0 0E       		.uleb128 0xe
 538 00b1 34       		.uleb128 0x34
ARM GAS  C:\Users\degn\AppData\Local\Temp\ccypWP3d.s 			page 11


 539 00b2 00       		.byte	0
 540 00b3 03       		.uleb128 0x3
 541 00b4 0E       		.uleb128 0xe
 542 00b5 3A       		.uleb128 0x3a
 543 00b6 0B       		.uleb128 0xb
 544 00b7 3B       		.uleb128 0x3b
 545 00b8 05       		.uleb128 0x5
 546 00b9 49       		.uleb128 0x49
 547 00ba 13       		.uleb128 0x13
 548 00bb 3F       		.uleb128 0x3f
 549 00bc 19       		.uleb128 0x19
 550 00bd 3C       		.uleb128 0x3c
 551 00be 19       		.uleb128 0x19
 552 00bf 00       		.byte	0
 553 00c0 00       		.byte	0
 554 00c1 0F       		.uleb128 0xf
 555 00c2 35       		.uleb128 0x35
 556 00c3 00       		.byte	0
 557 00c4 49       		.uleb128 0x49
 558 00c5 13       		.uleb128 0x13
 559 00c6 00       		.byte	0
 560 00c7 00       		.byte	0
 561 00c8 10       		.uleb128 0x10
 562 00c9 2E       		.uleb128 0x2e
 563 00ca 00       		.byte	0
 564 00cb 3F       		.uleb128 0x3f
 565 00cc 19       		.uleb128 0x19
 566 00cd 3C       		.uleb128 0x3c
 567 00ce 19       		.uleb128 0x19
 568 00cf 6E       		.uleb128 0x6e
 569 00d0 0E       		.uleb128 0xe
 570 00d1 03       		.uleb128 0x3
 571 00d2 0E       		.uleb128 0xe
 572 00d3 3A       		.uleb128 0x3a
 573 00d4 0B       		.uleb128 0xb
 574 00d5 3B       		.uleb128 0x3b
 575 00d6 0B       		.uleb128 0xb
 576 00d7 00       		.byte	0
 577 00d8 00       		.byte	0
 578 00d9 00       		.byte	0
 579              		.section	.debug_aranges,"",%progbits
 580 0000 1C000000 		.4byte	0x1c
 581 0004 0200     		.2byte	0x2
 582 0006 00000000 		.4byte	.Ldebug_info0
 583 000a 04       		.byte	0x4
 584 000b 00       		.byte	0
 585 000c 0000     		.2byte	0
 586 000e 0000     		.2byte	0
 587 0010 00000000 		.4byte	.LFB64
 588 0014 5C000000 		.4byte	.LFE64-.LFB64
 589 0018 00000000 		.4byte	0
 590 001c 00000000 		.4byte	0
 591              		.section	.debug_ranges,"",%progbits
 592              	.Ldebug_ranges0:
 593 0000 00000000 		.4byte	.LFB64
 594 0004 5C000000 		.4byte	.LFE64
 595 0008 00000000 		.4byte	0
ARM GAS  C:\Users\degn\AppData\Local\Temp\ccypWP3d.s 			page 12


 596 000c 00000000 		.4byte	0
 597              		.section	.debug_line,"",%progbits
 598              	.Ldebug_line0:
 599 0000 1B020000 		.section	.debug_str,"MS",%progbits,1
 599      0200F601 
 599      00000201 
 599      FB0E0D00 
 599      01010101 
 600              	.LASF23:
 601 0000 6973725F 		.ascii	"isr_uart_rx_StartEx\000"
 601      75617274 
 601      5F72785F 
 601      53746172 
 601      74457800 
 602              	.LASF22:
 603 0014 55415254 		.ascii	"UART_1_Start\000"
 603      5F315F53 
 603      74617274 
 603      00
 604              	.LASF9:
 605 0021 5F5F696E 		.ascii	"__int32_t\000"
 605      7433325F 
 605      7400
 606              	.LASF20:
 607 002b 736E7072 		.ascii	"snprintf\000"
 607      696E7466 
 607      00
 608              	.LASF27:
 609 0034 433A5C55 		.ascii	"C:\\Users\\degn\\OneDrive - Aarhus universitet\\Skr"
 609      73657273 
 609      5C646567 
 609      6E5C4F6E 
 609      65447269 
 610 0063 69766562 		.ascii	"ivebord\\AU\\E3\\PRJ3\\Kode\\StepperMotorDriver\\St"
 610      6F72645C 
 610      41555C45 
 610      335C5052 
 610      4A335C4B 
 611 0090 65707065 		.ascii	"epperMotorDriver.cydsn\000"
 611      724D6F74 
 611      6F724472 
 611      69766572 
 611      2E637964 
 612              	.LASF18:
 613 00a7 6C696D69 		.ascii	"limitRight\000"
 613      74526967 
 613      687400
 614              	.LASF11:
 615 00b2 666C6F61 		.ascii	"float\000"
 615      7400
 616              	.LASF1:
 617 00b8 756E7369 		.ascii	"unsigned char\000"
 617      676E6564 
 617      20636861 
 617      7200
 618              	.LASF25:
 619 00c6 474E5520 		.ascii	"GNU C11 5.4.1 20160609 (release) [ARM/embedded-5-br"
ARM GAS  C:\Users\degn\AppData\Local\Temp\ccypWP3d.s 			page 13


 619      43313120 
 619      352E342E 
 619      31203230 
 619      31363036 
 620 00f9 616E6368 		.ascii	"anch revision 237715] -mcpu=cortex-m3 -mthumb -g -O"
 620      20726576 
 620      6973696F 
 620      6E203233 
 620      37373135 
 621 012c 67202D66 		.ascii	"g -ffunction-sections -ffat-lto-objects\000"
 621      66756E63 
 621      74696F6E 
 621      2D736563 
 621      74696F6E 
 622              	.LASF5:
 623 0154 6C6F6E67 		.ascii	"long unsigned int\000"
 623      20756E73 
 623      69676E65 
 623      6420696E 
 623      7400
 624              	.LASF17:
 625 0166 6C696D69 		.ascii	"limitDown\000"
 625      74446F77 
 625      6E00
 626              	.LASF3:
 627 0170 73686F72 		.ascii	"short unsigned int\000"
 627      7420756E 
 627      7369676E 
 627      65642069 
 627      6E7400
 628              	.LASF30:
 629 0183 49544D5F 		.ascii	"ITM_RxBuffer\000"
 629      52784275 
 629      66666572 
 629      00
 630              	.LASF29:
 631 0190 62756666 		.ascii	"buff\000"
 631      00
 632              	.LASF12:
 633 0195 646F7562 		.ascii	"double\000"
 633      6C6500
 634              	.LASF28:
 635 019c 6D61696E 		.ascii	"main\000"
 635      00
 636              	.LASF8:
 637 01a1 756E7369 		.ascii	"unsigned int\000"
 637      676E6564 
 637      20696E74 
 637      00
 638              	.LASF7:
 639 01ae 6C6F6E67 		.ascii	"long long unsigned int\000"
 639      206C6F6E 
 639      6720756E 
 639      7369676E 
 639      65642069 
 640              	.LASF16:
 641 01c5 6C696D69 		.ascii	"limitUp\000"
ARM GAS  C:\Users\degn\AppData\Local\Temp\ccypWP3d.s 			page 14


 641      74557000 
 642              	.LASF19:
 643 01cd 6C696D69 		.ascii	"limitLeft\000"
 643      744C6566 
 643      7400
 644              	.LASF10:
 645 01d7 696E7433 		.ascii	"int32_t\000"
 645      325F7400 
 646              	.LASF24:
 647 01df 6973725F 		.ascii	"isr_motor_StartEx\000"
 647      6D6F746F 
 647      725F5374 
 647      61727445 
 647      7800
 648              	.LASF15:
 649 01f1 73697A65 		.ascii	"sizetype\000"
 649      74797065 
 649      00
 650              	.LASF6:
 651 01fa 6C6F6E67 		.ascii	"long long int\000"
 651      206C6F6E 
 651      6720696E 
 651      7400
 652              	.LASF26:
 653 0208 6D61696E 		.ascii	"main.c\000"
 653      2E6300
 654              	.LASF13:
 655 020f 63686172 		.ascii	"char\000"
 655      00
 656              	.LASF2:
 657 0214 73686F72 		.ascii	"short int\000"
 657      7420696E 
 657      7400
 658              	.LASF4:
 659 021e 6C6F6E67 		.ascii	"long int\000"
 659      20696E74 
 659      00
 660              	.LASF14:
 661 0227 6C6F6E67 		.ascii	"long double\000"
 661      20646F75 
 661      626C6500 
 662              	.LASF0:
 663 0233 7369676E 		.ascii	"signed char\000"
 663      65642063 
 663      68617200 
 664              	.LASF21:
 665 023f 55415254 		.ascii	"UART_1_PutString\000"
 665      5F315F50 
 665      75745374 
 665      72696E67 
 665      00
 666              		.ident	"GCC: (GNU Tools for ARM Embedded Processors) 5.4.1 20160609 (release) [ARM/embedded-5-bran
