ARM GAS  C:\Users\perhi\AppData\Local\Temp\ccyBQZRd.s 			page 1


   1              		.syntax unified
   2              		.cpu cortex-m3
   3              		.fpu softvfp
   4              		.eabi_attribute 20, 1
   5              		.eabi_attribute 21, 1
   6              		.eabi_attribute 23, 3
   7              		.eabi_attribute 24, 1
   8              		.eabi_attribute 25, 1
   9              		.eabi_attribute 26, 1
  10              		.eabi_attribute 30, 1
  11              		.eabi_attribute 34, 1
  12              		.eabi_attribute 18, 4
  13              		.thumb
  14              		.syntax unified
  15              		.file	"cymetadata.c"
  16              		.text
  17              	.Ltext0:
  18              		.cfi_sections	.debug_frame
  19              		.global	cy_metadata
  20              		.global	cy_meta_flashprotect
  21              		.global	cy_meta_wonvl
  22              		.global	cy_meta_custnvl
  23              		.global	cy_meta_configecc
  24              		.section	.cyconfigecc,"a",%progbits
  25              		.align	2
  26              		.type	cy_meta_configecc, %object
  27              		.size	cy_meta_configecc, 1480
  28              	cy_meta_configecc:
  29 0000 03       		.byte	3
  30 0001 52       		.byte	82
  31 0002 00       		.byte	0
  32 0003 40       		.byte	64
  33 0004 02       		.byte	2
  34 0005 64       		.byte	100
  35 0006 00       		.byte	0
  36 0007 40       		.byte	64
  37 0008 04       		.byte	4
  38 0009 65       		.byte	101
  39 000a 00       		.byte	0
  40 000b 40       		.byte	64
  41 000c 03       		.byte	3
  42 000d 03       		.byte	3
  43 000e 01       		.byte	1
  44 000f 40       		.byte	64
  45 0010 4C       		.byte	76
  46 0011 04       		.byte	4
  47 0012 01       		.byte	1
  48 0013 40       		.byte	64
  49 0014 40       		.byte	64
  50 0015 05       		.byte	5
  51 0016 01       		.byte	1
  52 0017 40       		.byte	64
  53 0018 43       		.byte	67
  54 0019 06       		.byte	6
  55 001a 01       		.byte	1
  56 001b 40       		.byte	64
  57 001c 47       		.byte	71
ARM GAS  C:\Users\perhi\AppData\Local\Temp\ccyBQZRd.s 			page 2


  58 001d 07       		.byte	7
  59 001e 01       		.byte	1
  60 001f 40       		.byte	64
  61 0020 02       		.byte	2
  62 0021 09       		.byte	9
  63 0022 01       		.byte	1
  64 0023 40       		.byte	64
  65 0024 02       		.byte	2
  66 0025 0B       		.byte	11
  67 0026 01       		.byte	1
  68 0027 40       		.byte	64
  69 0028 04       		.byte	4
  70 0029 0C       		.byte	12
  71 002a 01       		.byte	1
  72 002b 40       		.byte	64
  73 002c 03       		.byte	3
  74 002d 0D       		.byte	13
  75 002e 01       		.byte	1
  76 002f 40       		.byte	64
  77 0030 55       		.byte	85
  78 0031 14       		.byte	20
  79 0032 01       		.byte	1
  80 0033 40       		.byte	64
  81 0034 47       		.byte	71
  82 0035 15       		.byte	21
  83 0036 01       		.byte	1
  84 0037 40       		.byte	64
  85 0038 50       		.byte	80
  86 0039 16       		.byte	22
  87 003a 01       		.byte	1
  88 003b 40       		.byte	64
  89 003c 50       		.byte	80
  90 003d 17       		.byte	23
  91 003e 01       		.byte	1
  92 003f 40       		.byte	64
  93 0040 01       		.byte	1
  94 0041 19       		.byte	25
  95 0042 01       		.byte	1
  96 0043 40       		.byte	64
  97 0044 01       		.byte	1
  98 0045 1B       		.byte	27
  99 0046 01       		.byte	1
 100 0047 40       		.byte	64
 101 0048 03       		.byte	3
 102 0049 40       		.byte	64
 103 004a 01       		.byte	1
 104 004b 40       		.byte	64
 105 004c 02       		.byte	2
 106 004d 41       		.byte	65
 107 004e 01       		.byte	1
 108 004f 40       		.byte	64
 109 0050 02       		.byte	2
 110 0051 42       		.byte	66
 111 0052 01       		.byte	1
 112 0053 40       		.byte	64
 113 0054 02       		.byte	2
 114 0055 43       		.byte	67
ARM GAS  C:\Users\perhi\AppData\Local\Temp\ccyBQZRd.s 			page 3


 115 0056 01       		.byte	1
 116 0057 40       		.byte	64
 117 0058 02       		.byte	2
 118 0059 44       		.byte	68
 119 005a 01       		.byte	1
 120 005b 40       		.byte	64
 121 005c 09       		.byte	9
 122 005d 45       		.byte	69
 123 005e 01       		.byte	1
 124 005f 40       		.byte	64
 125 0060 02       		.byte	2
 126 0061 46       		.byte	70
 127 0062 01       		.byte	1
 128 0063 40       		.byte	64
 129 0064 01       		.byte	1
 130 0065 47       		.byte	71
 131 0066 01       		.byte	1
 132 0067 40       		.byte	64
 133 0068 06       		.byte	6
 134 0069 48       		.byte	72
 135 006a 01       		.byte	1
 136 006b 40       		.byte	64
 137 006c 02       		.byte	2
 138 006d 4C       		.byte	76
 139 006e 01       		.byte	1
 140 006f 40       		.byte	64
 141 0070 04       		.byte	4
 142 0071 4D       		.byte	77
 143 0072 01       		.byte	1
 144 0073 40       		.byte	64
 145 0074 04       		.byte	4
 146 0075 50       		.byte	80
 147 0076 01       		.byte	1
 148 0077 40       		.byte	64
 149 0078 01       		.byte	1
 150 0079 51       		.byte	81
 151 007a 01       		.byte	1
 152 007b 40       		.byte	64
 153 007c 11       		.byte	17
 154 007d 01       		.byte	1
 155 007e 60       		.byte	96
 156 007f 80       		.byte	-128
 157 0080 64       		.byte	100
 158 0081 40       		.byte	64
 159 0082 85       		.byte	-123
 160 0083 47       		.byte	71
 161 0084 87       		.byte	-121
 162 0085 78       		.byte	120
 163 0086 84       		.byte	-124
 164 0087 72       		.byte	114
 165 0088 85       		.byte	-123
 166 0089 0F       		.byte	15
 167 008a 86       		.byte	-122
 168 008b 07       		.byte	7
 169 008c 87       		.byte	-121
 170 008d 38       		.byte	56
 171 008e 83       		.byte	-125
ARM GAS  C:\Users\perhi\AppData\Local\Temp\ccyBQZRd.s 			page 4


 172 008f 08       		.byte	8
 173 0090 89       		.byte	-119
 174 0091 08       		.byte	8
 175 0092 E2       		.byte	-30
 176 0093 04       		.byte	4
 177 0094 04       		.byte	4
 178 0095 01       		.byte	1
 179 0096 0C       		.byte	12
 180 0097 01       		.byte	1
 181 0098 12       		.byte	18
 182 0099 01       		.byte	1
 183 009a 15       		.byte	21
 184 009b 02       		.byte	2
 185 009c 16       		.byte	22
 186 009d 01       		.byte	1
 187 009e 1A       		.byte	26
 188 009f 02       		.byte	2
 189 00a0 1E       		.byte	30
 190 00a1 02       		.byte	2
 191 00a2 2D       		.byte	45
 192 00a3 01       		.byte	1
 193 00a4 33       		.byte	51
 194 00a5 01       		.byte	1
 195 00a6 34       		.byte	52
 196 00a7 02       		.byte	2
 197 00a8 36       		.byte	54
 198 00a9 01       		.byte	1
 199 00aa 37       		.byte	55
 200 00ab 02       		.byte	2
 201 00ac 38       		.byte	56
 202 00ad 80       		.byte	-128
 203 00ae 3A       		.byte	58
 204 00af 02       		.byte	2
 205 00b0 3E       		.byte	62
 206 00b1 10       		.byte	16
 207 00b2 3F       		.byte	63
 208 00b3 44       		.byte	68
 209 00b4 40       		.byte	64
 210 00b5 02       		.byte	2
 211 00b6 41       		.byte	65
 212 00b7 05       		.byte	5
 213 00b8 42       		.byte	66
 214 00b9 20       		.byte	32
 215 00ba 44       		.byte	68
 216 00bb 04       		.byte	4
 217 00bc 45       		.byte	69
 218 00bd CE       		.byte	-50
 219 00be 46       		.byte	70
 220 00bf DB       		.byte	-37
 221 00c0 47       		.byte	71
 222 00c1 0F       		.byte	15
 223 00c2 48       		.byte	72
 224 00c3 1F       		.byte	31
 225 00c4 49       		.byte	73
 226 00c5 FF       		.byte	-1
 227 00c6 4A       		.byte	74
 228 00c7 FF       		.byte	-1
ARM GAS  C:\Users\perhi\AppData\Local\Temp\ccyBQZRd.s 			page 5


 229 00c8 4B       		.byte	75
 230 00c9 FF       		.byte	-1
 231 00ca 4C       		.byte	76
 232 00cb 22       		.byte	34
 233 00cc 4E       		.byte	78
 234 00cd F0       		.byte	-16
 235 00ce 4F       		.byte	79
 236 00cf 0C       		.byte	12
 237 00d0 50       		.byte	80
 238 00d1 8C       		.byte	-116
 239 00d2 51       		.byte	81
 240 00d3 10       		.byte	16
 241 00d4 56       		.byte	86
 242 00d5 08       		.byte	8
 243 00d6 58       		.byte	88
 244 00d7 04       		.byte	4
 245 00d8 59       		.byte	89
 246 00d9 04       		.byte	4
 247 00da 5A       		.byte	90
 248 00db 24       		.byte	36
 249 00dc 5B       		.byte	91
 250 00dd 04       		.byte	4
 251 00de 5D       		.byte	93
 252 00df 18       		.byte	24
 253 00e0 5F       		.byte	95
 254 00e1 31       		.byte	49
 255 00e2 68       		.byte	104
 256 00e3 40       		.byte	64
 257 00e4 69       		.byte	105
 258 00e5 01       		.byte	1
 259 00e6 6A       		.byte	106
 260 00e7 C0       		.byte	-64
 261 00e8 6B       		.byte	107
 262 00e9 01       		.byte	1
 263 00ea 80       		.byte	-128
 264 00eb 01       		.byte	1
 265 00ec 84       		.byte	-124
 266 00ed 02       		.byte	2
 267 00ee 86       		.byte	-122
 268 00ef 08       		.byte	8
 269 00f0 87       		.byte	-121
 270 00f1 03       		.byte	3
 271 00f2 88       		.byte	-120
 272 00f3 02       		.byte	2
 273 00f4 8A       		.byte	-118
 274 00f5 10       		.byte	16
 275 00f6 8E       		.byte	-114
 276 00f7 3C       		.byte	60
 277 00f8 90       		.byte	-112
 278 00f9 20       		.byte	32
 279 00fa 92       		.byte	-110
 280 00fb 02       		.byte	2
 281 00fc 96       		.byte	-106
 282 00fd 01       		.byte	1
 283 00fe 97       		.byte	-105
 284 00ff 04       		.byte	4
 285 0100 99       		.byte	-103
ARM GAS  C:\Users\perhi\AppData\Local\Temp\ccyBQZRd.s 			page 6


 286 0101 02       		.byte	2
 287 0102 9A       		.byte	-102
 288 0103 40       		.byte	64
 289 0104 9C       		.byte	-100
 290 0105 02       		.byte	2
 291 0106 9E       		.byte	-98
 292 0107 04       		.byte	4
 293 0108 A2       		.byte	-94
 294 0109 40       		.byte	64
 295 010a A6       		.byte	-90
 296 010b 02       		.byte	2
 297 010c A8       		.byte	-88
 298 010d 40       		.byte	64
 299 010e B0       		.byte	-80
 300 010f 3E       		.byte	62
 301 0110 B1       		.byte	-79
 302 0111 04       		.byte	4
 303 0112 B3       		.byte	-77
 304 0113 01       		.byte	1
 305 0114 B4       		.byte	-76
 306 0115 01       		.byte	1
 307 0116 B5       		.byte	-75
 308 0117 02       		.byte	2
 309 0118 B6       		.byte	-74
 310 0119 40       		.byte	64
 311 011a BE       		.byte	-66
 312 011b 51       		.byte	81
 313 011c BF       		.byte	-65
 314 011d 10       		.byte	16
 315 011e D4       		.byte	-44
 316 011f 41       		.byte	65
 317 0120 D8       		.byte	-40
 318 0121 04       		.byte	4
 319 0122 D9       		.byte	-39
 320 0123 04       		.byte	4
 321 0124 DB       		.byte	-37
 322 0125 04       		.byte	4
 323 0126 DC       		.byte	-36
 324 0127 10       		.byte	16
 325 0128 DD       		.byte	-35
 326 0129 10       		.byte	16
 327 012a DF       		.byte	-33
 328 012b 01       		.byte	1
 329 012c 03       		.byte	3
 330 012d 22       		.byte	34
 331 012e 05       		.byte	5
 332 012f 40       		.byte	64
 333 0130 07       		.byte	7
 334 0131 54       		.byte	84
 335 0132 0A       		.byte	10
 336 0133 A1       		.byte	-95
 337 0134 0B       		.byte	11
 338 0135 08       		.byte	8
 339 0136 0C       		.byte	12
 340 0137 04       		.byte	4
 341 0138 0E       		.byte	14
 342 0139 42       		.byte	66
ARM GAS  C:\Users\perhi\AppData\Local\Temp\ccyBQZRd.s 			page 7


 343 013a 0F       		.byte	15
 344 013b 08       		.byte	8
 345 013c 16       		.byte	22
 346 013d 50       		.byte	80
 347 013e 17       		.byte	23
 348 013f 28       		.byte	40
 349 0140 18       		.byte	24
 350 0141 84       		.byte	-124
 351 0142 1A       		.byte	26
 352 0143 01       		.byte	1
 353 0144 1B       		.byte	27
 354 0145 02       		.byte	2
 355 0146 1C       		.byte	28
 356 0147 40       		.byte	64
 357 0148 1D       		.byte	29
 358 0149 10       		.byte	16
 359 014a 1F       		.byte	31
 360 014b 40       		.byte	64
 361 014c 21       		.byte	33
 362 014d 08       		.byte	8
 363 014e 23       		.byte	35
 364 014f 01       		.byte	1
 365 0150 25       		.byte	37
 366 0151 20       		.byte	32
 367 0152 27       		.byte	39
 368 0153 60       		.byte	96
 369 0154 2B       		.byte	43
 370 0155 01       		.byte	1
 371 0156 2C       		.byte	44
 372 0157 10       		.byte	16
 373 0158 2E       		.byte	46
 374 0159 04       		.byte	4
 375 015a 33       		.byte	51
 376 015b 08       		.byte	8
 377 015c 34       		.byte	52
 378 015d 04       		.byte	4
 379 015e 37       		.byte	55
 380 015f 20       		.byte	32
 381 0160 39       		.byte	57
 382 0161 40       		.byte	64
 383 0162 3B       		.byte	59
 384 0163 80       		.byte	-128
 385 0164 3F       		.byte	63
 386 0165 08       		.byte	8
 387 0166 40       		.byte	64
 388 0167 40       		.byte	64
 389 0168 42       		.byte	66
 390 0169 04       		.byte	4
 391 016a 45       		.byte	69
 392 016b 20       		.byte	32
 393 016c 46       		.byte	70
 394 016d 08       		.byte	8
 395 016e 4A       		.byte	74
 396 016f 12       		.byte	18
 397 0170 4B       		.byte	75
 398 0171 02       		.byte	2
 399 0172 52       		.byte	82
ARM GAS  C:\Users\perhi\AppData\Local\Temp\ccyBQZRd.s 			page 8


 400 0173 80       		.byte	-128
 401 0174 53       		.byte	83
 402 0175 18       		.byte	24
 403 0176 58       		.byte	88
 404 0177 90       		.byte	-112
 405 0178 5D       		.byte	93
 406 0179 44       		.byte	68
 407 017a 5E       		.byte	94
 408 017b 20       		.byte	32
 409 017c 61       		.byte	97
 410 017d 80       		.byte	-128
 411 017e 62       		.byte	98
 412 017f 40       		.byte	64
 413 0180 63       		.byte	99
 414 0181 08       		.byte	8
 415 0182 66       		.byte	102
 416 0183 08       		.byte	8
 417 0184 78       		.byte	120
 418 0185 02       		.byte	2
 419 0186 7C       		.byte	124
 420 0187 80       		.byte	-128
 421 0188 7F       		.byte	127
 422 0189 01       		.byte	1
 423 018a 85       		.byte	-123
 424 018b 84       		.byte	-124
 425 018c 9B       		.byte	-101
 426 018d 08       		.byte	8
 427 018e A5       		.byte	-91
 428 018f 08       		.byte	8
 429 0190 A6       		.byte	-90
 430 0191 80       		.byte	-128
 431 0192 AA       		.byte	-86
 432 0193 80       		.byte	-128
 433 0194 C0       		.byte	-64
 434 0195 F5       		.byte	-11
 435 0196 C2       		.byte	-62
 436 0197 FF       		.byte	-1
 437 0198 C4       		.byte	-60
 438 0199 70       		.byte	112
 439 019a CA       		.byte	-54
 440 019b 08       		.byte	8
 441 019c CC       		.byte	-52
 442 019d 62       		.byte	98
 443 019e CE       		.byte	-50
 444 019f 40       		.byte	64
 445 01a0 D0       		.byte	-48
 446 01a1 05       		.byte	5
 447 01a2 D2       		.byte	-46
 448 01a3 08       		.byte	8
 449 01a4 D6       		.byte	-42
 450 01a5 7C       		.byte	124
 451 01a6 D8       		.byte	-40
 452 01a7 4C       		.byte	76
 453 01a8 DE       		.byte	-34
 454 01a9 01       		.byte	1
 455 01aa EC       		.byte	-20
 456 01ab 04       		.byte	4
ARM GAS  C:\Users\perhi\AppData\Local\Temp\ccyBQZRd.s 			page 9


 457 01ac 02       		.byte	2
 458 01ad 08       		.byte	8
 459 01ae 04       		.byte	4
 460 01af 08       		.byte	8
 461 01b0 08       		.byte	8
 462 01b1 08       		.byte	8
 463 01b2 0E       		.byte	14
 464 01b3 05       		.byte	5
 465 01b4 11       		.byte	17
 466 01b5 01       		.byte	1
 467 01b6 12       		.byte	18
 468 01b7 03       		.byte	3
 469 01b8 15       		.byte	21
 470 01b9 01       		.byte	1
 471 01ba 18       		.byte	24
 472 01bb 06       		.byte	6
 473 01bc 19       		.byte	25
 474 01bd 01       		.byte	1
 475 01be 1A       		.byte	26
 476 01bf 01       		.byte	1
 477 01c0 1C       		.byte	28
 478 01c1 08       		.byte	8
 479 01c2 22       		.byte	34
 480 01c3 01       		.byte	1
 481 01c4 26       		.byte	38
 482 01c5 02       		.byte	2
 483 01c6 27       		.byte	39
 484 01c7 01       		.byte	1
 485 01c8 2E       		.byte	46
 486 01c9 06       		.byte	6
 487 01ca 2F       		.byte	47
 488 01cb 01       		.byte	1
 489 01cc 30       		.byte	48
 490 01cd 07       		.byte	7
 491 01ce 33       		.byte	51
 492 01cf 01       		.byte	1
 493 01d0 34       		.byte	52
 494 01d1 08       		.byte	8
 495 01d2 3A       		.byte	58
 496 01d3 02       		.byte	2
 497 01d4 3E       		.byte	62
 498 01d5 10       		.byte	16
 499 01d6 3F       		.byte	63
 500 01d7 04       		.byte	4
 501 01d8 56       		.byte	86
 502 01d9 08       		.byte	8
 503 01da 58       		.byte	88
 504 01db 04       		.byte	4
 505 01dc 59       		.byte	89
 506 01dd 04       		.byte	4
 507 01de 5B       		.byte	91
 508 01df 04       		.byte	4
 509 01e0 5D       		.byte	93
 510 01e1 10       		.byte	16
 511 01e2 5F       		.byte	95
 512 01e3 01       		.byte	1
 513 01e4 81       		.byte	-127
ARM GAS  C:\Users\perhi\AppData\Local\Temp\ccyBQZRd.s 			page 10


 514 01e5 01       		.byte	1
 515 01e6 83       		.byte	-125
 516 01e7 06       		.byte	6
 517 01e8 84       		.byte	-124
 518 01e9 02       		.byte	2
 519 01ea 87       		.byte	-121
 520 01eb 08       		.byte	8
 521 01ec 88       		.byte	-120
 522 01ed 33       		.byte	51
 523 01ee 89       		.byte	-119
 524 01ef 0C       		.byte	12
 525 01f0 8A       		.byte	-118
 526 01f1 0C       		.byte	12
 527 01f2 8B       		.byte	-117
 528 01f3 03       		.byte	3
 529 01f4 8C       		.byte	-116
 530 01f5 03       		.byte	3
 531 01f6 90       		.byte	-112
 532 01f7 0F       		.byte	15
 533 01f8 91       		.byte	-111
 534 01f9 01       		.byte	1
 535 01fa 92       		.byte	-110
 536 01fb 30       		.byte	48
 537 01fc 93       		.byte	-109
 538 01fd 0E       		.byte	14
 539 01fe 96       		.byte	-106
 540 01ff 33       		.byte	51
 541 0200 97       		.byte	-105
 542 0201 10       		.byte	16
 543 0202 98       		.byte	-104
 544 0203 01       		.byte	1
 545 0204 9C       		.byte	-100
 546 0205 08       		.byte	8
 547 0206 9F       		.byte	-97
 548 0207 0C       		.byte	12
 549 0208 A0       		.byte	-96
 550 0209 04       		.byte	4
 551 020a A3       		.byte	-93
 552 020b 03       		.byte	3
 553 020c A4       		.byte	-92
 554 020d 1C       		.byte	28
 555 020e A6       		.byte	-90
 556 020f 23       		.byte	35
 557 0210 A8       		.byte	-88
 558 0211 0C       		.byte	12
 559 0212 AC       		.byte	-84
 560 0213 3F       		.byte	63
 561 0214 AF       		.byte	-81
 562 0215 10       		.byte	16
 563 0216 B0       		.byte	-80
 564 0217 2C       		.byte	44
 565 0218 B4       		.byte	-76
 566 0219 0F       		.byte	15
 567 021a B5       		.byte	-75
 568 021b 0F       		.byte	15
 569 021c B6       		.byte	-74
 570 021d 1C       		.byte	28
ARM GAS  C:\Users\perhi\AppData\Local\Temp\ccyBQZRd.s 			page 11


 571 021e B7       		.byte	-73
 572 021f 10       		.byte	16
 573 0220 BA       		.byte	-70
 574 0221 22       		.byte	34
 575 0222 BB       		.byte	-69
 576 0223 20       		.byte	32
 577 0224 BF       		.byte	-65
 578 0225 40       		.byte	64
 579 0226 D4       		.byte	-44
 580 0227 20       		.byte	32
 581 0228 D8       		.byte	-40
 582 0229 04       		.byte	4
 583 022a D9       		.byte	-39
 584 022b 04       		.byte	4
 585 022c DB       		.byte	-37
 586 022d 04       		.byte	4
 587 022e DD       		.byte	-35
 588 022f 10       		.byte	16
 589 0230 DF       		.byte	-33
 590 0231 01       		.byte	1
 591 0232 00       		.byte	0
 592 0233 80       		.byte	-128
 593 0234 01       		.byte	1
 594 0235 28       		.byte	40
 595 0236 04       		.byte	4
 596 0237 02       		.byte	2
 597 0238 06       		.byte	6
 598 0239 01       		.byte	1
 599 023a 07       		.byte	7
 600 023b 15       		.byte	21
 601 023c 08       		.byte	8
 602 023d 10       		.byte	16
 603 023e 0A       		.byte	10
 604 023f 80       		.byte	-128
 605 0240 0B       		.byte	11
 606 0241 12       		.byte	18
 607 0242 0D       		.byte	13
 608 0243 02       		.byte	2
 609 0244 0E       		.byte	14
 610 0245 02       		.byte	2
 611 0246 0F       		.byte	15
 612 0247 04       		.byte	4
 613 0248 10       		.byte	16
 614 0249 08       		.byte	8
 615 024a 11       		.byte	17
 616 024b 40       		.byte	64
 617 024c 12       		.byte	18
 618 024d 60       		.byte	96
 619 024e 14       		.byte	20
 620 024f 40       		.byte	64
 621 0250 15       		.byte	21
 622 0251 04       		.byte	4
 623 0252 17       		.byte	23
 624 0253 40       		.byte	64
 625 0254 18       		.byte	24
 626 0255 08       		.byte	8
 627 0256 19       		.byte	25
ARM GAS  C:\Users\perhi\AppData\Local\Temp\ccyBQZRd.s 			page 12


 628 0257 A0       		.byte	-96
 629 0258 1A       		.byte	26
 630 0259 80       		.byte	-128
 631 025a 1B       		.byte	27
 632 025b 20       		.byte	32
 633 025c 1D       		.byte	29
 634 025d 02       		.byte	2
 635 025e 1E       		.byte	30
 636 025f 04       		.byte	4
 637 0260 1F       		.byte	31
 638 0261 02       		.byte	2
 639 0262 20       		.byte	32
 640 0263 08       		.byte	8
 641 0264 21       		.byte	33
 642 0265 10       		.byte	16
 643 0266 22       		.byte	34
 644 0267 80       		.byte	-128
 645 0268 23       		.byte	35
 646 0269 04       		.byte	4
 647 026a 27       		.byte	39
 648 026b 20       		.byte	32
 649 026c 28       		.byte	40
 650 026d 40       		.byte	64
 651 026e 29       		.byte	41
 652 026f 80       		.byte	-128
 653 0270 2B       		.byte	43
 654 0271 40       		.byte	64
 655 0272 2E       		.byte	46
 656 0273 40       		.byte	64
 657 0274 2F       		.byte	47
 658 0275 10       		.byte	16
 659 0276 31       		.byte	49
 660 0277 04       		.byte	4
 661 0278 33       		.byte	51
 662 0279 42       		.byte	66
 663 027a 34       		.byte	52
 664 027b 80       		.byte	-128
 665 027c 35       		.byte	53
 666 027d 80       		.byte	-128
 667 027e 36       		.byte	54
 668 027f 01       		.byte	1
 669 0280 37       		.byte	55
 670 0281 14       		.byte	20
 671 0282 38       		.byte	56
 672 0283 80       		.byte	-128
 673 0284 39       		.byte	57
 674 0285 64       		.byte	100
 675 0286 3A       		.byte	58
 676 0287 01       		.byte	1
 677 0288 5A       		.byte	90
 678 0289 02       		.byte	2
 679 028a 5E       		.byte	94
 680 028b 80       		.byte	-128
 681 028c 5F       		.byte	95
 682 028d 20       		.byte	32
 683 028e 61       		.byte	97
 684 028f 18       		.byte	24
ARM GAS  C:\Users\perhi\AppData\Local\Temp\ccyBQZRd.s 			page 13


 685 0290 63       		.byte	99
 686 0291 01       		.byte	1
 687 0292 64       		.byte	100
 688 0293 05       		.byte	5
 689 0294 90       		.byte	-112
 690 0295 84       		.byte	-124
 691 0296 92       		.byte	-110
 692 0297 02       		.byte	2
 693 0298 93       		.byte	-109
 694 0299 21       		.byte	33
 695 029a 96       		.byte	-106
 696 029b E4       		.byte	-28
 697 029c 97       		.byte	-105
 698 029d 08       		.byte	8
 699 029e 99       		.byte	-103
 700 029f 10       		.byte	16
 701 02a0 9A       		.byte	-102
 702 02a1 10       		.byte	16
 703 02a2 9C       		.byte	-100
 704 02a3 06       		.byte	6
 705 02a4 9D       		.byte	-99
 706 02a5 40       		.byte	64
 707 02a6 9F       		.byte	-97
 708 02a7 14       		.byte	20
 709 02a8 A6       		.byte	-90
 710 02a9 01       		.byte	1
 711 02aa A7       		.byte	-89
 712 02ab 21       		.byte	33
 713 02ac B2       		.byte	-78
 714 02ad 03       		.byte	3
 715 02ae B3       		.byte	-77
 716 02af 08       		.byte	8
 717 02b0 C0       		.byte	-64
 718 02b1 F7       		.byte	-9
 719 02b2 C2       		.byte	-62
 720 02b3 DF       		.byte	-33
 721 02b4 C4       		.byte	-60
 722 02b5 BF       		.byte	-65
 723 02b6 CA       		.byte	-54
 724 02b7 59       		.byte	89
 725 02b8 CC       		.byte	-52
 726 02b9 EB       		.byte	-21
 727 02ba CE       		.byte	-50
 728 02bb 07       		.byte	7
 729 02bc D6       		.byte	-42
 730 02bd 31       		.byte	49
 731 02be D8       		.byte	-40
 732 02bf 3E       		.byte	62
 733 02c0 B3       		.byte	-77
 734 02c1 20       		.byte	32
 735 02c2 EE       		.byte	-18
 736 02c3 20       		.byte	32
 737 02c4 9B       		.byte	-101
 738 02c5 20       		.byte	32
 739 02c6 EC       		.byte	-20
 740 02c7 04       		.byte	4
 741 02c8 39       		.byte	57
ARM GAS  C:\Users\perhi\AppData\Local\Temp\ccyBQZRd.s 			page 14


 742 02c9 08       		.byte	8
 743 02ca 3F       		.byte	63
 744 02cb 04       		.byte	4
 745 02cc 59       		.byte	89
 746 02cd 04       		.byte	4
 747 02ce 5F       		.byte	95
 748 02cf 01       		.byte	1
 749 02d0 27       		.byte	39
 750 02d1 20       		.byte	32
 751 02d2 E2       		.byte	-30
 752 02d3 04       		.byte	4
 753 02d4 E4       		.byte	-28
 754 02d5 20       		.byte	32
 755 02d6 00       		.byte	0
 756 02d7 08       		.byte	8
 757 02d8 04       		.byte	4
 758 02d9 02       		.byte	2
 759 02da 05       		.byte	5
 760 02db 1C       		.byte	28
 761 02dc 06       		.byte	6
 762 02dd 01       		.byte	1
 763 02de 08       		.byte	8
 764 02df 0B       		.byte	11
 765 02e0 09       		.byte	9
 766 02e1 1C       		.byte	28
 767 02e2 11       		.byte	17
 768 02e3 04       		.byte	4
 769 02e4 13       		.byte	19
 770 02e5 19       		.byte	25
 771 02e6 18       		.byte	24
 772 02e7 01       		.byte	1
 773 02e8 19       		.byte	25
 774 02e9 08       		.byte	8
 775 02ea 1A       		.byte	26
 776 02eb 06       		.byte	6
 777 02ec 1B       		.byte	27
 778 02ed 06       		.byte	6
 779 02ee 24       		.byte	36
 780 02ef 0B       		.byte	11
 781 02f0 25       		.byte	37
 782 02f1 10       		.byte	16
 783 02f2 27       		.byte	39
 784 02f3 06       		.byte	6
 785 02f4 30       		.byte	48
 786 02f5 04       		.byte	4
 787 02f6 31       		.byte	49
 788 02f7 1C       		.byte	28
 789 02f8 32       		.byte	50
 790 02f9 03       		.byte	3
 791 02fa 34       		.byte	52
 792 02fb 08       		.byte	8
 793 02fc 35       		.byte	53
 794 02fd 03       		.byte	3
 795 02fe 3F       		.byte	63
 796 02ff 10       		.byte	16
 797 0300 40       		.byte	64
 798 0301 36       		.byte	54
ARM GAS  C:\Users\perhi\AppData\Local\Temp\ccyBQZRd.s 			page 15


 799 0302 41       		.byte	65
 800 0303 05       		.byte	5
 801 0304 42       		.byte	66
 802 0305 04       		.byte	4
 803 0306 44       		.byte	68
 804 0307 02       		.byte	2
 805 0308 45       		.byte	69
 806 0309 0C       		.byte	12
 807 030a 47       		.byte	71
 808 030b 0E       		.byte	14
 809 030c 48       		.byte	72
 810 030d 11       		.byte	17
 811 030e 49       		.byte	73
 812 030f FF       		.byte	-1
 813 0310 4A       		.byte	74
 814 0311 FF       		.byte	-1
 815 0312 4B       		.byte	75
 816 0313 FF       		.byte	-1
 817 0314 4C       		.byte	76
 818 0315 62       		.byte	98
 819 0316 4D       		.byte	77
 820 0317 A0       		.byte	-96
 821 0318 4E       		.byte	78
 822 0319 F0       		.byte	-16
 823 031a 4F       		.byte	79
 824 031b 41       		.byte	65
 825 031c 50       		.byte	80
 826 031d 0C       		.byte	12
 827 031e 56       		.byte	86
 828 031f 02       		.byte	2
 829 0320 57       		.byte	87
 830 0321 12       		.byte	18
 831 0322 58       		.byte	88
 832 0323 04       		.byte	4
 833 0324 59       		.byte	89
 834 0325 04       		.byte	4
 835 0326 5A       		.byte	90
 836 0327 04       		.byte	4
 837 0328 5B       		.byte	91
 838 0329 04       		.byte	4
 839 032a 5F       		.byte	95
 840 032b 01       		.byte	1
 841 032c 66       		.byte	102
 842 032d 40       		.byte	64
 843 032e 67       		.byte	103
 844 032f 02       		.byte	2
 845 0330 69       		.byte	105
 846 0331 10       		.byte	16
 847 0332 6A       		.byte	106
 848 0333 30       		.byte	48
 849 0334 6B       		.byte	107
 850 0335 10       		.byte	16
 851 0336 6D       		.byte	109
 852 0337 10       		.byte	16
 853 0338 6E       		.byte	110
 854 0339 10       		.byte	16
 855 033a 6F       		.byte	111
ARM GAS  C:\Users\perhi\AppData\Local\Temp\ccyBQZRd.s 			page 16


 856 033b 12       		.byte	18
 857 033c 81       		.byte	-127
 858 033d 01       		.byte	1
 859 033e 82       		.byte	-126
 860 033f 01       		.byte	1
 861 0340 87       		.byte	-121
 862 0341 01       		.byte	1
 863 0342 8A       		.byte	-118
 864 0343 01       		.byte	1
 865 0344 8C       		.byte	-116
 866 0345 01       		.byte	1
 867 0346 8D       		.byte	-115
 868 0347 02       		.byte	2
 869 0348 91       		.byte	-111
 870 0349 01       		.byte	1
 871 034a 96       		.byte	-106
 872 034b 01       		.byte	1
 873 034c A0       		.byte	-96
 874 034d 01       		.byte	1
 875 034e B0       		.byte	-80
 876 034f 01       		.byte	1
 877 0350 B1       		.byte	-79
 878 0351 03       		.byte	3
 879 0352 B9       		.byte	-71
 880 0353 02       		.byte	2
 881 0354 BE       		.byte	-66
 882 0355 01       		.byte	1
 883 0356 C0       		.byte	-64
 884 0357 15       		.byte	21
 885 0358 C1       		.byte	-63
 886 0359 04       		.byte	4
 887 035a C5       		.byte	-59
 888 035b 0B       		.byte	11
 889 035c C6       		.byte	-58
 890 035d C0       		.byte	-64
 891 035e C7       		.byte	-57
 892 035f E0       		.byte	-32
 893 0360 C8       		.byte	-56
 894 0361 29       		.byte	41
 895 0362 C9       		.byte	-55
 896 0363 FF       		.byte	-1
 897 0364 CA       		.byte	-54
 898 0365 FF       		.byte	-1
 899 0366 CB       		.byte	-53
 900 0367 FF       		.byte	-1
 901 0368 CE       		.byte	-50
 902 0369 F0       		.byte	-16
 903 036a CF       		.byte	-49
 904 036b 44       		.byte	68
 905 036c D0       		.byte	-48
 906 036d 0C       		.byte	12
 907 036e D4       		.byte	-44
 908 036f 01       		.byte	1
 909 0370 D8       		.byte	-40
 910 0371 04       		.byte	4
 911 0372 D9       		.byte	-39
 912 0373 04       		.byte	4
ARM GAS  C:\Users\perhi\AppData\Local\Temp\ccyBQZRd.s 			page 17


 913 0374 DA       		.byte	-38
 914 0375 04       		.byte	4
 915 0376 DB       		.byte	-37
 916 0377 04       		.byte	4
 917 0378 DF       		.byte	-33
 918 0379 01       		.byte	1
 919 037a E6       		.byte	-26
 920 037b C0       		.byte	-64
 921 037c EA       		.byte	-22
 922 037d 40       		.byte	64
 923 037e EB       		.byte	-21
 924 037f 02       		.byte	2
 925 0380 00       		.byte	0
 926 0381 02       		.byte	2
 927 0382 01       		.byte	1
 928 0383 18       		.byte	24
 929 0384 04       		.byte	4
 930 0385 02       		.byte	2
 931 0386 06       		.byte	6
 932 0387 09       		.byte	9
 933 0388 07       		.byte	7
 934 0389 01       		.byte	1
 935 038a 08       		.byte	8
 936 038b 10       		.byte	16
 937 038c 0E       		.byte	14
 938 038d 10       		.byte	16
 939 038e 0F       		.byte	15
 940 038f 20       		.byte	32
 941 0390 11       		.byte	17
 942 0391 04       		.byte	4
 943 0392 16       		.byte	22
 944 0393 80       		.byte	-128
 945 0394 19       		.byte	25
 946 0395 29       		.byte	41
 947 0396 1E       		.byte	30
 948 0397 40       		.byte	64
 949 0398 20       		.byte	32
 950 0399 84       		.byte	-124
 951 039a 21       		.byte	33
 952 039b 02       		.byte	2
 953 039c 27       		.byte	39
 954 039d 40       		.byte	64
 955 039e 29       		.byte	41
 956 039f 08       		.byte	8
 957 03a0 30       		.byte	48
 958 03a1 10       		.byte	16
 959 03a2 31       		.byte	49
 960 03a3 02       		.byte	2
 961 03a4 37       		.byte	55
 962 03a5 01       		.byte	1
 963 03a6 39       		.byte	57
 964 03a7 15       		.byte	21
 965 03a8 3A       		.byte	58
 966 03a9 02       		.byte	2
 967 03aa 3D       		.byte	61
 968 03ab 02       		.byte	2
 969 03ac 3E       		.byte	62
ARM GAS  C:\Users\perhi\AppData\Local\Temp\ccyBQZRd.s 			page 18


 970 03ad 08       		.byte	8
 971 03ae 3F       		.byte	63
 972 03af 80       		.byte	-128
 973 03b0 40       		.byte	64
 974 03b1 84       		.byte	-124
 975 03b2 41       		.byte	65
 976 03b3 04       		.byte	4
 977 03b4 45       		.byte	69
 978 03b5 01       		.byte	1
 979 03b6 46       		.byte	70
 980 03b7 81       		.byte	-127
 981 03b8 49       		.byte	73
 982 03b9 24       		.byte	36
 983 03ba 4B       		.byte	75
 984 03bb 90       		.byte	-112
 985 03bc 4C       		.byte	76
 986 03bd 01       		.byte	1
 987 03be 4F       		.byte	79
 988 03bf 84       		.byte	-124
 989 03c0 53       		.byte	83
 990 03c1 04       		.byte	4
 991 03c2 55       		.byte	85
 992 03c3 10       		.byte	16
 993 03c4 56       		.byte	86
 994 03c5 02       		.byte	2
 995 03c6 57       		.byte	87
 996 03c7 10       		.byte	16
 997 03c8 5A       		.byte	90
 998 03c9 08       		.byte	8
 999 03ca 5D       		.byte	93
 1000 03cb 01       		.byte	1
 1001 03cc 5E       		.byte	94
 1002 03cd 58       		.byte	88
 1003 03ce 68       		.byte	104
 1004 03cf 01       		.byte	1
 1005 03d0 69       		.byte	105
 1006 03d1 14       		.byte	20
 1007 03d2 70       		.byte	112
 1008 03d3 08       		.byte	8
 1009 03d4 71       		.byte	113
 1010 03d5 20       		.byte	32
 1011 03d6 73       		.byte	115
 1012 03d7 01       		.byte	1
 1013 03d8 88       		.byte	-120
 1014 03d9 10       		.byte	16
 1015 03da 89       		.byte	-119
 1016 03db 20       		.byte	32
 1017 03dc 8A       		.byte	-118
 1018 03dd 40       		.byte	64
 1019 03de 91       		.byte	-111
 1020 03df 08       		.byte	8
 1021 03e0 92       		.byte	-110
 1022 03e1 08       		.byte	8
 1023 03e2 93       		.byte	-109
 1024 03e3 80       		.byte	-128
 1025 03e4 97       		.byte	-105
 1026 03e5 1D       		.byte	29
ARM GAS  C:\Users\perhi\AppData\Local\Temp\ccyBQZRd.s 			page 19


 1027 03e6 98       		.byte	-104
 1028 03e7 80       		.byte	-128
 1029 03e8 9A       		.byte	-102
 1030 03e9 88       		.byte	-120
 1031 03ea 9B       		.byte	-101
 1032 03eb 01       		.byte	1
 1033 03ec 9C       		.byte	-100
 1034 03ed 10       		.byte	16
 1035 03ee 9D       		.byte	-99
 1036 03ef 0D       		.byte	13
 1037 03f0 9E       		.byte	-98
 1038 03f1 42       		.byte	66
 1039 03f2 9F       		.byte	-97
 1040 03f3 40       		.byte	64
 1041 03f4 A2       		.byte	-94
 1042 03f5 04       		.byte	4
 1043 03f6 A3       		.byte	-93
 1044 03f7 40       		.byte	64
 1045 03f8 A4       		.byte	-92
 1046 03f9 48       		.byte	72
 1047 03fa A5       		.byte	-91
 1048 03fb 12       		.byte	18
 1049 03fc C0       		.byte	-64
 1050 03fd DE       		.byte	-34
 1051 03fe C2       		.byte	-62
 1052 03ff 22       		.byte	34
 1053 0400 C4       		.byte	-60
 1054 0401 14       		.byte	20
 1055 0402 CA       		.byte	-54
 1056 0403 02       		.byte	2
 1057 0404 CC       		.byte	-52
 1058 0405 85       		.byte	-123
 1059 0406 CE       		.byte	-50
 1060 0407 D6       		.byte	-42
 1061 0408 D0       		.byte	-48
 1062 0409 97       		.byte	-105
 1063 040a D2       		.byte	-46
 1064 040b 1C       		.byte	28
 1065 040c D6       		.byte	-42
 1066 040d F2       		.byte	-14
 1067 040e 05       		.byte	5
 1068 040f 2A       		.byte	42
 1069 0410 07       		.byte	7
 1070 0411 04       		.byte	4
 1071 0412 09       		.byte	9
 1072 0413 03       		.byte	3
 1073 0414 0B       		.byte	11
 1074 0415 04       		.byte	4
 1075 0416 0F       		.byte	15
 1076 0417 15       		.byte	21
 1077 0418 11       		.byte	17
 1078 0419 33       		.byte	51
 1079 041a 13       		.byte	19
 1080 041b 0C       		.byte	12
 1081 041c 1F       		.byte	31
 1082 041d 08       		.byte	8
 1083 041e 26       		.byte	38
ARM GAS  C:\Users\perhi\AppData\Local\Temp\ccyBQZRd.s 			page 20


 1084 041f 01       		.byte	1
 1085 0420 2C       		.byte	44
 1086 0421 02       		.byte	2
 1087 0422 2D       		.byte	45
 1088 0423 33       		.byte	51
 1089 0424 2F       		.byte	47
 1090 0425 04       		.byte	4
 1091 0426 33       		.byte	51
 1092 0427 30       		.byte	48
 1093 0428 34       		.byte	52
 1094 0429 02       		.byte	2
 1095 042a 36       		.byte	54
 1096 042b 01       		.byte	1
 1097 042c 37       		.byte	55
 1098 042d 0F       		.byte	15
 1099 042e 39       		.byte	57
 1100 042f 08       		.byte	8
 1101 0430 3B       		.byte	59
 1102 0431 80       		.byte	-128
 1103 0432 3E       		.byte	62
 1104 0433 10       		.byte	16
 1105 0434 3F       		.byte	63
 1106 0435 04       		.byte	4
 1107 0436 40       		.byte	64
 1108 0437 02       		.byte	2
 1109 0438 45       		.byte	69
 1110 0439 04       		.byte	4
 1111 043a 49       		.byte	73
 1112 043b FF       		.byte	-1
 1113 043c 4A       		.byte	74
 1114 043d 07       		.byte	7
 1115 043e 4B       		.byte	75
 1116 043f FF       		.byte	-1
 1117 0440 4C       		.byte	76
 1118 0441 40       		.byte	64
 1119 0442 4D       		.byte	77
 1120 0443 20       		.byte	32
 1121 0444 4E       		.byte	78
 1122 0445 F0       		.byte	-16
 1123 0446 4F       		.byte	79
 1124 0447 05       		.byte	5
 1125 0448 50       		.byte	80
 1126 0449 08       		.byte	8
 1127 044a 56       		.byte	86
 1128 044b 02       		.byte	2
 1129 044c 58       		.byte	88
 1130 044d 04       		.byte	4
 1131 044e 59       		.byte	89
 1132 044f 04       		.byte	4
 1133 0450 5A       		.byte	90
 1134 0451 04       		.byte	4
 1135 0452 5B       		.byte	91
 1136 0453 24       		.byte	36
 1137 0454 5C       		.byte	92
 1138 0455 08       		.byte	8
 1139 0456 5D       		.byte	93
 1140 0457 80       		.byte	-128
ARM GAS  C:\Users\perhi\AppData\Local\Temp\ccyBQZRd.s 			page 21


 1141 0458 5F       		.byte	95
 1142 0459 31       		.byte	49
 1143 045a 60       		.byte	96
 1144 045b 40       		.byte	64
 1145 045c 61       		.byte	97
 1146 045d A8       		.byte	-88
 1147 045e 62       		.byte	98
 1148 045f 40       		.byte	64
 1149 0460 63       		.byte	99
 1150 0461 20       		.byte	32
 1151 0462 80       		.byte	-128
 1152 0463 09       		.byte	9
 1153 0464 81       		.byte	-127
 1154 0465 10       		.byte	16
 1155 0466 82       		.byte	-126
 1156 0467 10       		.byte	16
 1157 0468 84       		.byte	-124
 1158 0469 10       		.byte	16
 1159 046a 85       		.byte	-123
 1160 046b E7       		.byte	-25
 1161 046c 87       		.byte	-121
 1162 046d 18       		.byte	24
 1163 046e 8B       		.byte	-117
 1164 046f C3       		.byte	-61
 1165 0470 8D       		.byte	-115
 1166 0471 FF       		.byte	-1
 1167 0472 8E       		.byte	-114
 1168 0473 03       		.byte	3
 1169 0474 90       		.byte	-112
 1170 0475 0C       		.byte	12
 1171 0476 91       		.byte	-111
 1172 0477 C0       		.byte	-64
 1173 0478 92       		.byte	-110
 1174 0479 11       		.byte	17
 1175 047a 94       		.byte	-108
 1176 047b 1C       		.byte	28
 1177 047c 95       		.byte	-107
 1178 047d 18       		.byte	24
 1179 047e 96       		.byte	-106
 1180 047f 02       		.byte	2
 1181 0480 98       		.byte	-104
 1182 0481 14       		.byte	20
 1183 0482 99       		.byte	-103
 1184 0483 44       		.byte	68
 1185 0484 9D       		.byte	-99
 1186 0485 3C       		.byte	60
 1187 0486 9F       		.byte	-97
 1188 0487 C1       		.byte	-63
 1189 0488 A3       		.byte	-93
 1190 0489 04       		.byte	4
 1191 048a A5       		.byte	-91
 1192 048b 80       		.byte	-128
 1193 048c A9       		.byte	-87
 1194 048d 3C       		.byte	60
 1195 048e AB       		.byte	-85
 1196 048f C2       		.byte	-62
 1197 0490 AC       		.byte	-84
ARM GAS  C:\Users\perhi\AppData\Local\Temp\ccyBQZRd.s 			page 22


 1198 0491 10       		.byte	16
 1199 0492 AD       		.byte	-83
 1200 0493 08       		.byte	8
 1201 0494 AE       		.byte	-82
 1202 0495 0C       		.byte	12
 1203 0496 B0       		.byte	-80
 1204 0497 1F       		.byte	31
 1205 0498 B3       		.byte	-77
 1206 0499 20       		.byte	32
 1207 049a B5       		.byte	-75
 1208 049b 1F       		.byte	31
 1209 049c B7       		.byte	-73
 1210 049d C0       		.byte	-64
 1211 049e BB       		.byte	-69
 1212 049f 20       		.byte	32
 1213 04a0 BF       		.byte	-65
 1214 04a1 04       		.byte	4
 1215 04a2 D4       		.byte	-44
 1216 04a3 18       		.byte	24
 1217 04a4 D6       		.byte	-42
 1218 04a5 04       		.byte	4
 1219 04a6 D8       		.byte	-40
 1220 04a7 04       		.byte	4
 1221 04a8 D9       		.byte	-39
 1222 04a9 04       		.byte	4
 1223 04aa DB       		.byte	-37
 1224 04ab 04       		.byte	4
 1225 04ac DF       		.byte	-33
 1226 04ad 01       		.byte	1
 1227 04ae 00       		.byte	0
 1228 04af 40       		.byte	64
 1229 04b0 01       		.byte	1
 1230 04b1 04       		.byte	4
 1231 04b2 03       		.byte	3
 1232 04b3 40       		.byte	64
 1233 04b4 08       		.byte	8
 1234 04b5 01       		.byte	1
 1235 04b6 09       		.byte	9
 1236 04b7 04       		.byte	4
 1237 04b8 0B       		.byte	11
 1238 04b9 04       		.byte	4
 1239 04ba 11       		.byte	17
 1240 04bb 80       		.byte	-128
 1241 04bc 16       		.byte	22
 1242 04bd 12       		.byte	18
 1243 04be 18       		.byte	24
 1244 04bf 40       		.byte	64
 1245 04c0 1B       		.byte	27
 1246 04c1 01       		.byte	1
 1247 04c2 1D       		.byte	29
 1248 04c3 40       		.byte	64
 1249 04c4 1E       		.byte	30
 1250 04c5 08       		.byte	8
 1251 04c6 22       		.byte	34
 1252 04c7 34       		.byte	52
 1253 04c8 23       		.byte	35
 1254 04c9 02       		.byte	2
ARM GAS  C:\Users\perhi\AppData\Local\Temp\ccyBQZRd.s 			page 23


 1255 04ca 25       		.byte	37
 1256 04cb 40       		.byte	64
 1257 04cc 27       		.byte	39
 1258 04cd 21       		.byte	33
 1259 04ce 29       		.byte	41
 1260 04cf 19       		.byte	25
 1261 04d0 2A       		.byte	42
 1262 04d1 40       		.byte	64
 1263 04d2 2C       		.byte	44
 1264 04d3 01       		.byte	1
 1265 04d4 2E       		.byte	46
 1266 04d5 80       		.byte	-128
 1267 04d6 2F       		.byte	47
 1268 04d7 02       		.byte	2
 1269 04d8 30       		.byte	48
 1270 04d9 18       		.byte	24
 1271 04da 31       		.byte	49
 1272 04db 02       		.byte	2
 1273 04dc 32       		.byte	50
 1274 04dd 40       		.byte	64
 1275 04de 35       		.byte	53
 1276 04df 10       		.byte	16
 1277 04e0 36       		.byte	54
 1278 04e1 20       		.byte	32
 1279 04e2 37       		.byte	55
 1280 04e3 41       		.byte	65
 1281 04e4 38       		.byte	56
 1282 04e5 88       		.byte	-120
 1283 04e6 39       		.byte	57
 1284 04e7 08       		.byte	8
 1285 04e8 3B       		.byte	59
 1286 04e9 93       		.byte	-109
 1287 04ea 3C       		.byte	60
 1288 04eb 08       		.byte	8
 1289 04ec 3D       		.byte	61
 1290 04ed 28       		.byte	40
 1291 04ee 3E       		.byte	62
 1292 04ef 08       		.byte	8
 1293 04f0 3F       		.byte	63
 1294 04f1 80       		.byte	-128
 1295 04f2 47       		.byte	71
 1296 04f3 20       		.byte	32
 1297 04f4 4D       		.byte	77
 1298 04f5 04       		.byte	4
 1299 04f6 57       		.byte	87
 1300 04f7 40       		.byte	64
 1301 04f8 5B       		.byte	91
 1302 04f9 02       		.byte	2
 1303 04fa 60       		.byte	96
 1304 04fb 04       		.byte	4
 1305 04fc 62       		.byte	98
 1306 04fd 80       		.byte	-128
 1307 04fe 63       		.byte	99
 1308 04ff 40       		.byte	64
 1309 0500 6C       		.byte	108
 1310 0501 01       		.byte	1
 1311 0502 6E       		.byte	110
ARM GAS  C:\Users\perhi\AppData\Local\Temp\ccyBQZRd.s 			page 24


 1312 0503 42       		.byte	66
 1313 0504 6F       		.byte	111
 1314 0505 14       		.byte	20
 1315 0506 7C       		.byte	124
 1316 0507 02       		.byte	2
 1317 0508 80       		.byte	-128
 1318 0509 02       		.byte	2
 1319 050a 87       		.byte	-121
 1320 050b 40       		.byte	64
 1321 050c 90       		.byte	-112
 1322 050d 8C       		.byte	-116
 1323 050e 92       		.byte	-110
 1324 050f 80       		.byte	-128
 1325 0510 94       		.byte	-108
 1326 0511 02       		.byte	2
 1327 0512 95       		.byte	-107
 1328 0513 04       		.byte	4
 1329 0514 96       		.byte	-106
 1330 0515 60       		.byte	96
 1331 0516 97       		.byte	-105
 1332 0517 1A       		.byte	26
 1333 0518 98       		.byte	-104
 1334 0519 80       		.byte	-128
 1335 051a 9A       		.byte	-102
 1336 051b 10       		.byte	16
 1337 051c 9C       		.byte	-100
 1338 051d 12       		.byte	18
 1339 051e 9D       		.byte	-99
 1340 051f 4C       		.byte	76
 1341 0520 9E       		.byte	-98
 1342 0521 40       		.byte	64
 1343 0522 9F       		.byte	-97
 1344 0523 55       		.byte	85
 1345 0524 A0       		.byte	-96
 1346 0525 04       		.byte	4
 1347 0526 A2       		.byte	-94
 1348 0527 80       		.byte	-128
 1349 0528 A3       		.byte	-93
 1350 0529 02       		.byte	2
 1351 052a A4       		.byte	-92
 1352 052b 48       		.byte	72
 1353 052c A6       		.byte	-90
 1354 052d 21       		.byte	33
 1355 052e A7       		.byte	-89
 1356 052f 41       		.byte	65
 1357 0530 AC       		.byte	-84
 1358 0531 01       		.byte	1
 1359 0532 AD       		.byte	-83
 1360 0533 08       		.byte	8
 1361 0534 B2       		.byte	-78
 1362 0535 40       		.byte	64
 1363 0536 B3       		.byte	-77
 1364 0537 10       		.byte	16
 1365 0538 C0       		.byte	-64
 1366 0539 0D       		.byte	13
 1367 053a C2       		.byte	-62
 1368 053b 0E       		.byte	14
ARM GAS  C:\Users\perhi\AppData\Local\Temp\ccyBQZRd.s 			page 25


 1369 053c C4       		.byte	-60
 1370 053d A1       		.byte	-95
 1371 053e CA       		.byte	-54
 1372 053f 1F       		.byte	31
 1373 0540 CC       		.byte	-52
 1374 0541 9F       		.byte	-97
 1375 0542 CE       		.byte	-50
 1376 0543 7F       		.byte	127
 1377 0544 D0       		.byte	-48
 1378 0545 20       		.byte	32
 1379 0546 D6       		.byte	-42
 1380 0547 01       		.byte	1
 1381 0548 D8       		.byte	-40
 1382 0549 0D       		.byte	13
 1383 054a DE       		.byte	-34
 1384 054b 80       		.byte	-128
 1385 054c E6       		.byte	-26
 1386 054d 01       		.byte	1
 1387 054e E6       		.byte	-26
 1388 054f 01       		.byte	1
 1389 0550 E2       		.byte	-30
 1390 0551 20       		.byte	32
 1391 0552 33       		.byte	51
 1392 0553 40       		.byte	64
 1393 0554 36       		.byte	54
 1394 0555 40       		.byte	64
 1395 0556 CC       		.byte	-52
 1396 0557 30       		.byte	48
 1397 0558 9F       		.byte	-97
 1398 0559 40       		.byte	64
 1399 055a A6       		.byte	-90
 1400 055b 40       		.byte	64
 1401 055c 9F       		.byte	-97
 1402 055d 40       		.byte	64
 1403 055e A6       		.byte	-90
 1404 055f 40       		.byte	64
 1405 0560 9F       		.byte	-97
 1406 0561 40       		.byte	64
 1407 0562 A6       		.byte	-90
 1408 0563 40       		.byte	64
 1409 0564 7D       		.byte	125
 1410 0565 80       		.byte	-128
 1411 0566 DE       		.byte	-34
 1412 0567 04       		.byte	4
 1413 0568 03       		.byte	3
 1414 0569 08       		.byte	8
 1415 056a 06       		.byte	6
 1416 056b 20       		.byte	32
 1417 056c 53       		.byte	83
 1418 056d 01       		.byte	1
 1419 056e 82       		.byte	-126
 1420 056f 20       		.byte	32
 1421 0570 89       		.byte	-119
 1422 0571 40       		.byte	64
 1423 0572 A5       		.byte	-91
 1424 0573 40       		.byte	64
 1425 0574 C0       		.byte	-64
ARM GAS  C:\Users\perhi\AppData\Local\Temp\ccyBQZRd.s 			page 26


 1426 0575 06       		.byte	6
 1427 0576 D4       		.byte	-44
 1428 0577 01       		.byte	1
 1429 0578 E4       		.byte	-28
 1430 0579 04       		.byte	4
 1431 057a A3       		.byte	-93
 1432 057b 08       		.byte	8
 1433 057c AB       		.byte	-85
 1434 057d 01       		.byte	1
 1435 057e A3       		.byte	-93
 1436 057f 08       		.byte	8
 1437 0580 27       		.byte	39
 1438 0581 40       		.byte	64
 1439 0582 86       		.byte	-122
 1440 0583 40       		.byte	64
 1441 0584 9F       		.byte	-97
 1442 0585 40       		.byte	64
 1443 0586 A6       		.byte	-90
 1444 0587 40       		.byte	64
 1445 0588 C8       		.byte	-56
 1446 0589 80       		.byte	-128
 1447 058a E6       		.byte	-26
 1448 058b 40       		.byte	64
 1449 058c 83       		.byte	-125
 1450 058d 08       		.byte	8
 1451 058e A3       		.byte	-93
 1452 058f 08       		.byte	8
 1453 0590 10       		.byte	16
 1454 0591 10       		.byte	16
 1455 0592 88       		.byte	-120
 1456 0593 10       		.byte	16
 1457 0594 C4       		.byte	-60
 1458 0595 08       		.byte	8
 1459 0596 E2       		.byte	-30
 1460 0597 04       		.byte	4
 1461 0598 00       		.byte	0
 1462 0599 03       		.byte	3
 1463 059a 0A       		.byte	10
 1464 059b 03       		.byte	3
 1465 059c 10       		.byte	16
 1466 059d 01       		.byte	1
 1467 059e 1A       		.byte	26
 1468 059f 01       		.byte	1
 1469 05a0 00       		.byte	0
 1470 05a1 0F       		.byte	15
 1471 05a2 00       		.byte	0
 1472 05a3 00       		.byte	0
 1473 05a4 80       		.byte	-128
 1474 05a5 00       		.byte	0
 1475 05a6 40       		.byte	64
 1476 05a7 80       		.byte	-128
 1477 05a8 80       		.byte	-128
 1478 05a9 00       		.byte	0
 1479 05aa 80       		.byte	-128
 1480 05ab 00       		.byte	0
 1481 05ac 00       		.byte	0
 1482 05ad 00       		.byte	0
ARM GAS  C:\Users\perhi\AppData\Local\Temp\ccyBQZRd.s 			page 27


 1483 05ae 00       		.byte	0
 1484 05af 00       		.byte	0
 1485 05b0 00       		.byte	0
 1486 05b1 0B       		.byte	11
 1487 05b2 0B       		.byte	11
 1488 05b3 00       		.byte	0
 1489 05b4 00       		.byte	0
 1490 05b5 00       		.byte	0
 1491 05b6 00       		.byte	0
 1492 05b7 00       		.byte	0
 1493 05b8 7E       		.byte	126
 1494 05b9 79       		.byte	121
 1495 05ba 01       		.byte	1
 1496 05bb 00       		.byte	0
 1497 05bc 01       		.byte	1
 1498 05bd 00       		.byte	0
 1499 05be 00       		.byte	0
 1500 05bf 00       		.byte	0
 1501 05c0 00       		.byte	0
 1502 05c1 FF       		.byte	-1
 1503 05c2 FF       		.byte	-1
 1504 05c3 00       		.byte	0
 1505 05c4 00       		.byte	0
 1506 05c5 00       		.byte	0
 1507 05c6 00       		.byte	0
 1508 05c7 00       		.byte	0
 1509              		.section	.cywolatch,"a",%progbits
 1510              		.align	2
 1511              		.type	cy_meta_wonvl, %object
 1512              		.size	cy_meta_wonvl, 4
 1513              	cy_meta_wonvl:
 1514 0000 BC       		.byte	-68
 1515 0001 90       		.byte	-112
 1516 0002 AC       		.byte	-84
 1517 0003 AF       		.byte	-81
 1518              		.section	.cycustnvl,"a",%progbits
 1519              		.align	2
 1520              		.type	cy_meta_custnvl, %object
 1521              		.size	cy_meta_custnvl, 4
 1522              	cy_meta_custnvl:
 1523 0000 00       		.byte	0
 1524 0001 00       		.byte	0
 1525 0002 40       		.byte	64
 1526 0003 05       		.byte	5
 1527              		.section	.cymeta,"a",%progbits
 1528              		.align	2
 1529              		.type	cy_metadata, %object
 1530              		.size	cy_metadata, 12
 1531              	cy_metadata:
 1532 0000 00       		.byte	0
 1533 0001 01       		.byte	1
 1534 0002 2E       		.byte	46
 1535 0003 16       		.byte	22
 1536 0004 10       		.byte	16
 1537 0005 69       		.byte	105
 1538 0006 00       		.byte	0
 1539 0007 01       		.byte	1
ARM GAS  C:\Users\perhi\AppData\Local\Temp\ccyBQZRd.s 			page 28


 1540 0008 00       		.byte	0
 1541 0009 00       		.byte	0
 1542 000a 00       		.byte	0
 1543 000b 00       		.byte	0
 1544              		.section	.cyflashprotect,"a",%progbits
 1545              		.align	2
 1546              		.type	cy_meta_flashprotect, %object
 1547              		.size	cy_meta_flashprotect, 256
 1548              	cy_meta_flashprotect:
 1549 0000 00000000 		.space	256
 1549      00000000 
 1549      00000000 
 1549      00000000 
 1549      00000000 
 1550              		.text
 1551              	.Letext0:
 1552              		.file 1 "c:\\program files (x86)\\cypress\\psoc creator\\4.4\\psoc creator\\import\\gnu\\arm\\5.4.
 1553              		.file 2 "c:\\program files (x86)\\cypress\\psoc creator\\4.4\\psoc creator\\import\\gnu\\arm\\5.4.
 1554              		.file 3 "Generated_Source\\PSoC5\\cymetadata.c"
 1555              		.section	.debug_info,"",%progbits
 1556              	.Ldebug_info0:
 1557 0000 33010000 		.4byte	0x133
 1558 0004 0400     		.2byte	0x4
 1559 0006 00000000 		.4byte	.Ldebug_abbrev0
 1560 000a 04       		.byte	0x4
 1561 000b 01       		.uleb128 0x1
 1562 000c 24000000 		.4byte	.LASF17
 1563 0010 0C       		.byte	0xc
 1564 0011 C6010000 		.4byte	.LASF18
 1565 0015 72010000 		.4byte	.LASF19
 1566 0019 00000000 		.4byte	.Ldebug_line0
 1567 001d 02       		.uleb128 0x2
 1568 001e 01       		.byte	0x1
 1569 001f 06       		.byte	0x6
 1570 0020 BA010000 		.4byte	.LASF0
 1571 0024 03       		.uleb128 0x3
 1572 0025 00000000 		.4byte	.LASF9
 1573 0029 01       		.byte	0x1
 1574 002a 1D       		.byte	0x1d
 1575 002b 2F000000 		.4byte	0x2f
 1576 002f 02       		.uleb128 0x2
 1577 0030 01       		.byte	0x1
 1578 0031 08       		.byte	0x8
 1579 0032 16000000 		.4byte	.LASF1
 1580 0036 02       		.uleb128 0x2
 1581 0037 02       		.byte	0x2
 1582 0038 05       		.byte	0x5
 1583 0039 5F010000 		.4byte	.LASF2
 1584 003d 02       		.uleb128 0x2
 1585 003e 02       		.byte	0x2
 1586 003f 07       		.byte	0x7
 1587 0040 C4000000 		.4byte	.LASF3
 1588 0044 02       		.uleb128 0x2
 1589 0045 04       		.byte	0x4
 1590 0046 05       		.byte	0x5
 1591 0047 69010000 		.4byte	.LASF4
 1592 004b 02       		.uleb128 0x2
ARM GAS  C:\Users\perhi\AppData\Local\Temp\ccyBQZRd.s 			page 29


 1593 004c 04       		.byte	0x4
 1594 004d 07       		.byte	0x7
 1595 004e B2000000 		.4byte	.LASF5
 1596 0052 02       		.uleb128 0x2
 1597 0053 08       		.byte	0x8
 1598 0054 05       		.byte	0x5
 1599 0055 51010000 		.4byte	.LASF6
 1600 0059 02       		.uleb128 0x2
 1601 005a 08       		.byte	0x8
 1602 005b 07       		.byte	0x7
 1603 005c 06010000 		.4byte	.LASF7
 1604 0060 04       		.uleb128 0x4
 1605 0061 04       		.byte	0x4
 1606 0062 05       		.byte	0x5
 1607 0063 696E7400 		.ascii	"int\000"
 1608 0067 02       		.uleb128 0x2
 1609 0068 04       		.byte	0x4
 1610 0069 07       		.byte	0x7
 1611 006a F9000000 		.4byte	.LASF8
 1612 006e 03       		.uleb128 0x3
 1613 006f 1D010000 		.4byte	.LASF10
 1614 0073 02       		.byte	0x2
 1615 0074 18       		.byte	0x18
 1616 0075 24000000 		.4byte	0x24
 1617 0079 05       		.uleb128 0x5
 1618 007a 91000000 		.4byte	0x91
 1619 007e 8A000000 		.4byte	0x8a
 1620 0082 06       		.uleb128 0x6
 1621 0083 8A000000 		.4byte	0x8a
 1622 0087 C705     		.2byte	0x5c7
 1623 0089 00       		.byte	0
 1624 008a 02       		.uleb128 0x2
 1625 008b 04       		.byte	0x4
 1626 008c 07       		.byte	0x7
 1627 008d 48010000 		.4byte	.LASF11
 1628 0091 07       		.uleb128 0x7
 1629 0092 6E000000 		.4byte	0x6e
 1630 0096 08       		.uleb128 0x8
 1631 0097 E7000000 		.4byte	.LASF12
 1632 009b 03       		.byte	0x3
 1633 009c 1F       		.byte	0x1f
 1634 009d A7000000 		.4byte	0xa7
 1635 00a1 05       		.uleb128 0x5
 1636 00a2 03       		.byte	0x3
 1637 00a3 00000000 		.4byte	cy_meta_configecc
 1638 00a7 07       		.uleb128 0x7
 1639 00a8 79000000 		.4byte	0x79
 1640 00ac 05       		.uleb128 0x5
 1641 00ad 91000000 		.4byte	0x91
 1642 00b1 BC000000 		.4byte	0xbc
 1643 00b5 09       		.uleb128 0x9
 1644 00b6 8A000000 		.4byte	0x8a
 1645 00ba 03       		.byte	0x3
 1646 00bb 00       		.byte	0
 1647 00bc 08       		.uleb128 0x8
 1648 00bd D7000000 		.4byte	.LASF13
 1649 00c1 03       		.byte	0x3
ARM GAS  C:\Users\perhi\AppData\Local\Temp\ccyBQZRd.s 			page 30


 1650 00c2 E5       		.byte	0xe5
 1651 00c3 CD000000 		.4byte	0xcd
 1652 00c7 05       		.uleb128 0x5
 1653 00c8 03       		.byte	0x3
 1654 00c9 00000000 		.4byte	cy_meta_custnvl
 1655 00cd 07       		.uleb128 0x7
 1656 00ce AC000000 		.4byte	0xac
 1657 00d2 08       		.uleb128 0x8
 1658 00d3 3A010000 		.4byte	.LASF14
 1659 00d7 03       		.byte	0x3
 1660 00d8 F3       		.byte	0xf3
 1661 00d9 E3000000 		.4byte	0xe3
 1662 00dd 05       		.uleb128 0x5
 1663 00de 03       		.byte	0x3
 1664 00df 00000000 		.4byte	cy_meta_wonvl
 1665 00e3 07       		.uleb128 0x7
 1666 00e4 AC000000 		.4byte	0xac
 1667 00e8 05       		.uleb128 0x5
 1668 00e9 91000000 		.4byte	0x91
 1669 00ed F8000000 		.4byte	0xf8
 1670 00f1 09       		.uleb128 0x9
 1671 00f2 8A000000 		.4byte	0x8a
 1672 00f6 FF       		.byte	0xff
 1673 00f7 00       		.byte	0
 1674 00f8 0A       		.uleb128 0xa
 1675 00f9 25010000 		.4byte	.LASF15
 1676 00fd 03       		.byte	0x3
 1677 00fe 0101     		.2byte	0x101
 1678 0100 0A010000 		.4byte	0x10a
 1679 0104 05       		.uleb128 0x5
 1680 0105 03       		.byte	0x3
 1681 0106 00000000 		.4byte	cy_meta_flashprotect
 1682 010a 07       		.uleb128 0x7
 1683 010b E8000000 		.4byte	0xe8
 1684 010f 05       		.uleb128 0x5
 1685 0110 91000000 		.4byte	0x91
 1686 0114 1F010000 		.4byte	0x11f
 1687 0118 09       		.uleb128 0x9
 1688 0119 8A000000 		.4byte	0x8a
 1689 011d 0B       		.byte	0xb
 1690 011e 00       		.byte	0
 1691 011f 0A       		.uleb128 0xa
 1692 0120 0A000000 		.4byte	.LASF16
 1693 0124 03       		.byte	0x3
 1694 0125 2E01     		.2byte	0x12e
 1695 0127 31010000 		.4byte	0x131
 1696 012b 05       		.uleb128 0x5
 1697 012c 03       		.byte	0x3
 1698 012d 00000000 		.4byte	cy_metadata
 1699 0131 07       		.uleb128 0x7
 1700 0132 0F010000 		.4byte	0x10f
 1701 0136 00       		.byte	0
 1702              		.section	.debug_abbrev,"",%progbits
 1703              	.Ldebug_abbrev0:
 1704 0000 01       		.uleb128 0x1
 1705 0001 11       		.uleb128 0x11
 1706 0002 01       		.byte	0x1
ARM GAS  C:\Users\perhi\AppData\Local\Temp\ccyBQZRd.s 			page 31


 1707 0003 25       		.uleb128 0x25
 1708 0004 0E       		.uleb128 0xe
 1709 0005 13       		.uleb128 0x13
 1710 0006 0B       		.uleb128 0xb
 1711 0007 03       		.uleb128 0x3
 1712 0008 0E       		.uleb128 0xe
 1713 0009 1B       		.uleb128 0x1b
 1714 000a 0E       		.uleb128 0xe
 1715 000b 10       		.uleb128 0x10
 1716 000c 17       		.uleb128 0x17
 1717 000d 00       		.byte	0
 1718 000e 00       		.byte	0
 1719 000f 02       		.uleb128 0x2
 1720 0010 24       		.uleb128 0x24
 1721 0011 00       		.byte	0
 1722 0012 0B       		.uleb128 0xb
 1723 0013 0B       		.uleb128 0xb
 1724 0014 3E       		.uleb128 0x3e
 1725 0015 0B       		.uleb128 0xb
 1726 0016 03       		.uleb128 0x3
 1727 0017 0E       		.uleb128 0xe
 1728 0018 00       		.byte	0
 1729 0019 00       		.byte	0
 1730 001a 03       		.uleb128 0x3
 1731 001b 16       		.uleb128 0x16
 1732 001c 00       		.byte	0
 1733 001d 03       		.uleb128 0x3
 1734 001e 0E       		.uleb128 0xe
 1735 001f 3A       		.uleb128 0x3a
 1736 0020 0B       		.uleb128 0xb
 1737 0021 3B       		.uleb128 0x3b
 1738 0022 0B       		.uleb128 0xb
 1739 0023 49       		.uleb128 0x49
 1740 0024 13       		.uleb128 0x13
 1741 0025 00       		.byte	0
 1742 0026 00       		.byte	0
 1743 0027 04       		.uleb128 0x4
 1744 0028 24       		.uleb128 0x24
 1745 0029 00       		.byte	0
 1746 002a 0B       		.uleb128 0xb
 1747 002b 0B       		.uleb128 0xb
 1748 002c 3E       		.uleb128 0x3e
 1749 002d 0B       		.uleb128 0xb
 1750 002e 03       		.uleb128 0x3
 1751 002f 08       		.uleb128 0x8
 1752 0030 00       		.byte	0
 1753 0031 00       		.byte	0
 1754 0032 05       		.uleb128 0x5
 1755 0033 01       		.uleb128 0x1
 1756 0034 01       		.byte	0x1
 1757 0035 49       		.uleb128 0x49
 1758 0036 13       		.uleb128 0x13
 1759 0037 01       		.uleb128 0x1
 1760 0038 13       		.uleb128 0x13
 1761 0039 00       		.byte	0
 1762 003a 00       		.byte	0
 1763 003b 06       		.uleb128 0x6
ARM GAS  C:\Users\perhi\AppData\Local\Temp\ccyBQZRd.s 			page 32


 1764 003c 21       		.uleb128 0x21
 1765 003d 00       		.byte	0
 1766 003e 49       		.uleb128 0x49
 1767 003f 13       		.uleb128 0x13
 1768 0040 2F       		.uleb128 0x2f
 1769 0041 05       		.uleb128 0x5
 1770 0042 00       		.byte	0
 1771 0043 00       		.byte	0
 1772 0044 07       		.uleb128 0x7
 1773 0045 26       		.uleb128 0x26
 1774 0046 00       		.byte	0
 1775 0047 49       		.uleb128 0x49
 1776 0048 13       		.uleb128 0x13
 1777 0049 00       		.byte	0
 1778 004a 00       		.byte	0
 1779 004b 08       		.uleb128 0x8
 1780 004c 34       		.uleb128 0x34
 1781 004d 00       		.byte	0
 1782 004e 03       		.uleb128 0x3
 1783 004f 0E       		.uleb128 0xe
 1784 0050 3A       		.uleb128 0x3a
 1785 0051 0B       		.uleb128 0xb
 1786 0052 3B       		.uleb128 0x3b
 1787 0053 0B       		.uleb128 0xb
 1788 0054 49       		.uleb128 0x49
 1789 0055 13       		.uleb128 0x13
 1790 0056 3F       		.uleb128 0x3f
 1791 0057 19       		.uleb128 0x19
 1792 0058 02       		.uleb128 0x2
 1793 0059 18       		.uleb128 0x18
 1794 005a 00       		.byte	0
 1795 005b 00       		.byte	0
 1796 005c 09       		.uleb128 0x9
 1797 005d 21       		.uleb128 0x21
 1798 005e 00       		.byte	0
 1799 005f 49       		.uleb128 0x49
 1800 0060 13       		.uleb128 0x13
 1801 0061 2F       		.uleb128 0x2f
 1802 0062 0B       		.uleb128 0xb
 1803 0063 00       		.byte	0
 1804 0064 00       		.byte	0
 1805 0065 0A       		.uleb128 0xa
 1806 0066 34       		.uleb128 0x34
 1807 0067 00       		.byte	0
 1808 0068 03       		.uleb128 0x3
 1809 0069 0E       		.uleb128 0xe
 1810 006a 3A       		.uleb128 0x3a
 1811 006b 0B       		.uleb128 0xb
 1812 006c 3B       		.uleb128 0x3b
 1813 006d 05       		.uleb128 0x5
 1814 006e 49       		.uleb128 0x49
 1815 006f 13       		.uleb128 0x13
 1816 0070 3F       		.uleb128 0x3f
 1817 0071 19       		.uleb128 0x19
 1818 0072 02       		.uleb128 0x2
 1819 0073 18       		.uleb128 0x18
 1820 0074 00       		.byte	0
ARM GAS  C:\Users\perhi\AppData\Local\Temp\ccyBQZRd.s 			page 33


 1821 0075 00       		.byte	0
 1822 0076 00       		.byte	0
 1823              		.section	.debug_aranges,"",%progbits
 1824 0000 14000000 		.4byte	0x14
 1825 0004 0200     		.2byte	0x2
 1826 0006 00000000 		.4byte	.Ldebug_info0
 1827 000a 04       		.byte	0x4
 1828 000b 00       		.byte	0
 1829 000c 0000     		.2byte	0
 1830 000e 0000     		.2byte	0
 1831 0010 00000000 		.4byte	0
 1832 0014 00000000 		.4byte	0
 1833              		.section	.debug_line,"",%progbits
 1834              	.Ldebug_line0:
 1835 0000 3D010000 		.section	.debug_str,"MS",%progbits,1
 1835      02003701 
 1835      00000201 
 1835      FB0E0D00 
 1835      01010101 
 1836              	.LASF9:
 1837 0000 5F5F7569 		.ascii	"__uint8_t\000"
 1837      6E74385F 
 1837      7400
 1838              	.LASF16:
 1839 000a 63795F6D 		.ascii	"cy_metadata\000"
 1839      65746164 
 1839      61746100 
 1840              	.LASF1:
 1841 0016 756E7369 		.ascii	"unsigned char\000"
 1841      676E6564 
 1841      20636861 
 1841      7200
 1842              	.LASF17:
 1843 0024 474E5520 		.ascii	"GNU C11 5.4.1 20160609 (release) [ARM/embedded-5-br"
 1843      43313120 
 1843      352E342E 
 1843      31203230 
 1843      31363036 
 1844 0057 616E6368 		.ascii	"anch revision 237715] -mcpu=cortex-m3 -mthumb -g -O"
 1844      20726576 
 1844      6973696F 
 1844      6E203233 
 1844      37373135 
 1845 008a 67202D66 		.ascii	"g -ffunction-sections -ffat-lto-objects\000"
 1845      66756E63 
 1845      74696F6E 
 1845      2D736563 
 1845      74696F6E 
 1846              	.LASF5:
 1847 00b2 6C6F6E67 		.ascii	"long unsigned int\000"
 1847      20756E73 
 1847      69676E65 
 1847      6420696E 
 1847      7400
 1848              	.LASF3:
 1849 00c4 73686F72 		.ascii	"short unsigned int\000"
 1849      7420756E 
ARM GAS  C:\Users\perhi\AppData\Local\Temp\ccyBQZRd.s 			page 34


 1849      7369676E 
 1849      65642069 
 1849      6E7400
 1850              	.LASF13:
 1851 00d7 63795F6D 		.ascii	"cy_meta_custnvl\000"
 1851      6574615F 
 1851      63757374 
 1851      6E766C00 
 1852              	.LASF12:
 1853 00e7 63795F6D 		.ascii	"cy_meta_configecc\000"
 1853      6574615F 
 1853      636F6E66 
 1853      69676563 
 1853      6300
 1854              	.LASF8:
 1855 00f9 756E7369 		.ascii	"unsigned int\000"
 1855      676E6564 
 1855      20696E74 
 1855      00
 1856              	.LASF7:
 1857 0106 6C6F6E67 		.ascii	"long long unsigned int\000"
 1857      206C6F6E 
 1857      6720756E 
 1857      7369676E 
 1857      65642069 
 1858              	.LASF10:
 1859 011d 75696E74 		.ascii	"uint8_t\000"
 1859      385F7400 
 1860              	.LASF15:
 1861 0125 63795F6D 		.ascii	"cy_meta_flashprotect\000"
 1861      6574615F 
 1861      666C6173 
 1861      6870726F 
 1861      74656374 
 1862              	.LASF14:
 1863 013a 63795F6D 		.ascii	"cy_meta_wonvl\000"
 1863      6574615F 
 1863      776F6E76 
 1863      6C00
 1864              	.LASF11:
 1865 0148 73697A65 		.ascii	"sizetype\000"
 1865      74797065 
 1865      00
 1866              	.LASF6:
 1867 0151 6C6F6E67 		.ascii	"long long int\000"
 1867      206C6F6E 
 1867      6720696E 
 1867      7400
 1868              	.LASF2:
 1869 015f 73686F72 		.ascii	"short int\000"
 1869      7420696E 
 1869      7400
 1870              	.LASF4:
 1871 0169 6C6F6E67 		.ascii	"long int\000"
 1871      20696E74 
 1871      00
 1872              	.LASF19:
ARM GAS  C:\Users\perhi\AppData\Local\Temp\ccyBQZRd.s 			page 35


 1873 0172 433A5C50 		.ascii	"C:\\PRJ3-main\\PRJ3-main\\PSoC\\StepperMotorDriver\\"
 1873      524A332D 
 1873      6D61696E 
 1873      5C50524A 
 1873      332D6D61 
 1874 01a1 53746570 		.ascii	"StepperMotorDriver.cydsn\000"
 1874      7065724D 
 1874      6F746F72 
 1874      44726976 
 1874      65722E63 
 1875              	.LASF0:
 1876 01ba 7369676E 		.ascii	"signed char\000"
 1876      65642063 
 1876      68617200 
 1877              	.LASF18:
 1878 01c6 47656E65 		.ascii	"Generated_Source\\PSoC5\\cymetadata.c\000"
 1878      72617465 
 1878      645F536F 
 1878      75726365 
 1878      5C50536F 
 1879              		.ident	"GCC: (GNU Tools for ARM Embedded Processors) 5.4.1 20160609 (release) [ARM/embedded-5-bran
